[2022-11-17 14:11:31.132] [jointLog] [info] setting maxHashResizeThreads to 6
[2022-11-17 14:11:31.132] [jointLog] [info] Fragment incompatibility prior below threshold.  Incompatible fragments will be ignored.
[2022-11-17 14:11:31.132] [jointLog] [info] Usage of --validateMappings implies use of minScoreFraction. Since not explicitly specified, it is being set to 0.65
[2022-11-17 14:11:31.132] [jointLog] [info] Setting consensusSlack to selective-alignment default of 0.35.
[2022-11-17 14:11:31.132] [jointLog] [info] parsing read library format
[2022-11-17 14:11:31.133] [jointLog] [info] There is 1 library.
[2022-11-17 14:11:31.164] [jointLog] [info] Loading pufferfish index
[2022-11-17 14:11:31.166] [jointLog] [info] Loading dense pufferfish index.
[2022-11-17 14:16:24.067] [jointLog] [info] done
[2022-11-17 14:16:24.271] [jointLog] [info] Index contained 138045 targets
[2022-11-17 14:16:24.326] [jointLog] [info] Number of decoys : 66
[2022-11-17 14:16:24.326] [jointLog] [info] First decoy index : 137940 
[2022-11-17 14:17:07.232] [jointLog] [info] Thread saw mini-batch with a maximum of 1.04% zero probability fragments
[2022-11-17 14:17:07.260] [jointLog] [info] Thread saw mini-batch with a maximum of 1.02% zero probability fragments
[2022-11-17 14:17:07.263] [jointLog] [info] Thread saw mini-batch with a maximum of 1.18% zero probability fragments
[2022-11-17 14:17:07.268] [jointLog] [info] Thread saw mini-batch with a maximum of 1.12% zero probability fragments
[2022-11-17 14:17:07.298] [jointLog] [info] Thread saw mini-batch with a maximum of 1.02% zero probability fragments
[2022-11-17 14:17:07.307] [jointLog] [info] Thread saw mini-batch with a maximum of 1.24% zero probability fragments
[2022-11-17 14:17:07.404] [jointLog] [info] Computed 66823 rich equivalence classes for further processing
[2022-11-17 14:17:07.404] [jointLog] [info] Counted 3920425 total reads in the equivalence classes 
[2022-11-17 14:17:07.411] [jointLog] [warning] 0.750944% of fragments were shorter than the k used to build the index.
If this fraction is too large, consider re-building the index with a smaller k.
The minimum read size found was 20.


[2022-11-17 14:17:07.411] [jointLog] [info] Number of mappings discarded because of alignment score : 4865641
[2022-11-17 14:17:07.411] [jointLog] [info] Number of fragments entirely discarded because of alignment score : 203760
[2022-11-17 14:17:07.411] [jointLog] [info] Number of fragments discarded because they are best-mapped to decoys : 199959
[2022-11-17 14:17:07.411] [jointLog] [info] Number of fragments discarded because they have only dovetail (discordant) mappings to valid targets : 0
[2022-11-17 14:17:07.420] [jointLog] [warning] Only 3920425 fragments were mapped, but the number of burn-in fragments was set to 5000000.
The effective lengths have been computed using the observed mappings.

[2022-11-17 14:17:07.420] [jointLog] [info] Mapping rate = 84.3341%

[2022-11-17 14:17:07.420] [jointLog] [info] finished quantifyLibrary()
[2022-11-17 14:17:07.551] [jointLog] [info] Starting optimizer
[2022-11-17 14:17:07.615] [jointLog] [info] Marked 0 weighted equivalence classes as degenerate
[2022-11-17 14:17:07.626] [jointLog] [info] iteration = 0 | max rel diff. = 2615.3
[2022-11-17 14:17:07.404] [fileLog] [info] 
At end of round 0
==================
Observed 4648683 total fragments (4648683 in most recent round)

[2022-11-17 14:17:08.198] [jointLog] [info] iteration = 100 | max rel diff. = 18.4968
[2022-11-17 14:17:08.747] [jointLog] [info] iteration = 200 | max rel diff. = 0.830732
[2022-11-17 14:17:09.271] [jointLog] [info] iteration = 300 | max rel diff. = 0.227773
[2022-11-17 14:17:09.797] [jointLog] [info] iteration = 400 | max rel diff. = 0.245365
[2022-11-17 14:17:10.342] [jointLog] [info] iteration = 500 | max rel diff. = 0.0557255
[2022-11-17 14:17:10.867] [jointLog] [info] iteration = 600 | max rel diff. = 0.0249036
[2022-11-17 14:17:11.390] [jointLog] [info] iteration = 700 | max rel diff. = 0.0760326
[2022-11-17 14:17:11.928] [jointLog] [info] iteration = 800 | max rel diff. = 0.0179763
[2022-11-17 14:17:12.459] [jointLog] [info] iteration = 900 | max rel diff. = 0.0209073
[2022-11-17 14:17:12.914] [jointLog] [info] iteration = 988 | max rel diff. = 0.00427346
[2022-11-17 14:17:12.920] [jointLog] [info] Finished optimizer
[2022-11-17 14:17:12.920] [jointLog] [info] writing output 

