[2022-11-17 10:46:28.189] [jointLog] [info] setting maxHashResizeThreads to 6
[2022-11-17 10:46:28.189] [jointLog] [info] Fragment incompatibility prior below threshold.  Incompatible fragments will be ignored.
[2022-11-17 10:46:28.189] [jointLog] [info] Usage of --validateMappings implies use of minScoreFraction. Since not explicitly specified, it is being set to 0.65
[2022-11-17 10:46:28.189] [jointLog] [info] Setting consensusSlack to selective-alignment default of 0.35.
[2022-11-17 10:46:28.189] [jointLog] [info] parsing read library format
[2022-11-17 10:46:28.190] [jointLog] [info] There is 1 library.
[2022-11-17 10:46:28.329] [jointLog] [info] Loading pufferfish index
[2022-11-17 10:46:28.397] [jointLog] [info] Loading dense pufferfish index.
[2022-11-17 10:53:10.078] [jointLog] [info] done
[2022-11-17 10:53:10.158] [jointLog] [info] Index contained 138045 targets
[2022-11-17 10:53:10.201] [jointLog] [info] Number of decoys : 66
[2022-11-17 10:53:10.201] [jointLog] [info] First decoy index : 137940 
[2022-11-17 10:53:29.572] [jointLog] [info] Thread saw mini-batch with a maximum of 0.10% zero probability fragments
[2022-11-17 10:53:29.589] [jointLog] [info] Thread saw mini-batch with a maximum of 0.10% zero probability fragments
[2022-11-17 10:53:29.609] [jointLog] [info] Thread saw mini-batch with a maximum of 0.12% zero probability fragments
[2022-11-17 10:53:29.631] [jointLog] [info] Thread saw mini-batch with a maximum of 0.12% zero probability fragments
[2022-11-17 10:53:29.639] [jointLog] [info] Thread saw mini-batch with a maximum of 0.08% zero probability fragments
[2022-11-17 10:53:29.649] [jointLog] [info] Thread saw mini-batch with a maximum of 0.12% zero probability fragments
[2022-11-17 10:53:29.684] [jointLog] [info] Computed 15083 rich equivalence classes for further processing
[2022-11-17 10:53:29.684] [jointLog] [info] Counted 867599 total reads in the equivalence classes 
[2022-11-17 10:53:29.687] [jointLog] [warning] 0.554893% of fragments were shorter than the k used to build the index.
If this fraction is too large, consider re-building the index with a smaller k.
The minimum read size found was 20.


[2022-11-17 10:53:29.687] [jointLog] [info] Number of mappings discarded because of alignment score : 1502249
[2022-11-17 10:53:29.687] [jointLog] [info] Number of fragments entirely discarded because of alignment score : 110090
[2022-11-17 10:53:29.687] [jointLog] [info] Number of fragments discarded because they are best-mapped to decoys : 59655
[2022-11-17 10:53:29.687] [jointLog] [info] Number of fragments discarded because they have only dovetail (discordant) mappings to valid targets : 0
[2022-11-17 10:53:29.694] [jointLog] [warning] Only 867599 fragments were mapped, but the number of burn-in fragments was set to 5000000.
The effective lengths have been computed using the observed mappings.

[2022-11-17 10:53:29.694] [jointLog] [info] Mapping rate = 11.9176%

[2022-11-17 10:53:29.694] [jointLog] [info] finished quantifyLibrary()
[2022-11-17 10:53:29.684] [fileLog] [info] 
At end of round 0
==================
Observed 7279958 total fragments (7279958 in most recent round)

[2022-11-17 10:53:30.019] [jointLog] [info] Starting optimizer
[2022-11-17 10:53:30.805] [jointLog] [info] Marked 0 weighted equivalence classes as degenerate
[2022-11-17 10:53:30.812] [jointLog] [info] iteration = 0 | max rel diff. = 616.01
[2022-11-17 10:53:31.307] [jointLog] [info] iteration = 100 | max rel diff. = 5.89546
[2022-11-17 10:53:31.812] [jointLog] [info] iteration = 200 | max rel diff. = 16.2088
[2022-11-17 10:53:32.255] [jointLog] [info] iteration = 300 | max rel diff. = 0.0978657
[2022-11-17 10:53:32.701] [jointLog] [info] iteration = 400 | max rel diff. = 0.252533
[2022-11-17 10:53:33.159] [jointLog] [info] iteration = 500 | max rel diff. = 0.135461
[2022-11-17 10:53:33.619] [jointLog] [info] iteration = 600 | max rel diff. = 0.329334
[2022-11-17 10:53:34.061] [jointLog] [info] iteration = 700 | max rel diff. = 0.030775
[2022-11-17 10:53:34.205] [jointLog] [info] iteration = 735 | max rel diff. = 0.000204754
[2022-11-17 10:53:34.211] [jointLog] [info] Finished optimizer
[2022-11-17 10:53:34.211] [jointLog] [info] writing output 

