[2022-11-17 11:45:19.639] [jointLog] [info] setting maxHashResizeThreads to 6
[2022-11-17 11:45:19.639] [jointLog] [info] Fragment incompatibility prior below threshold.  Incompatible fragments will be ignored.
[2022-11-17 11:45:19.639] [jointLog] [info] Usage of --validateMappings implies use of minScoreFraction. Since not explicitly specified, it is being set to 0.65
[2022-11-17 11:45:19.639] [jointLog] [info] Setting consensusSlack to selective-alignment default of 0.35.
[2022-11-17 11:45:19.639] [jointLog] [info] parsing read library format
[2022-11-17 11:45:19.640] [jointLog] [info] There is 1 library.
[2022-11-17 11:45:20.058] [jointLog] [info] Loading pufferfish index
[2022-11-17 11:45:20.230] [jointLog] [info] Loading dense pufferfish index.
[2022-11-17 11:50:07.973] [jointLog] [info] done
[2022-11-17 11:50:08.183] [jointLog] [info] Index contained 138045 targets
[2022-11-17 11:50:08.230] [jointLog] [info] Number of decoys : 66
[2022-11-17 11:50:08.230] [jointLog] [info] First decoy index : 137940 
[2022-11-17 11:50:24.940] [jointLog] [info] Thread saw mini-batch with a maximum of 0.08% zero probability fragments
[2022-11-17 11:50:24.941] [jointLog] [info] Thread saw mini-batch with a maximum of 0.08% zero probability fragments
[2022-11-17 11:50:24.968] [jointLog] [info] Thread saw mini-batch with a maximum of 0.08% zero probability fragments
[2022-11-17 11:50:24.970] [jointLog] [info] Thread saw mini-batch with a maximum of 0.08% zero probability fragments
[2022-11-17 11:50:24.979] [jointLog] [info] Thread saw mini-batch with a maximum of 0.12% zero probability fragments
[2022-11-17 11:50:25.004] [jointLog] [info] Thread saw mini-batch with a maximum of 0.10% zero probability fragments
[2022-11-17 11:50:25.054] [jointLog] [info] Computed 16631 rich equivalence classes for further processing
[2022-11-17 11:50:25.054] [jointLog] [info] Counted 869249 total reads in the equivalence classes 
[2022-11-17 11:50:25.057] [jointLog] [warning] 0.614785% of fragments were shorter than the k used to build the index.
If this fraction is too large, consider re-building the index with a smaller k.
The minimum read size found was 20.


[2022-11-17 11:50:25.057] [jointLog] [info] Number of mappings discarded because of alignment score : 1411541
[2022-11-17 11:50:25.057] [jointLog] [info] Number of fragments entirely discarded because of alignment score : 105194
[2022-11-17 11:50:25.057] [jointLog] [info] Number of fragments discarded because they are best-mapped to decoys : 57919
[2022-11-17 11:50:25.057] [jointLog] [info] Number of fragments discarded because they have only dovetail (discordant) mappings to valid targets : 0
[2022-11-17 11:50:25.063] [jointLog] [warning] Only 869249 fragments were mapped, but the number of burn-in fragments was set to 5000000.
The effective lengths have been computed using the observed mappings.

[2022-11-17 11:50:25.063] [jointLog] [info] Mapping rate = 12.8846%

[2022-11-17 11:50:25.063] [jointLog] [info] finished quantifyLibrary()
[2022-11-17 11:50:25.076] [jointLog] [info] Starting optimizer
[2022-11-17 11:50:25.118] [jointLog] [info] Marked 0 weighted equivalence classes as degenerate
[2022-11-17 11:50:25.123] [jointLog] [info] iteration = 0 | max rel diff. = 613.735
[2022-11-17 11:50:25.054] [fileLog] [info] 
At end of round 0
==================
Observed 6746425 total fragments (6746425 in most recent round)

[2022-11-17 11:50:25.594] [jointLog] [info] iteration = 100 | max rel diff. = 6.36395
[2022-11-17 11:50:26.072] [jointLog] [info] iteration = 200 | max rel diff. = 0.05633
[2022-11-17 11:50:26.550] [jointLog] [info] iteration = 300 | max rel diff. = 0.0384257
[2022-11-17 11:50:27.025] [jointLog] [info] iteration = 400 | max rel diff. = 0.117014
[2022-11-17 11:50:27.492] [jointLog] [info] iteration = 500 | max rel diff. = 0.0275883
[2022-11-17 11:50:27.957] [jointLog] [info] iteration = 598 | max rel diff. = 0.0097596
[2022-11-17 11:50:27.963] [jointLog] [info] Finished optimizer
[2022-11-17 11:50:27.963] [jointLog] [info] writing output 

