[2022-11-16 15:21:23.547] [jointLog] [info] setting maxHashResizeThreads to 6
[2022-11-16 15:21:23.547] [jointLog] [info] Fragment incompatibility prior below threshold.  Incompatible fragments will be ignored.
[2022-11-16 15:21:23.547] [jointLog] [info] Usage of --validateMappings implies use of minScoreFraction. Since not explicitly specified, it is being set to 0.65
[2022-11-16 15:21:23.547] [jointLog] [info] Setting consensusSlack to selective-alignment default of 0.35.
[2022-11-16 15:21:23.547] [jointLog] [info] parsing read library format
[2022-11-16 15:21:23.548] [jointLog] [info] There is 1 library.
[2022-11-16 15:21:23.565] [jointLog] [info] Loading pufferfish index
[2022-11-16 15:21:23.568] [jointLog] [info] Loading dense pufferfish index.
[2022-11-16 15:24:40.226] [jointLog] [info] done
[2022-11-16 15:24:40.301] [jointLog] [info] Index contained 138045 targets
[2022-11-16 15:24:40.336] [jointLog] [info] Number of decoys : 66
[2022-11-16 15:24:40.336] [jointLog] [info] First decoy index : 137940 
[2022-11-16 15:26:53.553] [jointLog] [info] Thread saw mini-batch with a maximum of 0.68% zero probability fragments
[2022-11-16 15:26:53.611] [jointLog] [info] Thread saw mini-batch with a maximum of 0.70% zero probability fragments
[2022-11-16 15:26:53.656] [jointLog] [info] Thread saw mini-batch with a maximum of 0.74% zero probability fragments
[2022-11-16 15:26:53.784] [jointLog] [info] Thread saw mini-batch with a maximum of 0.64% zero probability fragments
[2022-11-16 15:26:53.828] [jointLog] [info] Thread saw mini-batch with a maximum of 0.64% zero probability fragments
[2022-11-16 15:26:53.944] [jointLog] [info] Thread saw mini-batch with a maximum of 0.70% zero probability fragments
[2022-11-16 15:26:54.025] [jointLog] [info] Computed 71933 rich equivalence classes for further processing
[2022-11-16 15:26:54.025] [jointLog] [info] Counted 8306889 total reads in the equivalence classes 
[2022-11-16 15:26:54.030] [jointLog] [warning] 1.30021% of fragments were shorter than the k used to build the index.
If this fraction is too large, consider re-building the index with a smaller k.
The minimum read size found was 20.


[2022-11-16 15:26:54.030] [jointLog] [info] Number of mappings discarded because of alignment score : 6219522
[2022-11-16 15:26:54.030] [jointLog] [info] Number of fragments entirely discarded because of alignment score : 756661
[2022-11-16 15:26:54.030] [jointLog] [info] Number of fragments discarded because they are best-mapped to decoys : 712546
[2022-11-16 15:26:54.030] [jointLog] [info] Number of fragments discarded because they have only dovetail (discordant) mappings to valid targets : 0
[2022-11-16 15:26:54.030] [jointLog] [info] Mapping rate = 83.7649%

[2022-11-16 15:26:54.030] [jointLog] [info] finished quantifyLibrary()
[2022-11-16 15:26:54.039] [jointLog] [info] Starting optimizer
[2022-11-16 15:26:54.087] [jointLog] [info] Marked 0 weighted equivalence classes as degenerate
[2022-11-16 15:26:54.095] [jointLog] [info] iteration = 0 | max rel diff. = 5017.84
[2022-11-16 15:26:54.026] [fileLog] [info] 
At end of round 0
==================
Observed 9916905 total fragments (9916905 in most recent round)

[2022-11-16 15:26:54.641] [jointLog] [info] iteration = 100 | max rel diff. = 6.35775
[2022-11-16 15:26:55.186] [jointLog] [info] iteration = 200 | max rel diff. = 7.49654
[2022-11-16 15:26:55.735] [jointLog] [info] iteration = 300 | max rel diff. = 0.439677
[2022-11-16 15:26:56.278] [jointLog] [info] iteration = 400 | max rel diff. = 13.1498
[2022-11-16 15:26:56.824] [jointLog] [info] iteration = 500 | max rel diff. = 0.703037
[2022-11-16 15:26:57.369] [jointLog] [info] iteration = 600 | max rel diff. = 0.0670523
[2022-11-16 15:26:57.925] [jointLog] [info] iteration = 700 | max rel diff. = 0.0487861
[2022-11-16 15:26:58.479] [jointLog] [info] iteration = 800 | max rel diff. = 0.100162
[2022-11-16 15:26:59.023] [jointLog] [info] iteration = 900 | max rel diff. = 0.0208752
[2022-11-16 15:26:59.592] [jointLog] [info] iteration = 1000 | max rel diff. = 0.0189214
[2022-11-16 15:27:00.146] [jointLog] [info] iteration = 1100 | max rel diff. = 0.257485
[2022-11-16 15:27:00.721] [jointLog] [info] iteration = 1200 | max rel diff. = 0.0506833
[2022-11-16 15:27:01.315] [jointLog] [info] iteration = 1300 | max rel diff. = 0.0381905
[2022-11-16 15:27:01.743] [jointLog] [info] iteration = 1375 | max rel diff. = 0.00668102
[2022-11-16 15:27:01.749] [jointLog] [info] Finished optimizer
[2022-11-16 15:27:01.749] [jointLog] [info] writing output 

