[2022-11-17 14:31:21.381] [jointLog] [info] setting maxHashResizeThreads to 6
[2022-11-17 14:31:21.381] [jointLog] [info] Fragment incompatibility prior below threshold.  Incompatible fragments will be ignored.
[2022-11-17 14:31:21.381] [jointLog] [info] Usage of --validateMappings implies use of minScoreFraction. Since not explicitly specified, it is being set to 0.65
[2022-11-17 14:31:21.381] [jointLog] [info] Setting consensusSlack to selective-alignment default of 0.35.
[2022-11-17 14:31:21.381] [jointLog] [info] parsing read library format
[2022-11-17 14:31:21.382] [jointLog] [info] There is 1 library.
[2022-11-17 14:31:21.395] [jointLog] [info] Loading pufferfish index
[2022-11-17 14:31:21.402] [jointLog] [info] Loading dense pufferfish index.
[2022-11-17 14:36:33.126] [jointLog] [info] done
[2022-11-17 14:36:33.227] [jointLog] [info] Index contained 138045 targets
[2022-11-17 14:36:33.270] [jointLog] [info] Number of decoys : 66
[2022-11-17 14:36:33.270] [jointLog] [info] First decoy index : 137940 
[2022-11-17 14:36:48.360] [jointLog] [info] Thread saw mini-batch with a maximum of 0.12% zero probability fragments
[2022-11-17 14:36:48.376] [jointLog] [info] Thread saw mini-batch with a maximum of 0.10% zero probability fragments
[2022-11-17 14:36:48.379] [jointLog] [info] Thread saw mini-batch with a maximum of 0.10% zero probability fragments
[2022-11-17 14:36:48.398] [jointLog] [info] Thread saw mini-batch with a maximum of 0.10% zero probability fragments
[2022-11-17 14:36:48.407] [jointLog] [info] Thread saw mini-batch with a maximum of 0.12% zero probability fragments
[2022-11-17 14:36:48.408] [jointLog] [info] Thread saw mini-batch with a maximum of 0.10% zero probability fragments
[2022-11-17 14:36:48.442] [jointLog] [info] Computed 15373 rich equivalence classes for further processing
[2022-11-17 14:36:48.442] [jointLog] [info] Counted 776423 total reads in the equivalence classes 
[2022-11-17 14:36:48.446] [jointLog] [warning] 0.54974% of fragments were shorter than the k used to build the index.
If this fraction is too large, consider re-building the index with a smaller k.
The minimum read size found was 20.


[2022-11-17 14:36:48.446] [jointLog] [info] Number of mappings discarded because of alignment score : 1469186
[2022-11-17 14:36:48.446] [jointLog] [info] Number of fragments entirely discarded because of alignment score : 102467
[2022-11-17 14:36:48.446] [jointLog] [info] Number of fragments discarded because they are best-mapped to decoys : 54114
[2022-11-17 14:36:48.446] [jointLog] [info] Number of fragments discarded because they have only dovetail (discordant) mappings to valid targets : 0
[2022-11-17 14:36:48.452] [jointLog] [warning] Only 776423 fragments were mapped, but the number of burn-in fragments was set to 5000000.
The effective lengths have been computed using the observed mappings.

[2022-11-17 14:36:48.452] [jointLog] [info] Mapping rate = 11.2695%

[2022-11-17 14:36:48.452] [jointLog] [info] finished quantifyLibrary()
[2022-11-17 14:36:48.459] [jointLog] [info] Starting optimizer
[2022-11-17 14:36:48.500] [jointLog] [info] Marked 0 weighted equivalence classes as degenerate
[2022-11-17 14:36:48.505] [jointLog] [info] iteration = 0 | max rel diff. = 550.852
[2022-11-17 14:36:48.443] [fileLog] [info] 
At end of round 0
==================
Observed 6889625 total fragments (6889625 in most recent round)

[2022-11-17 14:36:48.938] [jointLog] [info] iteration = 100 | max rel diff. = 17.3537
[2022-11-17 14:36:49.370] [jointLog] [info] iteration = 200 | max rel diff. = 0.122922
[2022-11-17 14:36:49.802] [jointLog] [info] iteration = 300 | max rel diff. = 0.0507283
[2022-11-17 14:36:50.245] [jointLog] [info] iteration = 400 | max rel diff. = 0.172525
[2022-11-17 14:36:50.699] [jointLog] [info] iteration = 500 | max rel diff. = 0.0568592
[2022-11-17 14:36:51.152] [jointLog] [info] iteration = 600 | max rel diff. = 0.105746
[2022-11-17 14:36:51.196] [jointLog] [info] iteration = 611 | max rel diff. = 0.00703182
[2022-11-17 14:36:51.202] [jointLog] [info] Finished optimizer
[2022-11-17 14:36:51.202] [jointLog] [info] writing output 

