[2022-11-17 15:03:01.234] [jointLog] [info] setting maxHashResizeThreads to 6
[2022-11-17 15:03:01.234] [jointLog] [info] Fragment incompatibility prior below threshold.  Incompatible fragments will be ignored.
[2022-11-17 15:03:01.234] [jointLog] [info] Usage of --validateMappings implies use of minScoreFraction. Since not explicitly specified, it is being set to 0.65
[2022-11-17 15:03:01.234] [jointLog] [info] Setting consensusSlack to selective-alignment default of 0.35.
[2022-11-17 15:03:01.234] [jointLog] [info] parsing read library format
[2022-11-17 15:03:01.235] [jointLog] [info] There is 1 library.
[2022-11-17 15:03:01.394] [jointLog] [info] Loading pufferfish index
[2022-11-17 15:03:01.458] [jointLog] [info] Loading dense pufferfish index.
[2022-11-17 15:10:15.530] [jointLog] [info] done
[2022-11-17 15:10:15.653] [jointLog] [info] Index contained 138045 targets
[2022-11-17 15:10:15.701] [jointLog] [info] Number of decoys : 66
[2022-11-17 15:10:15.701] [jointLog] [info] First decoy index : 137940 
[2022-11-17 15:10:32.864] [jointLog] [info] Thread saw mini-batch with a maximum of 0.12% zero probability fragments
[2022-11-17 15:10:32.873] [jointLog] [info] Thread saw mini-batch with a maximum of 0.12% zero probability fragments
[2022-11-17 15:10:32.879] [jointLog] [info] Thread saw mini-batch with a maximum of 0.08% zero probability fragments
[2022-11-17 15:10:32.879] [jointLog] [info] Thread saw mini-batch with a maximum of 0.10% zero probability fragments
[2022-11-17 15:10:32.899] [jointLog] [info] Thread saw mini-batch with a maximum of 0.10% zero probability fragments
[2022-11-17 15:10:32.918] [jointLog] [info] Thread saw mini-batch with a maximum of 0.12% zero probability fragments
[2022-11-17 15:10:32.951] [jointLog] [info] Computed 16400 rich equivalence classes for further processing
[2022-11-17 15:10:32.951] [jointLog] [info] Counted 921327 total reads in the equivalence classes 
[2022-11-17 15:10:32.954] [jointLog] [warning] 0.529401% of fragments were shorter than the k used to build the index.
If this fraction is too large, consider re-building the index with a smaller k.
The minimum read size found was 20.


[2022-11-17 15:10:32.954] [jointLog] [info] Number of mappings discarded because of alignment score : 1451207
[2022-11-17 15:10:32.954] [jointLog] [info] Number of fragments entirely discarded because of alignment score : 106542
[2022-11-17 15:10:32.954] [jointLog] [info] Number of fragments discarded because they are best-mapped to decoys : 59955
[2022-11-17 15:10:32.954] [jointLog] [info] Number of fragments discarded because they have only dovetail (discordant) mappings to valid targets : 0
[2022-11-17 15:10:32.960] [jointLog] [warning] Only 921327 fragments were mapped, but the number of burn-in fragments was set to 5000000.
The effective lengths have been computed using the observed mappings.

[2022-11-17 15:10:32.960] [jointLog] [info] Mapping rate = 12.9343%

[2022-11-17 15:10:32.960] [jointLog] [info] finished quantifyLibrary()
[2022-11-17 15:10:32.951] [fileLog] [info] 
At end of round 0
==================
Observed 7123144 total fragments (7123144 in most recent round)

[2022-11-17 15:10:33.241] [jointLog] [info] Starting optimizer
[2022-11-17 15:10:33.284] [jointLog] [info] Marked 0 weighted equivalence classes as degenerate
[2022-11-17 15:10:33.289] [jointLog] [info] iteration = 0 | max rel diff. = 651.394
[2022-11-17 15:10:33.741] [jointLog] [info] iteration = 100 | max rel diff. = 0.947388
[2022-11-17 15:10:34.207] [jointLog] [info] iteration = 200 | max rel diff. = 0.0519853
[2022-11-17 15:10:34.667] [jointLog] [info] iteration = 300 | max rel diff. = 0.0221694
[2022-11-17 15:10:35.136] [jointLog] [info] iteration = 400 | max rel diff. = 0.257237
[2022-11-17 15:10:35.341] [jointLog] [info] iteration = 444 | max rel diff. = 0.00835008
[2022-11-17 15:10:35.346] [jointLog] [info] Finished optimizer
[2022-11-17 15:10:35.346] [jointLog] [info] writing output 

