[2022-11-16 15:50:37.819] [jointLog] [info] setting maxHashResizeThreads to 6
[2022-11-16 15:50:37.819] [jointLog] [info] Fragment incompatibility prior below threshold.  Incompatible fragments will be ignored.
[2022-11-16 15:50:37.819] [jointLog] [info] Usage of --validateMappings implies use of minScoreFraction. Since not explicitly specified, it is being set to 0.65
[2022-11-16 15:50:37.819] [jointLog] [info] Setting consensusSlack to selective-alignment default of 0.35.
[2022-11-16 15:50:37.819] [jointLog] [info] parsing read library format
[2022-11-16 15:50:37.820] [jointLog] [info] There is 1 library.
[2022-11-16 15:50:37.929] [jointLog] [info] Loading pufferfish index
[2022-11-16 15:50:37.995] [jointLog] [info] Loading dense pufferfish index.
[2022-11-16 15:53:26.311] [jointLog] [info] done
[2022-11-16 15:53:26.397] [jointLog] [info] Index contained 138045 targets
[2022-11-16 15:53:26.445] [jointLog] [info] Number of decoys : 66
[2022-11-16 15:53:26.445] [jointLog] [info] First decoy index : 137940 
[2022-11-16 15:56:47.711] [jointLog] [info] Thread saw mini-batch with a maximum of 0.76% zero probability fragments
[2022-11-16 15:56:47.904] [jointLog] [info] Thread saw mini-batch with a maximum of 0.80% zero probability fragments
[2022-11-16 15:56:47.930] [jointLog] [info] Thread saw mini-batch with a maximum of 0.72% zero probability fragments
[2022-11-16 15:56:48.021] [jointLog] [info] Thread saw mini-batch with a maximum of 0.70% zero probability fragments
[2022-11-16 15:56:48.054] [jointLog] [info] Thread saw mini-batch with a maximum of 0.72% zero probability fragments
[2022-11-16 15:56:48.069] [jointLog] [info] Thread saw mini-batch with a maximum of 0.72% zero probability fragments
[2022-11-16 15:56:48.131] [jointLog] [info] Computed 60182 rich equivalence classes for further processing
[2022-11-16 15:56:48.131] [jointLog] [info] Counted 11651815 total reads in the equivalence classes 
[2022-11-16 15:56:48.136] [jointLog] [warning] 0.613187% of fragments were shorter than the k used to build the index.
If this fraction is too large, consider re-building the index with a smaller k.
The minimum read size found was 20.


[2022-11-16 15:56:48.136] [jointLog] [info] Number of mappings discarded because of alignment score : 9058469
[2022-11-16 15:56:48.136] [jointLog] [info] Number of fragments entirely discarded because of alignment score : 1102515
[2022-11-16 15:56:48.136] [jointLog] [info] Number of fragments discarded because they are best-mapped to decoys : 1048707
[2022-11-16 15:56:48.136] [jointLog] [info] Number of fragments discarded because they have only dovetail (discordant) mappings to valid targets : 0
[2022-11-16 15:56:48.136] [jointLog] [info] Mapping rate = 85.3267%

[2022-11-16 15:56:48.136] [jointLog] [info] finished quantifyLibrary()
[2022-11-16 15:56:48.311] [jointLog] [info] Starting optimizer
[2022-11-16 15:56:48.358] [jointLog] [info] Marked 0 weighted equivalence classes as degenerate
[2022-11-16 15:56:48.366] [jointLog] [info] iteration = 0 | max rel diff. = 6462.27
[2022-11-16 15:56:48.131] [fileLog] [info] 
At end of round 0
==================
Observed 13655533 total fragments (13655533 in most recent round)

[2022-11-16 15:56:48.868] [jointLog] [info] iteration = 100 | max rel diff. = 18.4866
[2022-11-16 15:56:49.373] [jointLog] [info] iteration = 200 | max rel diff. = 7.16027
[2022-11-16 15:56:49.877] [jointLog] [info] iteration = 300 | max rel diff. = 1.13825
[2022-11-16 15:56:50.380] [jointLog] [info] iteration = 400 | max rel diff. = 0.119174
[2022-11-16 15:56:50.892] [jointLog] [info] iteration = 500 | max rel diff. = 0.291808
[2022-11-16 15:56:51.412] [jointLog] [info] iteration = 600 | max rel diff. = 0.0747172
[2022-11-16 15:56:51.911] [jointLog] [info] iteration = 700 | max rel diff. = 0.113656
[2022-11-16 15:56:52.408] [jointLog] [info] iteration = 800 | max rel diff. = 0.054193
[2022-11-16 15:56:52.910] [jointLog] [info] iteration = 900 | max rel diff. = 0.0480899
[2022-11-16 15:56:53.392] [jointLog] [info] iteration = 1000 | max rel diff. = 0.0284221
[2022-11-16 15:56:53.566] [jointLog] [info] iteration = 1037 | max rel diff. = 0.00936157
[2022-11-16 15:56:53.573] [jointLog] [info] Finished optimizer
[2022-11-16 15:56:53.573] [jointLog] [info] writing output 

