[2022-11-17 12:47:01.795] [jointLog] [info] setting maxHashResizeThreads to 6
[2022-11-17 12:47:01.795] [jointLog] [info] Fragment incompatibility prior below threshold.  Incompatible fragments will be ignored.
[2022-11-17 12:47:01.795] [jointLog] [info] Usage of --validateMappings implies use of minScoreFraction. Since not explicitly specified, it is being set to 0.65
[2022-11-17 12:47:01.795] [jointLog] [info] Setting consensusSlack to selective-alignment default of 0.35.
[2022-11-17 12:47:01.795] [jointLog] [info] parsing read library format
[2022-11-17 12:47:01.796] [jointLog] [info] There is 1 library.
[2022-11-17 12:47:01.814] [jointLog] [info] Loading pufferfish index
[2022-11-17 12:47:01.818] [jointLog] [info] Loading dense pufferfish index.
[2022-11-17 12:50:59.237] [jointLog] [info] done
[2022-11-17 12:50:59.582] [jointLog] [info] Index contained 138045 targets
[2022-11-17 12:50:59.653] [jointLog] [info] Number of decoys : 66
[2022-11-17 12:50:59.653] [jointLog] [info] First decoy index : 137940 
[2022-11-17 12:51:34.579] [jointLog] [info] Thread saw mini-batch with a maximum of 1.06% zero probability fragments
[2022-11-17 12:51:34.586] [jointLog] [info] Thread saw mini-batch with a maximum of 1.00% zero probability fragments
[2022-11-17 12:51:34.632] [jointLog] [info] Thread saw mini-batch with a maximum of 1.02% zero probability fragments
[2022-11-17 12:51:34.654] [jointLog] [info] Thread saw mini-batch with a maximum of 1.02% zero probability fragments
[2022-11-17 12:51:34.700] [jointLog] [info] Thread saw mini-batch with a maximum of 1.06% zero probability fragments
[2022-11-17 12:51:34.765] [jointLog] [info] Thread saw mini-batch with a maximum of 1.00% zero probability fragments
[2022-11-17 12:51:34.844] [jointLog] [info] Computed 70471 rich equivalence classes for further processing
[2022-11-17 12:51:34.844] [jointLog] [info] Counted 4487884 total reads in the equivalence classes 
[2022-11-17 12:51:34.849] [jointLog] [warning] 0.891209% of fragments were shorter than the k used to build the index.
If this fraction is too large, consider re-building the index with a smaller k.
The minimum read size found was 20.


[2022-11-17 12:51:34.849] [jointLog] [info] Number of mappings discarded because of alignment score : 4686793
[2022-11-17 12:51:34.849] [jointLog] [info] Number of fragments entirely discarded because of alignment score : 192526
[2022-11-17 12:51:34.849] [jointLog] [info] Number of fragments discarded because they are best-mapped to decoys : 187682
[2022-11-17 12:51:34.849] [jointLog] [info] Number of fragments discarded because they have only dovetail (discordant) mappings to valid targets : 0
[2022-11-17 12:51:34.856] [jointLog] [warning] Only 4487884 fragments were mapped, but the number of burn-in fragments was set to 5000000.
The effective lengths have been computed using the observed mappings.

[2022-11-17 12:51:34.856] [jointLog] [info] Mapping rate = 85.233%

[2022-11-17 12:51:34.856] [jointLog] [info] finished quantifyLibrary()
[2022-11-17 12:51:34.845] [fileLog] [info] 
At end of round 0
==================
Observed 5265431 total fragments (5265431 in most recent round)

[2022-11-17 12:51:35.263] [jointLog] [info] Starting optimizer
[2022-11-17 12:51:35.327] [jointLog] [info] Marked 0 weighted equivalence classes as degenerate
[2022-11-17 12:51:35.336] [jointLog] [info] iteration = 0 | max rel diff. = 2954.69
[2022-11-17 12:51:35.917] [jointLog] [info] iteration = 100 | max rel diff. = 15.1427
[2022-11-17 12:51:36.454] [jointLog] [info] iteration = 200 | max rel diff. = 2.48649
[2022-11-17 12:51:36.985] [jointLog] [info] iteration = 300 | max rel diff. = 1.34637
[2022-11-17 12:51:37.518] [jointLog] [info] iteration = 400 | max rel diff. = 0.0691491
[2022-11-17 12:51:38.050] [jointLog] [info] iteration = 500 | max rel diff. = 0.0367523
[2022-11-17 12:51:38.582] [jointLog] [info] iteration = 600 | max rel diff. = 0.18307
[2022-11-17 12:51:39.114] [jointLog] [info] iteration = 700 | max rel diff. = 0.0562201
[2022-11-17 12:51:39.650] [jointLog] [info] iteration = 800 | max rel diff. = 0.0288841
[2022-11-17 12:51:40.190] [jointLog] [info] iteration = 900 | max rel diff. = 0.0189647
[2022-11-17 12:51:40.732] [jointLog] [info] iteration = 1000 | max rel diff. = 0.154536
[2022-11-17 12:51:41.321] [jointLog] [info] iteration = 1100 | max rel diff. = 0.0655375
[2022-11-17 12:51:41.453] [jointLog] [info] iteration = 1118 | max rel diff. = 0.00852035
[2022-11-17 12:51:41.459] [jointLog] [info] Finished optimizer
[2022-11-17 12:51:41.459] [jointLog] [info] writing output 

