[2022-11-17 15:25:35.866] [jointLog] [info] setting maxHashResizeThreads to 6
[2022-11-17 15:25:35.866] [jointLog] [info] Fragment incompatibility prior below threshold.  Incompatible fragments will be ignored.
[2022-11-17 15:25:35.866] [jointLog] [info] Usage of --validateMappings implies use of minScoreFraction. Since not explicitly specified, it is being set to 0.65
[2022-11-17 15:25:35.866] [jointLog] [info] Setting consensusSlack to selective-alignment default of 0.35.
[2022-11-17 15:25:35.866] [jointLog] [info] parsing read library format
[2022-11-17 15:25:35.867] [jointLog] [info] There is 1 library.
[2022-11-17 15:25:36.026] [jointLog] [info] Loading pufferfish index
[2022-11-17 15:25:36.089] [jointLog] [info] Loading dense pufferfish index.
[2022-11-17 15:30:04.504] [jointLog] [info] done
[2022-11-17 15:30:04.621] [jointLog] [info] Index contained 138045 targets
[2022-11-17 15:30:04.669] [jointLog] [info] Number of decoys : 66
[2022-11-17 15:30:04.669] [jointLog] [info] First decoy index : 137940 
[2022-11-17 15:30:41.772] [jointLog] [info] Thread saw mini-batch with a maximum of 1.02% zero probability fragments
[2022-11-17 15:30:41.862] [jointLog] [info] Thread saw mini-batch with a maximum of 0.96% zero probability fragments
[2022-11-17 15:30:41.870] [jointLog] [info] Thread saw mini-batch with a maximum of 0.96% zero probability fragments
[2022-11-17 15:30:41.884] [jointLog] [info] Thread saw mini-batch with a maximum of 0.96% zero probability fragments
[2022-11-17 15:30:41.920] [jointLog] [info] Thread saw mini-batch with a maximum of 0.92% zero probability fragments
[2022-11-17 15:30:41.959] [jointLog] [info] Thread saw mini-batch with a maximum of 1.02% zero probability fragments
[2022-11-17 15:30:42.026] [jointLog] [info] Computed 71907 rich equivalence classes for further processing
[2022-11-17 15:30:42.026] [jointLog] [info] Counted 4871037 total reads in the equivalence classes 
[2022-11-17 15:30:42.031] [jointLog] [warning] 0.623123% of fragments were shorter than the k used to build the index.
If this fraction is too large, consider re-building the index with a smaller k.
The minimum read size found was 20.


[2022-11-17 15:30:42.031] [jointLog] [info] Number of mappings discarded because of alignment score : 5013148
[2022-11-17 15:30:42.031] [jointLog] [info] Number of fragments entirely discarded because of alignment score : 200811
[2022-11-17 15:30:42.031] [jointLog] [info] Number of fragments discarded because they are best-mapped to decoys : 196243
[2022-11-17 15:30:42.031] [jointLog] [info] Number of fragments discarded because they have only dovetail (discordant) mappings to valid targets : 0
[2022-11-17 15:30:42.036] [jointLog] [warning] Only 4871037 fragments were mapped, but the number of burn-in fragments was set to 5000000.
The effective lengths have been computed using the observed mappings.

[2022-11-17 15:30:42.036] [jointLog] [info] Mapping rate = 86.1017%

[2022-11-17 15:30:42.036] [jointLog] [info] finished quantifyLibrary()
[2022-11-17 15:30:42.045] [jointLog] [info] Starting optimizer
[2022-11-17 15:30:42.089] [jointLog] [info] Marked 0 weighted equivalence classes as degenerate
[2022-11-17 15:30:42.026] [fileLog] [info] 
At end of round 0
==================
Observed 5657306 total fragments (5657306 in most recent round)

[2022-11-17 15:30:42.097] [jointLog] [info] iteration = 0 | max rel diff. = 3182.73
[2022-11-17 15:30:42.631] [jointLog] [info] iteration = 100 | max rel diff. = 16.2616
[2022-11-17 15:30:43.163] [jointLog] [info] iteration = 200 | max rel diff. = 2.73042
[2022-11-17 15:30:43.694] [jointLog] [info] iteration = 300 | max rel diff. = 3.23745
[2022-11-17 15:30:44.224] [jointLog] [info] iteration = 400 | max rel diff. = 0.107806
[2022-11-17 15:30:44.755] [jointLog] [info] iteration = 500 | max rel diff. = 0.0535686
[2022-11-17 15:30:45.286] [jointLog] [info] iteration = 600 | max rel diff. = 0.0499495
[2022-11-17 15:30:45.817] [jointLog] [info] iteration = 700 | max rel diff. = 0.212114
[2022-11-17 15:30:46.348] [jointLog] [info] iteration = 800 | max rel diff. = 0.025833
[2022-11-17 15:30:46.879] [jointLog] [info] iteration = 900 | max rel diff. = 0.540026
[2022-11-17 15:30:47.410] [jointLog] [info] iteration = 1000 | max rel diff. = 0.156599
[2022-11-17 15:30:47.691] [jointLog] [info] iteration = 1054 | max rel diff. = 0.00838217
[2022-11-17 15:30:47.697] [jointLog] [info] Finished optimizer
[2022-11-17 15:30:47.697] [jointLog] [info] writing output 

