[2022-11-17 14:57:42.893] [jointLog] [info] setting maxHashResizeThreads to 6
[2022-11-17 14:57:42.893] [jointLog] [info] Fragment incompatibility prior below threshold.  Incompatible fragments will be ignored.
[2022-11-17 14:57:42.893] [jointLog] [info] Usage of --validateMappings implies use of minScoreFraction. Since not explicitly specified, it is being set to 0.65
[2022-11-17 14:57:42.893] [jointLog] [info] Setting consensusSlack to selective-alignment default of 0.35.
[2022-11-17 14:57:42.893] [jointLog] [info] parsing read library format
[2022-11-17 14:57:42.895] [jointLog] [info] There is 1 library.
[2022-11-17 14:57:43.096] [jointLog] [info] Loading pufferfish index
[2022-11-17 14:57:43.222] [jointLog] [info] Loading dense pufferfish index.
[2022-11-17 15:02:27.338] [jointLog] [info] done
[2022-11-17 15:02:27.521] [jointLog] [info] Index contained 138045 targets
[2022-11-17 15:02:27.569] [jointLog] [info] Number of decoys : 66
[2022-11-17 15:02:27.569] [jointLog] [info] First decoy index : 137940 
[2022-11-17 15:02:42.765] [jointLog] [info] Thread saw mini-batch with a maximum of 0.10% zero probability fragments
[2022-11-17 15:02:42.774] [jointLog] [info] Thread saw mini-batch with a maximum of 0.08% zero probability fragments
[2022-11-17 15:02:42.778] [jointLog] [info] Thread saw mini-batch with a maximum of 0.14% zero probability fragments
[2022-11-17 15:02:42.797] [jointLog] [info] Thread saw mini-batch with a maximum of 0.16% zero probability fragments
[2022-11-17 15:02:42.800] [jointLog] [info] Thread saw mini-batch with a maximum of 0.14% zero probability fragments
[2022-11-17 15:02:42.806] [jointLog] [info] Thread saw mini-batch with a maximum of 0.10% zero probability fragments
[2022-11-17 15:02:42.838] [jointLog] [info] Computed 15834 rich equivalence classes for further processing
[2022-11-17 15:02:42.838] [jointLog] [info] Counted 782133 total reads in the equivalence classes 
[2022-11-17 15:02:42.841] [jointLog] [warning] 0.491306% of fragments were shorter than the k used to build the index.
If this fraction is too large, consider re-building the index with a smaller k.
The minimum read size found was 20.


[2022-11-17 15:02:42.841] [jointLog] [info] Number of mappings discarded because of alignment score : 1422353
[2022-11-17 15:02:42.841] [jointLog] [info] Number of fragments entirely discarded because of alignment score : 100509
[2022-11-17 15:02:42.841] [jointLog] [info] Number of fragments discarded because they are best-mapped to decoys : 53628
[2022-11-17 15:02:42.841] [jointLog] [info] Number of fragments discarded because they have only dovetail (discordant) mappings to valid targets : 0
[2022-11-17 15:02:42.847] [jointLog] [warning] Only 782133 fragments were mapped, but the number of burn-in fragments was set to 5000000.
The effective lengths have been computed using the observed mappings.

[2022-11-17 15:02:42.847] [jointLog] [info] Mapping rate = 11.8876%

[2022-11-17 15:02:42.847] [jointLog] [info] finished quantifyLibrary()
[2022-11-17 15:02:43.054] [jointLog] [info] Starting optimizer
[2022-11-17 15:02:43.095] [jointLog] [info] Marked 0 weighted equivalence classes as degenerate
[2022-11-17 15:02:43.100] [jointLog] [info] iteration = 0 | max rel diff. = 548.237
[2022-11-17 15:02:42.838] [fileLog] [info] 
At end of round 0
==================
Observed 6579401 total fragments (6579401 in most recent round)

[2022-11-17 15:02:43.566] [jointLog] [info] iteration = 100 | max rel diff. = 2.14161
[2022-11-17 15:02:44.034] [jointLog] [info] iteration = 200 | max rel diff. = 0.370047
[2022-11-17 15:02:44.499] [jointLog] [info] iteration = 300 | max rel diff. = 0.15373
[2022-11-17 15:02:44.958] [jointLog] [info] iteration = 400 | max rel diff. = 0.104603
[2022-11-17 15:02:45.417] [jointLog] [info] iteration = 500 | max rel diff. = 0.0338665
[2022-11-17 15:02:45.880] [jointLog] [info] iteration = 600 | max rel diff. = 0.0124825
[2022-11-17 15:02:46.344] [jointLog] [info] iteration = 700 | max rel diff. = 0.0919533
[2022-11-17 15:02:46.399] [jointLog] [info] iteration = 713 | max rel diff. = 0.00205568
[2022-11-17 15:02:46.406] [jointLog] [info] Finished optimizer
[2022-11-17 15:02:46.406] [jointLog] [info] writing output 

