[2022-11-17 13:59:51.922] [jointLog] [info] setting maxHashResizeThreads to 6
[2022-11-17 13:59:51.922] [jointLog] [info] Fragment incompatibility prior below threshold.  Incompatible fragments will be ignored.
[2022-11-17 13:59:51.922] [jointLog] [info] Usage of --validateMappings implies use of minScoreFraction. Since not explicitly specified, it is being set to 0.65
[2022-11-17 13:59:51.922] [jointLog] [info] Setting consensusSlack to selective-alignment default of 0.35.
[2022-11-17 13:59:51.922] [jointLog] [info] parsing read library format
[2022-11-17 13:59:51.923] [jointLog] [info] There is 1 library.
[2022-11-17 13:59:52.056] [jointLog] [info] Loading pufferfish index
[2022-11-17 13:59:52.084] [jointLog] [info] Loading dense pufferfish index.
[2022-11-17 14:06:33.220] [jointLog] [info] done
[2022-11-17 14:06:33.400] [jointLog] [info] Index contained 138045 targets
[2022-11-17 14:06:33.449] [jointLog] [info] Number of decoys : 66
[2022-11-17 14:06:33.449] [jointLog] [info] First decoy index : 137940 
[2022-11-17 14:07:43.071] [jointLog] [info] Thread saw mini-batch with a maximum of 1.10% zero probability fragments
[2022-11-17 14:07:43.087] [jointLog] [info] Thread saw mini-batch with a maximum of 1.12% zero probability fragments
[2022-11-17 14:07:43.200] [jointLog] [info] Thread saw mini-batch with a maximum of 1.14% zero probability fragments
[2022-11-17 14:07:43.245] [jointLog] [info] Thread saw mini-batch with a maximum of 1.14% zero probability fragments
[2022-11-17 14:07:43.283] [jointLog] [info] Thread saw mini-batch with a maximum of 1.10% zero probability fragments
[2022-11-17 14:07:43.319] [jointLog] [info] Thread saw mini-batch with a maximum of 1.12% zero probability fragments
[2022-11-17 14:07:43.381] [jointLog] [info] Computed 61200 rich equivalence classes for further processing
[2022-11-17 14:07:43.381] [jointLog] [info] Counted 6459284 total reads in the equivalence classes 
[2022-11-17 14:07:43.387] [jointLog] [warning] 0.405999% of fragments were shorter than the k used to build the index.
If this fraction is too large, consider re-building the index with a smaller k.
The minimum read size found was 20.


[2022-11-17 14:07:43.387] [jointLog] [info] Number of mappings discarded because of alignment score : 7012965
[2022-11-17 14:07:43.387] [jointLog] [info] Number of fragments entirely discarded because of alignment score : 308015
[2022-11-17 14:07:43.387] [jointLog] [info] Number of fragments discarded because they are best-mapped to decoys : 302143
[2022-11-17 14:07:43.387] [jointLog] [info] Number of fragments discarded because they have only dovetail (discordant) mappings to valid targets : 0
[2022-11-17 14:07:43.387] [jointLog] [info] Mapping rate = 83.1262%

[2022-11-17 14:07:43.387] [jointLog] [info] finished quantifyLibrary()
[2022-11-17 14:07:43.381] [fileLog] [info] 
At end of round 0
==================
Observed 7770453 total fragments (7770453 in most recent round)

[2022-11-17 14:07:43.845] [jointLog] [info] Starting optimizer
[2022-11-17 14:07:43.896] [jointLog] [info] Marked 0 weighted equivalence classes as degenerate
[2022-11-17 14:07:43.905] [jointLog] [info] iteration = 0 | max rel diff. = 4061.29
[2022-11-17 14:07:44.432] [jointLog] [info] iteration = 100 | max rel diff. = 4.16298
[2022-11-17 14:07:44.989] [jointLog] [info] iteration = 200 | max rel diff. = 2.16556
[2022-11-17 14:07:45.527] [jointLog] [info] iteration = 300 | max rel diff. = 0.310841
[2022-11-17 14:07:46.053] [jointLog] [info] iteration = 400 | max rel diff. = 1.75049
[2022-11-17 14:07:46.573] [jointLog] [info] iteration = 500 | max rel diff. = 12.0685
[2022-11-17 14:07:47.096] [jointLog] [info] iteration = 600 | max rel diff. = 0.281251
[2022-11-17 14:07:47.617] [jointLog] [info] iteration = 700 | max rel diff. = 0.160134
[2022-11-17 14:07:48.136] [jointLog] [info] iteration = 800 | max rel diff. = 0.0208293
[2022-11-17 14:07:48.653] [jointLog] [info] iteration = 900 | max rel diff. = 0.2125
[2022-11-17 14:07:49.182] [jointLog] [info] iteration = 1000 | max rel diff. = 0.0406282
[2022-11-17 14:07:49.567] [jointLog] [info] iteration = 1075 | max rel diff. = 0.00963643
[2022-11-17 14:07:49.573] [jointLog] [info] Finished optimizer
[2022-11-17 14:07:49.573] [jointLog] [info] writing output 

