[2022-11-17 13:38:00.990] [jointLog] [info] setting maxHashResizeThreads to 6
[2022-11-17 13:38:00.990] [jointLog] [info] Fragment incompatibility prior below threshold.  Incompatible fragments will be ignored.
[2022-11-17 13:38:00.990] [jointLog] [info] Usage of --validateMappings implies use of minScoreFraction. Since not explicitly specified, it is being set to 0.65
[2022-11-17 13:38:00.990] [jointLog] [info] Setting consensusSlack to selective-alignment default of 0.35.
[2022-11-17 13:38:00.990] [jointLog] [info] parsing read library format
[2022-11-17 13:38:00.991] [jointLog] [info] There is 1 library.
[2022-11-17 13:38:01.733] [jointLog] [info] Loading pufferfish index
[2022-11-17 13:38:02.030] [jointLog] [info] Loading dense pufferfish index.
[2022-11-17 13:42:11.389] [jointLog] [info] done
[2022-11-17 13:42:11.551] [jointLog] [info] Index contained 138045 targets
[2022-11-17 13:42:11.592] [jointLog] [info] Number of decoys : 66
[2022-11-17 13:42:11.592] [jointLog] [info] First decoy index : 137940 
[2022-11-17 13:42:42.668] [jointLog] [info] Thread saw mini-batch with a maximum of 0.96% zero probability fragments
[2022-11-17 13:42:42.693] [jointLog] [info] Thread saw mini-batch with a maximum of 1.06% zero probability fragments
[2022-11-17 13:42:42.723] [jointLog] [info] Thread saw mini-batch with a maximum of 1.12% zero probability fragments
[2022-11-17 13:42:42.755] [jointLog] [info] Thread saw mini-batch with a maximum of 1.10% zero probability fragments
[2022-11-17 13:42:42.760] [jointLog] [info] Thread saw mini-batch with a maximum of 0.96% zero probability fragments
[2022-11-17 13:42:42.778] [jointLog] [info] Thread saw mini-batch with a maximum of 1.08% zero probability fragments
[2022-11-17 13:42:42.858] [jointLog] [info] Computed 68984 rich equivalence classes for further processing
[2022-11-17 13:42:42.858] [jointLog] [info] Counted 4713381 total reads in the equivalence classes 
[2022-11-17 13:42:42.863] [jointLog] [warning] 0.824372% of fragments were shorter than the k used to build the index.
If this fraction is too large, consider re-building the index with a smaller k.
The minimum read size found was 20.


[2022-11-17 13:42:42.863] [jointLog] [info] Number of mappings discarded because of alignment score : 4009597
[2022-11-17 13:42:42.863] [jointLog] [info] Number of fragments entirely discarded because of alignment score : 166656
[2022-11-17 13:42:42.863] [jointLog] [info] Number of fragments discarded because they are best-mapped to decoys : 161899
[2022-11-17 13:42:42.863] [jointLog] [info] Number of fragments discarded because they have only dovetail (discordant) mappings to valid targets : 0
[2022-11-17 13:42:42.869] [jointLog] [warning] Only 4713381 fragments were mapped, but the number of burn-in fragments was set to 5000000.
The effective lengths have been computed using the observed mappings.

[2022-11-17 13:42:42.869] [jointLog] [info] Mapping rate = 86.8927%

[2022-11-17 13:42:42.869] [jointLog] [info] finished quantifyLibrary()
[2022-11-17 13:42:42.974] [jointLog] [info] Starting optimizer
[2022-11-17 13:42:43.022] [jointLog] [info] Marked 0 weighted equivalence classes as degenerate
[2022-11-17 13:42:43.030] [jointLog] [info] iteration = 0 | max rel diff. = 3074.33
[2022-11-17 13:42:42.859] [fileLog] [info] 
At end of round 0
==================
Observed 5424372 total fragments (5424372 in most recent round)

[2022-11-17 13:42:43.567] [jointLog] [info] iteration = 100 | max rel diff. = 13.9144
[2022-11-17 13:42:44.111] [jointLog] [info] iteration = 200 | max rel diff. = 3.95988
[2022-11-17 13:42:44.649] [jointLog] [info] iteration = 300 | max rel diff. = 1.72704
[2022-11-17 13:42:45.189] [jointLog] [info] iteration = 400 | max rel diff. = 0.151242
[2022-11-17 13:42:45.724] [jointLog] [info] iteration = 500 | max rel diff. = 0.264211
[2022-11-17 13:42:46.261] [jointLog] [info] iteration = 600 | max rel diff. = 0.0120534
[2022-11-17 13:42:46.792] [jointLog] [info] iteration = 700 | max rel diff. = 0.556842
[2022-11-17 13:42:47.326] [jointLog] [info] iteration = 800 | max rel diff. = 0.0743743
[2022-11-17 13:42:47.857] [jointLog] [info] iteration = 900 | max rel diff. = 0.00443519
[2022-11-17 13:42:47.862] [jointLog] [info] Finished optimizer
[2022-11-17 13:42:47.862] [jointLog] [info] writing output 

