[2022-11-17 11:51:15.424] [jointLog] [info] setting maxHashResizeThreads to 6
[2022-11-17 11:51:15.424] [jointLog] [info] Fragment incompatibility prior below threshold.  Incompatible fragments will be ignored.
[2022-11-17 11:51:15.424] [jointLog] [info] Usage of --validateMappings implies use of minScoreFraction. Since not explicitly specified, it is being set to 0.65
[2022-11-17 11:51:15.424] [jointLog] [info] Setting consensusSlack to selective-alignment default of 0.35.
[2022-11-17 11:51:15.424] [jointLog] [info] parsing read library format
[2022-11-17 11:51:15.426] [jointLog] [info] There is 1 library.
[2022-11-17 11:51:15.893] [jointLog] [info] Loading pufferfish index
[2022-11-17 11:51:16.082] [jointLog] [info] Loading dense pufferfish index.
[2022-11-17 11:59:20.916] [jointLog] [info] done
[2022-11-17 11:59:21.411] [jointLog] [info] Index contained 138045 targets
[2022-11-17 11:59:21.462] [jointLog] [info] Number of decoys : 66
[2022-11-17 11:59:21.462] [jointLog] [info] First decoy index : 137940 
[2022-11-17 11:59:54.474] [jointLog] [info] Thread saw mini-batch with a maximum of 1.06% zero probability fragments
[2022-11-17 11:59:54.513] [jointLog] [info] Thread saw mini-batch with a maximum of 1.06% zero probability fragments
[2022-11-17 11:59:54.587] [jointLog] [info] Thread saw mini-batch with a maximum of 1.10% zero probability fragments
[2022-11-17 11:59:54.605] [jointLog] [info] Thread saw mini-batch with a maximum of 1.00% zero probability fragments
[2022-11-17 11:59:54.618] [jointLog] [info] Thread saw mini-batch with a maximum of 1.02% zero probability fragments
[2022-11-17 11:59:54.641] [jointLog] [info] Thread saw mini-batch with a maximum of 1.00% zero probability fragments
[2022-11-17 11:59:54.708] [jointLog] [info] Computed 66551 rich equivalence classes for further processing
[2022-11-17 11:59:54.708] [jointLog] [info] Counted 3796956 total reads in the equivalence classes 
[2022-11-17 11:59:54.713] [jointLog] [warning] 0.936561% of fragments were shorter than the k used to build the index.
If this fraction is too large, consider re-building the index with a smaller k.
The minimum read size found was 20.


[2022-11-17 11:59:54.713] [jointLog] [info] Number of mappings discarded because of alignment score : 4151832
[2022-11-17 11:59:54.713] [jointLog] [info] Number of fragments entirely discarded because of alignment score : 168449
[2022-11-17 11:59:54.713] [jointLog] [info] Number of fragments discarded because they are best-mapped to decoys : 164643
[2022-11-17 11:59:54.713] [jointLog] [info] Number of fragments discarded because they have only dovetail (discordant) mappings to valid targets : 0
[2022-11-17 11:59:54.718] [jointLog] [warning] Only 3796956 fragments were mapped, but the number of burn-in fragments was set to 5000000.
The effective lengths have been computed using the observed mappings.

[2022-11-17 11:59:54.718] [jointLog] [info] Mapping rate = 84.3193%

[2022-11-17 11:59:54.718] [jointLog] [info] finished quantifyLibrary()
[2022-11-17 11:59:54.708] [fileLog] [info] 
At end of round 0
==================
Observed 4503069 total fragments (4503069 in most recent round)

[2022-11-17 11:59:55.117] [jointLog] [info] Starting optimizer
[2022-11-17 11:59:55.168] [jointLog] [info] Marked 0 weighted equivalence classes as degenerate
[2022-11-17 11:59:55.177] [jointLog] [info] iteration = 0 | max rel diff. = 2528.36
[2022-11-17 11:59:55.718] [jointLog] [info] iteration = 100 | max rel diff. = 8.47868
[2022-11-17 11:59:56.251] [jointLog] [info] iteration = 200 | max rel diff. = 20.4188
[2022-11-17 11:59:56.777] [jointLog] [info] iteration = 300 | max rel diff. = 0.688004
[2022-11-17 11:59:57.305] [jointLog] [info] iteration = 400 | max rel diff. = 0.620449
[2022-11-17 11:59:57.835] [jointLog] [info] iteration = 500 | max rel diff. = 1.20242
[2022-11-17 11:59:58.361] [jointLog] [info] iteration = 600 | max rel diff. = 0.051265
[2022-11-17 11:59:58.881] [jointLog] [info] iteration = 700 | max rel diff. = 0.0818915
[2022-11-17 11:59:59.404] [jointLog] [info] iteration = 800 | max rel diff. = 1.09686
[2022-11-17 11:59:59.934] [jointLog] [info] iteration = 900 | max rel diff. = 0.0827512
[2022-11-17 12:00:00.295] [jointLog] [info] iteration = 969 | max rel diff. = 0.00778241
[2022-11-17 12:00:00.301] [jointLog] [info] Finished optimizer
[2022-11-17 12:00:00.301] [jointLog] [info] writing output 

