[2022-11-17 13:46:22.098] [jointLog] [info] setting maxHashResizeThreads to 6
[2022-11-17 13:46:22.098] [jointLog] [info] Fragment incompatibility prior below threshold.  Incompatible fragments will be ignored.
[2022-11-17 13:46:22.098] [jointLog] [info] Usage of --validateMappings implies use of minScoreFraction. Since not explicitly specified, it is being set to 0.65
[2022-11-17 13:46:22.098] [jointLog] [info] Setting consensusSlack to selective-alignment default of 0.35.
[2022-11-17 13:46:22.098] [jointLog] [info] parsing read library format
[2022-11-17 13:46:22.100] [jointLog] [info] There is 1 library.
[2022-11-17 13:46:22.774] [jointLog] [info] Loading pufferfish index
[2022-11-17 13:46:23.001] [jointLog] [info] Loading dense pufferfish index.
[2022-11-17 13:49:31.372] [jointLog] [info] done
[2022-11-17 13:49:31.593] [jointLog] [info] Index contained 138045 targets
[2022-11-17 13:49:31.642] [jointLog] [info] Number of decoys : 66
[2022-11-17 13:49:31.642] [jointLog] [info] First decoy index : 137940 
[2022-11-17 13:49:52.919] [jointLog] [info] Thread saw mini-batch with a maximum of 0.14% zero probability fragments
[2022-11-17 13:49:52.930] [jointLog] [info] Thread saw mini-batch with a maximum of 0.12% zero probability fragments
[2022-11-17 13:49:52.932] [jointLog] [info] Thread saw mini-batch with a maximum of 0.12% zero probability fragments
[2022-11-17 13:49:52.940] [jointLog] [info] Thread saw mini-batch with a maximum of 0.14% zero probability fragments
[2022-11-17 13:49:52.958] [jointLog] [info] Thread saw mini-batch with a maximum of 0.16% zero probability fragments
[2022-11-17 13:49:52.962] [jointLog] [info] Thread saw mini-batch with a maximum of 0.16% zero probability fragments
[2022-11-17 13:49:52.997] [jointLog] [info] Computed 21629 rich equivalence classes for further processing
[2022-11-17 13:49:52.997] [jointLog] [info] Counted 1148526 total reads in the equivalence classes 
[2022-11-17 13:49:53.001] [jointLog] [warning] 1.14159% of fragments were shorter than the k used to build the index.
If this fraction is too large, consider re-building the index with a smaller k.
The minimum read size found was 20.


[2022-11-17 13:49:53.001] [jointLog] [info] Number of mappings discarded because of alignment score : 1837956
[2022-11-17 13:49:53.001] [jointLog] [info] Number of fragments entirely discarded because of alignment score : 138760
[2022-11-17 13:49:53.001] [jointLog] [info] Number of fragments discarded because they are best-mapped to decoys : 77957
[2022-11-17 13:49:53.001] [jointLog] [info] Number of fragments discarded because they have only dovetail (discordant) mappings to valid targets : 0
[2022-11-17 13:49:53.007] [jointLog] [warning] Only 1148526 fragments were mapped, but the number of burn-in fragments was set to 5000000.
The effective lengths have been computed using the observed mappings.

[2022-11-17 13:49:53.007] [jointLog] [info] Mapping rate = 13.0949%

[2022-11-17 13:49:53.007] [jointLog] [info] finished quantifyLibrary()
[2022-11-17 13:49:52.998] [fileLog] [info] 
At end of round 0
==================
Observed 8770815 total fragments (8770815 in most recent round)

[2022-11-17 13:49:53.554] [jointLog] [info] Starting optimizer
[2022-11-17 13:49:53.602] [jointLog] [info] Marked 0 weighted equivalence classes as degenerate
[2022-11-17 13:49:53.607] [jointLog] [info] iteration = 0 | max rel diff. = 808.952
[2022-11-17 13:49:54.076] [jointLog] [info] iteration = 100 | max rel diff. = 10.0812
[2022-11-17 13:49:54.534] [jointLog] [info] iteration = 200 | max rel diff. = 0.956365
[2022-11-17 13:49:54.996] [jointLog] [info] iteration = 300 | max rel diff. = 0.0497325
[2022-11-17 13:49:55.462] [jointLog] [info] iteration = 400 | max rel diff. = 0.0356569
[2022-11-17 13:49:55.921] [jointLog] [info] iteration = 500 | max rel diff. = 0.0186293
[2022-11-17 13:49:56.378] [jointLog] [info] iteration = 600 | max rel diff. = 0.138057
[2022-11-17 13:49:56.840] [jointLog] [info] iteration = 700 | max rel diff. = 0.0815232
[2022-11-17 13:49:56.905] [jointLog] [info] iteration = 715 | max rel diff. = 0.00878405
[2022-11-17 13:49:56.911] [jointLog] [info] Finished optimizer
[2022-11-17 13:49:56.911] [jointLog] [info] writing output 

