[2022-11-17 09:56:02.016] [jointLog] [info] setting maxHashResizeThreads to 6
[2022-11-17 09:56:02.016] [jointLog] [info] Fragment incompatibility prior below threshold.  Incompatible fragments will be ignored.
[2022-11-17 09:56:02.016] [jointLog] [info] Usage of --validateMappings implies use of minScoreFraction. Since not explicitly specified, it is being set to 0.65
[2022-11-17 09:56:02.016] [jointLog] [info] Setting consensusSlack to selective-alignment default of 0.35.
[2022-11-17 09:56:02.016] [jointLog] [info] parsing read library format
[2022-11-17 09:56:02.017] [jointLog] [info] There is 1 library.
[2022-11-17 09:56:02.057] [jointLog] [info] Loading pufferfish index
[2022-11-17 09:56:02.079] [jointLog] [info] Loading dense pufferfish index.
[2022-11-17 10:02:35.577] [jointLog] [info] done
[2022-11-17 10:02:35.727] [jointLog] [info] Index contained 138045 targets
[2022-11-17 10:02:35.770] [jointLog] [info] Number of decoys : 66
[2022-11-17 10:02:35.770] [jointLog] [info] First decoy index : 137940 
[2022-11-17 10:03:02.353] [jointLog] [info] Thread saw mini-batch with a maximum of 0.96% zero probability fragments
[2022-11-17 10:03:02.401] [jointLog] [info] Thread saw mini-batch with a maximum of 0.94% zero probability fragments
[2022-11-17 10:03:02.442] [jointLog] [info] Thread saw mini-batch with a maximum of 1.02% zero probability fragments
[2022-11-17 10:03:02.453] [jointLog] [info] Thread saw mini-batch with a maximum of 1.04% zero probability fragments
[2022-11-17 10:03:02.460] [jointLog] [info] Thread saw mini-batch with a maximum of 1.06% zero probability fragments
[2022-11-17 10:03:02.462] [jointLog] [info] Thread saw mini-batch with a maximum of 0.98% zero probability fragments
[2022-11-17 10:03:02.567] [jointLog] [info] Computed 67129 rich equivalence classes for further processing
[2022-11-17 10:03:02.567] [jointLog] [info] Counted 3669579 total reads in the equivalence classes 
[2022-11-17 10:03:02.573] [jointLog] [warning] 0.972475% of fragments were shorter than the k used to build the index.
If this fraction is too large, consider re-building the index with a smaller k.
The minimum read size found was 20.


[2022-11-17 10:03:02.573] [jointLog] [info] Number of mappings discarded because of alignment score : 3383046
[2022-11-17 10:03:02.573] [jointLog] [info] Number of fragments entirely discarded because of alignment score : 138204
[2022-11-17 10:03:02.573] [jointLog] [info] Number of fragments discarded because they are best-mapped to decoys : 134102
[2022-11-17 10:03:02.573] [jointLog] [info] Number of fragments discarded because they have only dovetail (discordant) mappings to valid targets : 0
[2022-11-17 10:03:02.581] [jointLog] [warning] Only 3669579 fragments were mapped, but the number of burn-in fragments was set to 5000000.
The effective lengths have been computed using the observed mappings.

[2022-11-17 10:03:02.581] [jointLog] [info] Mapping rate = 85.5999%

[2022-11-17 10:03:02.581] [jointLog] [info] finished quantifyLibrary()
[2022-11-17 10:03:02.568] [fileLog] [info] 
At end of round 0
==================
Observed 4286896 total fragments (4286896 in most recent round)

[2022-11-17 10:03:02.957] [jointLog] [info] Starting optimizer
[2022-11-17 10:03:03.012] [jointLog] [info] Marked 0 weighted equivalence classes as degenerate
[2022-11-17 10:03:03.021] [jointLog] [info] iteration = 0 | max rel diff. = 2462.88
[2022-11-17 10:03:03.580] [jointLog] [info] iteration = 100 | max rel diff. = 11.6624
[2022-11-17 10:03:04.115] [jointLog] [info] iteration = 200 | max rel diff. = 3.17916
[2022-11-17 10:03:04.648] [jointLog] [info] iteration = 300 | max rel diff. = 13.9828
[2022-11-17 10:03:05.182] [jointLog] [info] iteration = 400 | max rel diff. = 0.425145
[2022-11-17 10:03:05.718] [jointLog] [info] iteration = 500 | max rel diff. = 0.072685
[2022-11-17 10:03:06.269] [jointLog] [info] iteration = 600 | max rel diff. = 0.250012
[2022-11-17 10:03:06.795] [jointLog] [info] iteration = 700 | max rel diff. = 0.234081
[2022-11-17 10:03:07.311] [jointLog] [info] iteration = 799 | max rel diff. = 0.00454345
[2022-11-17 10:03:07.318] [jointLog] [info] Finished optimizer
[2022-11-17 10:03:07.318] [jointLog] [info] writing output 

