[2022-11-17 12:45:02.340] [jointLog] [info] setting maxHashResizeThreads to 6
[2022-11-17 12:45:02.340] [jointLog] [info] Fragment incompatibility prior below threshold.  Incompatible fragments will be ignored.
[2022-11-17 12:45:02.340] [jointLog] [info] Usage of --validateMappings implies use of minScoreFraction. Since not explicitly specified, it is being set to 0.65
[2022-11-17 12:45:02.340] [jointLog] [info] Setting consensusSlack to selective-alignment default of 0.35.
[2022-11-17 12:45:02.340] [jointLog] [info] parsing read library format
[2022-11-17 12:45:02.342] [jointLog] [info] There is 1 library.
[2022-11-17 12:45:03.102] [jointLog] [info] Loading pufferfish index
[2022-11-17 12:45:03.398] [jointLog] [info] Loading dense pufferfish index.
[2022-11-17 12:50:59.237] [jointLog] [info] done
[2022-11-17 12:50:59.591] [jointLog] [info] Index contained 138045 targets
[2022-11-17 12:50:59.661] [jointLog] [info] Number of decoys : 66
[2022-11-17 12:50:59.661] [jointLog] [info] First decoy index : 137940 
[2022-11-17 12:51:17.042] [jointLog] [info] Thread saw mini-batch with a maximum of 0.10% zero probability fragments
[2022-11-17 12:51:17.055] [jointLog] [info] Thread saw mini-batch with a maximum of 0.12% zero probability fragments
[2022-11-17 12:51:17.060] [jointLog] [info] Thread saw mini-batch with a maximum of 0.10% zero probability fragments
[2022-11-17 12:51:17.065] [jointLog] [info] Thread saw mini-batch with a maximum of 0.10% zero probability fragments
[2022-11-17 12:51:17.067] [jointLog] [info] Thread saw mini-batch with a maximum of 0.10% zero probability fragments
[2022-11-17 12:51:17.067] [jointLog] [info] Thread saw mini-batch with a maximum of 0.12% zero probability fragments
[2022-11-17 12:51:17.100] [jointLog] [info] Computed 16836 rich equivalence classes for further processing
[2022-11-17 12:51:17.100] [jointLog] [info] Counted 1169194 total reads in the equivalence classes 
[2022-11-17 12:51:17.103] [jointLog] [warning] 0.618322% of fragments were shorter than the k used to build the index.
If this fraction is too large, consider re-building the index with a smaller k.
The minimum read size found was 20.


[2022-11-17 12:51:17.103] [jointLog] [info] Number of mappings discarded because of alignment score : 1732947
[2022-11-17 12:51:17.103] [jointLog] [info] Number of fragments entirely discarded because of alignment score : 135034
[2022-11-17 12:51:17.103] [jointLog] [info] Number of fragments discarded because they are best-mapped to decoys : 76768
[2022-11-17 12:51:17.103] [jointLog] [info] Number of fragments discarded because they have only dovetail (discordant) mappings to valid targets : 0
[2022-11-17 12:51:17.108] [jointLog] [warning] Only 1169194 fragments were mapped, but the number of burn-in fragments was set to 5000000.
The effective lengths have been computed using the observed mappings.

[2022-11-17 12:51:17.108] [jointLog] [info] Mapping rate = 14.0951%

[2022-11-17 12:51:17.108] [jointLog] [info] finished quantifyLibrary()
[2022-11-17 12:51:17.100] [fileLog] [info] 
At end of round 0
==================
Observed 8295027 total fragments (8295027 in most recent round)

[2022-11-17 12:51:17.456] [jointLog] [info] Starting optimizer
[2022-11-17 12:51:17.504] [jointLog] [info] Marked 0 weighted equivalence classes as degenerate
[2022-11-17 12:51:17.510] [jointLog] [info] iteration = 0 | max rel diff. = 824.819
[2022-11-17 12:51:17.966] [jointLog] [info] iteration = 100 | max rel diff. = 1.37472
[2022-11-17 12:51:18.392] [jointLog] [info] iteration = 200 | max rel diff. = 0.739861
[2022-11-17 12:51:18.832] [jointLog] [info] iteration = 300 | max rel diff. = 0.0343163
[2022-11-17 12:51:19.255] [jointLog] [info] iteration = 400 | max rel diff. = 0.0357291
[2022-11-17 12:51:19.686] [jointLog] [info] iteration = 500 | max rel diff. = 0.0109163
[2022-11-17 12:51:20.128] [jointLog] [info] iteration = 600 | max rel diff. = 0.0318839
[2022-11-17 12:51:20.552] [jointLog] [info] iteration = 700 | max rel diff. = 0.0511784
[2022-11-17 12:51:20.641] [jointLog] [info] iteration = 722 | max rel diff. = 0.000788222
[2022-11-17 12:51:20.647] [jointLog] [info] Finished optimizer
[2022-11-17 12:51:20.647] [jointLog] [info] writing output 

