[2022-11-17 12:53:54.157] [jointLog] [info] setting maxHashResizeThreads to 6
[2022-11-17 12:53:54.157] [jointLog] [info] Fragment incompatibility prior below threshold.  Incompatible fragments will be ignored.
[2022-11-17 12:53:54.157] [jointLog] [info] Usage of --validateMappings implies use of minScoreFraction. Since not explicitly specified, it is being set to 0.65
[2022-11-17 12:53:54.157] [jointLog] [info] Setting consensusSlack to selective-alignment default of 0.35.
[2022-11-17 12:53:54.157] [jointLog] [info] parsing read library format
[2022-11-17 12:53:54.158] [jointLog] [info] There is 1 library.
[2022-11-17 12:53:54.705] [jointLog] [info] Loading pufferfish index
[2022-11-17 12:53:54.928] [jointLog] [info] Loading dense pufferfish index.
[2022-11-17 12:58:19.372] [jointLog] [info] done
[2022-11-17 12:58:19.877] [jointLog] [info] Index contained 138045 targets
[2022-11-17 12:58:19.929] [jointLog] [info] Number of decoys : 66
[2022-11-17 12:58:19.929] [jointLog] [info] First decoy index : 137940 
[2022-11-17 12:58:53.958] [jointLog] [info] Thread saw mini-batch with a maximum of 1.22% zero probability fragments
[2022-11-17 12:58:54.006] [jointLog] [info] Thread saw mini-batch with a maximum of 1.20% zero probability fragments
[2022-11-17 12:58:54.016] [jointLog] [info] Thread saw mini-batch with a maximum of 1.12% zero probability fragments
[2022-11-17 12:58:54.054] [jointLog] [info] Thread saw mini-batch with a maximum of 1.14% zero probability fragments
[2022-11-17 12:58:54.173] [jointLog] [info] Thread saw mini-batch with a maximum of 1.18% zero probability fragments
[2022-11-17 12:58:54.187] [jointLog] [info] Thread saw mini-batch with a maximum of 1.30% zero probability fragments
[2022-11-17 12:58:54.249] [jointLog] [info] Computed 60514 rich equivalence classes for further processing
[2022-11-17 12:58:54.249] [jointLog] [info] Counted 3055343 total reads in the equivalence classes 
[2022-11-17 12:58:54.254] [jointLog] [warning] 0.739512% of fragments were shorter than the k used to build the index.
If this fraction is too large, consider re-building the index with a smaller k.
The minimum read size found was 20.


[2022-11-17 12:58:54.254] [jointLog] [info] Number of mappings discarded because of alignment score : 4195096
[2022-11-17 12:58:54.254] [jointLog] [info] Number of fragments entirely discarded because of alignment score : 176502
[2022-11-17 12:58:54.254] [jointLog] [info] Number of fragments discarded because they are best-mapped to decoys : 173852
[2022-11-17 12:58:54.254] [jointLog] [info] Number of fragments discarded because they have only dovetail (discordant) mappings to valid targets : 0
[2022-11-17 12:58:54.260] [jointLog] [warning] Only 3055343 fragments were mapped, but the number of burn-in fragments was set to 5000000.
The effective lengths have been computed using the observed mappings.

[2022-11-17 12:58:54.260] [jointLog] [info] Mapping rate = 82.255%

[2022-11-17 12:58:54.260] [jointLog] [info] finished quantifyLibrary()
[2022-11-17 12:58:54.249] [fileLog] [info] 
At end of round 0
==================
Observed 3714475 total fragments (3714475 in most recent round)

[2022-11-17 12:58:54.761] [jointLog] [info] Starting optimizer
[2022-11-17 12:58:55.266] [jointLog] [info] Marked 0 weighted equivalence classes as degenerate
[2022-11-17 12:58:55.275] [jointLog] [info] iteration = 0 | max rel diff. = 2077.27
[2022-11-17 12:58:55.799] [jointLog] [info] iteration = 100 | max rel diff. = 4.01864
[2022-11-17 12:58:56.312] [jointLog] [info] iteration = 200 | max rel diff. = 1.08673
[2022-11-17 12:58:56.822] [jointLog] [info] iteration = 300 | max rel diff. = 0.417146
[2022-11-17 12:58:57.339] [jointLog] [info] iteration = 400 | max rel diff. = 0.281934
[2022-11-17 12:58:57.849] [jointLog] [info] iteration = 500 | max rel diff. = 10.109
[2022-11-17 12:58:58.359] [jointLog] [info] iteration = 600 | max rel diff. = 0.0320974
[2022-11-17 12:58:58.867] [jointLog] [info] iteration = 700 | max rel diff. = 0.91592
[2022-11-17 12:58:59.377] [jointLog] [info] iteration = 800 | max rel diff. = 0.082914
[2022-11-17 12:58:59.705] [jointLog] [info] iteration = 865 | max rel diff. = 0.00780053
[2022-11-17 12:58:59.711] [jointLog] [info] Finished optimizer
[2022-11-17 12:58:59.711] [jointLog] [info] writing output 

