[2022-11-16 15:45:06.227] [jointLog] [info] setting maxHashResizeThreads to 6
[2022-11-16 15:45:06.227] [jointLog] [info] Fragment incompatibility prior below threshold.  Incompatible fragments will be ignored.
[2022-11-16 15:45:06.227] [jointLog] [info] Usage of --validateMappings implies use of minScoreFraction. Since not explicitly specified, it is being set to 0.65
[2022-11-16 15:45:06.227] [jointLog] [info] Setting consensusSlack to selective-alignment default of 0.35.
[2022-11-16 15:45:06.227] [jointLog] [info] parsing read library format
[2022-11-16 15:45:06.229] [jointLog] [info] There is 1 library.
[2022-11-16 15:45:06.308] [jointLog] [info] Loading pufferfish index
[2022-11-16 15:45:06.371] [jointLog] [info] Loading dense pufferfish index.
[2022-11-16 15:47:28.626] [jointLog] [info] done
[2022-11-16 15:47:28.724] [jointLog] [info] Index contained 138045 targets
[2022-11-16 15:47:28.776] [jointLog] [info] Number of decoys : 66
[2022-11-16 15:47:28.776] [jointLog] [info] First decoy index : 137940 
[2022-11-16 15:50:04.377] [jointLog] [info] Thread saw mini-batch with a maximum of 0.74% zero probability fragments
[2022-11-16 15:50:04.385] [jointLog] [info] Thread saw mini-batch with a maximum of 0.72% zero probability fragments
[2022-11-16 15:50:04.452] [jointLog] [info] Thread saw mini-batch with a maximum of 0.74% zero probability fragments
[2022-11-16 15:50:04.521] [jointLog] [info] Thread saw mini-batch with a maximum of 0.68% zero probability fragments
[2022-11-16 15:50:04.582] [jointLog] [info] Thread saw mini-batch with a maximum of 0.74% zero probability fragments
[2022-11-16 15:50:04.775] [jointLog] [info] Thread saw mini-batch with a maximum of 0.80% zero probability fragments
[2022-11-16 15:50:04.884] [jointLog] [info] Computed 66873 rich equivalence classes for further processing
[2022-11-16 15:50:04.884] [jointLog] [info] Counted 9628434 total reads in the equivalence classes 
[2022-11-16 15:50:04.892] [jointLog] [warning] 0.812232% of fragments were shorter than the k used to build the index.
If this fraction is too large, consider re-building the index with a smaller k.
The minimum read size found was 20.


[2022-11-16 15:50:04.892] [jointLog] [info] Number of mappings discarded because of alignment score : 6741733
[2022-11-16 15:50:04.892] [jointLog] [info] Number of fragments entirely discarded because of alignment score : 979632
[2022-11-16 15:50:04.892] [jointLog] [info] Number of fragments discarded because they are best-mapped to decoys : 932842
[2022-11-16 15:50:04.892] [jointLog] [info] Number of fragments discarded because they have only dovetail (discordant) mappings to valid targets : 0
[2022-11-16 15:50:04.892] [jointLog] [info] Mapping rate = 83.5062%

[2022-11-16 15:50:04.892] [jointLog] [info] finished quantifyLibrary()
[2022-11-16 15:50:04.885] [fileLog] [info] 
At end of round 0
==================
Observed 11530199 total fragments (11530199 in most recent round)

[2022-11-16 15:50:05.075] [jointLog] [info] Starting optimizer
[2022-11-16 15:50:05.126] [jointLog] [info] Marked 0 weighted equivalence classes as degenerate
[2022-11-16 15:50:05.134] [jointLog] [info] iteration = 0 | max rel diff. = 5622.71
[2022-11-16 15:50:05.649] [jointLog] [info] iteration = 100 | max rel diff. = 7.63702
[2022-11-16 15:50:06.156] [jointLog] [info] iteration = 200 | max rel diff. = 3.96116
[2022-11-16 15:50:06.667] [jointLog] [info] iteration = 300 | max rel diff. = 0.205477
[2022-11-16 15:50:07.184] [jointLog] [info] iteration = 400 | max rel diff. = 0.457821
[2022-11-16 15:50:07.706] [jointLog] [info] iteration = 500 | max rel diff. = 0.440182
[2022-11-16 15:50:08.257] [jointLog] [info] iteration = 600 | max rel diff. = 0.108867
[2022-11-16 15:50:08.800] [jointLog] [info] iteration = 700 | max rel diff. = 0.290096
[2022-11-16 15:50:09.346] [jointLog] [info] iteration = 800 | max rel diff. = 1.372
[2022-11-16 15:50:09.883] [jointLog] [info] iteration = 900 | max rel diff. = 0.239263
[2022-11-16 15:50:10.425] [jointLog] [info] iteration = 1000 | max rel diff. = 0.0436785
[2022-11-16 15:50:10.984] [jointLog] [info] iteration = 1100 | max rel diff. = 0.0549627
[2022-11-16 15:50:11.521] [jointLog] [info] iteration = 1200 | max rel diff. = 0.0496938
[2022-11-16 15:50:12.050] [jointLog] [info] iteration = 1300 | max rel diff. = 0.0451543
[2022-11-16 15:50:12.599] [jointLog] [info] iteration = 1400 | max rel diff. = 0.0192565
[2022-11-16 15:50:12.891] [jointLog] [info] iteration = 1454 | max rel diff. = 0.00913782
[2022-11-16 15:50:12.897] [jointLog] [info] Finished optimizer
[2022-11-16 15:50:12.897] [jointLog] [info] writing output 

