[2022-11-17 09:50:13.012] [jointLog] [info] setting maxHashResizeThreads to 6
[2022-11-17 09:50:13.012] [jointLog] [info] Fragment incompatibility prior below threshold.  Incompatible fragments will be ignored.
[2022-11-17 09:50:13.012] [jointLog] [info] Usage of --validateMappings implies use of minScoreFraction. Since not explicitly specified, it is being set to 0.65
[2022-11-17 09:50:13.012] [jointLog] [info] Setting consensusSlack to selective-alignment default of 0.35.
[2022-11-17 09:50:13.012] [jointLog] [info] parsing read library format
[2022-11-17 09:50:13.013] [jointLog] [info] There is 1 library.
[2022-11-17 09:50:13.059] [jointLog] [info] Loading pufferfish index
[2022-11-17 09:50:13.062] [jointLog] [info] Loading dense pufferfish index.
[2022-11-17 09:54:59.907] [jointLog] [info] done
[2022-11-17 09:55:00.015] [jointLog] [info] Index contained 138045 targets
[2022-11-17 09:55:00.070] [jointLog] [info] Number of decoys : 66
[2022-11-17 09:55:00.070] [jointLog] [info] First decoy index : 137940 
[2022-11-17 09:55:23.130] [fileLog] [info] 
At end of round 0
==================
Observed 8199061 total fragments (8199061 in most recent round)

[2022-11-17 09:55:23.025] [jointLog] [info] Thread saw mini-batch with a maximum of 0.10% zero probability fragments
[2022-11-17 09:55:23.034] [jointLog] [info] Thread saw mini-batch with a maximum of 0.10% zero probability fragments
[2022-11-17 09:55:23.038] [jointLog] [info] Thread saw mini-batch with a maximum of 0.16% zero probability fragments
[2022-11-17 09:55:23.041] [jointLog] [info] Thread saw mini-batch with a maximum of 0.12% zero probability fragments
[2022-11-17 09:55:23.086] [jointLog] [info] Thread saw mini-batch with a maximum of 0.12% zero probability fragments
[2022-11-17 09:55:23.091] [jointLog] [info] Thread saw mini-batch with a maximum of 0.12% zero probability fragments
[2022-11-17 09:55:23.129] [jointLog] [info] Computed 23362 rich equivalence classes for further processing
[2022-11-17 09:55:23.129] [jointLog] [info] Counted 1337573 total reads in the equivalence classes 
[2022-11-17 09:55:23.133] [jointLog] [warning] 0.706983% of fragments were shorter than the k used to build the index.
If this fraction is too large, consider re-building the index with a smaller k.
The minimum read size found was 20.


[2022-11-17 09:55:23.133] [jointLog] [info] Number of mappings discarded because of alignment score : 1619592
[2022-11-17 09:55:23.133] [jointLog] [info] Number of fragments entirely discarded because of alignment score : 129694
[2022-11-17 09:55:23.133] [jointLog] [info] Number of fragments discarded because they are best-mapped to decoys : 77073
[2022-11-17 09:55:23.133] [jointLog] [info] Number of fragments discarded because they have only dovetail (discordant) mappings to valid targets : 0
[2022-11-17 09:55:23.138] [jointLog] [warning] Only 1337573 fragments were mapped, but the number of burn-in fragments was set to 5000000.
The effective lengths have been computed using the observed mappings.

[2022-11-17 09:55:23.138] [jointLog] [info] Mapping rate = 16.3137%

[2022-11-17 09:55:23.138] [jointLog] [info] finished quantifyLibrary()
[2022-11-17 09:55:23.156] [jointLog] [info] Starting optimizer
[2022-11-17 09:55:23.197] [jointLog] [info] Marked 0 weighted equivalence classes as degenerate
[2022-11-17 09:55:23.203] [jointLog] [info] iteration = 0 | max rel diff. = 940.443
[2022-11-17 09:55:23.721] [jointLog] [info] iteration = 100 | max rel diff. = 11.9847
[2022-11-17 09:55:24.279] [jointLog] [info] iteration = 200 | max rel diff. = 0.178513
[2022-11-17 09:55:24.828] [jointLog] [info] iteration = 300 | max rel diff. = 0.614584
[2022-11-17 09:55:25.382] [jointLog] [info] iteration = 400 | max rel diff. = 0.0226761
[2022-11-17 09:55:25.727] [jointLog] [info] iteration = 465 | max rel diff. = 0.00800107
[2022-11-17 09:55:25.734] [jointLog] [info] Finished optimizer
[2022-11-17 09:55:25.734] [jointLog] [info] writing output 

