[2022-11-17 14:51:38.888] [jointLog] [info] setting maxHashResizeThreads to 6
[2022-11-17 14:51:38.888] [jointLog] [info] Fragment incompatibility prior below threshold.  Incompatible fragments will be ignored.
[2022-11-17 14:51:38.888] [jointLog] [info] Usage of --validateMappings implies use of minScoreFraction. Since not explicitly specified, it is being set to 0.65
[2022-11-17 14:51:38.888] [jointLog] [info] Setting consensusSlack to selective-alignment default of 0.35.
[2022-11-17 14:51:38.888] [jointLog] [info] parsing read library format
[2022-11-17 14:51:38.889] [jointLog] [info] There is 1 library.
[2022-11-17 14:51:39.082] [jointLog] [info] Loading pufferfish index
[2022-11-17 14:51:39.149] [jointLog] [info] Loading dense pufferfish index.
[2022-11-17 14:56:10.688] [jointLog] [info] done
[2022-11-17 14:56:10.830] [jointLog] [info] Index contained 138045 targets
[2022-11-17 14:56:10.894] [jointLog] [info] Number of decoys : 66
[2022-11-17 14:56:10.894] [jointLog] [info] First decoy index : 137940 
[2022-11-17 14:57:08.410] [jointLog] [info] Thread saw mini-batch with a maximum of 0.96% zero probability fragments
[2022-11-17 14:57:08.415] [jointLog] [info] Thread saw mini-batch with a maximum of 0.94% zero probability fragments
[2022-11-17 14:57:08.431] [jointLog] [info] Thread saw mini-batch with a maximum of 0.98% zero probability fragments
[2022-11-17 14:57:08.453] [jointLog] [info] Thread saw mini-batch with a maximum of 1.02% zero probability fragments
[2022-11-17 14:57:08.507] [jointLog] [info] Thread saw mini-batch with a maximum of 0.94% zero probability fragments
[2022-11-17 14:57:08.529] [jointLog] [info] Thread saw mini-batch with a maximum of 0.98% zero probability fragments
[2022-11-17 14:57:08.606] [jointLog] [info] Computed 66281 rich equivalence classes for further processing
[2022-11-17 14:57:08.606] [jointLog] [info] Counted 5966884 total reads in the equivalence classes 
[2022-11-17 14:57:08.611] [jointLog] [warning] 0.463435% of fragments were shorter than the k used to build the index.
If this fraction is too large, consider re-building the index with a smaller k.
The minimum read size found was 20.


[2022-11-17 14:57:08.611] [jointLog] [info] Number of mappings discarded because of alignment score : 5858224
[2022-11-17 14:57:08.611] [jointLog] [info] Number of fragments entirely discarded because of alignment score : 296131
[2022-11-17 14:57:08.611] [jointLog] [info] Number of fragments discarded because they are best-mapped to decoys : 290436
[2022-11-17 14:57:08.611] [jointLog] [info] Number of fragments discarded because they have only dovetail (discordant) mappings to valid targets : 0
[2022-11-17 14:57:08.611] [jointLog] [info] Mapping rate = 81.9095%

[2022-11-17 14:57:08.611] [jointLog] [info] finished quantifyLibrary()
[2022-11-17 14:57:08.607] [fileLog] [info] 
At end of round 0
==================
Observed 7284728 total fragments (7284728 in most recent round)

[2022-11-17 14:57:09.053] [jointLog] [info] Starting optimizer
[2022-11-17 14:57:09.132] [jointLog] [info] Marked 0 weighted equivalence classes as degenerate
[2022-11-17 14:57:09.140] [jointLog] [info] iteration = 0 | max rel diff. = 3788.53
[2022-11-17 14:57:09.679] [jointLog] [info] iteration = 100 | max rel diff. = 12.8192
[2022-11-17 14:57:10.214] [jointLog] [info] iteration = 200 | max rel diff. = 6.56997
[2022-11-17 14:57:10.746] [jointLog] [info] iteration = 300 | max rel diff. = 1.50695
[2022-11-17 14:57:11.274] [jointLog] [info] iteration = 400 | max rel diff. = 7.97092
[2022-11-17 14:57:11.804] [jointLog] [info] iteration = 500 | max rel diff. = 1.23922
[2022-11-17 14:57:12.331] [jointLog] [info] iteration = 600 | max rel diff. = 0.0815126
[2022-11-17 14:57:12.860] [jointLog] [info] iteration = 700 | max rel diff. = 0.102636
[2022-11-17 14:57:13.387] [jointLog] [info] iteration = 800 | max rel diff. = 0.121777
[2022-11-17 14:57:13.912] [jointLog] [info] iteration = 900 | max rel diff. = 0.134591
[2022-11-17 14:57:14.436] [jointLog] [info] iteration = 1000 | max rel diff. = 0.0163685
[2022-11-17 14:57:14.963] [jointLog] [info] iteration = 1100 | max rel diff. = 0.0189683
[2022-11-17 14:57:15.497] [jointLog] [info] iteration = 1200 | max rel diff. = 0.0990734
[2022-11-17 14:57:15.778] [jointLog] [info] iteration = 1252 | max rel diff. = 0.00176732
[2022-11-17 14:57:15.784] [jointLog] [info] Finished optimizer
[2022-11-17 14:57:15.784] [jointLog] [info] writing output 

