[2022-11-17 09:32:01.988] [jointLog] [info] setting maxHashResizeThreads to 6
[2022-11-17 09:32:01.988] [jointLog] [info] Fragment incompatibility prior below threshold.  Incompatible fragments will be ignored.
[2022-11-17 09:32:01.988] [jointLog] [info] Usage of --validateMappings implies use of minScoreFraction. Since not explicitly specified, it is being set to 0.65
[2022-11-17 09:32:01.988] [jointLog] [info] Setting consensusSlack to selective-alignment default of 0.35.
[2022-11-17 09:32:01.988] [jointLog] [info] parsing read library format
[2022-11-17 09:32:01.989] [jointLog] [info] There is 1 library.
[2022-11-17 09:32:02.038] [jointLog] [info] Loading pufferfish index
[2022-11-17 09:32:02.040] [jointLog] [info] Loading dense pufferfish index.
[2022-11-17 09:34:47.698] [jointLog] [info] done
[2022-11-17 09:34:47.816] [jointLog] [info] Index contained 138045 targets
[2022-11-17 09:34:47.860] [jointLog] [info] Number of decoys : 66
[2022-11-17 09:34:47.860] [jointLog] [info] First decoy index : 137940 
[2022-11-17 09:35:12.394] [jointLog] [info] Thread saw mini-batch with a maximum of 0.18% zero probability fragments
[2022-11-17 09:35:12.396] [jointLog] [info] Thread saw mini-batch with a maximum of 0.16% zero probability fragments
[2022-11-17 09:35:12.406] [jointLog] [info] Thread saw mini-batch with a maximum of 0.20% zero probability fragments
[2022-11-17 09:35:12.418] [jointLog] [info] Thread saw mini-batch with a maximum of 0.16% zero probability fragments
[2022-11-17 09:35:12.421] [jointLog] [info] Thread saw mini-batch with a maximum of 0.16% zero probability fragments
[2022-11-17 09:35:12.470] [jointLog] [info] Thread saw mini-batch with a maximum of 0.18% zero probability fragments
[2022-11-17 09:35:12.526] [jointLog] [info] Computed 31258 rich equivalence classes for further processing
[2022-11-17 09:35:12.526] [jointLog] [info] Counted 1055040 total reads in the equivalence classes 
[2022-11-17 09:35:12.530] [jointLog] [warning] 1.32966% of fragments were shorter than the k used to build the index.
If this fraction is too large, consider re-building the index with a smaller k.
The minimum read size found was 20.


[2022-11-17 09:35:12.530] [jointLog] [info] Number of mappings discarded because of alignment score : 1809658
[2022-11-17 09:35:12.530] [jointLog] [info] Number of fragments entirely discarded because of alignment score : 126109
[2022-11-17 09:35:12.530] [jointLog] [info] Number of fragments discarded because they are best-mapped to decoys : 71395
[2022-11-17 09:35:12.530] [jointLog] [info] Number of fragments discarded because they have only dovetail (discordant) mappings to valid targets : 0
[2022-11-17 09:35:12.539] [jointLog] [warning] Only 1055040 fragments were mapped, but the number of burn-in fragments was set to 5000000.
The effective lengths have been computed using the observed mappings.

[2022-11-17 09:35:12.539] [jointLog] [info] Mapping rate = 13.3691%

[2022-11-17 09:35:12.539] [jointLog] [info] finished quantifyLibrary()
[2022-11-17 09:35:12.548] [jointLog] [info] Starting optimizer
[2022-11-17 09:35:12.604] [jointLog] [info] Marked 0 weighted equivalence classes as degenerate
[2022-11-17 09:35:12.610] [jointLog] [info] iteration = 0 | max rel diff. = 747.493
[2022-11-17 09:35:12.526] [fileLog] [info] 
At end of round 0
==================
Observed 7891645 total fragments (7891645 in most recent round)

[2022-11-17 09:35:13.146] [jointLog] [info] iteration = 100 | max rel diff. = 1.81899
[2022-11-17 09:35:13.667] [jointLog] [info] iteration = 200 | max rel diff. = 0.81301
[2022-11-17 09:35:14.206] [jointLog] [info] iteration = 300 | max rel diff. = 3.26094
[2022-11-17 09:35:14.733] [jointLog] [info] iteration = 400 | max rel diff. = 0.0332708
[2022-11-17 09:35:15.200] [jointLog] [info] iteration = 492 | max rel diff. = 0.00980628
[2022-11-17 09:35:15.206] [jointLog] [info] Finished optimizer
[2022-11-17 09:35:15.206] [jointLog] [info] writing output 

