[2022-11-17 10:54:05.584] [jointLog] [info] setting maxHashResizeThreads to 6
[2022-11-17 10:54:05.584] [jointLog] [info] Fragment incompatibility prior below threshold.  Incompatible fragments will be ignored.
[2022-11-17 10:54:05.584] [jointLog] [info] Usage of --validateMappings implies use of minScoreFraction. Since not explicitly specified, it is being set to 0.65
[2022-11-17 10:54:05.584] [jointLog] [info] Setting consensusSlack to selective-alignment default of 0.35.
[2022-11-17 10:54:05.584] [jointLog] [info] parsing read library format
[2022-11-17 10:54:05.584] [jointLog] [info] There is 1 library.
[2022-11-17 10:54:06.063] [jointLog] [info] Loading pufferfish index
[2022-11-17 10:54:06.260] [jointLog] [info] Loading dense pufferfish index.
[2022-11-17 11:00:22.252] [jointLog] [info] done
[2022-11-17 11:00:23.796] [jointLog] [info] Index contained 138045 targets
[2022-11-17 11:00:23.845] [jointLog] [info] Number of decoys : 66
[2022-11-17 11:00:23.845] [jointLog] [info] First decoy index : 137940 
[2022-11-17 11:00:47.781] [fileLog] [info] 
At end of round 0
==================
Observed 9118374 total fragments (9118374 in most recent round)

[2022-11-17 11:00:47.700] [jointLog] [info] Thread saw mini-batch with a maximum of 0.18% zero probability fragments
[2022-11-17 11:00:47.726] [jointLog] [info] Thread saw mini-batch with a maximum of 0.12% zero probability fragments
[2022-11-17 11:00:47.741] [jointLog] [info] Thread saw mini-batch with a maximum of 0.12% zero probability fragments
[2022-11-17 11:00:47.744] [jointLog] [info] Thread saw mini-batch with a maximum of 0.14% zero probability fragments
[2022-11-17 11:00:47.747] [jointLog] [info] Thread saw mini-batch with a maximum of 0.10% zero probability fragments
[2022-11-17 11:00:47.750] [jointLog] [info] Thread saw mini-batch with a maximum of 0.16% zero probability fragments
[2022-11-17 11:00:47.781] [jointLog] [info] Computed 22508 rich equivalence classes for further processing
[2022-11-17 11:00:47.781] [jointLog] [info] Counted 1310938 total reads in the equivalence classes 
[2022-11-17 11:00:47.784] [jointLog] [warning] 0.667071% of fragments were shorter than the k used to build the index.
If this fraction is too large, consider re-building the index with a smaller k.
The minimum read size found was 20.


[2022-11-17 11:00:47.784] [jointLog] [info] Number of mappings discarded because of alignment score : 1963031
[2022-11-17 11:00:47.784] [jointLog] [info] Number of fragments entirely discarded because of alignment score : 149264
[2022-11-17 11:00:47.784] [jointLog] [info] Number of fragments discarded because they are best-mapped to decoys : 86802
[2022-11-17 11:00:47.784] [jointLog] [info] Number of fragments discarded because they have only dovetail (discordant) mappings to valid targets : 0
[2022-11-17 11:00:47.790] [jointLog] [warning] Only 1310938 fragments were mapped, but the number of burn-in fragments was set to 5000000.
The effective lengths have been computed using the observed mappings.

[2022-11-17 11:00:47.790] [jointLog] [info] Mapping rate = 14.3769%

[2022-11-17 11:00:47.790] [jointLog] [info] finished quantifyLibrary()
[2022-11-17 11:00:48.377] [jointLog] [info] Starting optimizer
[2022-11-17 11:00:49.876] [jointLog] [info] Marked 0 weighted equivalence classes as degenerate
[2022-11-17 11:00:49.882] [jointLog] [info] iteration = 0 | max rel diff. = 923.88
[2022-11-17 11:00:50.439] [jointLog] [info] iteration = 100 | max rel diff. = 0.773644
[2022-11-17 11:00:50.913] [jointLog] [info] iteration = 200 | max rel diff. = 0.42662
[2022-11-17 11:00:51.382] [jointLog] [info] iteration = 300 | max rel diff. = 0.0559692
[2022-11-17 11:00:51.869] [jointLog] [info] iteration = 400 | max rel diff. = 0.402391
[2022-11-17 11:00:52.375] [jointLog] [info] iteration = 500 | max rel diff. = 0.13677
[2022-11-17 11:00:52.859] [jointLog] [info] iteration = 600 | max rel diff. = 0.0157229
[2022-11-17 11:00:53.337] [jointLog] [info] iteration = 700 | max rel diff. = 0.017296
[2022-11-17 11:00:53.751] [jointLog] [info] iteration = 788 | max rel diff. = 0.00874039
[2022-11-17 11:00:53.757] [jointLog] [info] Finished optimizer
[2022-11-17 11:00:53.757] [jointLog] [info] writing output 

