[2022-11-17 12:18:21.672] [jointLog] [info] setting maxHashResizeThreads to 6
[2022-11-17 12:18:21.672] [jointLog] [info] Fragment incompatibility prior below threshold.  Incompatible fragments will be ignored.
[2022-11-17 12:18:21.672] [jointLog] [info] Usage of --validateMappings implies use of minScoreFraction. Since not explicitly specified, it is being set to 0.65
[2022-11-17 12:18:21.672] [jointLog] [info] Setting consensusSlack to selective-alignment default of 0.35.
[2022-11-17 12:18:21.672] [jointLog] [info] parsing read library format
[2022-11-17 12:18:21.674] [jointLog] [info] There is 1 library.
[2022-11-17 12:18:21.677] [jointLog] [info] Loading pufferfish index
[2022-11-17 12:18:21.679] [jointLog] [info] Loading dense pufferfish index.
[2022-11-17 12:23:43.969] [jointLog] [info] done
[2022-11-17 12:23:44.101] [jointLog] [info] Index contained 138045 targets
[2022-11-17 12:23:44.152] [jointLog] [info] Number of decoys : 66
[2022-11-17 12:23:44.152] [jointLog] [info] First decoy index : 137940 
[2022-11-17 12:24:56.022] [jointLog] [info] Thread saw mini-batch with a maximum of 1.10% zero probability fragments
[2022-11-17 12:24:56.060] [jointLog] [info] Thread saw mini-batch with a maximum of 1.08% zero probability fragments
[2022-11-17 12:24:56.098] [jointLog] [info] Thread saw mini-batch with a maximum of 0.94% zero probability fragments
[2022-11-17 12:24:56.143] [jointLog] [info] Thread saw mini-batch with a maximum of 1.05% zero probability fragments
[2022-11-17 12:24:56.192] [jointLog] [info] Thread saw mini-batch with a maximum of 0.98% zero probability fragments
[2022-11-17 12:24:56.195] [jointLog] [info] Thread saw mini-batch with a maximum of 1.10% zero probability fragments
[2022-11-17 12:24:56.258] [jointLog] [info] Computed 63483 rich equivalence classes for further processing
[2022-11-17 12:24:56.258] [jointLog] [info] Counted 5693426 total reads in the equivalence classes 
[2022-11-17 12:24:56.263] [jointLog] [warning] 0.32708% of fragments were shorter than the k used to build the index.
If this fraction is too large, consider re-building the index with a smaller k.
The minimum read size found was 20.


[2022-11-17 12:24:56.263] [jointLog] [info] Number of mappings discarded because of alignment score : 6722927
[2022-11-17 12:24:56.263] [jointLog] [info] Number of fragments entirely discarded because of alignment score : 289201
[2022-11-17 12:24:56.263] [jointLog] [info] Number of fragments discarded because they are best-mapped to decoys : 284376
[2022-11-17 12:24:56.263] [jointLog] [info] Number of fragments discarded because they have only dovetail (discordant) mappings to valid targets : 0
[2022-11-17 12:24:56.263] [jointLog] [info] Mapping rate = 83.751%

[2022-11-17 12:24:56.263] [jointLog] [info] finished quantifyLibrary()
[2022-11-17 12:24:56.258] [fileLog] [info] 
At end of round 0
==================
Observed 6798037 total fragments (6798037 in most recent round)

[2022-11-17 12:24:56.678] [jointLog] [info] Starting optimizer
[2022-11-17 12:24:56.749] [jointLog] [info] Marked 0 weighted equivalence classes as degenerate
[2022-11-17 12:24:56.758] [jointLog] [info] iteration = 0 | max rel diff. = 3632.93
[2022-11-17 12:24:57.333] [jointLog] [info] iteration = 100 | max rel diff. = 18.1394
[2022-11-17 12:24:57.860] [jointLog] [info] iteration = 200 | max rel diff. = 17.3477
[2022-11-17 12:24:58.400] [jointLog] [info] iteration = 300 | max rel diff. = 1.08159
[2022-11-17 12:24:58.931] [jointLog] [info] iteration = 400 | max rel diff. = 1.99001
[2022-11-17 12:24:59.468] [jointLog] [info] iteration = 500 | max rel diff. = 0.806972
[2022-11-17 12:25:00.019] [jointLog] [info] iteration = 600 | max rel diff. = 0.0928702
[2022-11-17 12:25:00.580] [jointLog] [info] iteration = 700 | max rel diff. = 0.0293958
[2022-11-17 12:25:01.153] [jointLog] [info] iteration = 800 | max rel diff. = 0.0508351
[2022-11-17 12:25:01.686] [jointLog] [info] iteration = 900 | max rel diff. = 0.103843
[2022-11-17 12:25:02.223] [jointLog] [info] iteration = 1000 | max rel diff. = 0.209626
[2022-11-17 12:25:02.768] [jointLog] [info] iteration = 1100 | max rel diff. = 0.0574348
[2022-11-17 12:25:03.055] [jointLog] [info] iteration = 1154 | max rel diff. = 0.00918253
[2022-11-17 12:25:03.061] [jointLog] [info] Finished optimizer
[2022-11-17 12:25:03.061] [jointLog] [info] writing output 

