[2022-11-17 09:37:56.406] [jointLog] [info] setting maxHashResizeThreads to 6
[2022-11-17 09:37:56.406] [jointLog] [info] Fragment incompatibility prior below threshold.  Incompatible fragments will be ignored.
[2022-11-17 09:37:56.406] [jointLog] [info] Usage of --validateMappings implies use of minScoreFraction. Since not explicitly specified, it is being set to 0.65
[2022-11-17 09:37:56.406] [jointLog] [info] Setting consensusSlack to selective-alignment default of 0.35.
[2022-11-17 09:37:56.406] [jointLog] [info] parsing read library format
[2022-11-17 09:37:56.407] [jointLog] [info] There is 1 library.
[2022-11-17 09:37:56.684] [jointLog] [info] Loading pufferfish index
[2022-11-17 09:37:56.871] [jointLog] [info] Loading dense pufferfish index.
[2022-11-17 09:42:09.834] [jointLog] [info] done
[2022-11-17 09:42:10.151] [jointLog] [info] Index contained 138045 targets
[2022-11-17 09:42:10.198] [jointLog] [info] Number of decoys : 66
[2022-11-17 09:42:10.198] [jointLog] [info] First decoy index : 137940 
[2022-11-17 09:43:00.209] [jointLog] [info] Thread saw mini-batch with a maximum of 1.00% zero probability fragments
[2022-11-17 09:43:00.280] [jointLog] [info] Thread saw mini-batch with a maximum of 1.08% zero probability fragments
[2022-11-17 09:43:00.288] [jointLog] [info] Thread saw mini-batch with a maximum of 1.00% zero probability fragments
[2022-11-17 09:43:00.314] [jointLog] [info] Thread saw mini-batch with a maximum of 1.02% zero probability fragments
[2022-11-17 09:43:00.347] [jointLog] [info] Thread saw mini-batch with a maximum of 0.94% zero probability fragments
[2022-11-17 09:43:00.434] [jointLog] [info] Thread saw mini-batch with a maximum of 1.02% zero probability fragments
[2022-11-17 09:43:00.491] [jointLog] [info] Computed 65302 rich equivalence classes for further processing
[2022-11-17 09:43:00.491] [jointLog] [info] Counted 5320116 total reads in the equivalence classes 
[2022-11-17 09:43:00.496] [jointLog] [warning] 0.35176% of fragments were shorter than the k used to build the index.
If this fraction is too large, consider re-building the index with a smaller k.
The minimum read size found was 20.


[2022-11-17 09:43:00.496] [jointLog] [info] Number of mappings discarded because of alignment score : 5103302
[2022-11-17 09:43:00.496] [jointLog] [info] Number of fragments entirely discarded because of alignment score : 200604
[2022-11-17 09:43:00.496] [jointLog] [info] Number of fragments discarded because they are best-mapped to decoys : 196797
[2022-11-17 09:43:00.496] [jointLog] [info] Number of fragments discarded because they have only dovetail (discordant) mappings to valid targets : 0
[2022-11-17 09:43:00.496] [jointLog] [info] Mapping rate = 87.9626%

[2022-11-17 09:43:00.496] [jointLog] [info] finished quantifyLibrary()
[2022-11-17 09:43:00.586] [jointLog] [info] Starting optimizer
[2022-11-17 09:43:00.633] [jointLog] [info] Marked 0 weighted equivalence classes as degenerate
[2022-11-17 09:43:00.491] [fileLog] [info] 
At end of round 0
==================
Observed 6048155 total fragments (6048155 in most recent round)

[2022-11-17 09:43:00.640] [jointLog] [info] iteration = 0 | max rel diff. = 3439.35
[2022-11-17 09:43:01.187] [jointLog] [info] iteration = 100 | max rel diff. = 17.1761
[2022-11-17 09:43:01.732] [jointLog] [info] iteration = 200 | max rel diff. = 19.8944
[2022-11-17 09:43:02.275] [jointLog] [info] iteration = 300 | max rel diff. = 0.881783
[2022-11-17 09:43:02.825] [jointLog] [info] iteration = 400 | max rel diff. = 0.707029
[2022-11-17 09:43:03.368] [jointLog] [info] iteration = 500 | max rel diff. = 0.128477
[2022-11-17 09:43:03.909] [jointLog] [info] iteration = 600 | max rel diff. = 0.0822074
[2022-11-17 09:43:04.467] [jointLog] [info] iteration = 700 | max rel diff. = 0.338704
[2022-11-17 09:43:05.028] [jointLog] [info] iteration = 800 | max rel diff. = 0.116209
[2022-11-17 09:43:05.588] [jointLog] [info] iteration = 900 | max rel diff. = 0.0144027
[2022-11-17 09:43:06.149] [jointLog] [info] iteration = 1000 | max rel diff. = 0.114689
[2022-11-17 09:43:06.477] [jointLog] [info] iteration = 1061 | max rel diff. = 0.00765593
[2022-11-17 09:43:06.483] [jointLog] [info] Finished optimizer
[2022-11-17 09:43:06.483] [jointLog] [info] writing output 

