[2022-11-17 14:37:22.806] [jointLog] [info] setting maxHashResizeThreads to 6
[2022-11-17 14:37:22.806] [jointLog] [info] Fragment incompatibility prior below threshold.  Incompatible fragments will be ignored.
[2022-11-17 14:37:22.806] [jointLog] [info] Usage of --validateMappings implies use of minScoreFraction. Since not explicitly specified, it is being set to 0.65
[2022-11-17 14:37:22.806] [jointLog] [info] Setting consensusSlack to selective-alignment default of 0.35.
[2022-11-17 14:37:22.806] [jointLog] [info] parsing read library format
[2022-11-17 14:37:22.807] [jointLog] [info] There is 1 library.
[2022-11-17 14:37:23.227] [jointLog] [info] Loading pufferfish index
[2022-11-17 14:37:23.399] [jointLog] [info] Loading dense pufferfish index.
[2022-11-17 14:40:08.246] [jointLog] [info] done
[2022-11-17 14:40:08.431] [jointLog] [info] Index contained 138045 targets
[2022-11-17 14:40:08.483] [jointLog] [info] Number of decoys : 66
[2022-11-17 14:40:08.483] [jointLog] [info] First decoy index : 137940 
[2022-11-17 14:40:47.979] [jointLog] [info] Thread saw mini-batch with a maximum of 0.96% zero probability fragments
[2022-11-17 14:40:47.982] [jointLog] [info] Thread saw mini-batch with a maximum of 0.90% zero probability fragments
[2022-11-17 14:40:47.993] [jointLog] [info] Thread saw mini-batch with a maximum of 1.04% zero probability fragments
[2022-11-17 14:40:47.999] [jointLog] [info] Thread saw mini-batch with a maximum of 0.86% zero probability fragments
[2022-11-17 14:40:48.022] [jointLog] [info] Thread saw mini-batch with a maximum of 1.00% zero probability fragments
[2022-11-17 14:40:48.064] [jointLog] [info] Thread saw mini-batch with a maximum of 0.88% zero probability fragments
[2022-11-17 14:40:48.134] [jointLog] [info] Computed 69429 rich equivalence classes for further processing
[2022-11-17 14:40:48.134] [jointLog] [info] Counted 4566449 total reads in the equivalence classes 
[2022-11-17 14:40:48.139] [jointLog] [warning] 0.892256% of fragments were shorter than the k used to build the index.
If this fraction is too large, consider re-building the index with a smaller k.
The minimum read size found was 20.


[2022-11-17 14:40:48.139] [jointLog] [info] Number of mappings discarded because of alignment score : 4543495
[2022-11-17 14:40:48.139] [jointLog] [info] Number of fragments entirely discarded because of alignment score : 190389
[2022-11-17 14:40:48.139] [jointLog] [info] Number of fragments discarded because they are best-mapped to decoys : 185061
[2022-11-17 14:40:48.139] [jointLog] [info] Number of fragments discarded because they have only dovetail (discordant) mappings to valid targets : 0
[2022-11-17 14:40:48.145] [jointLog] [warning] Only 4566449 fragments were mapped, but the number of burn-in fragments was set to 5000000.
The effective lengths have been computed using the observed mappings.

[2022-11-17 14:40:48.145] [jointLog] [info] Mapping rate = 84.9426%

[2022-11-17 14:40:48.145] [jointLog] [info] finished quantifyLibrary()
[2022-11-17 14:40:48.358] [jointLog] [info] Starting optimizer
[2022-11-17 14:40:48.409] [jointLog] [info] Marked 0 weighted equivalence classes as degenerate
[2022-11-17 14:40:48.417] [jointLog] [info] iteration = 0 | max rel diff. = 3004.21
[2022-11-17 14:40:48.135] [fileLog] [info] 
At end of round 0
==================
Observed 5375925 total fragments (5375925 in most recent round)

[2022-11-17 14:40:48.978] [jointLog] [info] iteration = 100 | max rel diff. = 13.2225
[2022-11-17 14:40:49.528] [jointLog] [info] iteration = 200 | max rel diff. = 6.23398
[2022-11-17 14:40:50.081] [jointLog] [info] iteration = 300 | max rel diff. = 0.564175
[2022-11-17 14:40:50.623] [jointLog] [info] iteration = 400 | max rel diff. = 18.5002
[2022-11-17 14:40:51.180] [jointLog] [info] iteration = 500 | max rel diff. = 0.232166
[2022-11-17 14:40:51.761] [jointLog] [info] iteration = 600 | max rel diff. = 0.141873
[2022-11-17 14:40:52.295] [jointLog] [info] iteration = 700 | max rel diff. = 0.0437429
[2022-11-17 14:40:52.834] [jointLog] [info] iteration = 800 | max rel diff. = 0.0968665
[2022-11-17 14:40:53.385] [jointLog] [info] iteration = 900 | max rel diff. = 0.115139
[2022-11-17 14:40:53.710] [jointLog] [info] iteration = 960 | max rel diff. = 0.00121516
[2022-11-17 14:40:53.715] [jointLog] [info] Finished optimizer
[2022-11-17 14:40:53.715] [jointLog] [info] writing output 

