[2022-11-17 12:35:12.722] [jointLog] [info] setting maxHashResizeThreads to 6
[2022-11-17 12:35:12.722] [jointLog] [info] Fragment incompatibility prior below threshold.  Incompatible fragments will be ignored.
[2022-11-17 12:35:12.722] [jointLog] [info] Usage of --validateMappings implies use of minScoreFraction. Since not explicitly specified, it is being set to 0.65
[2022-11-17 12:35:12.722] [jointLog] [info] Setting consensusSlack to selective-alignment default of 0.35.
[2022-11-17 12:35:12.722] [jointLog] [info] parsing read library format
[2022-11-17 12:35:12.723] [jointLog] [info] There is 1 library.
[2022-11-17 12:35:13.058] [jointLog] [info] Loading pufferfish index
[2022-11-17 12:35:13.364] [jointLog] [info] Loading dense pufferfish index.
[2022-11-17 12:39:55.310] [jointLog] [info] done
[2022-11-17 12:39:55.635] [jointLog] [info] Index contained 138045 targets
[2022-11-17 12:39:55.682] [jointLog] [info] Number of decoys : 66
[2022-11-17 12:39:55.682] [jointLog] [info] First decoy index : 137940 
[2022-11-17 12:40:12.286] [jointLog] [info] Thread saw mini-batch with a maximum of 0.12% zero probability fragments
[2022-11-17 12:40:12.291] [jointLog] [info] Thread saw mini-batch with a maximum of 0.12% zero probability fragments
[2022-11-17 12:40:12.295] [jointLog] [info] Thread saw mini-batch with a maximum of 0.10% zero probability fragments
[2022-11-17 12:40:12.327] [jointLog] [info] Thread saw mini-batch with a maximum of 0.10% zero probability fragments
[2022-11-17 12:40:12.336] [jointLog] [info] Thread saw mini-batch with a maximum of 0.10% zero probability fragments
[2022-11-17 12:40:12.349] [jointLog] [info] Thread saw mini-batch with a maximum of 0.10% zero probability fragments
[2022-11-17 12:40:12.394] [jointLog] [info] Computed 16106 rich equivalence classes for further processing
[2022-11-17 12:40:12.394] [jointLog] [info] Counted 967141 total reads in the equivalence classes 
[2022-11-17 12:40:12.399] [jointLog] [warning] 0.514978% of fragments were shorter than the k used to build the index.
If this fraction is too large, consider re-building the index with a smaller k.
The minimum read size found was 20.


[2022-11-17 12:40:12.399] [jointLog] [info] Number of mappings discarded because of alignment score : 1473943
[2022-11-17 12:40:12.399] [jointLog] [info] Number of fragments entirely discarded because of alignment score : 112065
[2022-11-17 12:40:12.399] [jointLog] [info] Number of fragments discarded because they are best-mapped to decoys : 62100
[2022-11-17 12:40:12.399] [jointLog] [info] Number of fragments discarded because they have only dovetail (discordant) mappings to valid targets : 0
[2022-11-17 12:40:12.408] [jointLog] [warning] Only 967141 fragments were mapped, but the number of burn-in fragments was set to 5000000.
The effective lengths have been computed using the observed mappings.

[2022-11-17 12:40:12.408] [jointLog] [info] Mapping rate = 13.4113%

[2022-11-17 12:40:12.408] [jointLog] [info] finished quantifyLibrary()
[2022-11-17 12:40:12.395] [fileLog] [info] 
At end of round 0
==================
Observed 7211378 total fragments (7211378 in most recent round)

[2022-11-17 12:40:12.896] [jointLog] [info] Starting optimizer
[2022-11-17 12:40:13.006] [jointLog] [info] Marked 0 weighted equivalence classes as degenerate
[2022-11-17 12:40:13.010] [jointLog] [info] iteration = 0 | max rel diff. = 684.569
[2022-11-17 12:40:13.439] [jointLog] [info] iteration = 100 | max rel diff. = 9.69985
[2022-11-17 12:40:13.874] [jointLog] [info] iteration = 200 | max rel diff. = 1.03269
[2022-11-17 12:40:14.308] [jointLog] [info] iteration = 300 | max rel diff. = 0.266817
[2022-11-17 12:40:14.767] [jointLog] [info] iteration = 400 | max rel diff. = 0.0576908
[2022-11-17 12:40:15.224] [jointLog] [info] iteration = 500 | max rel diff. = 0.0422849
[2022-11-17 12:40:15.732] [jointLog] [info] iteration = 600 | max rel diff. = 0.118891
[2022-11-17 12:40:16.048] [jointLog] [info] iteration = 672 | max rel diff. = 0.00762695
[2022-11-17 12:40:16.054] [jointLog] [info] Finished optimizer
[2022-11-17 12:40:16.054] [jointLog] [info] writing output 

