[2022-11-17 14:25:04.849] [jointLog] [info] setting maxHashResizeThreads to 6
[2022-11-17 14:25:04.849] [jointLog] [info] Fragment incompatibility prior below threshold.  Incompatible fragments will be ignored.
[2022-11-17 14:25:04.849] [jointLog] [info] Usage of --validateMappings implies use of minScoreFraction. Since not explicitly specified, it is being set to 0.65
[2022-11-17 14:25:04.849] [jointLog] [info] Setting consensusSlack to selective-alignment default of 0.35.
[2022-11-17 14:25:04.849] [jointLog] [info] parsing read library format
[2022-11-17 14:25:04.850] [jointLog] [info] There is 1 library.
[2022-11-17 14:25:05.517] [jointLog] [info] Loading pufferfish index
[2022-11-17 14:25:05.647] [jointLog] [info] Loading dense pufferfish index.
[2022-11-17 14:30:29.487] [jointLog] [info] done
[2022-11-17 14:30:29.574] [jointLog] [info] Index contained 138045 targets
[2022-11-17 14:30:29.613] [jointLog] [info] Number of decoys : 66
[2022-11-17 14:30:29.614] [jointLog] [info] First decoy index : 137940 
[2022-11-17 14:31:05.544] [jointLog] [info] Thread saw mini-batch with a maximum of 1.06% zero probability fragments
[2022-11-17 14:31:05.550] [jointLog] [info] Thread saw mini-batch with a maximum of 1.02% zero probability fragments
[2022-11-17 14:31:05.572] [jointLog] [info] Thread saw mini-batch with a maximum of 1.08% zero probability fragments
[2022-11-17 14:31:05.585] [jointLog] [info] Thread saw mini-batch with a maximum of 1.00% zero probability fragments
[2022-11-17 14:31:05.600] [jointLog] [info] Thread saw mini-batch with a maximum of 1.02% zero probability fragments
[2022-11-17 14:31:05.702] [jointLog] [info] Thread saw mini-batch with a maximum of 1.02% zero probability fragments
[2022-11-17 14:31:05.760] [jointLog] [info] Computed 62508 rich equivalence classes for further processing
[2022-11-17 14:31:05.760] [jointLog] [info] Counted 4118359 total reads in the equivalence classes 
[2022-11-17 14:31:05.765] [jointLog] [warning] 0.846652% of fragments were shorter than the k used to build the index.
If this fraction is too large, consider re-building the index with a smaller k.
The minimum read size found was 20.


[2022-11-17 14:31:05.765] [jointLog] [info] Number of mappings discarded because of alignment score : 3927871
[2022-11-17 14:31:05.765] [jointLog] [info] Number of fragments entirely discarded because of alignment score : 153643
[2022-11-17 14:31:05.765] [jointLog] [info] Number of fragments discarded because they are best-mapped to decoys : 150061
[2022-11-17 14:31:05.765] [jointLog] [info] Number of fragments discarded because they have only dovetail (discordant) mappings to valid targets : 0
[2022-11-17 14:31:05.771] [jointLog] [warning] Only 4118359 fragments were mapped, but the number of burn-in fragments was set to 5000000.
The effective lengths have been computed using the observed mappings.

[2022-11-17 14:31:05.771] [jointLog] [info] Mapping rate = 85.8949%

[2022-11-17 14:31:05.771] [jointLog] [info] finished quantifyLibrary()
[2022-11-17 14:31:05.889] [jointLog] [info] Starting optimizer
[2022-11-17 14:31:05.940] [jointLog] [info] Marked 0 weighted equivalence classes as degenerate
[2022-11-17 14:31:05.947] [jointLog] [info] iteration = 0 | max rel diff. = 2733.04
[2022-11-17 14:31:05.760] [fileLog] [info] 
At end of round 0
==================
Observed 4794650 total fragments (4794650 in most recent round)

[2022-11-17 14:31:06.574] [jointLog] [info] iteration = 100 | max rel diff. = 5.30553
[2022-11-17 14:31:07.147] [jointLog] [info] iteration = 200 | max rel diff. = 5.76839
[2022-11-17 14:31:07.710] [jointLog] [info] iteration = 300 | max rel diff. = 0.218006
[2022-11-17 14:31:08.305] [jointLog] [info] iteration = 400 | max rel diff. = 1.906
[2022-11-17 14:31:08.899] [jointLog] [info] iteration = 500 | max rel diff. = 0.0720534
[2022-11-17 14:31:09.483] [jointLog] [info] iteration = 600 | max rel diff. = 0.0348985
[2022-11-17 14:31:10.062] [jointLog] [info] iteration = 700 | max rel diff. = 0.595755
[2022-11-17 14:31:10.626] [jointLog] [info] iteration = 800 | max rel diff. = 0.0854478
[2022-11-17 14:31:11.200] [jointLog] [info] iteration = 900 | max rel diff. = 0.0366152
[2022-11-17 14:31:11.760] [jointLog] [info] iteration = 1000 | max rel diff. = 0.306591
[2022-11-17 14:31:11.789] [jointLog] [info] iteration = 1006 | max rel diff. = 0.00783226
[2022-11-17 14:31:11.796] [jointLog] [info] Finished optimizer
[2022-11-17 14:31:11.796] [jointLog] [info] writing output 

