[2022-11-17 15:15:03.469] [jointLog] [info] setting maxHashResizeThreads to 6
[2022-11-17 15:15:03.469] [jointLog] [info] Fragment incompatibility prior below threshold.  Incompatible fragments will be ignored.
[2022-11-17 15:15:03.469] [jointLog] [info] Usage of --validateMappings implies use of minScoreFraction. Since not explicitly specified, it is being set to 0.65
[2022-11-17 15:15:03.469] [jointLog] [info] Setting consensusSlack to selective-alignment default of 0.35.
[2022-11-17 15:15:03.469] [jointLog] [info] parsing read library format
[2022-11-17 15:15:03.471] [jointLog] [info] There is 1 library.
[2022-11-17 15:15:04.236] [jointLog] [info] Loading pufferfish index
[2022-11-17 15:15:04.551] [jointLog] [info] Loading dense pufferfish index.
[2022-11-17 15:21:23.125] [jointLog] [info] done
[2022-11-17 15:21:23.622] [jointLog] [info] Index contained 138045 targets
[2022-11-17 15:21:23.679] [jointLog] [info] Number of decoys : 66
[2022-11-17 15:21:23.679] [jointLog] [info] First decoy index : 137940 
[2022-11-17 15:21:52.762] [jointLog] [info] Thread saw mini-batch with a maximum of 0.97% zero probability fragments
[2022-11-17 15:21:52.770] [jointLog] [info] Thread saw mini-batch with a maximum of 1.02% zero probability fragments
[2022-11-17 15:21:52.778] [jointLog] [info] Thread saw mini-batch with a maximum of 1.12% zero probability fragments
[2022-11-17 15:21:52.800] [jointLog] [info] Thread saw mini-batch with a maximum of 0.90% zero probability fragments
[2022-11-17 15:21:52.832] [jointLog] [info] Thread saw mini-batch with a maximum of 0.94% zero probability fragments
[2022-11-17 15:21:52.859] [jointLog] [info] Thread saw mini-batch with a maximum of 0.86% zero probability fragments
[2022-11-17 15:21:52.939] [jointLog] [info] Computed 67510 rich equivalence classes for further processing
[2022-11-17 15:21:52.939] [jointLog] [info] Counted 4618818 total reads in the equivalence classes 
[2022-11-17 15:21:52.945] [jointLog] [warning] 0.806685% of fragments were shorter than the k used to build the index.
If this fraction is too large, consider re-building the index with a smaller k.
The minimum read size found was 20.


[2022-11-17 15:21:52.945] [jointLog] [info] Number of mappings discarded because of alignment score : 3994037
[2022-11-17 15:21:52.945] [jointLog] [info] Number of fragments entirely discarded because of alignment score : 159969
[2022-11-17 15:21:52.945] [jointLog] [info] Number of fragments discarded because they are best-mapped to decoys : 154921
[2022-11-17 15:21:52.945] [jointLog] [info] Number of fragments discarded because they have only dovetail (discordant) mappings to valid targets : 0
[2022-11-17 15:21:52.952] [jointLog] [warning] Only 4618818 fragments were mapped, but the number of burn-in fragments was set to 5000000.
The effective lengths have been computed using the observed mappings.

[2022-11-17 15:21:52.952] [jointLog] [info] Mapping rate = 87.2849%

[2022-11-17 15:21:52.952] [jointLog] [info] finished quantifyLibrary()
[2022-11-17 15:21:52.940] [fileLog] [info] 
At end of round 0
==================
Observed 5291656 total fragments (5291656 in most recent round)

[2022-11-17 15:21:53.456] [jointLog] [info] Starting optimizer
[2022-11-17 15:21:53.519] [jointLog] [info] Marked 0 weighted equivalence classes as degenerate
[2022-11-17 15:21:53.529] [jointLog] [info] iteration = 0 | max rel diff. = 3019.58
[2022-11-17 15:21:54.081] [jointLog] [info] iteration = 100 | max rel diff. = 2.88132
[2022-11-17 15:21:54.611] [jointLog] [info] iteration = 200 | max rel diff. = 6.95964
[2022-11-17 15:21:55.141] [jointLog] [info] iteration = 300 | max rel diff. = 0.526159
[2022-11-17 15:21:55.662] [jointLog] [info] iteration = 400 | max rel diff. = 1.61589
[2022-11-17 15:21:56.185] [jointLog] [info] iteration = 500 | max rel diff. = 0.598147
[2022-11-17 15:21:56.709] [jointLog] [info] iteration = 600 | max rel diff. = 0.0333142
[2022-11-17 15:21:57.233] [jointLog] [info] iteration = 700 | max rel diff. = 15.3003
[2022-11-17 15:21:57.754] [jointLog] [info] iteration = 800 | max rel diff. = 0.0397016
[2022-11-17 15:21:58.285] [jointLog] [info] iteration = 900 | max rel diff. = 0.152686
[2022-11-17 15:21:58.813] [jointLog] [info] iteration = 1000 | max rel diff. = 0.0177913
[2022-11-17 15:21:59.346] [jointLog] [info] iteration = 1100 | max rel diff. = 0.0340591
[2022-11-17 15:21:59.879] [jointLog] [info] iteration = 1200 | max rel diff. = 0.0471077
[2022-11-17 15:22:00.006] [jointLog] [info] iteration = 1224 | max rel diff. = 0.00658888
[2022-11-17 15:22:00.012] [jointLog] [info] Finished optimizer
[2022-11-17 15:22:00.012] [jointLog] [info] writing output 

