[2022-11-17 13:46:17.242] [jointLog] [info] setting maxHashResizeThreads to 6
[2022-11-17 13:46:17.242] [jointLog] [info] Fragment incompatibility prior below threshold.  Incompatible fragments will be ignored.
[2022-11-17 13:46:17.242] [jointLog] [info] Usage of --validateMappings implies use of minScoreFraction. Since not explicitly specified, it is being set to 0.65
[2022-11-17 13:46:17.242] [jointLog] [info] Setting consensusSlack to selective-alignment default of 0.35.
[2022-11-17 13:46:17.242] [jointLog] [info] parsing read library format
[2022-11-17 13:46:17.243] [jointLog] [info] There is 1 library.
[2022-11-17 13:46:17.509] [jointLog] [info] Loading pufferfish index
[2022-11-17 13:46:17.644] [jointLog] [info] Loading dense pufferfish index.
[2022-11-17 13:49:31.372] [jointLog] [info] done
[2022-11-17 13:49:31.597] [jointLog] [info] Index contained 138045 targets
[2022-11-17 13:49:31.645] [jointLog] [info] Number of decoys : 66
[2022-11-17 13:49:31.645] [jointLog] [info] First decoy index : 137940 
[2022-11-17 13:50:05.543] [jointLog] [info] Thread saw mini-batch with a maximum of 0.98% zero probability fragments
[2022-11-17 13:50:05.572] [jointLog] [info] Thread saw mini-batch with a maximum of 1.04% zero probability fragments
[2022-11-17 13:50:05.575] [jointLog] [info] Thread saw mini-batch with a maximum of 0.94% zero probability fragments
[2022-11-17 13:50:05.612] [jointLog] [info] Thread saw mini-batch with a maximum of 1.06% zero probability fragments
[2022-11-17 13:50:05.634] [jointLog] [info] Thread saw mini-batch with a maximum of 1.10% zero probability fragments
[2022-11-17 13:50:05.733] [jointLog] [info] Thread saw mini-batch with a maximum of 1.02% zero probability fragments
[2022-11-17 13:50:05.813] [jointLog] [info] Computed 68006 rich equivalence classes for further processing
[2022-11-17 13:50:05.813] [jointLog] [info] Counted 3996653 total reads in the equivalence classes 
[2022-11-17 13:50:05.819] [jointLog] [warning] 1.04616% of fragments were shorter than the k used to build the index.
If this fraction is too large, consider re-building the index with a smaller k.
The minimum read size found was 20.


[2022-11-17 13:50:05.819] [jointLog] [info] Number of mappings discarded because of alignment score : 3838833
[2022-11-17 13:50:05.819] [jointLog] [info] Number of fragments entirely discarded because of alignment score : 162949
[2022-11-17 13:50:05.819] [jointLog] [info] Number of fragments discarded because they are best-mapped to decoys : 158175
[2022-11-17 13:50:05.819] [jointLog] [info] Number of fragments discarded because they have only dovetail (discordant) mappings to valid targets : 0
[2022-11-17 13:50:05.825] [jointLog] [warning] Only 3996653 fragments were mapped, but the number of burn-in fragments was set to 5000000.
The effective lengths have been computed using the observed mappings.

[2022-11-17 13:50:05.825] [jointLog] [info] Mapping rate = 85.2997%

[2022-11-17 13:50:05.825] [jointLog] [info] finished quantifyLibrary()
[2022-11-17 13:50:05.814] [fileLog] [info] 
At end of round 0
==================
Observed 4685422 total fragments (4685422 in most recent round)

[2022-11-17 13:50:05.989] [jointLog] [info] Starting optimizer
[2022-11-17 13:50:06.051] [jointLog] [info] Marked 0 weighted equivalence classes as degenerate
[2022-11-17 13:50:06.060] [jointLog] [info] iteration = 0 | max rel diff. = 2645.78
[2022-11-17 13:50:06.647] [jointLog] [info] iteration = 100 | max rel diff. = 16.6998
[2022-11-17 13:50:07.216] [jointLog] [info] iteration = 200 | max rel diff. = 1.32661
[2022-11-17 13:50:07.764] [jointLog] [info] iteration = 300 | max rel diff. = 1.56866
[2022-11-17 13:50:08.347] [jointLog] [info] iteration = 400 | max rel diff. = 3.66627
[2022-11-17 13:50:08.902] [jointLog] [info] iteration = 500 | max rel diff. = 1.64954
[2022-11-17 13:50:09.436] [jointLog] [info] iteration = 600 | max rel diff. = 0.0575671
[2022-11-17 13:50:09.973] [jointLog] [info] iteration = 700 | max rel diff. = 0.0557939
[2022-11-17 13:50:10.514] [jointLog] [info] iteration = 800 | max rel diff. = 0.0470706
[2022-11-17 13:50:11.060] [jointLog] [info] iteration = 900 | max rel diff. = 0.0760152
[2022-11-17 13:50:11.130] [jointLog] [info] iteration = 914 | max rel diff. = 0.00644811
[2022-11-17 13:50:11.136] [jointLog] [info] Finished optimizer
[2022-11-17 13:50:11.136] [jointLog] [info] writing output 

