[2022-11-17 14:37:47.213] [jointLog] [info] setting maxHashResizeThreads to 6
[2022-11-17 14:37:47.213] [jointLog] [info] Fragment incompatibility prior below threshold.  Incompatible fragments will be ignored.
[2022-11-17 14:37:47.213] [jointLog] [info] Usage of --validateMappings implies use of minScoreFraction. Since not explicitly specified, it is being set to 0.65
[2022-11-17 14:37:47.213] [jointLog] [info] Setting consensusSlack to selective-alignment default of 0.35.
[2022-11-17 14:37:47.213] [jointLog] [info] parsing read library format
[2022-11-17 14:37:47.215] [jointLog] [info] There is 1 library.
[2022-11-17 14:37:47.591] [jointLog] [info] Loading pufferfish index
[2022-11-17 14:37:47.752] [jointLog] [info] Loading dense pufferfish index.
[2022-11-17 14:40:08.246] [jointLog] [info] done
[2022-11-17 14:40:08.430] [jointLog] [info] Index contained 138045 targets
[2022-11-17 14:40:08.483] [jointLog] [info] Number of decoys : 66
[2022-11-17 14:40:08.483] [jointLog] [info] First decoy index : 137940 
[2022-11-17 14:40:26.387] [jointLog] [info] Thread saw mini-batch with a maximum of 0.16% zero probability fragments
[2022-11-17 14:40:26.397] [jointLog] [info] Thread saw mini-batch with a maximum of 0.14% zero probability fragments
[2022-11-17 14:40:26.403] [jointLog] [info] Thread saw mini-batch with a maximum of 0.12% zero probability fragments
[2022-11-17 14:40:26.425] [jointLog] [info] Thread saw mini-batch with a maximum of 0.16% zero probability fragments
[2022-11-17 14:40:26.428] [jointLog] [info] Thread saw mini-batch with a maximum of 0.18% zero probability fragments
[2022-11-17 14:40:26.434] [jointLog] [info] Thread saw mini-batch with a maximum of 0.14% zero probability fragments
[2022-11-17 14:40:26.466] [jointLog] [info] Computed 21922 rich equivalence classes for further processing
[2022-11-17 14:40:26.466] [jointLog] [info] Counted 1070976 total reads in the equivalence classes 
[2022-11-17 14:40:26.469] [jointLog] [warning] 0.664945% of fragments were shorter than the k used to build the index.
If this fraction is too large, consider re-building the index with a smaller k.
The minimum read size found was 20.


[2022-11-17 14:40:26.469] [jointLog] [info] Number of mappings discarded because of alignment score : 1575230
[2022-11-17 14:40:26.469] [jointLog] [info] Number of fragments entirely discarded because of alignment score : 119537
[2022-11-17 14:40:26.469] [jointLog] [info] Number of fragments discarded because they are best-mapped to decoys : 68606
[2022-11-17 14:40:26.469] [jointLog] [info] Number of fragments discarded because they have only dovetail (discordant) mappings to valid targets : 0
[2022-11-17 14:40:26.475] [jointLog] [warning] Only 1070976 fragments were mapped, but the number of burn-in fragments was set to 5000000.
The effective lengths have been computed using the observed mappings.

[2022-11-17 14:40:26.475] [jointLog] [info] Mapping rate = 14.3432%

[2022-11-17 14:40:26.475] [jointLog] [info] finished quantifyLibrary()
[2022-11-17 14:40:26.658] [jointLog] [info] Starting optimizer
[2022-11-17 14:40:26.698] [jointLog] [info] Marked 0 weighted equivalence classes as degenerate
[2022-11-17 14:40:26.703] [jointLog] [info] iteration = 0 | max rel diff. = 758.496
[2022-11-17 14:40:26.466] [fileLog] [info] 
At end of round 0
==================
Observed 7466787 total fragments (7466787 in most recent round)

[2022-11-17 14:40:27.173] [jointLog] [info] iteration = 100 | max rel diff. = 3.32053
[2022-11-17 14:40:27.636] [jointLog] [info] iteration = 200 | max rel diff. = 0.0509022
[2022-11-17 14:40:28.108] [jointLog] [info] iteration = 300 | max rel diff. = 0.0300986
[2022-11-17 14:40:28.574] [jointLog] [info] iteration = 400 | max rel diff. = 0.0513186
[2022-11-17 14:40:28.745] [jointLog] [info] iteration = 437 | max rel diff. = 0.00596472
[2022-11-17 14:40:28.751] [jointLog] [info] Finished optimizer
[2022-11-17 14:40:28.751] [jointLog] [info] writing output 

