[2022-11-17 13:37:54.330] [jointLog] [info] setting maxHashResizeThreads to 6
[2022-11-17 13:37:54.330] [jointLog] [info] Fragment incompatibility prior below threshold.  Incompatible fragments will be ignored.
[2022-11-17 13:37:54.330] [jointLog] [info] Usage of --validateMappings implies use of minScoreFraction. Since not explicitly specified, it is being set to 0.65
[2022-11-17 13:37:54.330] [jointLog] [info] Setting consensusSlack to selective-alignment default of 0.35.
[2022-11-17 13:37:54.330] [jointLog] [info] parsing read library format
[2022-11-17 13:37:54.331] [jointLog] [info] There is 1 library.
[2022-11-17 13:37:54.435] [jointLog] [info] Loading pufferfish index
[2022-11-17 13:37:54.501] [jointLog] [info] Loading dense pufferfish index.
[2022-11-17 13:42:11.389] [jointLog] [info] done
[2022-11-17 13:42:11.569] [jointLog] [info] Index contained 138045 targets
[2022-11-17 13:42:11.621] [jointLog] [info] Number of decoys : 66
[2022-11-17 13:42:11.621] [jointLog] [info] First decoy index : 137940 
[2022-11-17 13:42:36.710] [jointLog] [info] Thread saw mini-batch with a maximum of 1.06% zero probability fragments
[2022-11-17 13:42:36.736] [jointLog] [info] Thread saw mini-batch with a maximum of 0.94% zero probability fragments
[2022-11-17 13:42:36.763] [jointLog] [info] Thread saw mini-batch with a maximum of 0.94% zero probability fragments
[2022-11-17 13:42:36.809] [jointLog] [info] Thread saw mini-batch with a maximum of 0.86% zero probability fragments
[2022-11-17 13:42:36.855] [jointLog] [info] Thread saw mini-batch with a maximum of 0.82% zero probability fragments
[2022-11-17 13:42:36.865] [jointLog] [info] Thread saw mini-batch with a maximum of 0.82% zero probability fragments
[2022-11-17 13:42:36.928] [jointLog] [info] Computed 63296 rich equivalence classes for further processing
[2022-11-17 13:42:36.928] [jointLog] [info] Counted 3428126 total reads in the equivalence classes 
[2022-11-17 13:42:36.934] [jointLog] [warning] 0.57319% of fragments were shorter than the k used to build the index.
If this fraction is too large, consider re-building the index with a smaller k.
The minimum read size found was 20.


[2022-11-17 13:42:36.934] [jointLog] [info] Number of mappings discarded because of alignment score : 3197431
[2022-11-17 13:42:36.934] [jointLog] [info] Number of fragments entirely discarded because of alignment score : 118172
[2022-11-17 13:42:36.934] [jointLog] [info] Number of fragments discarded because they are best-mapped to decoys : 115295
[2022-11-17 13:42:36.934] [jointLog] [info] Number of fragments discarded because they have only dovetail (discordant) mappings to valid targets : 0
[2022-11-17 13:42:36.940] [jointLog] [warning] Only 3428126 fragments were mapped, but the number of burn-in fragments was set to 5000000.
The effective lengths have been computed using the observed mappings.

[2022-11-17 13:42:36.940] [jointLog] [info] Mapping rate = 86.2698%

[2022-11-17 13:42:36.940] [jointLog] [info] finished quantifyLibrary()
[2022-11-17 13:42:36.928] [fileLog] [info] 
At end of round 0
==================
Observed 3973728 total fragments (3973728 in most recent round)

[2022-11-17 13:42:37.164] [jointLog] [info] Starting optimizer
[2022-11-17 13:42:37.220] [jointLog] [info] Marked 0 weighted equivalence classes as degenerate
[2022-11-17 13:42:37.228] [jointLog] [info] iteration = 0 | max rel diff. = 2304.51
[2022-11-17 13:42:37.766] [jointLog] [info] iteration = 100 | max rel diff. = 7.49088
[2022-11-17 13:42:38.291] [jointLog] [info] iteration = 200 | max rel diff. = 3.48224
[2022-11-17 13:42:38.814] [jointLog] [info] iteration = 300 | max rel diff. = 2.12455
[2022-11-17 13:42:39.346] [jointLog] [info] iteration = 400 | max rel diff. = 0.0322983
[2022-11-17 13:42:39.882] [jointLog] [info] iteration = 500 | max rel diff. = 4.22177
[2022-11-17 13:42:40.426] [jointLog] [info] iteration = 600 | max rel diff. = 0.523402
[2022-11-17 13:42:40.955] [jointLog] [info] iteration = 700 | max rel diff. = 0.0570857
[2022-11-17 13:42:41.473] [jointLog] [info] iteration = 800 | max rel diff. = 0.156131
[2022-11-17 13:42:42.007] [jointLog] [info] iteration = 900 | max rel diff. = 0.0305413
[2022-11-17 13:42:42.560] [jointLog] [info] iteration = 1000 | max rel diff. = 0.0227307
[2022-11-17 13:42:42.914] [jointLog] [info] iteration = 1069 | max rel diff. = 0.00461511
[2022-11-17 13:42:42.920] [jointLog] [info] Finished optimizer
[2022-11-17 13:42:42.920] [jointLog] [info] writing output 

