[2022-11-16 15:27:08.303] [jointLog] [info] setting maxHashResizeThreads to 6
[2022-11-16 15:27:08.303] [jointLog] [info] Fragment incompatibility prior below threshold.  Incompatible fragments will be ignored.
[2022-11-16 15:27:08.303] [jointLog] [info] Usage of --validateMappings implies use of minScoreFraction. Since not explicitly specified, it is being set to 0.65
[2022-11-16 15:27:08.303] [jointLog] [info] Setting consensusSlack to selective-alignment default of 0.35.
[2022-11-16 15:27:08.303] [jointLog] [info] parsing read library format
[2022-11-16 15:27:08.303] [jointLog] [info] There is 1 library.
[2022-11-16 15:27:08.311] [jointLog] [info] Loading pufferfish index
[2022-11-16 15:27:08.314] [jointLog] [info] Loading dense pufferfish index.
[2022-11-16 15:30:47.671] [jointLog] [info] done
[2022-11-16 15:30:47.754] [jointLog] [info] Index contained 138045 targets
[2022-11-16 15:30:47.803] [jointLog] [info] Number of decoys : 66
[2022-11-16 15:30:47.803] [jointLog] [info] First decoy index : 137940 
[2022-11-16 15:34:11.456] [jointLog] [info] Thread saw mini-batch with a maximum of 0.80% zero probability fragments
[2022-11-16 15:34:11.480] [jointLog] [info] Thread saw mini-batch with a maximum of 0.80% zero probability fragments
[2022-11-16 15:34:11.530] [jointLog] [info] Thread saw mini-batch with a maximum of 0.72% zero probability fragments
[2022-11-16 15:34:11.603] [jointLog] [info] Thread saw mini-batch with a maximum of 0.78% zero probability fragments
[2022-11-16 15:34:11.694] [jointLog] [info] Thread saw mini-batch with a maximum of 0.84% zero probability fragments
[2022-11-16 15:34:11.774] [jointLog] [info] Thread saw mini-batch with a maximum of 0.72% zero probability fragments
[2022-11-16 15:34:11.852] [jointLog] [info] Computed 59709 rich equivalence classes for further processing
[2022-11-16 15:34:11.852] [jointLog] [info] Counted 10860185 total reads in the equivalence classes 
[2022-11-16 15:34:11.939] [jointLog] [warning] 0.717715% of fragments were shorter than the k used to build the index.
If this fraction is too large, consider re-building the index with a smaller k.
The minimum read size found was 20.


[2022-11-16 15:34:11.939] [jointLog] [info] Number of mappings discarded because of alignment score : 8712377
[2022-11-16 15:34:11.939] [jointLog] [info] Number of fragments entirely discarded because of alignment score : 1191977
[2022-11-16 15:34:11.939] [jointLog] [info] Number of fragments discarded because they are best-mapped to decoys : 1139581
[2022-11-16 15:34:11.939] [jointLog] [info] Number of fragments discarded because they have only dovetail (discordant) mappings to valid targets : 0
[2022-11-16 15:34:11.939] [jointLog] [info] Mapping rate = 83.7121%

[2022-11-16 15:34:11.939] [jointLog] [info] finished quantifyLibrary()
[2022-11-16 15:34:11.877] [fileLog] [info] 
At end of round 0
==================
Observed 12973252 total fragments (12973252 in most recent round)

[2022-11-16 15:34:12.361] [jointLog] [info] Starting optimizer
[2022-11-16 15:34:12.428] [jointLog] [info] Marked 0 weighted equivalence classes as degenerate
[2022-11-16 15:34:12.439] [jointLog] [info] iteration = 0 | max rel diff. = 6160.18
[2022-11-16 15:34:12.982] [jointLog] [info] iteration = 100 | max rel diff. = 12.3513
[2022-11-16 15:34:13.493] [jointLog] [info] iteration = 200 | max rel diff. = 2.69437
[2022-11-16 15:34:13.983] [jointLog] [info] iteration = 300 | max rel diff. = 0.665018
[2022-11-16 15:34:14.481] [jointLog] [info] iteration = 400 | max rel diff. = 0.115755
[2022-11-16 15:34:14.985] [jointLog] [info] iteration = 500 | max rel diff. = 0.0856485
[2022-11-16 15:34:15.485] [jointLog] [info] iteration = 600 | max rel diff. = 0.24285
[2022-11-16 15:34:15.983] [jointLog] [info] iteration = 700 | max rel diff. = 0.290062
[2022-11-16 15:34:16.481] [jointLog] [info] iteration = 800 | max rel diff. = 0.0772166
[2022-11-16 15:34:16.975] [jointLog] [info] iteration = 900 | max rel diff. = 0.174827
[2022-11-16 15:34:17.156] [jointLog] [info] iteration = 937 | max rel diff. = 0.00748733
[2022-11-16 15:34:17.162] [jointLog] [info] Finished optimizer
[2022-11-16 15:34:17.162] [jointLog] [info] writing output 

