[2022-11-17 12:34:46.093] [jointLog] [info] setting maxHashResizeThreads to 6
[2022-11-17 12:34:46.093] [jointLog] [info] Fragment incompatibility prior below threshold.  Incompatible fragments will be ignored.
[2022-11-17 12:34:46.093] [jointLog] [info] Usage of --validateMappings implies use of minScoreFraction. Since not explicitly specified, it is being set to 0.65
[2022-11-17 12:34:46.093] [jointLog] [info] Setting consensusSlack to selective-alignment default of 0.35.
[2022-11-17 12:34:46.093] [jointLog] [info] parsing read library format
[2022-11-17 12:34:46.094] [jointLog] [info] There is 1 library.
[2022-11-17 12:34:46.335] [jointLog] [info] Loading pufferfish index
[2022-11-17 12:34:46.442] [jointLog] [info] Loading dense pufferfish index.
[2022-11-17 12:39:55.310] [jointLog] [info] done
[2022-11-17 12:39:55.636] [jointLog] [info] Index contained 138045 targets
[2022-11-17 12:39:55.686] [jointLog] [info] Number of decoys : 66
[2022-11-17 12:39:55.686] [jointLog] [info] First decoy index : 137940 
[2022-11-17 12:40:21.267] [jointLog] [info] Thread saw mini-batch with a maximum of 0.90% zero probability fragments
[2022-11-17 12:40:21.290] [jointLog] [info] Thread saw mini-batch with a maximum of 0.98% zero probability fragments
[2022-11-17 12:40:21.291] [jointLog] [info] Thread saw mini-batch with a maximum of 0.86% zero probability fragments
[2022-11-17 12:40:21.303] [jointLog] [info] Thread saw mini-batch with a maximum of 1.02% zero probability fragments
[2022-11-17 12:40:21.309] [jointLog] [info] Thread saw mini-batch with a maximum of 0.92% zero probability fragments
[2022-11-17 12:40:21.321] [jointLog] [info] Thread saw mini-batch with a maximum of 0.98% zero probability fragments
[2022-11-17 12:40:21.395] [jointLog] [info] Computed 64335 rich equivalence classes for further processing
[2022-11-17 12:40:21.395] [jointLog] [info] Counted 3376507 total reads in the equivalence classes 
[2022-11-17 12:40:21.402] [jointLog] [warning] 0.855548% of fragments were shorter than the k used to build the index.
If this fraction is too large, consider re-building the index with a smaller k.
The minimum read size found was 20.


[2022-11-17 12:40:21.402] [jointLog] [info] Number of mappings discarded because of alignment score : 3108484
[2022-11-17 12:40:21.402] [jointLog] [info] Number of fragments entirely discarded because of alignment score : 124319
[2022-11-17 12:40:21.402] [jointLog] [info] Number of fragments discarded because they are best-mapped to decoys : 120821
[2022-11-17 12:40:21.402] [jointLog] [info] Number of fragments discarded because they have only dovetail (discordant) mappings to valid targets : 0
[2022-11-17 12:40:21.410] [jointLog] [warning] Only 3376507 fragments were mapped, but the number of burn-in fragments was set to 5000000.
The effective lengths have been computed using the observed mappings.

[2022-11-17 12:40:21.410] [jointLog] [info] Mapping rate = 85.8473%

[2022-11-17 12:40:21.410] [jointLog] [info] finished quantifyLibrary()
[2022-11-17 12:40:21.396] [fileLog] [info] 
At end of round 0
==================
Observed 3933153 total fragments (3933153 in most recent round)

[2022-11-17 12:40:21.940] [jointLog] [info] Starting optimizer
[2022-11-17 12:40:22.507] [jointLog] [info] Marked 0 weighted equivalence classes as degenerate
[2022-11-17 12:40:22.515] [jointLog] [info] iteration = 0 | max rel diff. = 2272.9
[2022-11-17 12:40:23.104] [jointLog] [info] iteration = 100 | max rel diff. = 15.997
[2022-11-17 12:40:23.632] [jointLog] [info] iteration = 200 | max rel diff. = 0.462738
[2022-11-17 12:40:24.159] [jointLog] [info] iteration = 300 | max rel diff. = 0.155096
[2022-11-17 12:40:24.688] [jointLog] [info] iteration = 400 | max rel diff. = 0.0390861
[2022-11-17 12:40:25.213] [jointLog] [info] iteration = 500 | max rel diff. = 0.0425853
[2022-11-17 12:40:25.799] [jointLog] [info] iteration = 600 | max rel diff. = 0.131738
[2022-11-17 12:40:26.328] [jointLog] [info] iteration = 700 | max rel diff. = 0.022524
[2022-11-17 12:40:26.859] [jointLog] [info] iteration = 800 | max rel diff. = 0.207422
[2022-11-17 12:40:26.891] [jointLog] [info] iteration = 807 | max rel diff. = 0.00699839
[2022-11-17 12:40:26.897] [jointLog] [info] Finished optimizer
[2022-11-17 12:40:26.897] [jointLog] [info] writing output 

