[2022-11-17 11:40:46.381] [jointLog] [info] setting maxHashResizeThreads to 6
[2022-11-17 11:40:46.381] [jointLog] [info] Fragment incompatibility prior below threshold.  Incompatible fragments will be ignored.
[2022-11-17 11:40:46.381] [jointLog] [info] Usage of --validateMappings implies use of minScoreFraction. Since not explicitly specified, it is being set to 0.65
[2022-11-17 11:40:46.381] [jointLog] [info] Setting consensusSlack to selective-alignment default of 0.35.
[2022-11-17 11:40:46.381] [jointLog] [info] parsing read library format
[2022-11-17 11:40:46.382] [jointLog] [info] There is 1 library.
[2022-11-17 11:40:46.799] [jointLog] [info] Loading pufferfish index
[2022-11-17 11:40:46.970] [jointLog] [info] Loading dense pufferfish index.
[2022-11-17 11:44:01.734] [jointLog] [info] done
[2022-11-17 11:44:01.836] [jointLog] [info] Index contained 138045 targets
[2022-11-17 11:44:01.881] [jointLog] [info] Number of decoys : 66
[2022-11-17 11:44:01.881] [jointLog] [info] First decoy index : 137940 
[2022-11-17 11:44:39.612] [jointLog] [info] Thread saw mini-batch with a maximum of 1.02% zero probability fragments
[2022-11-17 11:44:39.652] [jointLog] [info] Thread saw mini-batch with a maximum of 1.04% zero probability fragments
[2022-11-17 11:44:39.689] [jointLog] [info] Thread saw mini-batch with a maximum of 1.10% zero probability fragments
[2022-11-17 11:44:39.764] [jointLog] [info] Thread saw mini-batch with a maximum of 1.08% zero probability fragments
[2022-11-17 11:44:39.766] [jointLog] [info] Thread saw mini-batch with a maximum of 1.06% zero probability fragments
[2022-11-17 11:44:39.785] [jointLog] [info] Thread saw mini-batch with a maximum of 1.06% zero probability fragments
[2022-11-17 11:44:39.858] [jointLog] [info] Computed 67087 rich equivalence classes for further processing
[2022-11-17 11:44:39.858] [jointLog] [info] Counted 3774396 total reads in the equivalence classes 
[2022-11-17 11:44:39.870] [jointLog] [warning] 0.83843% of fragments were shorter than the k used to build the index.
If this fraction is too large, consider re-building the index with a smaller k.
The minimum read size found was 20.


[2022-11-17 11:44:39.870] [jointLog] [info] Number of mappings discarded because of alignment score : 3970188
[2022-11-17 11:44:39.870] [jointLog] [info] Number of fragments entirely discarded because of alignment score : 165218
[2022-11-17 11:44:39.870] [jointLog] [info] Number of fragments discarded because they are best-mapped to decoys : 161385
[2022-11-17 11:44:39.870] [jointLog] [info] Number of fragments discarded because they have only dovetail (discordant) mappings to valid targets : 0
[2022-11-17 11:44:39.877] [jointLog] [warning] Only 3774396 fragments were mapped, but the number of burn-in fragments was set to 5000000.
The effective lengths have been computed using the observed mappings.

[2022-11-17 11:44:39.877] [jointLog] [info] Mapping rate = 84.9343%

[2022-11-17 11:44:39.877] [jointLog] [info] finished quantifyLibrary()
[2022-11-17 11:44:39.883] [jointLog] [info] Starting optimizer
[2022-11-17 11:44:39.937] [jointLog] [info] Marked 0 weighted equivalence classes as degenerate
[2022-11-17 11:44:39.944] [jointLog] [info] iteration = 0 | max rel diff. = 2527.89
[2022-11-17 11:44:39.859] [fileLog] [info] 
At end of round 0
==================
Observed 4443903 total fragments (4443903 in most recent round)

[2022-11-17 11:44:40.557] [jointLog] [info] iteration = 100 | max rel diff. = 9.76848
[2022-11-17 11:44:41.153] [jointLog] [info] iteration = 200 | max rel diff. = 10.6419
[2022-11-17 11:44:41.723] [jointLog] [info] iteration = 300 | max rel diff. = 7.88655
[2022-11-17 11:44:42.301] [jointLog] [info] iteration = 400 | max rel diff. = 0.157179
[2022-11-17 11:44:42.863] [jointLog] [info] iteration = 500 | max rel diff. = 0.21717
[2022-11-17 11:44:43.436] [jointLog] [info] iteration = 600 | max rel diff. = 0.279088
[2022-11-17 11:44:43.998] [jointLog] [info] iteration = 700 | max rel diff. = 0.371509
[2022-11-17 11:44:44.583] [jointLog] [info] iteration = 800 | max rel diff. = 0.178929
[2022-11-17 11:44:44.734] [jointLog] [info] iteration = 826 | max rel diff. = 0.00466297
[2022-11-17 11:44:44.740] [jointLog] [info] Finished optimizer
[2022-11-17 11:44:44.740] [jointLog] [info] writing output 

