[2022-11-17 15:03:35.967] [jointLog] [info] setting maxHashResizeThreads to 6
[2022-11-17 15:03:35.967] [jointLog] [info] Fragment incompatibility prior below threshold.  Incompatible fragments will be ignored.
[2022-11-17 15:03:35.967] [jointLog] [info] Usage of --validateMappings implies use of minScoreFraction. Since not explicitly specified, it is being set to 0.65
[2022-11-17 15:03:35.967] [jointLog] [info] Setting consensusSlack to selective-alignment default of 0.35.
[2022-11-17 15:03:35.967] [jointLog] [info] parsing read library format
[2022-11-17 15:03:35.968] [jointLog] [info] There is 1 library.
[2022-11-17 15:03:36.494] [jointLog] [info] Loading pufferfish index
[2022-11-17 15:03:36.757] [jointLog] [info] Loading dense pufferfish index.
[2022-11-17 15:10:15.035] [jointLog] [info] done
[2022-11-17 15:10:15.198] [jointLog] [info] Index contained 138045 targets
[2022-11-17 15:10:15.246] [jointLog] [info] Number of decoys : 66
[2022-11-17 15:10:15.246] [jointLog] [info] First decoy index : 137940 
[2022-11-17 15:11:37.580] [jointLog] [info] Thread saw mini-batch with a maximum of 1.24% zero probability fragments
[2022-11-17 15:11:37.638] [jointLog] [info] Thread saw mini-batch with a maximum of 1.18% zero probability fragments
[2022-11-17 15:11:37.648] [jointLog] [info] Thread saw mini-batch with a maximum of 1.28% zero probability fragments
[2022-11-17 15:11:37.676] [jointLog] [info] Thread saw mini-batch with a maximum of 1.16% zero probability fragments
[2022-11-17 15:11:37.724] [jointLog] [info] Thread saw mini-batch with a maximum of 1.24% zero probability fragments
[2022-11-17 15:11:37.776] [jointLog] [info] Thread saw mini-batch with a maximum of 1.18% zero probability fragments
[2022-11-17 15:11:37.854] [jointLog] [info] Computed 74886 rich equivalence classes for further processing
[2022-11-17 15:11:37.854] [jointLog] [info] Counted 7176012 total reads in the equivalence classes 
[2022-11-17 15:11:37.859] [jointLog] [warning] 0.456369% of fragments were shorter than the k used to build the index.
If this fraction is too large, consider re-building the index with a smaller k.
The minimum read size found was 20.


[2022-11-17 15:11:37.859] [jointLog] [info] Number of mappings discarded because of alignment score : 10726511
[2022-11-17 15:11:37.859] [jointLog] [info] Number of fragments entirely discarded because of alignment score : 448463
[2022-11-17 15:11:37.859] [jointLog] [info] Number of fragments discarded because they are best-mapped to decoys : 441385
[2022-11-17 15:11:37.859] [jointLog] [info] Number of fragments discarded because they have only dovetail (discordant) mappings to valid targets : 0
[2022-11-17 15:11:37.859] [jointLog] [info] Mapping rate = 77.7593%

[2022-11-17 15:11:37.859] [jointLog] [info] finished quantifyLibrary()
[2022-11-17 15:11:37.855] [fileLog] [info] 
At end of round 0
==================
Observed 9228496 total fragments (9228496 in most recent round)

[2022-11-17 15:11:38.609] [jointLog] [info] Starting optimizer
[2022-11-17 15:11:39.475] [jointLog] [info] Marked 0 weighted equivalence classes as degenerate
[2022-11-17 15:11:39.484] [jointLog] [info] iteration = 0 | max rel diff. = 4448.88
[2022-11-17 15:11:40.034] [jointLog] [info] iteration = 100 | max rel diff. = 3.39929
[2022-11-17 15:11:40.575] [jointLog] [info] iteration = 200 | max rel diff. = 1.68906
[2022-11-17 15:11:41.119] [jointLog] [info] iteration = 300 | max rel diff. = 0.304547
[2022-11-17 15:11:41.658] [jointLog] [info] iteration = 400 | max rel diff. = 0.659592
[2022-11-17 15:11:42.207] [jointLog] [info] iteration = 500 | max rel diff. = 2.55792
[2022-11-17 15:11:42.754] [jointLog] [info] iteration = 600 | max rel diff. = 0.207381
[2022-11-17 15:11:43.296] [jointLog] [info] iteration = 700 | max rel diff. = 0.021324
[2022-11-17 15:11:43.838] [jointLog] [info] iteration = 800 | max rel diff. = 0.120683
[2022-11-17 15:11:44.382] [jointLog] [info] iteration = 900 | max rel diff. = 0.036134
[2022-11-17 15:11:44.920] [jointLog] [info] iteration = 1000 | max rel diff. = 0.0444365
[2022-11-17 15:11:45.462] [jointLog] [info] iteration = 1100 | max rel diff. = 0.0379327
[2022-11-17 15:11:46.015] [jointLog] [info] iteration = 1200 | max rel diff. = 0.033396
[2022-11-17 15:11:46.177] [jointLog] [info] iteration = 1231 | max rel diff. = 0.00952784
[2022-11-17 15:11:46.183] [jointLog] [info] Finished optimizer
[2022-11-17 15:11:46.183] [jointLog] [info] writing output 

