[2022-11-17 12:41:22.738] [jointLog] [info] setting maxHashResizeThreads to 6
[2022-11-17 12:41:22.738] [jointLog] [info] Fragment incompatibility prior below threshold.  Incompatible fragments will be ignored.
[2022-11-17 12:41:22.738] [jointLog] [info] Usage of --validateMappings implies use of minScoreFraction. Since not explicitly specified, it is being set to 0.65
[2022-11-17 12:41:22.738] [jointLog] [info] Setting consensusSlack to selective-alignment default of 0.35.
[2022-11-17 12:41:22.738] [jointLog] [info] parsing read library format
[2022-11-17 12:41:22.739] [jointLog] [info] There is 1 library.
[2022-11-17 12:41:23.768] [jointLog] [info] Loading pufferfish index
[2022-11-17 12:41:24.127] [jointLog] [info] Loading dense pufferfish index.
[2022-11-17 12:46:30.607] [jointLog] [info] done
[2022-11-17 12:46:30.941] [jointLog] [info] Index contained 138045 targets
[2022-11-17 12:46:30.988] [jointLog] [info] Number of decoys : 66
[2022-11-17 12:46:30.988] [jointLog] [info] First decoy index : 137940 
[2022-11-17 12:46:46.448] [fileLog] [info] 
At end of round 0
==================
Observed 6926908 total fragments (6926908 in most recent round)

[2022-11-17 12:46:46.339] [jointLog] [info] Thread saw mini-batch with a maximum of 0.10% zero probability fragments
[2022-11-17 12:46:46.350] [jointLog] [info] Thread saw mini-batch with a maximum of 0.12% zero probability fragments
[2022-11-17 12:46:46.354] [jointLog] [info] Thread saw mini-batch with a maximum of 0.08% zero probability fragments
[2022-11-17 12:46:46.357] [jointLog] [info] Thread saw mini-batch with a maximum of 0.12% zero probability fragments
[2022-11-17 12:46:46.382] [jointLog] [info] Thread saw mini-batch with a maximum of 0.14% zero probability fragments
[2022-11-17 12:46:46.416] [jointLog] [info] Thread saw mini-batch with a maximum of 0.10% zero probability fragments
[2022-11-17 12:46:46.448] [jointLog] [info] Computed 15505 rich equivalence classes for further processing
[2022-11-17 12:46:46.448] [jointLog] [info] Counted 808003 total reads in the equivalence classes 
[2022-11-17 12:46:46.451] [jointLog] [warning] 0.523408% of fragments were shorter than the k used to build the index.
If this fraction is too large, consider re-building the index with a smaller k.
The minimum read size found was 20.


[2022-11-17 12:46:46.451] [jointLog] [info] Number of mappings discarded because of alignment score : 1489729
[2022-11-17 12:46:46.451] [jointLog] [info] Number of fragments entirely discarded because of alignment score : 104950
[2022-11-17 12:46:46.451] [jointLog] [info] Number of fragments discarded because they are best-mapped to decoys : 55956
[2022-11-17 12:46:46.451] [jointLog] [info] Number of fragments discarded because they have only dovetail (discordant) mappings to valid targets : 0
[2022-11-17 12:46:46.456] [jointLog] [warning] Only 808003 fragments were mapped, but the number of burn-in fragments was set to 5000000.
The effective lengths have been computed using the observed mappings.

[2022-11-17 12:46:46.456] [jointLog] [info] Mapping rate = 11.6647%

[2022-11-17 12:46:46.456] [jointLog] [info] finished quantifyLibrary()
[2022-11-17 12:46:46.768] [jointLog] [info] Starting optimizer
[2022-11-17 12:46:46.818] [jointLog] [info] Marked 0 weighted equivalence classes as degenerate
[2022-11-17 12:46:46.824] [jointLog] [info] iteration = 0 | max rel diff. = 572.742
[2022-11-17 12:46:47.272] [jointLog] [info] iteration = 100 | max rel diff. = 1.30548
[2022-11-17 12:46:47.701] [jointLog] [info] iteration = 200 | max rel diff. = 3.96421
[2022-11-17 12:46:48.135] [jointLog] [info] iteration = 300 | max rel diff. = 0.0299433
[2022-11-17 12:46:48.572] [jointLog] [info] iteration = 400 | max rel diff. = 0.06273
[2022-11-17 12:46:48.993] [jointLog] [info] iteration = 500 | max rel diff. = 0.0345904
[2022-11-17 12:46:49.426] [jointLog] [info] iteration = 600 | max rel diff. = 0.0162304
[2022-11-17 12:46:49.686] [jointLog] [info] iteration = 663 | max rel diff. = 0.00113576
[2022-11-17 12:46:49.692] [jointLog] [info] Finished optimizer
[2022-11-17 12:46:49.692] [jointLog] [info] writing output 

