[2022-11-16 15:39:50.600] [jointLog] [info] setting maxHashResizeThreads to 6
[2022-11-16 15:39:50.600] [jointLog] [info] Fragment incompatibility prior below threshold.  Incompatible fragments will be ignored.
[2022-11-16 15:39:50.600] [jointLog] [info] Usage of --validateMappings implies use of minScoreFraction. Since not explicitly specified, it is being set to 0.65
[2022-11-16 15:39:50.600] [jointLog] [info] Setting consensusSlack to selective-alignment default of 0.35.
[2022-11-16 15:39:50.600] [jointLog] [info] parsing read library format
[2022-11-16 15:39:50.601] [jointLog] [info] There is 1 library.
[2022-11-16 15:39:50.608] [jointLog] [info] Loading pufferfish index
[2022-11-16 15:39:50.611] [jointLog] [info] Loading dense pufferfish index.
[2022-11-16 15:42:25.546] [jointLog] [info] done
[2022-11-16 15:42:25.615] [jointLog] [info] Index contained 138045 targets
[2022-11-16 15:42:25.651] [jointLog] [info] Number of decoys : 66
[2022-11-16 15:42:25.651] [jointLog] [info] First decoy index : 137940 
[2022-11-16 15:44:47.647] [jointLog] [info] Thread saw mini-batch with a maximum of 0.76% zero probability fragments
[2022-11-16 15:44:47.740] [jointLog] [info] Thread saw mini-batch with a maximum of 0.72% zero probability fragments
[2022-11-16 15:44:47.805] [jointLog] [info] Thread saw mini-batch with a maximum of 0.68% zero probability fragments
[2022-11-16 15:44:47.882] [jointLog] [info] Thread saw mini-batch with a maximum of 0.72% zero probability fragments
[2022-11-16 15:44:47.922] [jointLog] [info] Thread saw mini-batch with a maximum of 0.80% zero probability fragments
[2022-11-16 15:44:47.954] [jointLog] [info] Thread saw mini-batch with a maximum of 0.80% zero probability fragments
[2022-11-16 15:44:48.025] [jointLog] [info] Computed 63231 rich equivalence classes for further processing
[2022-11-16 15:44:48.025] [jointLog] [info] Counted 8335571 total reads in the equivalence classes 
[2022-11-16 15:44:48.032] [jointLog] [warning] 0.761689% of fragments were shorter than the k used to build the index.
If this fraction is too large, consider re-building the index with a smaller k.
The minimum read size found was 20.


[2022-11-16 15:44:48.032] [jointLog] [info] Number of mappings discarded because of alignment score : 6339659
[2022-11-16 15:44:48.032] [jointLog] [info] Number of fragments entirely discarded because of alignment score : 863014
[2022-11-16 15:44:48.032] [jointLog] [info] Number of fragments discarded because they are best-mapped to decoys : 821235
[2022-11-16 15:44:48.032] [jointLog] [info] Number of fragments discarded because they have only dovetail (discordant) mappings to valid targets : 0
[2022-11-16 15:44:48.032] [jointLog] [info] Mapping rate = 83.3862%

[2022-11-16 15:44:48.032] [jointLog] [info] finished quantifyLibrary()
[2022-11-16 15:44:48.164] [jointLog] [info] Starting optimizer
[2022-11-16 15:44:48.215] [jointLog] [info] Marked 0 weighted equivalence classes as degenerate
[2022-11-16 15:44:48.223] [jointLog] [info] iteration = 0 | max rel diff. = 5012.51
[2022-11-16 15:44:48.026] [fileLog] [info] 
At end of round 0
==================
Observed 9996342 total fragments (9996342 in most recent round)

[2022-11-16 15:44:48.735] [jointLog] [info] iteration = 100 | max rel diff. = 18.7796
[2022-11-16 15:44:49.229] [jointLog] [info] iteration = 200 | max rel diff. = 11.3355
[2022-11-16 15:44:49.737] [jointLog] [info] iteration = 300 | max rel diff. = 0.362071
[2022-11-16 15:44:50.403] [jointLog] [info] iteration = 400 | max rel diff. = 2.1223
[2022-11-16 15:44:50.922] [jointLog] [info] iteration = 500 | max rel diff. = 0.259228
[2022-11-16 15:44:51.422] [jointLog] [info] iteration = 600 | max rel diff. = 2.19814
[2022-11-16 15:44:51.896] [jointLog] [info] iteration = 696 | max rel diff. = 0.00660391
[2022-11-16 15:44:51.902] [jointLog] [info] Finished optimizer
[2022-11-16 15:44:51.902] [jointLog] [info] writing output 

