[2022-11-16 15:16:02.595] [jointLog] [info] setting maxHashResizeThreads to 6
[2022-11-16 15:16:02.595] [jointLog] [info] Fragment incompatibility prior below threshold.  Incompatible fragments will be ignored.
[2022-11-16 15:16:02.595] [jointLog] [info] Usage of --validateMappings implies use of minScoreFraction. Since not explicitly specified, it is being set to 0.65
[2022-11-16 15:16:02.595] [jointLog] [info] Setting consensusSlack to selective-alignment default of 0.35.
[2022-11-16 15:16:02.595] [jointLog] [info] parsing read library format
[2022-11-16 15:16:02.596] [jointLog] [info] There is 1 library.
[2022-11-16 15:16:02.731] [jointLog] [info] Loading pufferfish index
[2022-11-16 15:16:02.734] [jointLog] [info] Loading dense pufferfish index.
[2022-11-16 15:18:59.161] [jointLog] [info] done
[2022-11-16 15:18:59.373] [jointLog] [info] Index contained 138045 targets
[2022-11-16 15:18:59.456] [jointLog] [info] Number of decoys : 66
[2022-11-16 15:18:59.456] [jointLog] [info] First decoy index : 137940 
[2022-11-16 15:21:10.627] [jointLog] [info] Thread saw mini-batch with a maximum of 0.62% zero probability fragments
[2022-11-16 15:21:10.652] [jointLog] [info] Thread saw mini-batch with a maximum of 0.66% zero probability fragments
[2022-11-16 15:21:10.661] [jointLog] [info] Thread saw mini-batch with a maximum of 0.70% zero probability fragments
[2022-11-16 15:21:10.673] [jointLog] [info] Thread saw mini-batch with a maximum of 0.66% zero probability fragments
[2022-11-16 15:21:10.679] [jointLog] [info] Thread saw mini-batch with a maximum of 0.64% zero probability fragments
[2022-11-16 15:21:10.772] [jointLog] [info] Thread saw mini-batch with a maximum of 0.70% zero probability fragments
[2022-11-16 15:21:10.863] [jointLog] [info] Computed 67931 rich equivalence classes for further processing
[2022-11-16 15:21:10.863] [jointLog] [info] Counted 8529178 total reads in the equivalence classes 
[2022-11-16 15:21:10.868] [jointLog] [warning] 1.15815% of fragments were shorter than the k used to build the index.
If this fraction is too large, consider re-building the index with a smaller k.
The minimum read size found was 20.


[2022-11-16 15:21:10.868] [jointLog] [info] Number of mappings discarded because of alignment score : 6089128
[2022-11-16 15:21:10.868] [jointLog] [info] Number of fragments entirely discarded because of alignment score : 847058
[2022-11-16 15:21:10.868] [jointLog] [info] Number of fragments discarded because they are best-mapped to decoys : 799840
[2022-11-16 15:21:10.868] [jointLog] [info] Number of fragments discarded because they have only dovetail (discordant) mappings to valid targets : 0
[2022-11-16 15:21:10.868] [jointLog] [info] Mapping rate = 83.7201%

[2022-11-16 15:21:10.868] [jointLog] [info] finished quantifyLibrary()
[2022-11-16 15:21:10.877] [jointLog] [info] Starting optimizer
[2022-11-16 15:21:10.983] [jointLog] [info] Marked 0 weighted equivalence classes as degenerate
[2022-11-16 15:21:10.991] [jointLog] [info] iteration = 0 | max rel diff. = 5123.61
[2022-11-16 15:21:10.864] [fileLog] [info] 
At end of round 0
==================
Observed 10187733 total fragments (10187733 in most recent round)

[2022-11-16 15:21:11.562] [jointLog] [info] iteration = 100 | max rel diff. = 16.9121
[2022-11-16 15:21:12.114] [jointLog] [info] iteration = 200 | max rel diff. = 3.13299
[2022-11-16 15:21:12.645] [jointLog] [info] iteration = 300 | max rel diff. = 1.03649
[2022-11-16 15:21:13.185] [jointLog] [info] iteration = 400 | max rel diff. = 0.498653
[2022-11-16 15:21:13.731] [jointLog] [info] iteration = 500 | max rel diff. = 0.445271
[2022-11-16 15:21:14.265] [jointLog] [info] iteration = 600 | max rel diff. = 0.346302
[2022-11-16 15:21:14.813] [jointLog] [info] iteration = 700 | max rel diff. = 0.0372877
[2022-11-16 15:21:15.375] [jointLog] [info] iteration = 800 | max rel diff. = 0.393102
[2022-11-16 15:21:15.515] [jointLog] [info] iteration = 827 | max rel diff. = 0.00896484
[2022-11-16 15:21:15.521] [jointLog] [info] Finished optimizer
[2022-11-16 15:21:15.521] [jointLog] [info] writing output 

