[2022-11-17 11:45:34.078] [jointLog] [info] setting maxHashResizeThreads to 6
[2022-11-17 11:45:34.078] [jointLog] [info] Fragment incompatibility prior below threshold.  Incompatible fragments will be ignored.
[2022-11-17 11:45:34.078] [jointLog] [info] Usage of --validateMappings implies use of minScoreFraction. Since not explicitly specified, it is being set to 0.65
[2022-11-17 11:45:34.078] [jointLog] [info] Setting consensusSlack to selective-alignment default of 0.35.
[2022-11-17 11:45:34.078] [jointLog] [info] parsing read library format
[2022-11-17 11:45:34.079] [jointLog] [info] There is 1 library.
[2022-11-17 11:45:34.538] [jointLog] [info] Loading pufferfish index
[2022-11-17 11:45:34.725] [jointLog] [info] Loading dense pufferfish index.
[2022-11-17 11:50:07.973] [jointLog] [info] done
[2022-11-17 11:50:08.184] [jointLog] [info] Index contained 138045 targets
[2022-11-17 11:50:08.237] [jointLog] [info] Number of decoys : 66
[2022-11-17 11:50:08.237] [jointLog] [info] First decoy index : 137940 
[2022-11-17 11:50:48.613] [jointLog] [info] Thread saw mini-batch with a maximum of 1.06% zero probability fragments
[2022-11-17 11:50:48.632] [jointLog] [info] Thread saw mini-batch with a maximum of 1.10% zero probability fragments
[2022-11-17 11:50:48.708] [jointLog] [info] Thread saw mini-batch with a maximum of 0.98% zero probability fragments
[2022-11-17 11:50:48.733] [jointLog] [info] Thread saw mini-batch with a maximum of 0.98% zero probability fragments
[2022-11-17 11:50:48.754] [jointLog] [info] Thread saw mini-batch with a maximum of 1.02% zero probability fragments
[2022-11-17 11:50:48.761] [jointLog] [info] Thread saw mini-batch with a maximum of 1.04% zero probability fragments
[2022-11-17 11:50:48.845] [jointLog] [info] Computed 68673 rich equivalence classes for further processing
[2022-11-17 11:50:48.845] [jointLog] [info] Counted 4309909 total reads in the equivalence classes 
[2022-11-17 11:50:48.852] [jointLog] [warning] 0.938775% of fragments were shorter than the k used to build the index.
If this fraction is too large, consider re-building the index with a smaller k.
The minimum read size found was 20.


[2022-11-17 11:50:48.852] [jointLog] [info] Number of mappings discarded because of alignment score : 4309958
[2022-11-17 11:50:48.852] [jointLog] [info] Number of fragments entirely discarded because of alignment score : 179653
[2022-11-17 11:50:48.852] [jointLog] [info] Number of fragments discarded because they are best-mapped to decoys : 174910
[2022-11-17 11:50:48.852] [jointLog] [info] Number of fragments discarded because they have only dovetail (discordant) mappings to valid targets : 0
[2022-11-17 11:50:48.860] [jointLog] [warning] Only 4309909 fragments were mapped, but the number of burn-in fragments was set to 5000000.
The effective lengths have been computed using the observed mappings.

[2022-11-17 11:50:48.860] [jointLog] [info] Mapping rate = 85.0883%

[2022-11-17 11:50:48.860] [jointLog] [info] finished quantifyLibrary()
[2022-11-17 11:50:49.109] [jointLog] [info] Starting optimizer
[2022-11-17 11:50:49.164] [jointLog] [info] Marked 0 weighted equivalence classes as degenerate
[2022-11-17 11:50:49.171] [jointLog] [info] iteration = 0 | max rel diff. = 2851.8
[2022-11-17 11:50:48.846] [fileLog] [info] 
At end of round 0
==================
Observed 5065219 total fragments (5065219 in most recent round)

[2022-11-17 11:50:49.746] [jointLog] [info] iteration = 100 | max rel diff. = 11.4683
[2022-11-17 11:50:50.299] [jointLog] [info] iteration = 200 | max rel diff. = 1.20701
[2022-11-17 11:50:50.854] [jointLog] [info] iteration = 300 | max rel diff. = 0.968445
[2022-11-17 11:50:51.418] [jointLog] [info] iteration = 400 | max rel diff. = 0.914323
[2022-11-17 11:50:52.012] [jointLog] [info] iteration = 500 | max rel diff. = 2.3766
[2022-11-17 11:50:52.640] [jointLog] [info] iteration = 600 | max rel diff. = 0.106738
[2022-11-17 11:50:53.207] [jointLog] [info] iteration = 700 | max rel diff. = 0.0863552
[2022-11-17 11:50:53.761] [jointLog] [info] iteration = 800 | max rel diff. = 3.60599
[2022-11-17 11:50:54.305] [jointLog] [info] iteration = 900 | max rel diff. = 0.128483
[2022-11-17 11:50:54.582] [jointLog] [info] iteration = 952 | max rel diff. = 0.00552137
[2022-11-17 11:50:54.588] [jointLog] [info] Finished optimizer
[2022-11-17 11:50:54.588] [jointLog] [info] writing output 

