[2022-11-16 15:16:33.293] [jointLog] [info] setting maxHashResizeThreads to 6
[2022-11-16 15:16:33.293] [jointLog] [info] Fragment incompatibility prior below threshold.  Incompatible fragments will be ignored.
[2022-11-16 15:16:33.293] [jointLog] [info] Usage of --validateMappings implies use of minScoreFraction. Since not explicitly specified, it is being set to 0.65
[2022-11-16 15:16:33.293] [jointLog] [info] Setting consensusSlack to selective-alignment default of 0.35.
[2022-11-16 15:16:33.293] [jointLog] [info] parsing read library format
[2022-11-16 15:16:33.294] [jointLog] [info] There is 1 library.
[2022-11-16 15:16:33.449] [jointLog] [info] Loading pufferfish index
[2022-11-16 15:16:33.511] [jointLog] [info] Loading dense pufferfish index.
[2022-11-16 15:19:04.235] [jointLog] [info] done
[2022-11-16 15:19:04.321] [jointLog] [info] Index contained 138045 targets
[2022-11-16 15:19:04.360] [jointLog] [info] Number of decoys : 66
[2022-11-16 15:19:04.360] [jointLog] [info] First decoy index : 137940 
[2022-11-16 15:22:06.483] [fileLog] [info] 
At end of round 0
==================
Observed 16458176 total fragments (16458176 in most recent round)

[2022-11-16 15:22:06.130] [jointLog] [info] Thread saw mini-batch with a maximum of 0.68% zero probability fragments
[2022-11-16 15:22:06.148] [jointLog] [info] Thread saw mini-batch with a maximum of 0.64% zero probability fragments
[2022-11-16 15:22:06.301] [jointLog] [info] Thread saw mini-batch with a maximum of 0.72% zero probability fragments
[2022-11-16 15:22:06.319] [jointLog] [info] Thread saw mini-batch with a maximum of 0.70% zero probability fragments
[2022-11-16 15:22:06.330] [jointLog] [info] Thread saw mini-batch with a maximum of 0.68% zero probability fragments
[2022-11-16 15:22:06.410] [jointLog] [info] Thread saw mini-batch with a maximum of 0.66% zero probability fragments
[2022-11-16 15:22:06.482] [jointLog] [info] Computed 65179 rich equivalence classes for further processing
[2022-11-16 15:22:06.482] [jointLog] [info] Counted 13771772 total reads in the equivalence classes 
[2022-11-16 15:22:06.487] [jointLog] [warning] 1.11148% of fragments were shorter than the k used to build the index.
If this fraction is too large, consider re-building the index with a smaller k.
The minimum read size found was 20.


[2022-11-16 15:22:06.487] [jointLog] [info] Number of mappings discarded because of alignment score : 9118811
[2022-11-16 15:22:06.487] [jointLog] [info] Number of fragments entirely discarded because of alignment score : 1317333
[2022-11-16 15:22:06.487] [jointLog] [info] Number of fragments discarded because they are best-mapped to decoys : 1245359
[2022-11-16 15:22:06.487] [jointLog] [info] Number of fragments discarded because they have only dovetail (discordant) mappings to valid targets : 0
[2022-11-16 15:22:06.487] [jointLog] [info] Mapping rate = 83.6774%

[2022-11-16 15:22:06.487] [jointLog] [info] finished quantifyLibrary()
[2022-11-16 15:22:06.935] [jointLog] [info] Starting optimizer
[2022-11-16 15:22:06.990] [jointLog] [info] Marked 0 weighted equivalence classes as degenerate
[2022-11-16 15:22:06.999] [jointLog] [info] iteration = 0 | max rel diff. = 7151.21
[2022-11-16 15:22:07.572] [jointLog] [info] iteration = 100 | max rel diff. = 20.5476
[2022-11-16 15:22:08.151] [jointLog] [info] iteration = 200 | max rel diff. = 7.94048
[2022-11-16 15:22:08.759] [jointLog] [info] iteration = 300 | max rel diff. = 0.896567
[2022-11-16 15:22:09.318] [jointLog] [info] iteration = 400 | max rel diff. = 18.66
[2022-11-16 15:22:09.870] [jointLog] [info] iteration = 500 | max rel diff. = 0.724042
[2022-11-16 15:22:10.417] [jointLog] [info] iteration = 600 | max rel diff. = 1.22301
[2022-11-16 15:22:10.959] [jointLog] [info] iteration = 700 | max rel diff. = 0.0946158
[2022-11-16 15:22:11.464] [jointLog] [info] iteration = 800 | max rel diff. = 0.0633841
[2022-11-16 15:22:11.983] [jointLog] [info] iteration = 900 | max rel diff. = 0.0250702
[2022-11-16 15:22:12.447] [jointLog] [info] iteration = 991 | max rel diff. = 0.00900906
[2022-11-16 15:22:12.452] [jointLog] [info] Finished optimizer
[2022-11-16 15:22:12.452] [jointLog] [info] writing output 

