[2022-11-17 12:07:48.855] [jointLog] [info] setting maxHashResizeThreads to 6
[2022-11-17 12:07:48.855] [jointLog] [info] Fragment incompatibility prior below threshold.  Incompatible fragments will be ignored.
[2022-11-17 12:07:48.855] [jointLog] [info] Usage of --validateMappings implies use of minScoreFraction. Since not explicitly specified, it is being set to 0.65
[2022-11-17 12:07:48.855] [jointLog] [info] Setting consensusSlack to selective-alignment default of 0.35.
[2022-11-17 12:07:48.855] [jointLog] [info] parsing read library format
[2022-11-17 12:07:48.856] [jointLog] [info] There is 1 library.
[2022-11-17 12:07:49.244] [jointLog] [info] Loading pufferfish index
[2022-11-17 12:07:49.423] [jointLog] [info] Loading dense pufferfish index.
[2022-11-17 12:12:59.929] [jointLog] [info] done
[2022-11-17 12:13:00.132] [jointLog] [info] Index contained 138045 targets
[2022-11-17 12:13:00.181] [jointLog] [info] Number of decoys : 66
[2022-11-17 12:13:00.181] [jointLog] [info] First decoy index : 137940 
[2022-11-17 12:13:33.067] [fileLog] [info] 
At end of round 0
==================
Observed 5257856 total fragments (5257856 in most recent round)

[2022-11-17 12:13:32.747] [jointLog] [info] Thread saw mini-batch with a maximum of 1.14% zero probability fragments
[2022-11-17 12:13:32.848] [jointLog] [info] Thread saw mini-batch with a maximum of 1.16% zero probability fragments
[2022-11-17 12:13:32.851] [jointLog] [info] Thread saw mini-batch with a maximum of 1.16% zero probability fragments
[2022-11-17 12:13:32.879] [jointLog] [info] Thread saw mini-batch with a maximum of 1.08% zero probability fragments
[2022-11-17 12:13:32.901] [jointLog] [info] Thread saw mini-batch with a maximum of 1.12% zero probability fragments
[2022-11-17 12:13:32.983] [jointLog] [info] Thread saw mini-batch with a maximum of 1.20% zero probability fragments
[2022-11-17 12:13:33.066] [jointLog] [info] Computed 68760 rich equivalence classes for further processing
[2022-11-17 12:13:33.066] [jointLog] [info] Counted 4545959 total reads in the equivalence classes 
[2022-11-17 12:13:33.072] [jointLog] [warning] 0.803598% of fragments were shorter than the k used to build the index.
If this fraction is too large, consider re-building the index with a smaller k.
The minimum read size found was 20.


[2022-11-17 12:13:33.072] [jointLog] [info] Number of mappings discarded because of alignment score : 3927772
[2022-11-17 12:13:33.072] [jointLog] [info] Number of fragments entirely discarded because of alignment score : 162377
[2022-11-17 12:13:33.072] [jointLog] [info] Number of fragments discarded because they are best-mapped to decoys : 156922
[2022-11-17 12:13:33.072] [jointLog] [info] Number of fragments discarded because they have only dovetail (discordant) mappings to valid targets : 0
[2022-11-17 12:13:33.078] [jointLog] [warning] Only 4545959 fragments were mapped, but the number of burn-in fragments was set to 5000000.
The effective lengths have been computed using the observed mappings.

[2022-11-17 12:13:33.078] [jointLog] [info] Mapping rate = 86.4603%

[2022-11-17 12:13:33.078] [jointLog] [info] finished quantifyLibrary()
[2022-11-17 12:13:33.251] [jointLog] [info] Starting optimizer
[2022-11-17 12:13:33.299] [jointLog] [info] Marked 0 weighted equivalence classes as degenerate
[2022-11-17 12:13:33.306] [jointLog] [info] iteration = 0 | max rel diff. = 2971.58
[2022-11-17 12:13:33.872] [jointLog] [info] iteration = 100 | max rel diff. = 15.0323
[2022-11-17 12:13:34.417] [jointLog] [info] iteration = 200 | max rel diff. = 0.642617
[2022-11-17 12:13:34.976] [jointLog] [info] iteration = 300 | max rel diff. = 1.64247
[2022-11-17 12:13:35.536] [jointLog] [info] iteration = 400 | max rel diff. = 0.166314
[2022-11-17 12:13:36.075] [jointLog] [info] iteration = 500 | max rel diff. = 0.472976
[2022-11-17 12:13:36.635] [jointLog] [info] iteration = 600 | max rel diff. = 0.0270218
[2022-11-17 12:13:37.195] [jointLog] [info] iteration = 700 | max rel diff. = 0.0897095
[2022-11-17 12:13:37.748] [jointLog] [info] iteration = 800 | max rel diff. = 0.185559
[2022-11-17 12:13:38.295] [jointLog] [info] iteration = 900 | max rel diff. = 0.0199798
[2022-11-17 12:13:38.834] [jointLog] [info] iteration = 1000 | max rel diff. = 0.0215991
[2022-11-17 12:13:39.110] [jointLog] [info] iteration = 1050 | max rel diff. = 0.00525752
[2022-11-17 12:13:39.116] [jointLog] [info] Finished optimizer
[2022-11-17 12:13:39.116] [jointLog] [info] writing output 

