[2022-11-16 15:57:06.560] [jointLog] [info] setting maxHashResizeThreads to 6
[2022-11-16 15:57:06.560] [jointLog] [info] Fragment incompatibility prior below threshold.  Incompatible fragments will be ignored.
[2022-11-16 15:57:06.560] [jointLog] [info] Usage of --validateMappings implies use of minScoreFraction. Since not explicitly specified, it is being set to 0.65
[2022-11-16 15:57:06.560] [jointLog] [info] Setting consensusSlack to selective-alignment default of 0.35.
[2022-11-16 15:57:06.560] [jointLog] [info] parsing read library format
[2022-11-16 15:57:06.561] [jointLog] [info] There is 1 library.
[2022-11-16 15:57:06.719] [jointLog] [info] Loading pufferfish index
[2022-11-16 15:57:06.799] [jointLog] [info] Loading dense pufferfish index.
[2022-11-16 16:01:28.494] [jointLog] [info] done
[2022-11-16 16:01:28.584] [jointLog] [info] Index contained 138045 targets
[2022-11-16 16:01:28.631] [jointLog] [info] Number of decoys : 66
[2022-11-16 16:01:28.631] [jointLog] [info] First decoy index : 137940 
[2022-11-16 16:04:05.188] [jointLog] [info] Thread saw mini-batch with a maximum of 0.66% zero probability fragments
[2022-11-16 16:04:05.211] [jointLog] [info] Thread saw mini-batch with a maximum of 0.74% zero probability fragments
[2022-11-16 16:04:05.396] [jointLog] [info] Thread saw mini-batch with a maximum of 0.74% zero probability fragments
[2022-11-16 16:04:05.447] [jointLog] [info] Thread saw mini-batch with a maximum of 0.80% zero probability fragments
[2022-11-16 16:04:05.448] [jointLog] [info] Thread saw mini-batch with a maximum of 0.66% zero probability fragments
[2022-11-16 16:04:05.455] [jointLog] [info] Thread saw mini-batch with a maximum of 0.94% zero probability fragments
[2022-11-16 16:04:05.536] [jointLog] [info] Computed 66612 rich equivalence classes for further processing
[2022-11-16 16:04:05.536] [jointLog] [info] Counted 9843175 total reads in the equivalence classes 
[2022-11-16 16:04:05.542] [jointLog] [warning] 1.09819% of fragments were shorter than the k used to build the index.
If this fraction is too large, consider re-building the index with a smaller k.
The minimum read size found was 20.


[2022-11-16 16:04:05.542] [jointLog] [info] Number of mappings discarded because of alignment score : 7180376
[2022-11-16 16:04:05.542] [jointLog] [info] Number of fragments entirely discarded because of alignment score : 1023270
[2022-11-16 16:04:05.542] [jointLog] [info] Number of fragments discarded because they are best-mapped to decoys : 968924
[2022-11-16 16:04:05.542] [jointLog] [info] Number of fragments discarded because they have only dovetail (discordant) mappings to valid targets : 0
[2022-11-16 16:04:05.542] [jointLog] [info] Mapping rate = 83.1495%

[2022-11-16 16:04:05.542] [jointLog] [info] finished quantifyLibrary()
[2022-11-16 16:04:05.649] [jointLog] [info] Starting optimizer
[2022-11-16 16:04:05.703] [jointLog] [info] Marked 0 weighted equivalence classes as degenerate
[2022-11-16 16:04:05.712] [jointLog] [info] iteration = 0 | max rel diff. = 5649.31
[2022-11-16 16:04:05.537] [fileLog] [info] 
At end of round 0
==================
Observed 11837928 total fragments (11837928 in most recent round)

[2022-11-16 16:04:06.244] [jointLog] [info] iteration = 100 | max rel diff. = 10.3881
[2022-11-16 16:04:06.741] [jointLog] [info] iteration = 200 | max rel diff. = 7.92506
[2022-11-16 16:04:07.238] [jointLog] [info] iteration = 300 | max rel diff. = 0.312486
[2022-11-16 16:04:07.734] [jointLog] [info] iteration = 400 | max rel diff. = 3.94948
[2022-11-16 16:04:08.233] [jointLog] [info] iteration = 500 | max rel diff. = 0.074843
[2022-11-16 16:04:08.732] [jointLog] [info] iteration = 600 | max rel diff. = 0.0651432
[2022-11-16 16:04:09.232] [jointLog] [info] iteration = 700 | max rel diff. = 0.0966581
[2022-11-16 16:04:09.729] [jointLog] [info] iteration = 800 | max rel diff. = 1.70991
[2022-11-16 16:04:10.314] [jointLog] [info] iteration = 900 | max rel diff. = 0.0316231
[2022-11-16 16:04:10.898] [jointLog] [info] iteration = 1000 | max rel diff. = 0.119818
[2022-11-16 16:04:10.949] [jointLog] [info] iteration = 1011 | max rel diff. = 0.00828767
[2022-11-16 16:04:10.955] [jointLog] [info] Finished optimizer
[2022-11-16 16:04:10.955] [jointLog] [info] writing output 

