[2022-11-17 13:19:14.865] [jointLog] [info] setting maxHashResizeThreads to 6
[2022-11-17 13:19:14.865] [jointLog] [info] Fragment incompatibility prior below threshold.  Incompatible fragments will be ignored.
[2022-11-17 13:19:14.865] [jointLog] [info] Usage of --validateMappings implies use of minScoreFraction. Since not explicitly specified, it is being set to 0.65
[2022-11-17 13:19:14.865] [jointLog] [info] Setting consensusSlack to selective-alignment default of 0.35.
[2022-11-17 13:19:14.865] [jointLog] [info] parsing read library format
[2022-11-17 13:19:14.866] [jointLog] [info] There is 1 library.
[2022-11-17 13:19:15.399] [jointLog] [info] Loading pufferfish index
[2022-11-17 13:19:15.616] [jointLog] [info] Loading dense pufferfish index.
[2022-11-17 13:26:42.388] [jointLog] [info] done
[2022-11-17 13:26:42.836] [jointLog] [info] Index contained 138045 targets
[2022-11-17 13:26:42.890] [jointLog] [info] Number of decoys : 66
[2022-11-17 13:26:42.890] [jointLog] [info] First decoy index : 137940 
[2022-11-17 13:27:11.050] [fileLog] [info] 
At end of round 0
==================
Observed 4335583 total fragments (4335583 in most recent round)

[2022-11-17 13:27:10.798] [jointLog] [info] Thread saw mini-batch with a maximum of 1.10% zero probability fragments
[2022-11-17 13:27:10.843] [jointLog] [info] Thread saw mini-batch with a maximum of 1.04% zero probability fragments
[2022-11-17 13:27:10.937] [jointLog] [info] Thread saw mini-batch with a maximum of 1.14% zero probability fragments
[2022-11-17 13:27:10.951] [jointLog] [info] Thread saw mini-batch with a maximum of 1.10% zero probability fragments
[2022-11-17 13:27:10.953] [jointLog] [info] Thread saw mini-batch with a maximum of 1.14% zero probability fragments
[2022-11-17 13:27:10.972] [jointLog] [info] Thread saw mini-batch with a maximum of 1.20% zero probability fragments
[2022-11-17 13:27:11.050] [jointLog] [info] Computed 67081 rich equivalence classes for further processing
[2022-11-17 13:27:11.050] [jointLog] [info] Counted 3679945 total reads in the equivalence classes 
[2022-11-17 13:27:11.055] [jointLog] [warning] 0.957957% of fragments were shorter than the k used to build the index.
If this fraction is too large, consider re-building the index with a smaller k.
The minimum read size found was 20.


[2022-11-17 13:27:11.055] [jointLog] [info] Number of mappings discarded because of alignment score : 3656338
[2022-11-17 13:27:11.055] [jointLog] [info] Number of fragments entirely discarded because of alignment score : 150024
[2022-11-17 13:27:11.055] [jointLog] [info] Number of fragments discarded because they are best-mapped to decoys : 145896
[2022-11-17 13:27:11.055] [jointLog] [info] Number of fragments discarded because they have only dovetail (discordant) mappings to valid targets : 0
[2022-11-17 13:27:11.061] [jointLog] [warning] Only 3679945 fragments were mapped, but the number of burn-in fragments was set to 5000000.
The effective lengths have been computed using the observed mappings.

[2022-11-17 13:27:11.061] [jointLog] [info] Mapping rate = 84.8777%

[2022-11-17 13:27:11.061] [jointLog] [info] finished quantifyLibrary()
[2022-11-17 13:27:11.785] [jointLog] [info] Starting optimizer
[2022-11-17 13:27:11.838] [jointLog] [info] Marked 0 weighted equivalence classes as degenerate
[2022-11-17 13:27:11.846] [jointLog] [info] iteration = 0 | max rel diff. = 2466.08
[2022-11-17 13:27:12.379] [jointLog] [info] iteration = 100 | max rel diff. = 12.4964
[2022-11-17 13:27:12.909] [jointLog] [info] iteration = 200 | max rel diff. = 0.464257
[2022-11-17 13:27:13.455] [jointLog] [info] iteration = 300 | max rel diff. = 1.96631
[2022-11-17 13:27:13.983] [jointLog] [info] iteration = 400 | max rel diff. = 0.0985247
[2022-11-17 13:27:14.512] [jointLog] [info] iteration = 500 | max rel diff. = 0.0291125
[2022-11-17 13:27:15.039] [jointLog] [info] iteration = 600 | max rel diff. = 0.443034
[2022-11-17 13:27:15.569] [jointLog] [info] iteration = 700 | max rel diff. = 0.10698
[2022-11-17 13:27:16.093] [jointLog] [info] iteration = 800 | max rel diff. = 0.0441852
[2022-11-17 13:27:16.370] [jointLog] [info] iteration = 852 | max rel diff. = 0.00627441
[2022-11-17 13:27:16.376] [jointLog] [info] Finished optimizer
[2022-11-17 13:27:16.376] [jointLog] [info] writing output 

