[2022-11-17 10:09:54.978] [jointLog] [info] setting maxHashResizeThreads to 6
[2022-11-17 10:09:54.978] [jointLog] [info] Fragment incompatibility prior below threshold.  Incompatible fragments will be ignored.
[2022-11-17 10:09:54.978] [jointLog] [info] Usage of --validateMappings implies use of minScoreFraction. Since not explicitly specified, it is being set to 0.65
[2022-11-17 10:09:54.978] [jointLog] [info] Setting consensusSlack to selective-alignment default of 0.35.
[2022-11-17 10:09:54.978] [jointLog] [info] parsing read library format
[2022-11-17 10:09:54.979] [jointLog] [info] There is 1 library.
[2022-11-17 10:09:55.206] [jointLog] [info] Loading pufferfish index
[2022-11-17 10:09:55.308] [jointLog] [info] Loading dense pufferfish index.
[2022-11-17 10:16:01.382] [jointLog] [info] done
[2022-11-17 10:16:01.471] [jointLog] [info] Index contained 138045 targets
[2022-11-17 10:16:01.517] [jointLog] [info] Number of decoys : 66
[2022-11-17 10:16:01.517] [jointLog] [info] First decoy index : 137940 
[2022-11-17 10:16:24.624] [jointLog] [info] Thread saw mini-batch with a maximum of 0.08% zero probability fragments
[2022-11-17 10:16:24.630] [jointLog] [info] Thread saw mini-batch with a maximum of 0.12% zero probability fragments
[2022-11-17 10:16:24.658] [jointLog] [info] Thread saw mini-batch with a maximum of 0.10% zero probability fragments
[2022-11-17 10:16:24.670] [jointLog] [info] Thread saw mini-batch with a maximum of 0.18% zero probability fragments
[2022-11-17 10:16:24.678] [jointLog] [info] Thread saw mini-batch with a maximum of 0.12% zero probability fragments
[2022-11-17 10:16:24.699] [jointLog] [info] Thread saw mini-batch with a maximum of 0.10% zero probability fragments
[2022-11-17 10:16:24.738] [jointLog] [info] Computed 19807 rich equivalence classes for further processing
[2022-11-17 10:16:24.738] [jointLog] [info] Counted 1165060 total reads in the equivalence classes 
[2022-11-17 10:16:24.741] [jointLog] [warning] 0.53484% of fragments were shorter than the k used to build the index.
If this fraction is too large, consider re-building the index with a smaller k.
The minimum read size found was 20.


[2022-11-17 10:16:24.741] [jointLog] [info] Number of mappings discarded because of alignment score : 1667414
[2022-11-17 10:16:24.742] [jointLog] [info] Number of fragments entirely discarded because of alignment score : 130523
[2022-11-17 10:16:24.742] [jointLog] [info] Number of fragments discarded because they are best-mapped to decoys : 74840
[2022-11-17 10:16:24.742] [jointLog] [info] Number of fragments discarded because they have only dovetail (discordant) mappings to valid targets : 0
[2022-11-17 10:16:24.748] [jointLog] [warning] Only 1165060 fragments were mapped, but the number of burn-in fragments was set to 5000000.
The effective lengths have been computed using the observed mappings.

[2022-11-17 10:16:24.748] [jointLog] [info] Mapping rate = 14.3811%

[2022-11-17 10:16:24.748] [jointLog] [info] finished quantifyLibrary()
[2022-11-17 10:16:24.912] [jointLog] [info] Starting optimizer
[2022-11-17 10:16:24.966] [jointLog] [info] Marked 0 weighted equivalence classes as degenerate
[2022-11-17 10:16:24.972] [jointLog] [info] iteration = 0 | max rel diff. = 822.542
[2022-11-17 10:16:24.738] [fileLog] [info] 
At end of round 0
==================
Observed 8101308 total fragments (8101308 in most recent round)

[2022-11-17 10:16:25.515] [jointLog] [info] iteration = 100 | max rel diff. = 5.34076
[2022-11-17 10:16:26.015] [jointLog] [info] iteration = 200 | max rel diff. = 0.134709
[2022-11-17 10:16:26.487] [jointLog] [info] iteration = 300 | max rel diff. = 0.139545
[2022-11-17 10:16:26.987] [jointLog] [info] iteration = 400 | max rel diff. = 1.09861
[2022-11-17 10:16:27.434] [jointLog] [info] iteration = 500 | max rel diff. = 0.0311875
[2022-11-17 10:16:27.891] [jointLog] [info] iteration = 600 | max rel diff. = 0.0211741
[2022-11-17 10:16:28.345] [jointLog] [info] iteration = 700 | max rel diff. = 0.0204799
[2022-11-17 10:16:28.578] [jointLog] [info] iteration = 751 | max rel diff. = 0.000759947
[2022-11-17 10:16:28.584] [jointLog] [info] Finished optimizer
[2022-11-17 10:16:28.584] [jointLog] [info] writing output 

