[2022-11-17 15:59:14.039] [jointLog] [info] setting maxHashResizeThreads to 6
[2022-11-17 15:59:14.039] [jointLog] [info] Fragment incompatibility prior below threshold.  Incompatible fragments will be ignored.
[2022-11-17 15:59:14.039] [jointLog] [info] Usage of --validateMappings implies use of minScoreFraction. Since not explicitly specified, it is being set to 0.65
[2022-11-17 15:59:14.040] [jointLog] [info] Setting consensusSlack to selective-alignment default of 0.35.
[2022-11-17 15:59:14.040] [jointLog] [info] parsing read library format
[2022-11-17 15:59:14.040] [jointLog] [info] There is 1 library.
[2022-11-17 15:59:14.083] [jointLog] [info] Loading pufferfish index
[2022-11-17 15:59:14.096] [jointLog] [info] Loading dense pufferfish index.
[2022-11-17 16:03:16.677] [jointLog] [info] done
[2022-11-17 16:03:16.765] [jointLog] [info] Index contained 138045 targets
[2022-11-17 16:03:16.815] [jointLog] [info] Number of decoys : 66
[2022-11-17 16:03:16.815] [jointLog] [info] First decoy index : 137940 
[2022-11-17 16:03:41.246] [jointLog] [info] Thread saw mini-batch with a maximum of 0.98% zero probability fragments
[2022-11-17 16:03:41.260] [jointLog] [info] Thread saw mini-batch with a maximum of 0.98% zero probability fragments
[2022-11-17 16:03:41.319] [jointLog] [info] Thread saw mini-batch with a maximum of 0.96% zero probability fragments
[2022-11-17 16:03:41.330] [jointLog] [info] Thread saw mini-batch with a maximum of 1.02% zero probability fragments
[2022-11-17 16:03:41.371] [jointLog] [info] Thread saw mini-batch with a maximum of 0.94% zero probability fragments
[2022-11-17 16:03:41.408] [jointLog] [info] Thread saw mini-batch with a maximum of 0.94% zero probability fragments
[2022-11-17 16:03:41.469] [jointLog] [info] Computed 64115 rich equivalence classes for further processing
[2022-11-17 16:03:41.469] [jointLog] [info] Counted 3652248 total reads in the equivalence classes 
[2022-11-17 16:03:41.474] [jointLog] [warning] 0.684183% of fragments were shorter than the k used to build the index.
If this fraction is too large, consider re-building the index with a smaller k.
The minimum read size found was 20.


[2022-11-17 16:03:41.474] [jointLog] [info] Number of mappings discarded because of alignment score : 3219417
[2022-11-17 16:03:41.474] [jointLog] [info] Number of fragments entirely discarded because of alignment score : 132739
[2022-11-17 16:03:41.474] [jointLog] [info] Number of fragments discarded because they are best-mapped to decoys : 129111
[2022-11-17 16:03:41.474] [jointLog] [info] Number of fragments discarded because they have only dovetail (discordant) mappings to valid targets : 0
[2022-11-17 16:03:41.480] [jointLog] [warning] Only 3652248 fragments were mapped, but the number of burn-in fragments was set to 5000000.
The effective lengths have been computed using the observed mappings.

[2022-11-17 16:03:41.480] [jointLog] [info] Mapping rate = 87.121%

[2022-11-17 16:03:41.480] [jointLog] [info] finished quantifyLibrary()
[2022-11-17 16:03:41.489] [jointLog] [info] Starting optimizer
[2022-11-17 16:03:41.540] [jointLog] [info] Marked 0 weighted equivalence classes as degenerate
[2022-11-17 16:03:41.548] [jointLog] [info] iteration = 0 | max rel diff. = 2452.04
[2022-11-17 16:03:41.469] [fileLog] [info] 
At end of round 0
==================
Observed 4192155 total fragments (4192155 in most recent round)

[2022-11-17 16:03:42.083] [jointLog] [info] iteration = 100 | max rel diff. = 5.74941
[2022-11-17 16:03:42.601] [jointLog] [info] iteration = 200 | max rel diff. = 0.749065
[2022-11-17 16:03:43.114] [jointLog] [info] iteration = 300 | max rel diff. = 8.09017
[2022-11-17 16:03:43.627] [jointLog] [info] iteration = 400 | max rel diff. = 0.854178
[2022-11-17 16:03:44.141] [jointLog] [info] iteration = 500 | max rel diff. = 0.0556078
[2022-11-17 16:03:44.653] [jointLog] [info] iteration = 600 | max rel diff. = 0.0750435
[2022-11-17 16:03:45.165] [jointLog] [info] iteration = 700 | max rel diff. = 1.70657
[2022-11-17 16:03:45.677] [jointLog] [info] iteration = 800 | max rel diff. = 0.0185959
[2022-11-17 16:03:46.190] [jointLog] [info] iteration = 900 | max rel diff. = 0.017169
[2022-11-17 16:03:46.702] [jointLog] [info] iteration = 1000 | max rel diff. = 0.0132366
[2022-11-17 16:03:47.179] [jointLog] [info] iteration = 1094 | max rel diff. = 0.00185208
[2022-11-17 16:03:47.184] [jointLog] [info] Finished optimizer
[2022-11-17 16:03:47.184] [jointLog] [info] writing output 

