[2022-11-17 10:49:58.981] [jointLog] [info] setting maxHashResizeThreads to 6
[2022-11-17 10:49:58.981] [jointLog] [info] Fragment incompatibility prior below threshold.  Incompatible fragments will be ignored.
[2022-11-17 10:49:58.981] [jointLog] [info] Usage of --validateMappings implies use of minScoreFraction. Since not explicitly specified, it is being set to 0.65
[2022-11-17 10:49:58.981] [jointLog] [info] Setting consensusSlack to selective-alignment default of 0.35.
[2022-11-17 10:49:58.981] [jointLog] [info] parsing read library format
[2022-11-17 10:49:58.982] [jointLog] [info] There is 1 library.
[2022-11-17 10:49:59.703] [jointLog] [info] Loading pufferfish index
[2022-11-17 10:49:59.998] [jointLog] [info] Loading dense pufferfish index.
[2022-11-17 10:53:10.995] [jointLog] [info] done
[2022-11-17 10:53:11.091] [jointLog] [info] Index contained 138045 targets
[2022-11-17 10:53:11.158] [jointLog] [info] Number of decoys : 66
[2022-11-17 10:53:11.158] [jointLog] [info] First decoy index : 137940 
[2022-11-17 10:53:30.363] [jointLog] [info] Thread saw mini-batch with a maximum of 0.16% zero probability fragments
[2022-11-17 10:53:30.371] [jointLog] [info] Thread saw mini-batch with a maximum of 0.18% zero probability fragments
[2022-11-17 10:53:30.382] [jointLog] [info] Thread saw mini-batch with a maximum of 0.16% zero probability fragments
[2022-11-17 10:53:30.387] [jointLog] [info] Thread saw mini-batch with a maximum of 0.12% zero probability fragments
[2022-11-17 10:53:30.389] [jointLog] [info] Thread saw mini-batch with a maximum of 0.14% zero probability fragments
[2022-11-17 10:53:30.400] [jointLog] [info] Thread saw mini-batch with a maximum of 0.18% zero probability fragments
[2022-11-17 10:53:30.438] [jointLog] [info] Computed 25320 rich equivalence classes for further processing
[2022-11-17 10:53:30.438] [jointLog] [info] Counted 1151086 total reads in the equivalence classes 
[2022-11-17 10:53:30.442] [jointLog] [warning] 0.734529% of fragments were shorter than the k used to build the index.
If this fraction is too large, consider re-building the index with a smaller k.
The minimum read size found was 20.


[2022-11-17 10:53:30.442] [jointLog] [info] Number of mappings discarded because of alignment score : 1508046
[2022-11-17 10:53:30.442] [jointLog] [info] Number of fragments entirely discarded because of alignment score : 119458
[2022-11-17 10:53:30.442] [jointLog] [info] Number of fragments discarded because they are best-mapped to decoys : 70813
[2022-11-17 10:53:30.442] [jointLog] [info] Number of fragments discarded because they have only dovetail (discordant) mappings to valid targets : 0
[2022-11-17 10:53:30.448] [jointLog] [warning] Only 1151086 fragments were mapped, but the number of burn-in fragments was set to 5000000.
The effective lengths have been computed using the observed mappings.

[2022-11-17 10:53:30.448] [jointLog] [info] Mapping rate = 15.6642%

[2022-11-17 10:53:30.448] [jointLog] [info] finished quantifyLibrary()
[2022-11-17 10:53:30.618] [jointLog] [info] Starting optimizer
[2022-11-17 10:53:30.438] [fileLog] [info] 
At end of round 0
==================
Observed 7348522 total fragments (7348522 in most recent round)

[2022-11-17 10:53:30.806] [jointLog] [info] Marked 0 weighted equivalence classes as degenerate
[2022-11-17 10:53:30.813] [jointLog] [info] iteration = 0 | max rel diff. = 813.513
[2022-11-17 10:53:31.278] [jointLog] [info] iteration = 100 | max rel diff. = 6.61824
[2022-11-17 10:53:31.748] [jointLog] [info] iteration = 200 | max rel diff. = 0.285556
[2022-11-17 10:53:32.197] [jointLog] [info] iteration = 300 | max rel diff. = 0.0479067
[2022-11-17 10:53:32.671] [jointLog] [info] iteration = 400 | max rel diff. = 3.34635
[2022-11-17 10:53:33.139] [jointLog] [info] iteration = 500 | max rel diff. = 0.0746351
[2022-11-17 10:53:33.597] [jointLog] [info] iteration = 600 | max rel diff. = 0.234339
[2022-11-17 10:53:33.840] [jointLog] [info] iteration = 653 | max rel diff. = 0.000369748
[2022-11-17 10:53:33.846] [jointLog] [info] Finished optimizer
[2022-11-17 10:53:33.846] [jointLog] [info] writing output 

