[2022-11-17 13:50:44.220] [jointLog] [info] setting maxHashResizeThreads to 6
[2022-11-17 13:50:44.220] [jointLog] [info] Fragment incompatibility prior below threshold.  Incompatible fragments will be ignored.
[2022-11-17 13:50:44.220] [jointLog] [info] Usage of --validateMappings implies use of minScoreFraction. Since not explicitly specified, it is being set to 0.65
[2022-11-17 13:50:44.220] [jointLog] [info] Setting consensusSlack to selective-alignment default of 0.35.
[2022-11-17 13:50:44.220] [jointLog] [info] parsing read library format
[2022-11-17 13:50:44.220] [jointLog] [info] There is 1 library.
[2022-11-17 13:50:44.384] [jointLog] [info] Loading pufferfish index
[2022-11-17 13:50:44.449] [jointLog] [info] Loading dense pufferfish index.
[2022-11-17 13:58:18.698] [jointLog] [info] done
[2022-11-17 13:58:19.030] [jointLog] [info] Index contained 138045 targets
[2022-11-17 13:58:19.075] [jointLog] [info] Number of decoys : 66
[2022-11-17 13:58:19.075] [jointLog] [info] First decoy index : 137940 
[2022-11-17 13:59:02.318] [fileLog] [info] 
At end of round 0
==================
Observed 5249012 total fragments (5249012 in most recent round)

[2022-11-17 13:59:02.139] [jointLog] [info] Thread saw mini-batch with a maximum of 1.10% zero probability fragments
[2022-11-17 13:59:02.190] [jointLog] [info] Thread saw mini-batch with a maximum of 1.06% zero probability fragments
[2022-11-17 13:59:02.201] [jointLog] [info] Thread saw mini-batch with a maximum of 1.12% zero probability fragments
[2022-11-17 13:59:02.228] [jointLog] [info] Thread saw mini-batch with a maximum of 1.20% zero probability fragments
[2022-11-17 13:59:02.237] [jointLog] [info] Thread saw mini-batch with a maximum of 1.10% zero probability fragments
[2022-11-17 13:59:02.238] [jointLog] [info] Thread saw mini-batch with a maximum of 1.12% zero probability fragments
[2022-11-17 13:59:02.317] [jointLog] [info] Computed 70341 rich equivalence classes for further processing
[2022-11-17 13:59:02.317] [jointLog] [info] Counted 4437409 total reads in the equivalence classes 
[2022-11-17 13:59:02.322] [jointLog] [warning] 0.769726% of fragments were shorter than the k used to build the index.
If this fraction is too large, consider re-building the index with a smaller k.
The minimum read size found was 20.


[2022-11-17 13:59:02.322] [jointLog] [info] Number of mappings discarded because of alignment score : 4943258
[2022-11-17 13:59:02.322] [jointLog] [info] Number of fragments entirely discarded because of alignment score : 211715
[2022-11-17 13:59:02.322] [jointLog] [info] Number of fragments discarded because they are best-mapped to decoys : 207145
[2022-11-17 13:59:02.322] [jointLog] [info] Number of fragments discarded because they have only dovetail (discordant) mappings to valid targets : 0
[2022-11-17 13:59:02.328] [jointLog] [warning] Only 4437409 fragments were mapped, but the number of burn-in fragments was set to 5000000.
The effective lengths have been computed using the observed mappings.

[2022-11-17 13:59:02.328] [jointLog] [info] Mapping rate = 84.538%

[2022-11-17 13:59:02.328] [jointLog] [info] finished quantifyLibrary()
[2022-11-17 13:59:02.626] [jointLog] [info] Starting optimizer
[2022-11-17 13:59:02.689] [jointLog] [info] Marked 0 weighted equivalence classes as degenerate
[2022-11-17 13:59:02.698] [jointLog] [info] iteration = 0 | max rel diff. = 2886.52
[2022-11-17 13:59:03.261] [jointLog] [info] iteration = 100 | max rel diff. = 14.7189
[2022-11-17 13:59:03.788] [jointLog] [info] iteration = 200 | max rel diff. = 3.61429
[2022-11-17 13:59:04.313] [jointLog] [info] iteration = 300 | max rel diff. = 0.346317
[2022-11-17 13:59:04.841] [jointLog] [info] iteration = 400 | max rel diff. = 0.584945
[2022-11-17 13:59:05.367] [jointLog] [info] iteration = 500 | max rel diff. = 1.14486
[2022-11-17 13:59:05.893] [jointLog] [info] iteration = 600 | max rel diff. = 0.011918
[2022-11-17 13:59:06.420] [jointLog] [info] iteration = 700 | max rel diff. = 0.0501775
[2022-11-17 13:59:06.948] [jointLog] [info] iteration = 800 | max rel diff. = 0.420162
[2022-11-17 13:59:07.482] [jointLog] [info] iteration = 900 | max rel diff. = 2.25776
[2022-11-17 13:59:07.789] [jointLog] [info] iteration = 959 | max rel diff. = 0.00597903
[2022-11-17 13:59:07.795] [jointLog] [info] Finished optimizer
[2022-11-17 13:59:07.795] [jointLog] [info] writing output 

