[2022-11-17 09:32:01.985] [jointLog] [info] setting maxHashResizeThreads to 6
[2022-11-17 09:32:01.985] [jointLog] [info] Fragment incompatibility prior below threshold.  Incompatible fragments will be ignored.
[2022-11-17 09:32:01.985] [jointLog] [info] Usage of --validateMappings implies use of minScoreFraction. Since not explicitly specified, it is being set to 0.65
[2022-11-17 09:32:01.985] [jointLog] [info] Setting consensusSlack to selective-alignment default of 0.35.
[2022-11-17 09:32:01.985] [jointLog] [info] parsing read library format
[2022-11-17 09:32:01.986] [jointLog] [info] There is 1 library.
[2022-11-17 09:32:02.038] [jointLog] [info] Loading pufferfish index
[2022-11-17 09:32:02.070] [jointLog] [info] Loading dense pufferfish index.
[2022-11-17 09:34:47.697] [jointLog] [info] done
[2022-11-17 09:34:47.777] [jointLog] [info] Index contained 138045 targets
[2022-11-17 09:34:47.825] [jointLog] [info] Number of decoys : 66
[2022-11-17 09:34:47.825] [jointLog] [info] First decoy index : 137940 
[2022-11-17 09:35:11.754] [jointLog] [info] Thread saw mini-batch with a maximum of 0.10% zero probability fragments
[2022-11-17 09:35:11.763] [jointLog] [info] Thread saw mini-batch with a maximum of 0.10% zero probability fragments
[2022-11-17 09:35:11.777] [jointLog] [info] Thread saw mini-batch with a maximum of 0.14% zero probability fragments
[2022-11-17 09:35:11.803] [jointLog] [info] Thread saw mini-batch with a maximum of 0.10% zero probability fragments
[2022-11-17 09:35:11.805] [jointLog] [info] Thread saw mini-batch with a maximum of 0.12% zero probability fragments
[2022-11-17 09:35:11.848] [jointLog] [info] Thread saw mini-batch with a maximum of 0.10% zero probability fragments
[2022-11-17 09:35:11.887] [jointLog] [info] Computed 18109 rich equivalence classes for further processing
[2022-11-17 09:35:11.887] [jointLog] [info] Counted 956872 total reads in the equivalence classes 
[2022-11-17 09:35:11.890] [jointLog] [warning] 0.669664% of fragments were shorter than the k used to build the index.
If this fraction is too large, consider re-building the index with a smaller k.
The minimum read size found was 20.


[2022-11-17 09:35:11.890] [jointLog] [info] Number of mappings discarded because of alignment score : 1936730
[2022-11-17 09:35:11.890] [jointLog] [info] Number of fragments entirely discarded because of alignment score : 133362
[2022-11-17 09:35:11.890] [jointLog] [info] Number of fragments discarded because they are best-mapped to decoys : 71451
[2022-11-17 09:35:11.890] [jointLog] [info] Number of fragments discarded because they have only dovetail (discordant) mappings to valid targets : 0
[2022-11-17 09:35:11.896] [jointLog] [warning] Only 956872 fragments were mapped, but the number of burn-in fragments was set to 5000000.
The effective lengths have been computed using the observed mappings.

[2022-11-17 09:35:11.896] [jointLog] [info] Mapping rate = 11.7025%

[2022-11-17 09:35:11.896] [jointLog] [info] finished quantifyLibrary()
[2022-11-17 09:35:11.917] [jointLog] [info] Starting optimizer
[2022-11-17 09:35:11.967] [jointLog] [info] Marked 0 weighted equivalence classes as degenerate
[2022-11-17 09:35:11.973] [jointLog] [info] iteration = 0 | max rel diff. = 674.148
[2022-11-17 09:35:11.887] [fileLog] [info] 
At end of round 0
==================
Observed 8176639 total fragments (8176639 in most recent round)

[2022-11-17 09:35:12.502] [jointLog] [info] iteration = 100 | max rel diff. = 3.91885
[2022-11-17 09:35:12.988] [jointLog] [info] iteration = 200 | max rel diff. = 3.7272
[2022-11-17 09:35:13.486] [jointLog] [info] iteration = 300 | max rel diff. = 0.180297
[2022-11-17 09:35:13.993] [jointLog] [info] iteration = 400 | max rel diff. = 0.52789
[2022-11-17 09:35:14.009] [jointLog] [info] iteration = 404 | max rel diff. = 0.00669059
[2022-11-17 09:35:14.017] [jointLog] [info] Finished optimizer
[2022-11-17 09:35:14.017] [jointLog] [info] writing output 

