[2022-11-17 14:34:43.743] [jointLog] [info] setting maxHashResizeThreads to 6
[2022-11-17 14:34:43.743] [jointLog] [info] Fragment incompatibility prior below threshold.  Incompatible fragments will be ignored.
[2022-11-17 14:34:43.743] [jointLog] [info] Usage of --validateMappings implies use of minScoreFraction. Since not explicitly specified, it is being set to 0.65
[2022-11-17 14:34:43.743] [jointLog] [info] Setting consensusSlack to selective-alignment default of 0.35.
[2022-11-17 14:34:43.743] [jointLog] [info] parsing read library format
[2022-11-17 14:34:43.745] [jointLog] [info] There is 1 library.
[2022-11-17 14:34:43.891] [jointLog] [info] Loading pufferfish index
[2022-11-17 14:34:43.972] [jointLog] [info] Loading dense pufferfish index.
[2022-11-17 14:40:08.246] [jointLog] [info] done
[2022-11-17 14:40:08.431] [jointLog] [info] Index contained 138045 targets
[2022-11-17 14:40:08.483] [jointLog] [info] Number of decoys : 66
[2022-11-17 14:40:08.483] [jointLog] [info] First decoy index : 137940 
[2022-11-17 14:40:51.502] [jointLog] [info] Thread saw mini-batch with a maximum of 1.00% zero probability fragments
[2022-11-17 14:40:51.579] [jointLog] [info] Thread saw mini-batch with a maximum of 1.10% zero probability fragments
[2022-11-17 14:40:51.589] [jointLog] [info] Thread saw mini-batch with a maximum of 1.04% zero probability fragments
[2022-11-17 14:40:51.628] [jointLog] [info] Thread saw mini-batch with a maximum of 1.02% zero probability fragments
[2022-11-17 14:40:51.684] [jointLog] [info] Thread saw mini-batch with a maximum of 1.02% zero probability fragments
[2022-11-17 14:40:51.705] [jointLog] [info] Thread saw mini-batch with a maximum of 1.00% zero probability fragments
[2022-11-17 14:40:51.806] [jointLog] [info] Computed 68912 rich equivalence classes for further processing
[2022-11-17 14:40:51.806] [jointLog] [info] Counted 4282527 total reads in the equivalence classes 
[2022-11-17 14:40:51.811] [jointLog] [warning] 0.532619% of fragments were shorter than the k used to build the index.
If this fraction is too large, consider re-building the index with a smaller k.
The minimum read size found was 20.


[2022-11-17 14:40:51.811] [jointLog] [info] Number of mappings discarded because of alignment score : 4997073
[2022-11-17 14:40:51.811] [jointLog] [info] Number of fragments entirely discarded because of alignment score : 200556
[2022-11-17 14:40:51.811] [jointLog] [info] Number of fragments discarded because they are best-mapped to decoys : 197049
[2022-11-17 14:40:51.811] [jointLog] [info] Number of fragments discarded because they have only dovetail (discordant) mappings to valid targets : 0
[2022-11-17 14:40:51.817] [jointLog] [warning] Only 4282527 fragments were mapped, but the number of burn-in fragments was set to 5000000.
The effective lengths have been computed using the observed mappings.

[2022-11-17 14:40:51.817] [jointLog] [info] Mapping rate = 85.3459%

[2022-11-17 14:40:51.817] [jointLog] [info] finished quantifyLibrary()
[2022-11-17 14:40:51.806] [fileLog] [info] 
At end of round 0
==================
Observed 5017849 total fragments (5017849 in most recent round)

[2022-11-17 14:40:52.278] [jointLog] [info] Starting optimizer
[2022-11-17 14:40:52.943] [jointLog] [info] Marked 0 weighted equivalence classes as degenerate
[2022-11-17 14:40:52.951] [jointLog] [info] iteration = 0 | max rel diff. = 2826.83
[2022-11-17 14:40:53.504] [jointLog] [info] iteration = 100 | max rel diff. = 19.2055
[2022-11-17 14:40:54.045] [jointLog] [info] iteration = 200 | max rel diff. = 0.300935
[2022-11-17 14:40:54.573] [jointLog] [info] iteration = 300 | max rel diff. = 9.38003
[2022-11-17 14:40:55.101] [jointLog] [info] iteration = 400 | max rel diff. = 0.260536
[2022-11-17 14:40:55.628] [jointLog] [info] iteration = 500 | max rel diff. = 0.214568
[2022-11-17 14:40:56.161] [jointLog] [info] iteration = 600 | max rel diff. = 0.920003
[2022-11-17 14:40:56.690] [jointLog] [info] iteration = 700 | max rel diff. = 0.048051
[2022-11-17 14:40:57.222] [jointLog] [info] iteration = 800 | max rel diff. = 0.0168985
[2022-11-17 14:40:57.752] [jointLog] [info] iteration = 900 | max rel diff. = 0.0248912
[2022-11-17 14:40:58.283] [jointLog] [info] iteration = 1000 | max rel diff. = 0.0143092
[2022-11-17 14:40:58.824] [jointLog] [info] iteration = 1100 | max rel diff. = 0.0506462
[2022-11-17 14:40:59.222] [jointLog] [info] iteration = 1176 | max rel diff. = 0.00254264
[2022-11-17 14:40:59.228] [jointLog] [info] Finished optimizer
[2022-11-17 14:40:59.228] [jointLog] [info] writing output 

