[2022-11-17 12:51:43.477] [jointLog] [info] setting maxHashResizeThreads to 6
[2022-11-17 12:51:43.477] [jointLog] [info] Fragment incompatibility prior below threshold.  Incompatible fragments will be ignored.
[2022-11-17 12:51:43.477] [jointLog] [info] Usage of --validateMappings implies use of minScoreFraction. Since not explicitly specified, it is being set to 0.65
[2022-11-17 12:51:43.477] [jointLog] [info] Setting consensusSlack to selective-alignment default of 0.35.
[2022-11-17 12:51:43.477] [jointLog] [info] parsing read library format
[2022-11-17 12:51:43.478] [jointLog] [info] There is 1 library.
[2022-11-17 12:51:43.785] [jointLog] [info] Loading pufferfish index
[2022-11-17 12:51:43.910] [jointLog] [info] Loading dense pufferfish index.
[2022-11-17 12:58:19.372] [jointLog] [info] done
[2022-11-17 12:58:19.867] [jointLog] [info] Index contained 138045 targets
[2022-11-17 12:58:19.918] [jointLog] [info] Number of decoys : 66
[2022-11-17 12:58:19.918] [jointLog] [info] First decoy index : 137940 
[2022-11-17 12:58:50.280] [jointLog] [info] Thread saw mini-batch with a maximum of 0.96% zero probability fragments
[2022-11-17 12:58:50.309] [jointLog] [info] Thread saw mini-batch with a maximum of 0.92% zero probability fragments
[2022-11-17 12:58:50.328] [jointLog] [info] Thread saw mini-batch with a maximum of 0.94% zero probability fragments
[2022-11-17 12:58:50.372] [jointLog] [info] Thread saw mini-batch with a maximum of 1.04% zero probability fragments
[2022-11-17 12:58:50.386] [jointLog] [info] Thread saw mini-batch with a maximum of 0.98% zero probability fragments
[2022-11-17 12:58:50.427] [jointLog] [info] Thread saw mini-batch with a maximum of 0.94% zero probability fragments
[2022-11-17 12:58:50.506] [jointLog] [info] Computed 68230 rich equivalence classes for further processing
[2022-11-17 12:58:50.506] [jointLog] [info] Counted 4286325 total reads in the equivalence classes 
[2022-11-17 12:58:50.512] [jointLog] [warning] 0.808536% of fragments were shorter than the k used to build the index.
If this fraction is too large, consider re-building the index with a smaller k.
The minimum read size found was 20.


[2022-11-17 12:58:50.512] [jointLog] [info] Number of mappings discarded because of alignment score : 3737605
[2022-11-17 12:58:50.512] [jointLog] [info] Number of fragments entirely discarded because of alignment score : 160225
[2022-11-17 12:58:50.512] [jointLog] [info] Number of fragments discarded because they are best-mapped to decoys : 155732
[2022-11-17 12:58:50.512] [jointLog] [info] Number of fragments discarded because they have only dovetail (discordant) mappings to valid targets : 0
[2022-11-17 12:58:50.518] [jointLog] [warning] Only 4286325 fragments were mapped, but the number of burn-in fragments was set to 5000000.
The effective lengths have been computed using the observed mappings.

[2022-11-17 12:58:50.518] [jointLog] [info] Mapping rate = 86.395%

[2022-11-17 12:58:50.518] [jointLog] [info] finished quantifyLibrary()
[2022-11-17 12:58:50.507] [fileLog] [info] 
At end of round 0
==================
Observed 4961312 total fragments (4961312 in most recent round)

[2022-11-17 12:58:51.172] [jointLog] [info] Starting optimizer
[2022-11-17 12:58:51.232] [jointLog] [info] Marked 0 weighted equivalence classes as degenerate
[2022-11-17 12:58:51.241] [jointLog] [info] iteration = 0 | max rel diff. = 2836.49
[2022-11-17 12:58:51.826] [jointLog] [info] iteration = 100 | max rel diff. = 17.0805
[2022-11-17 12:58:52.356] [jointLog] [info] iteration = 200 | max rel diff. = 6.78601
[2022-11-17 12:58:52.878] [jointLog] [info] iteration = 300 | max rel diff. = 1.00462
[2022-11-17 12:58:53.402] [jointLog] [info] iteration = 400 | max rel diff. = 12.8786
[2022-11-17 12:58:53.924] [jointLog] [info] iteration = 500 | max rel diff. = 5.08434
[2022-11-17 12:58:54.448] [jointLog] [info] iteration = 600 | max rel diff. = 0.0826679
[2022-11-17 12:58:54.973] [jointLog] [info] iteration = 700 | max rel diff. = 0.0718437
[2022-11-17 12:58:55.500] [jointLog] [info] iteration = 800 | max rel diff. = 0.109797
[2022-11-17 12:58:56.049] [jointLog] [info] iteration = 900 | max rel diff. = 0.0871992
[2022-11-17 12:58:56.586] [jointLog] [info] iteration = 1000 | max rel diff. = 0.0620583
[2022-11-17 12:58:56.681] [jointLog] [info] iteration = 1019 | max rel diff. = 0.00780117
[2022-11-17 12:58:56.686] [jointLog] [info] Finished optimizer
[2022-11-17 12:58:56.686] [jointLog] [info] writing output 

