[2022-11-17 12:09:23.741] [jointLog] [info] setting maxHashResizeThreads to 6
[2022-11-17 12:09:23.741] [jointLog] [info] Fragment incompatibility prior below threshold.  Incompatible fragments will be ignored.
[2022-11-17 12:09:23.741] [jointLog] [info] Usage of --validateMappings implies use of minScoreFraction. Since not explicitly specified, it is being set to 0.65
[2022-11-17 12:09:23.741] [jointLog] [info] Setting consensusSlack to selective-alignment default of 0.35.
[2022-11-17 12:09:23.741] [jointLog] [info] parsing read library format
[2022-11-17 12:09:23.743] [jointLog] [info] There is 1 library.
[2022-11-17 12:09:24.002] [jointLog] [info] Loading pufferfish index
[2022-11-17 12:09:24.253] [jointLog] [info] Loading dense pufferfish index.
[2022-11-17 12:12:59.910] [jointLog] [info] done
[2022-11-17 12:13:00.103] [jointLog] [info] Index contained 138045 targets
[2022-11-17 12:13:00.154] [jointLog] [info] Number of decoys : 66
[2022-11-17 12:13:00.154] [jointLog] [info] First decoy index : 137940 
[2022-11-17 12:13:17.348] [jointLog] [info] Thread saw mini-batch with a maximum of 0.12% zero probability fragments
[2022-11-17 12:13:17.381] [jointLog] [info] Thread saw mini-batch with a maximum of 0.16% zero probability fragments
[2022-11-17 12:13:17.383] [jointLog] [info] Thread saw mini-batch with a maximum of 0.14% zero probability fragments
[2022-11-17 12:13:17.422] [jointLog] [info] Thread saw mini-batch with a maximum of 0.10% zero probability fragments
[2022-11-17 12:13:17.436] [jointLog] [info] Thread saw mini-batch with a maximum of 0.14% zero probability fragments
[2022-11-17 12:13:17.439] [jointLog] [info] Thread saw mini-batch with a maximum of 0.14% zero probability fragments
[2022-11-17 12:13:17.492] [jointLog] [info] Computed 21380 rich equivalence classes for further processing
[2022-11-17 12:13:17.492] [jointLog] [info] Counted 793493 total reads in the equivalence classes 
[2022-11-17 12:13:17.498] [jointLog] [warning] 0.541962% of fragments were shorter than the k used to build the index.
If this fraction is too large, consider re-building the index with a smaller k.
The minimum read size found was 20.


[2022-11-17 12:13:17.498] [jointLog] [info] Number of mappings discarded because of alignment score : 1589598
[2022-11-17 12:13:17.498] [jointLog] [info] Number of fragments entirely discarded because of alignment score : 111621
[2022-11-17 12:13:17.498] [jointLog] [info] Number of fragments discarded because they are best-mapped to decoys : 59214
[2022-11-17 12:13:17.498] [jointLog] [info] Number of fragments discarded because they have only dovetail (discordant) mappings to valid targets : 0
[2022-11-17 12:13:17.507] [jointLog] [warning] Only 793493 fragments were mapped, but the number of burn-in fragments was set to 5000000.
The effective lengths have been computed using the observed mappings.

[2022-11-17 12:13:17.507] [jointLog] [info] Mapping rate = 10.8143%

[2022-11-17 12:13:17.507] [jointLog] [info] finished quantifyLibrary()
[2022-11-17 12:13:17.516] [jointLog] [info] Starting optimizer
[2022-11-17 12:13:17.563] [jointLog] [info] Marked 0 weighted equivalence classes as degenerate
[2022-11-17 12:13:17.568] [jointLog] [info] iteration = 0 | max rel diff. = 558.172
[2022-11-17 12:13:17.493] [fileLog] [info] 
At end of round 0
==================
Observed 7337409 total fragments (7337409 in most recent round)

[2022-11-17 12:13:18.055] [jointLog] [info] iteration = 100 | max rel diff. = 9.72214
[2022-11-17 12:13:18.545] [jointLog] [info] iteration = 200 | max rel diff. = 13.2796
[2022-11-17 12:13:19.014] [jointLog] [info] iteration = 300 | max rel diff. = 0.12672
[2022-11-17 12:13:19.241] [jointLog] [info] iteration = 351 | max rel diff. = 0.00969567
[2022-11-17 12:13:19.247] [jointLog] [info] Finished optimizer
[2022-11-17 12:13:19.247] [jointLog] [info] writing output 

