[2022-11-17 10:03:42.095] [jointLog] [info] setting maxHashResizeThreads to 6
[2022-11-17 10:03:42.095] [jointLog] [info] Fragment incompatibility prior below threshold.  Incompatible fragments will be ignored.
[2022-11-17 10:03:42.095] [jointLog] [info] Usage of --validateMappings implies use of minScoreFraction. Since not explicitly specified, it is being set to 0.65
[2022-11-17 10:03:42.095] [jointLog] [info] Setting consensusSlack to selective-alignment default of 0.35.
[2022-11-17 10:03:42.095] [jointLog] [info] parsing read library format
[2022-11-17 10:03:42.096] [jointLog] [info] There is 1 library.
[2022-11-17 10:03:42.558] [jointLog] [info] Loading pufferfish index
[2022-11-17 10:03:42.702] [jointLog] [info] Loading dense pufferfish index.
[2022-11-17 10:08:44.760] [jointLog] [info] done
[2022-11-17 10:08:44.875] [jointLog] [info] Index contained 138045 targets
[2022-11-17 10:08:44.913] [jointLog] [info] Number of decoys : 66
[2022-11-17 10:08:44.913] [jointLog] [info] First decoy index : 137940 
[2022-11-17 10:10:04.734] [jointLog] [info] Thread saw mini-batch with a maximum of 1.00% zero probability fragments
[2022-11-17 10:10:04.736] [jointLog] [info] Thread saw mini-batch with a maximum of 1.06% zero probability fragments
[2022-11-17 10:10:04.870] [jointLog] [info] Thread saw mini-batch with a maximum of 0.92% zero probability fragments
[2022-11-17 10:10:04.884] [jointLog] [info] Thread saw mini-batch with a maximum of 0.96% zero probability fragments
[2022-11-17 10:10:04.909] [jointLog] [info] Thread saw mini-batch with a maximum of 1.08% zero probability fragments
[2022-11-17 10:10:04.956] [jointLog] [info] Thread saw mini-batch with a maximum of 0.98% zero probability fragments
[2022-11-17 10:10:05.014] [jointLog] [info] Computed 53115 rich equivalence classes for further processing
[2022-11-17 10:10:05.014] [jointLog] [info] Counted 6458094 total reads in the equivalence classes 
[2022-11-17 10:10:05.019] [jointLog] [warning] 0.225929% of fragments were shorter than the k used to build the index.
If this fraction is too large, consider re-building the index with a smaller k.
The minimum read size found was 20.


[2022-11-17 10:10:05.019] [jointLog] [info] Number of mappings discarded because of alignment score : 7781627
[2022-11-17 10:10:05.019] [jointLog] [info] Number of fragments entirely discarded because of alignment score : 348637
[2022-11-17 10:10:05.019] [jointLog] [info] Number of fragments discarded because they are best-mapped to decoys : 341831
[2022-11-17 10:10:05.019] [jointLog] [info] Number of fragments discarded because they have only dovetail (discordant) mappings to valid targets : 0
[2022-11-17 10:10:05.019] [jointLog] [info] Mapping rate = 82.2891%

[2022-11-17 10:10:05.019] [jointLog] [info] finished quantifyLibrary()
[2022-11-17 10:10:05.014] [fileLog] [info] 
At end of round 0
==================
Observed 7848055 total fragments (7848055 in most recent round)

[2022-11-17 10:10:05.582] [jointLog] [info] Starting optimizer
[2022-11-17 10:10:05.635] [jointLog] [info] Marked 0 weighted equivalence classes as degenerate
[2022-11-17 10:10:05.643] [jointLog] [info] iteration = 0 | max rel diff. = 4073.97
[2022-11-17 10:10:06.220] [jointLog] [info] iteration = 100 | max rel diff. = 9.72502
[2022-11-17 10:10:06.737] [jointLog] [info] iteration = 200 | max rel diff. = 1.88539
[2022-11-17 10:10:07.249] [jointLog] [info] iteration = 300 | max rel diff. = 4.25006
[2022-11-17 10:10:07.758] [jointLog] [info] iteration = 400 | max rel diff. = 2.76673
[2022-11-17 10:10:08.298] [jointLog] [info] iteration = 500 | max rel diff. = 2.8792
[2022-11-17 10:10:08.821] [jointLog] [info] iteration = 600 | max rel diff. = 4.3088
[2022-11-17 10:10:09.334] [jointLog] [info] iteration = 700 | max rel diff. = 0.0420689
[2022-11-17 10:10:09.846] [jointLog] [info] iteration = 800 | max rel diff. = 0.292928
[2022-11-17 10:10:10.395] [jointLog] [info] iteration = 900 | max rel diff. = 0.03658
[2022-11-17 10:10:10.911] [jointLog] [info] iteration = 1000 | max rel diff. = 2.28431
[2022-11-17 10:10:10.973] [jointLog] [info] iteration = 1012 | max rel diff. = 0.00388601
[2022-11-17 10:10:10.981] [jointLog] [info] Finished optimizer
[2022-11-17 10:10:10.981] [jointLog] [info] writing output 

