[2022-11-17 11:18:14.923] [jointLog] [info] setting maxHashResizeThreads to 6
[2022-11-17 11:18:14.923] [jointLog] [info] Fragment incompatibility prior below threshold.  Incompatible fragments will be ignored.
[2022-11-17 11:18:14.923] [jointLog] [info] Usage of --validateMappings implies use of minScoreFraction. Since not explicitly specified, it is being set to 0.65
[2022-11-17 11:18:14.923] [jointLog] [info] Setting consensusSlack to selective-alignment default of 0.35.
[2022-11-17 11:18:14.923] [jointLog] [info] parsing read library format
[2022-11-17 11:18:14.924] [jointLog] [info] There is 1 library.
[2022-11-17 11:18:15.078] [jointLog] [info] Loading pufferfish index
[2022-11-17 11:18:15.135] [jointLog] [info] Loading dense pufferfish index.
[2022-11-17 11:23:49.326] [jointLog] [info] done
[2022-11-17 11:23:49.489] [jointLog] [info] Index contained 138045 targets
[2022-11-17 11:23:49.538] [jointLog] [info] Number of decoys : 66
[2022-11-17 11:23:49.538] [jointLog] [info] First decoy index : 137940 
[2022-11-17 11:24:23.588] [jointLog] [info] Thread saw mini-batch with a maximum of 0.94% zero probability fragments
[2022-11-17 11:24:23.638] [jointLog] [info] Thread saw mini-batch with a maximum of 1.06% zero probability fragments
[2022-11-17 11:24:23.651] [jointLog] [info] Thread saw mini-batch with a maximum of 1.04% zero probability fragments
[2022-11-17 11:24:23.669] [jointLog] [info] Thread saw mini-batch with a maximum of 0.92% zero probability fragments
[2022-11-17 11:24:23.679] [jointLog] [info] Thread saw mini-batch with a maximum of 1.08% zero probability fragments
[2022-11-17 11:24:23.718] [jointLog] [info] Thread saw mini-batch with a maximum of 0.98% zero probability fragments
[2022-11-17 11:24:23.820] [jointLog] [info] Computed 66814 rich equivalence classes for further processing
[2022-11-17 11:24:23.820] [jointLog] [info] Counted 4214310 total reads in the equivalence classes 
[2022-11-17 11:24:23.828] [jointLog] [warning] 0.803435% of fragments were shorter than the k used to build the index.
If this fraction is too large, consider re-building the index with a smaller k.
The minimum read size found was 20.


[2022-11-17 11:24:23.828] [jointLog] [info] Number of mappings discarded because of alignment score : 3684037
[2022-11-17 11:24:23.828] [jointLog] [info] Number of fragments entirely discarded because of alignment score : 153407
[2022-11-17 11:24:23.828] [jointLog] [info] Number of fragments discarded because they are best-mapped to decoys : 149064
[2022-11-17 11:24:23.828] [jointLog] [info] Number of fragments discarded because they have only dovetail (discordant) mappings to valid targets : 0
[2022-11-17 11:24:23.836] [jointLog] [warning] Only 4214310 fragments were mapped, but the number of burn-in fragments was set to 5000000.
The effective lengths have been computed using the observed mappings.

[2022-11-17 11:24:23.836] [jointLog] [info] Mapping rate = 86.9769%

[2022-11-17 11:24:23.836] [jointLog] [info] finished quantifyLibrary()
[2022-11-17 11:24:23.821] [fileLog] [info] 
At end of round 0
==================
Observed 4845320 total fragments (4845320 in most recent round)

[2022-11-17 11:24:24.045] [jointLog] [info] Starting optimizer
[2022-11-17 11:24:24.110] [jointLog] [info] Marked 0 weighted equivalence classes as degenerate
[2022-11-17 11:24:24.118] [jointLog] [info] iteration = 0 | max rel diff. = 2789.61
[2022-11-17 11:24:24.771] [jointLog] [info] iteration = 100 | max rel diff. = 19.5493
[2022-11-17 11:24:25.338] [jointLog] [info] iteration = 200 | max rel diff. = 1.1752
[2022-11-17 11:24:25.922] [jointLog] [info] iteration = 300 | max rel diff. = 0.431436
[2022-11-17 11:24:26.502] [jointLog] [info] iteration = 400 | max rel diff. = 1.68916
[2022-11-17 11:24:27.162] [jointLog] [info] iteration = 500 | max rel diff. = 0.0614314
[2022-11-17 11:24:27.837] [jointLog] [info] iteration = 600 | max rel diff. = 0.0830518
[2022-11-17 11:24:28.511] [jointLog] [info] iteration = 700 | max rel diff. = 0.090993
[2022-11-17 11:24:29.171] [jointLog] [info] iteration = 800 | max rel diff. = 0.0566609
[2022-11-17 11:24:29.782] [jointLog] [info] iteration = 900 | max rel diff. = 0.729058
[2022-11-17 11:24:29.921] [jointLog] [info] iteration = 923 | max rel diff. = 0.00531797
[2022-11-17 11:24:29.927] [jointLog] [info] Finished optimizer
[2022-11-17 11:24:29.927] [jointLog] [info] writing output 

