[2022-11-17 10:44:38.735] [jointLog] [info] setting maxHashResizeThreads to 6
[2022-11-17 10:44:38.735] [jointLog] [info] Fragment incompatibility prior below threshold.  Incompatible fragments will be ignored.
[2022-11-17 10:44:38.735] [jointLog] [info] Usage of --validateMappings implies use of minScoreFraction. Since not explicitly specified, it is being set to 0.65
[2022-11-17 10:44:38.735] [jointLog] [info] Setting consensusSlack to selective-alignment default of 0.35.
[2022-11-17 10:44:38.735] [jointLog] [info] parsing read library format
[2022-11-17 10:44:38.736] [jointLog] [info] There is 1 library.
[2022-11-17 10:44:38.886] [jointLog] [info] Loading pufferfish index
[2022-11-17 10:44:38.952] [jointLog] [info] Loading dense pufferfish index.
[2022-11-17 10:47:49.918] [jointLog] [info] done
[2022-11-17 10:47:50.271] [jointLog] [info] Index contained 138045 targets
[2022-11-17 10:47:50.318] [jointLog] [info] Number of decoys : 66
[2022-11-17 10:47:50.318] [jointLog] [info] First decoy index : 137940 
[2022-11-17 10:48:22.798] [fileLog] [info] 
At end of round 0
==================
Observed 4367278 total fragments (4367278 in most recent round)

[2022-11-17 10:48:22.606] [jointLog] [info] Thread saw mini-batch with a maximum of 1.04% zero probability fragments
[2022-11-17 10:48:22.623] [jointLog] [info] Thread saw mini-batch with a maximum of 1.04% zero probability fragments
[2022-11-17 10:48:22.650] [jointLog] [info] Thread saw mini-batch with a maximum of 0.96% zero probability fragments
[2022-11-17 10:48:22.689] [jointLog] [info] Thread saw mini-batch with a maximum of 0.90% zero probability fragments
[2022-11-17 10:48:22.708] [jointLog] [info] Thread saw mini-batch with a maximum of 1.04% zero probability fragments
[2022-11-17 10:48:22.734] [jointLog] [info] Thread saw mini-batch with a maximum of 1.08% zero probability fragments
[2022-11-17 10:48:22.797] [jointLog] [info] Computed 63500 rich equivalence classes for further processing
[2022-11-17 10:48:22.797] [jointLog] [info] Counted 3756161 total reads in the equivalence classes 
[2022-11-17 10:48:22.803] [jointLog] [warning] 0.694025% of fragments were shorter than the k used to build the index.
If this fraction is too large, consider re-building the index with a smaller k.
The minimum read size found was 20.


[2022-11-17 10:48:22.803] [jointLog] [info] Number of mappings discarded because of alignment score : 3863514
[2022-11-17 10:48:22.803] [jointLog] [info] Number of fragments entirely discarded because of alignment score : 153627
[2022-11-17 10:48:22.803] [jointLog] [info] Number of fragments discarded because they are best-mapped to decoys : 150639
[2022-11-17 10:48:22.803] [jointLog] [info] Number of fragments discarded because they have only dovetail (discordant) mappings to valid targets : 0
[2022-11-17 10:48:22.810] [jointLog] [warning] Only 3756161 fragments were mapped, but the number of burn-in fragments was set to 5000000.
The effective lengths have been computed using the observed mappings.

[2022-11-17 10:48:22.810] [jointLog] [info] Mapping rate = 86.0069%

[2022-11-17 10:48:22.810] [jointLog] [info] finished quantifyLibrary()
[2022-11-17 10:48:23.369] [jointLog] [info] Starting optimizer
[2022-11-17 10:48:23.427] [jointLog] [info] Marked 0 weighted equivalence classes as degenerate
[2022-11-17 10:48:23.436] [jointLog] [info] iteration = 0 | max rel diff. = 2488.28
[2022-11-17 10:48:23.993] [jointLog] [info] iteration = 100 | max rel diff. = 14.6064
[2022-11-17 10:48:24.520] [jointLog] [info] iteration = 200 | max rel diff. = 1.47026
[2022-11-17 10:48:25.045] [jointLog] [info] iteration = 300 | max rel diff. = 0.348091
[2022-11-17 10:48:25.563] [jointLog] [info] iteration = 400 | max rel diff. = 0.945968
[2022-11-17 10:48:26.078] [jointLog] [info] iteration = 500 | max rel diff. = 0.116352
[2022-11-17 10:48:26.597] [jointLog] [info] iteration = 600 | max rel diff. = 0.207606
[2022-11-17 10:48:27.116] [jointLog] [info] iteration = 700 | max rel diff. = 0.31559
[2022-11-17 10:48:27.631] [jointLog] [info] iteration = 800 | max rel diff. = 0.0890356
[2022-11-17 10:48:28.148] [jointLog] [info] iteration = 900 | max rel diff. = 0.0978395
[2022-11-17 10:48:28.673] [jointLog] [info] iteration = 1000 | max rel diff. = 0.0186889
[2022-11-17 10:48:29.200] [jointLog] [info] iteration = 1100 | max rel diff. = 0.0260972
[2022-11-17 10:48:29.712] [jointLog] [info] iteration = 1199 | max rel diff. = 0.00652114
[2022-11-17 10:48:29.718] [jointLog] [info] Finished optimizer
[2022-11-17 10:48:29.718] [jointLog] [info] writing output 

