[2022-11-17 10:39:21.694] [jointLog] [info] setting maxHashResizeThreads to 6
[2022-11-17 10:39:21.694] [jointLog] [info] Fragment incompatibility prior below threshold.  Incompatible fragments will be ignored.
[2022-11-17 10:39:21.694] [jointLog] [info] Usage of --validateMappings implies use of minScoreFraction. Since not explicitly specified, it is being set to 0.65
[2022-11-17 10:39:21.694] [jointLog] [info] Setting consensusSlack to selective-alignment default of 0.35.
[2022-11-17 10:39:21.694] [jointLog] [info] parsing read library format
[2022-11-17 10:39:21.696] [jointLog] [info] There is 1 library.
[2022-11-17 10:39:22.291] [jointLog] [info] Loading pufferfish index
[2022-11-17 10:39:22.534] [jointLog] [info] Loading dense pufferfish index.
[2022-11-17 10:47:50.323] [jointLog] [info] done
[2022-11-17 10:47:50.489] [jointLog] [info] Index contained 138045 targets
[2022-11-17 10:47:50.533] [jointLog] [info] Number of decoys : 66
[2022-11-17 10:47:50.533] [jointLog] [info] First decoy index : 137940 
[2022-11-17 10:48:26.701] [jointLog] [info] Thread saw mini-batch with a maximum of 1.16% zero probability fragments
[2022-11-17 10:48:26.741] [jointLog] [info] Thread saw mini-batch with a maximum of 1.26% zero probability fragments
[2022-11-17 10:48:26.764] [jointLog] [info] Thread saw mini-batch with a maximum of 1.20% zero probability fragments
[2022-11-17 10:48:26.788] [jointLog] [info] Thread saw mini-batch with a maximum of 1.20% zero probability fragments
[2022-11-17 10:48:26.834] [jointLog] [info] Thread saw mini-batch with a maximum of 1.12% zero probability fragments
[2022-11-17 10:48:26.881] [jointLog] [info] Thread saw mini-batch with a maximum of 1.22% zero probability fragments
[2022-11-17 10:48:26.980] [jointLog] [info] Computed 69388 rich equivalence classes for further processing
[2022-11-17 10:48:26.980] [jointLog] [info] Counted 4431697 total reads in the equivalence classes 
[2022-11-17 10:48:26.986] [jointLog] [warning] 0.795723% of fragments were shorter than the k used to build the index.
If this fraction is too large, consider re-building the index with a smaller k.
The minimum read size found was 20.


[2022-11-17 10:48:26.986] [jointLog] [info] Number of mappings discarded because of alignment score : 4667335
[2022-11-17 10:48:26.986] [jointLog] [info] Number of fragments entirely discarded because of alignment score : 197063
[2022-11-17 10:48:26.986] [jointLog] [info] Number of fragments discarded because they are best-mapped to decoys : 192415
[2022-11-17 10:48:26.986] [jointLog] [info] Number of fragments discarded because they have only dovetail (discordant) mappings to valid targets : 0
[2022-11-17 10:48:26.992] [jointLog] [warning] Only 4431697 fragments were mapped, but the number of burn-in fragments was set to 5000000.
The effective lengths have been computed using the observed mappings.

[2022-11-17 10:48:26.992] [jointLog] [info] Mapping rate = 85.1768%

[2022-11-17 10:48:26.992] [jointLog] [info] finished quantifyLibrary()
[2022-11-17 10:48:26.981] [fileLog] [info] 
At end of round 0
==================
Observed 5202940 total fragments (5202940 in most recent round)

[2022-11-17 10:48:27.769] [jointLog] [info] Starting optimizer
[2022-11-17 10:48:27.836] [jointLog] [info] Marked 0 weighted equivalence classes as degenerate
[2022-11-17 10:48:27.845] [jointLog] [info] iteration = 0 | max rel diff. = 2906.33
[2022-11-17 10:48:28.400] [jointLog] [info] iteration = 100 | max rel diff. = 11.5128
[2022-11-17 10:48:28.943] [jointLog] [info] iteration = 200 | max rel diff. = 7.59903
[2022-11-17 10:48:29.484] [jointLog] [info] iteration = 300 | max rel diff. = 1.23211
[2022-11-17 10:48:30.023] [jointLog] [info] iteration = 400 | max rel diff. = 0.140933
[2022-11-17 10:48:30.557] [jointLog] [info] iteration = 500 | max rel diff. = 0.0743839
[2022-11-17 10:48:31.090] [jointLog] [info] iteration = 600 | max rel diff. = 0.932807
[2022-11-17 10:48:31.623] [jointLog] [info] iteration = 700 | max rel diff. = 0.0262693
[2022-11-17 10:48:32.161] [jointLog] [info] iteration = 800 | max rel diff. = 0.477469
[2022-11-17 10:48:32.703] [jointLog] [info] iteration = 900 | max rel diff. = 0.0529715
[2022-11-17 10:48:33.139] [jointLog] [info] iteration = 983 | max rel diff. = 0.00863996
[2022-11-17 10:48:33.145] [jointLog] [info] Finished optimizer
[2022-11-17 10:48:33.145] [jointLog] [info] writing output 

