[2022-11-17 11:31:40.524] [jointLog] [info] setting maxHashResizeThreads to 6
[2022-11-17 11:31:40.524] [jointLog] [info] Fragment incompatibility prior below threshold.  Incompatible fragments will be ignored.
[2022-11-17 11:31:40.524] [jointLog] [info] Usage of --validateMappings implies use of minScoreFraction. Since not explicitly specified, it is being set to 0.65
[2022-11-17 11:31:40.524] [jointLog] [info] Setting consensusSlack to selective-alignment default of 0.35.
[2022-11-17 11:31:40.524] [jointLog] [info] parsing read library format
[2022-11-17 11:31:40.524] [jointLog] [info] There is 1 library.
[2022-11-17 11:31:40.894] [jointLog] [info] Loading pufferfish index
[2022-11-17 11:31:41.072] [jointLog] [info] Loading dense pufferfish index.
[2022-11-17 11:39:19.932] [jointLog] [info] done
[2022-11-17 11:39:20.237] [jointLog] [info] Index contained 138045 targets
[2022-11-17 11:39:20.288] [jointLog] [info] Number of decoys : 66
[2022-11-17 11:39:20.288] [jointLog] [info] First decoy index : 137940 
[2022-11-17 11:39:36.734] [fileLog] [info] 
At end of round 0
==================
Observed 7993908 total fragments (7993908 in most recent round)

[2022-11-17 11:39:36.652] [jointLog] [info] Thread saw mini-batch with a maximum of 0.12% zero probability fragments
[2022-11-17 11:39:36.661] [jointLog] [info] Thread saw mini-batch with a maximum of 0.12% zero probability fragments
[2022-11-17 11:39:36.662] [jointLog] [info] Thread saw mini-batch with a maximum of 0.12% zero probability fragments
[2022-11-17 11:39:36.671] [jointLog] [info] Thread saw mini-batch with a maximum of 0.10% zero probability fragments
[2022-11-17 11:39:36.675] [jointLog] [info] Thread saw mini-batch with a maximum of 0.10% zero probability fragments
[2022-11-17 11:39:36.693] [jointLog] [info] Thread saw mini-batch with a maximum of 0.10% zero probability fragments
[2022-11-17 11:39:36.733] [jointLog] [info] Computed 21809 rich equivalence classes for further processing
[2022-11-17 11:39:36.733] [jointLog] [info] Counted 1096132 total reads in the equivalence classes 
[2022-11-17 11:39:36.736] [jointLog] [warning] 0.472285% of fragments were shorter than the k used to build the index.
If this fraction is too large, consider re-building the index with a smaller k.
The minimum read size found was 20.


[2022-11-17 11:39:36.736] [jointLog] [info] Number of mappings discarded because of alignment score : 1772945
[2022-11-17 11:39:36.736] [jointLog] [info] Number of fragments entirely discarded because of alignment score : 126409
[2022-11-17 11:39:36.736] [jointLog] [info] Number of fragments discarded because they are best-mapped to decoys : 70490
[2022-11-17 11:39:36.736] [jointLog] [info] Number of fragments discarded because they have only dovetail (discordant) mappings to valid targets : 0
[2022-11-17 11:39:36.743] [jointLog] [warning] Only 1096132 fragments were mapped, but the number of burn-in fragments was set to 5000000.
The effective lengths have been computed using the observed mappings.

[2022-11-17 11:39:36.743] [jointLog] [info] Mapping rate = 13.7121%

[2022-11-17 11:39:36.743] [jointLog] [info] finished quantifyLibrary()
[2022-11-17 11:39:37.148] [jointLog] [info] Starting optimizer
[2022-11-17 11:39:37.196] [jointLog] [info] Marked 0 weighted equivalence classes as degenerate
[2022-11-17 11:39:37.203] [jointLog] [info] iteration = 0 | max rel diff. = 775.781
[2022-11-17 11:39:37.655] [jointLog] [info] iteration = 100 | max rel diff. = 2.02029
[2022-11-17 11:39:38.095] [jointLog] [info] iteration = 200 | max rel diff. = 0.825194
[2022-11-17 11:39:38.525] [jointLog] [info] iteration = 300 | max rel diff. = 0.0776381
[2022-11-17 11:39:38.974] [jointLog] [info] iteration = 400 | max rel diff. = 0.28072
[2022-11-17 11:39:39.408] [jointLog] [info] iteration = 500 | max rel diff. = 0.0535914
[2022-11-17 11:39:39.850] [jointLog] [info] iteration = 600 | max rel diff. = 0.039136
[2022-11-17 11:39:40.283] [jointLog] [info] iteration = 700 | max rel diff. = 0.0408693
[2022-11-17 11:39:40.396] [jointLog] [info] iteration = 727 | max rel diff. = 0.000956042
[2022-11-17 11:39:40.402] [jointLog] [info] Finished optimizer
[2022-11-17 11:39:40.402] [jointLog] [info] writing output 

