[2022-11-17 10:38:19.462] [jointLog] [info] setting maxHashResizeThreads to 6
[2022-11-17 10:38:19.462] [jointLog] [info] Fragment incompatibility prior below threshold.  Incompatible fragments will be ignored.
[2022-11-17 10:38:19.462] [jointLog] [info] Usage of --validateMappings implies use of minScoreFraction. Since not explicitly specified, it is being set to 0.65
[2022-11-17 10:38:19.462] [jointLog] [info] Setting consensusSlack to selective-alignment default of 0.35.
[2022-11-17 10:38:19.462] [jointLog] [info] parsing read library format
[2022-11-17 10:38:19.463] [jointLog] [info] There is 1 library.
[2022-11-17 10:38:20.132] [jointLog] [info] Loading pufferfish index
[2022-11-17 10:38:20.436] [jointLog] [info] Loading dense pufferfish index.
[2022-11-17 10:47:49.918] [jointLog] [info] done
[2022-11-17 10:47:50.274] [jointLog] [info] Index contained 138045 targets
[2022-11-17 10:47:50.323] [jointLog] [info] Number of decoys : 66
[2022-11-17 10:47:50.323] [jointLog] [info] First decoy index : 137940 
[2022-11-17 10:48:15.503] [jointLog] [info] Thread saw mini-batch with a maximum of 0.14% zero probability fragments
[2022-11-17 10:48:15.503] [jointLog] [info] Thread saw mini-batch with a maximum of 0.16% zero probability fragments
[2022-11-17 10:48:15.503] [jointLog] [info] Thread saw mini-batch with a maximum of 0.18% zero probability fragments
[2022-11-17 10:48:15.503] [jointLog] [info] Thread saw mini-batch with a maximum of 0.18% zero probability fragments
[2022-11-17 10:48:15.503] [jointLog] [info] Thread saw mini-batch with a maximum of 0.20% zero probability fragments
[2022-11-17 10:48:15.503] [jointLog] [info] Thread saw mini-batch with a maximum of 0.14% zero probability fragments
[2022-11-17 10:48:15.543] [jointLog] [info] Computed 27233 rich equivalence classes for further processing
[2022-11-17 10:48:15.543] [jointLog] [info] Counted 1337003 total reads in the equivalence classes 
[2022-11-17 10:48:15.547] [jointLog] [warning] 0.923719% of fragments were shorter than the k used to build the index.
If this fraction is too large, consider re-building the index with a smaller k.
The minimum read size found was 20.


[2022-11-17 10:48:15.547] [jointLog] [info] Number of mappings discarded because of alignment score : 2055760
[2022-11-17 10:48:15.547] [jointLog] [info] Number of fragments entirely discarded because of alignment score : 154723
[2022-11-17 10:48:15.547] [jointLog] [info] Number of fragments discarded because they are best-mapped to decoys : 88682
[2022-11-17 10:48:15.547] [jointLog] [info] Number of fragments discarded because they have only dovetail (discordant) mappings to valid targets : 0
[2022-11-17 10:48:15.553] [jointLog] [warning] Only 1337003 fragments were mapped, but the number of burn-in fragments was set to 5000000.
The effective lengths have been computed using the observed mappings.

[2022-11-17 10:48:15.553] [jointLog] [info] Mapping rate = 14.0877%

[2022-11-17 10:48:15.553] [jointLog] [info] finished quantifyLibrary()
[2022-11-17 10:48:15.543] [fileLog] [info] 
At end of round 0
==================
Observed 9490548 total fragments (9490548 in most recent round)

[2022-11-17 10:48:16.326] [jointLog] [info] Starting optimizer
[2022-11-17 10:48:16.380] [jointLog] [info] Marked 0 weighted equivalence classes as degenerate
[2022-11-17 10:48:16.386] [jointLog] [info] iteration = 0 | max rel diff. = 936.757
[2022-11-17 10:48:16.857] [jointLog] [info] iteration = 100 | max rel diff. = 16.8733
[2022-11-17 10:48:17.335] [jointLog] [info] iteration = 200 | max rel diff. = 0.790754
[2022-11-17 10:48:17.784] [jointLog] [info] iteration = 300 | max rel diff. = 0.623949
[2022-11-17 10:48:18.231] [jointLog] [info] iteration = 400 | max rel diff. = 0.0491723
[2022-11-17 10:48:18.684] [jointLog] [info] iteration = 500 | max rel diff. = 1.59916
[2022-11-17 10:48:18.887] [jointLog] [info] iteration = 546 | max rel diff. = 0.00804568
[2022-11-17 10:48:18.893] [jointLog] [info] Finished optimizer
[2022-11-17 10:48:18.893] [jointLog] [info] writing output 

