[2022-11-17 10:02:50.424] [jointLog] [info] setting maxHashResizeThreads to 6
[2022-11-17 10:02:50.424] [jointLog] [info] Fragment incompatibility prior below threshold.  Incompatible fragments will be ignored.
[2022-11-17 10:02:50.424] [jointLog] [info] Usage of --validateMappings implies use of minScoreFraction. Since not explicitly specified, it is being set to 0.65
[2022-11-17 10:02:50.424] [jointLog] [info] Setting consensusSlack to selective-alignment default of 0.35.
[2022-11-17 10:02:50.424] [jointLog] [info] parsing read library format
[2022-11-17 10:02:50.426] [jointLog] [info] There is 1 library.
[2022-11-17 10:02:50.900] [jointLog] [info] Loading pufferfish index
[2022-11-17 10:02:51.078] [jointLog] [info] Loading dense pufferfish index.
[2022-11-17 10:08:44.771] [jointLog] [info] done
[2022-11-17 10:08:44.865] [jointLog] [info] Index contained 138045 targets
[2022-11-17 10:08:44.916] [jointLog] [info] Number of decoys : 66
[2022-11-17 10:08:44.916] [jointLog] [info] First decoy index : 137940 
[2022-11-17 10:09:08.702] [jointLog] [info] Thread saw mini-batch with a maximum of 0.18% zero probability fragments
[2022-11-17 10:09:08.724] [jointLog] [info] Thread saw mini-batch with a maximum of 0.20% zero probability fragments
[2022-11-17 10:09:08.728] [jointLog] [info] Thread saw mini-batch with a maximum of 0.20% zero probability fragments
[2022-11-17 10:09:08.735] [jointLog] [info] Thread saw mini-batch with a maximum of 0.18% zero probability fragments
[2022-11-17 10:09:08.736] [jointLog] [info] Thread saw mini-batch with a maximum of 0.22% zero probability fragments
[2022-11-17 10:09:08.753] [jointLog] [info] Thread saw mini-batch with a maximum of 0.20% zero probability fragments
[2022-11-17 10:09:08.804] [jointLog] [info] Computed 29847 rich equivalence classes for further processing
[2022-11-17 10:09:08.804] [jointLog] [info] Counted 1069009 total reads in the equivalence classes 
[2022-11-17 10:09:08.808] [jointLog] [warning] 0.7024% of fragments were shorter than the k used to build the index.
If this fraction is too large, consider re-building the index with a smaller k.
The minimum read size found was 20.


[2022-11-17 10:09:08.808] [jointLog] [info] Number of mappings discarded because of alignment score : 1949150
[2022-11-17 10:09:08.808] [jointLog] [info] Number of fragments entirely discarded because of alignment score : 133789
[2022-11-17 10:09:08.808] [jointLog] [info] Number of fragments discarded because they are best-mapped to decoys : 77094
[2022-11-17 10:09:08.809] [jointLog] [info] Number of fragments discarded because they have only dovetail (discordant) mappings to valid targets : 0
[2022-11-17 10:09:08.818] [jointLog] [warning] Only 1069009 fragments were mapped, but the number of burn-in fragments was set to 5000000.
The effective lengths have been computed using the observed mappings.

[2022-11-17 10:09:08.818] [jointLog] [info] Mapping rate = 13.1363%

[2022-11-17 10:09:08.818] [jointLog] [info] finished quantifyLibrary()
[2022-11-17 10:09:08.845] [jointLog] [info] Starting optimizer
[2022-11-17 10:09:08.897] [jointLog] [info] Marked 0 weighted equivalence classes as degenerate
[2022-11-17 10:09:08.904] [jointLog] [info] iteration = 0 | max rel diff. = 756.118
[2022-11-17 10:09:08.804] [fileLog] [info] 
At end of round 0
==================
Observed 8137812 total fragments (8137812 in most recent round)

[2022-11-17 10:09:09.450] [jointLog] [info] iteration = 100 | max rel diff. = 13.3313
[2022-11-17 10:09:09.991] [jointLog] [info] iteration = 200 | max rel diff. = 0.345066
[2022-11-17 10:09:10.514] [jointLog] [info] iteration = 300 | max rel diff. = 0.0518624
[2022-11-17 10:09:11.016] [jointLog] [info] iteration = 400 | max rel diff. = 0.0706798
[2022-11-17 10:09:11.091] [jointLog] [info] iteration = 417 | max rel diff. = 0.00829405
[2022-11-17 10:09:11.097] [jointLog] [info] Finished optimizer
[2022-11-17 10:09:11.097] [jointLog] [info] writing output 

