[2022-11-17 14:26:09.060] [jointLog] [info] setting maxHashResizeThreads to 6
[2022-11-17 14:26:09.060] [jointLog] [info] Fragment incompatibility prior below threshold.  Incompatible fragments will be ignored.
[2022-11-17 14:26:09.060] [jointLog] [info] Usage of --validateMappings implies use of minScoreFraction. Since not explicitly specified, it is being set to 0.65
[2022-11-17 14:26:09.060] [jointLog] [info] Setting consensusSlack to selective-alignment default of 0.35.
[2022-11-17 14:26:09.060] [jointLog] [info] parsing read library format
[2022-11-17 14:26:09.062] [jointLog] [info] There is 1 library.
[2022-11-17 14:26:09.494] [jointLog] [info] Loading pufferfish index
[2022-11-17 14:26:09.683] [jointLog] [info] Loading dense pufferfish index.
[2022-11-17 14:30:30.092] [jointLog] [info] done
[2022-11-17 14:30:30.189] [jointLog] [info] Index contained 138045 targets
[2022-11-17 14:30:30.244] [jointLog] [info] Number of decoys : 66
[2022-11-17 14:30:30.244] [jointLog] [info] First decoy index : 137940 
[2022-11-17 14:31:04.523] [jointLog] [info] Thread saw mini-batch with a maximum of 1.04% zero probability fragments
[2022-11-17 14:31:04.541] [jointLog] [info] Thread saw mini-batch with a maximum of 1.06% zero probability fragments
[2022-11-17 14:31:04.580] [jointLog] [info] Thread saw mini-batch with a maximum of 1.08% zero probability fragments
[2022-11-17 14:31:04.666] [jointLog] [info] Thread saw mini-batch with a maximum of 1.08% zero probability fragments
[2022-11-17 14:31:04.667] [jointLog] [info] Thread saw mini-batch with a maximum of 1.08% zero probability fragments
[2022-11-17 14:31:04.756] [jointLog] [info] Thread saw mini-batch with a maximum of 1.08% zero probability fragments
[2022-11-17 14:31:04.834] [jointLog] [info] Computed 65425 rich equivalence classes for further processing
[2022-11-17 14:31:04.835] [jointLog] [info] Counted 3697488 total reads in the equivalence classes 
[2022-11-17 14:31:04.842] [jointLog] [warning] 0.83434% of fragments were shorter than the k used to build the index.
If this fraction is too large, consider re-building the index with a smaller k.
The minimum read size found was 20.


[2022-11-17 14:31:04.842] [jointLog] [info] Number of mappings discarded because of alignment score : 3496224
[2022-11-17 14:31:04.842] [jointLog] [info] Number of fragments entirely discarded because of alignment score : 145885
[2022-11-17 14:31:04.842] [jointLog] [info] Number of fragments discarded because they are best-mapped to decoys : 141743
[2022-11-17 14:31:04.842] [jointLog] [info] Number of fragments discarded because they have only dovetail (discordant) mappings to valid targets : 0
[2022-11-17 14:31:04.851] [jointLog] [warning] Only 3697488 fragments were mapped, but the number of burn-in fragments was set to 5000000.
The effective lengths have been computed using the observed mappings.

[2022-11-17 14:31:04.851] [jointLog] [info] Mapping rate = 84.6239%

[2022-11-17 14:31:04.851] [jointLog] [info] finished quantifyLibrary()
[2022-11-17 14:31:05.025] [jointLog] [info] Starting optimizer
[2022-11-17 14:31:05.085] [jointLog] [info] Marked 0 weighted equivalence classes as degenerate
[2022-11-17 14:31:05.093] [jointLog] [info] iteration = 0 | max rel diff. = 2473.23
[2022-11-17 14:31:04.835] [fileLog] [info] 
At end of round 0
==================
Observed 4369321 total fragments (4369321 in most recent round)

[2022-11-17 14:31:05.720] [jointLog] [info] iteration = 100 | max rel diff. = 6.10835
[2022-11-17 14:31:06.296] [jointLog] [info] iteration = 200 | max rel diff. = 4.53937
[2022-11-17 14:31:06.862] [jointLog] [info] iteration = 300 | max rel diff. = 0.10025
[2022-11-17 14:31:07.449] [jointLog] [info] iteration = 400 | max rel diff. = 0.0977548
[2022-11-17 14:31:08.048] [jointLog] [info] iteration = 500 | max rel diff. = 0.128293
[2022-11-17 14:31:08.613] [jointLog] [info] iteration = 600 | max rel diff. = 0.18628
[2022-11-17 14:31:09.185] [jointLog] [info] iteration = 700 | max rel diff. = 0.0252542
[2022-11-17 14:31:09.791] [jointLog] [info] iteration = 800 | max rel diff. = 0.942343
[2022-11-17 14:31:10.188] [jointLog] [info] iteration = 868 | max rel diff. = 0.00442429
[2022-11-17 14:31:10.195] [jointLog] [info] Finished optimizer
[2022-11-17 14:31:10.195] [jointLog] [info] writing output 

