[2022-11-17 09:32:01.988] [jointLog] [info] setting maxHashResizeThreads to 6
[2022-11-17 09:32:01.988] [jointLog] [info] Fragment incompatibility prior below threshold.  Incompatible fragments will be ignored.
[2022-11-17 09:32:01.988] [jointLog] [info] Usage of --validateMappings implies use of minScoreFraction. Since not explicitly specified, it is being set to 0.65
[2022-11-17 09:32:01.988] [jointLog] [info] Setting consensusSlack to selective-alignment default of 0.35.
[2022-11-17 09:32:01.988] [jointLog] [info] parsing read library format
[2022-11-17 09:32:01.989] [jointLog] [info] There is 1 library.
[2022-11-17 09:32:02.015] [jointLog] [info] Loading pufferfish index
[2022-11-17 09:32:02.038] [jointLog] [info] Loading dense pufferfish index.
[2022-11-17 09:34:47.698] [jointLog] [info] done
[2022-11-17 09:34:47.775] [jointLog] [info] Index contained 138045 targets
[2022-11-17 09:34:47.818] [jointLog] [info] Number of decoys : 66
[2022-11-17 09:34:47.818] [jointLog] [info] First decoy index : 137940 
[2022-11-17 09:35:21.598] [jointLog] [info] Thread saw mini-batch with a maximum of 1.12% zero probability fragments
[2022-11-17 09:35:21.602] [jointLog] [info] Thread saw mini-batch with a maximum of 0.96% zero probability fragments
[2022-11-17 09:35:21.610] [jointLog] [info] Thread saw mini-batch with a maximum of 1.00% zero probability fragments
[2022-11-17 09:35:21.637] [jointLog] [info] Thread saw mini-batch with a maximum of 1.12% zero probability fragments
[2022-11-17 09:35:21.641] [jointLog] [info] Thread saw mini-batch with a maximum of 1.02% zero probability fragments
[2022-11-17 09:35:21.709] [jointLog] [info] Thread saw mini-batch with a maximum of 1.04% zero probability fragments
[2022-11-17 09:35:21.788] [jointLog] [info] Computed 66517 rich equivalence classes for further processing
[2022-11-17 09:35:21.788] [jointLog] [info] Counted 3523031 total reads in the equivalence classes 
[2022-11-17 09:35:21.793] [jointLog] [warning] 0.761655% of fragments were shorter than the k used to build the index.
If this fraction is too large, consider re-building the index with a smaller k.
The minimum read size found was 20.


[2022-11-17 09:35:21.793] [jointLog] [info] Number of mappings discarded because of alignment score : 3137291
[2022-11-17 09:35:21.793] [jointLog] [info] Number of fragments entirely discarded because of alignment score : 129133
[2022-11-17 09:35:21.793] [jointLog] [info] Number of fragments discarded because they are best-mapped to decoys : 125774
[2022-11-17 09:35:21.793] [jointLog] [info] Number of fragments discarded because they have only dovetail (discordant) mappings to valid targets : 0
[2022-11-17 09:35:21.798] [jointLog] [warning] Only 3523031 fragments were mapped, but the number of burn-in fragments was set to 5000000.
The effective lengths have been computed using the observed mappings.

[2022-11-17 09:35:21.798] [jointLog] [info] Mapping rate = 84.1698%

[2022-11-17 09:35:21.798] [jointLog] [info] finished quantifyLibrary()
[2022-11-17 09:35:21.809] [jointLog] [info] Starting optimizer
[2022-11-17 09:35:21.788] [fileLog] [info] 
At end of round 0
==================
Observed 4185624 total fragments (4185624 in most recent round)

[2022-11-17 09:35:22.530] [jointLog] [info] Marked 0 weighted equivalence classes as degenerate
[2022-11-17 09:35:22.538] [jointLog] [info] iteration = 0 | max rel diff. = 2349.79
[2022-11-17 09:35:23.226] [jointLog] [info] iteration = 100 | max rel diff. = 8.13939
[2022-11-17 09:35:23.823] [jointLog] [info] iteration = 200 | max rel diff. = 0.717164
[2022-11-17 09:35:24.420] [jointLog] [info] iteration = 300 | max rel diff. = 0.226084
[2022-11-17 09:35:25.024] [jointLog] [info] iteration = 400 | max rel diff. = 1.07682
[2022-11-17 09:35:25.645] [jointLog] [info] iteration = 500 | max rel diff. = 0.48946
[2022-11-17 09:35:26.240] [jointLog] [info] iteration = 600 | max rel diff. = 0.0334817
[2022-11-17 09:35:26.853] [jointLog] [info] iteration = 700 | max rel diff. = 0.0363958
[2022-11-17 09:35:27.478] [jointLog] [info] iteration = 800 | max rel diff. = 0.0215852
[2022-11-17 09:35:28.080] [jointLog] [info] iteration = 900 | max rel diff. = 0.102912
[2022-11-17 09:35:28.339] [jointLog] [info] iteration = 943 | max rel diff. = 0.00174113
[2022-11-17 09:35:28.345] [jointLog] [info] Finished optimizer
[2022-11-17 09:35:28.345] [jointLog] [info] writing output 

