[2022-11-17 14:46:04.437] [jointLog] [info] setting maxHashResizeThreads to 6
[2022-11-17 14:46:04.437] [jointLog] [info] Fragment incompatibility prior below threshold.  Incompatible fragments will be ignored.
[2022-11-17 14:46:04.437] [jointLog] [info] Usage of --validateMappings implies use of minScoreFraction. Since not explicitly specified, it is being set to 0.65
[2022-11-17 14:46:04.437] [jointLog] [info] Setting consensusSlack to selective-alignment default of 0.35.
[2022-11-17 14:46:04.437] [jointLog] [info] parsing read library format
[2022-11-17 14:46:04.438] [jointLog] [info] There is 1 library.
[2022-11-17 14:46:04.505] [jointLog] [info] Loading pufferfish index
[2022-11-17 14:46:04.508] [jointLog] [info] Loading dense pufferfish index.
[2022-11-17 14:50:58.244] [jointLog] [info] done
[2022-11-17 14:50:58.424] [jointLog] [info] Index contained 138045 targets
[2022-11-17 14:50:58.477] [jointLog] [info] Number of decoys : 66
[2022-11-17 14:50:58.477] [jointLog] [info] First decoy index : 137940 
[2022-11-17 14:51:32.633] [jointLog] [info] Thread saw mini-batch with a maximum of 1.04% zero probability fragments
[2022-11-17 14:51:32.733] [jointLog] [info] Thread saw mini-batch with a maximum of 1.00% zero probability fragments
[2022-11-17 14:51:32.754] [jointLog] [info] Thread saw mini-batch with a maximum of 0.98% zero probability fragments
[2022-11-17 14:51:32.763] [jointLog] [info] Thread saw mini-batch with a maximum of 0.94% zero probability fragments
[2022-11-17 14:51:32.774] [jointLog] [info] Thread saw mini-batch with a maximum of 1.02% zero probability fragments
[2022-11-17 14:51:32.796] [jointLog] [info] Thread saw mini-batch with a maximum of 1.00% zero probability fragments
[2022-11-17 14:51:32.898] [jointLog] [info] Computed 65896 rich equivalence classes for further processing
[2022-11-17 14:51:32.898] [jointLog] [info] Counted 4325395 total reads in the equivalence classes 
[2022-11-17 14:51:32.906] [jointLog] [warning] 0.719583% of fragments were shorter than the k used to build the index.
If this fraction is too large, consider re-building the index with a smaller k.
The minimum read size found was 20.


[2022-11-17 14:51:32.906] [jointLog] [info] Number of mappings discarded because of alignment score : 4058830
[2022-11-17 14:51:32.906] [jointLog] [info] Number of fragments entirely discarded because of alignment score : 163043
[2022-11-17 14:51:32.906] [jointLog] [info] Number of fragments discarded because they are best-mapped to decoys : 159141
[2022-11-17 14:51:32.906] [jointLog] [info] Number of fragments discarded because they have only dovetail (discordant) mappings to valid targets : 0
[2022-11-17 14:51:32.915] [jointLog] [warning] Only 4325395 fragments were mapped, but the number of burn-in fragments was set to 5000000.
The effective lengths have been computed using the observed mappings.

[2022-11-17 14:51:32.915] [jointLog] [info] Mapping rate = 86.9383%

[2022-11-17 14:51:32.915] [jointLog] [info] finished quantifyLibrary()
[2022-11-17 14:51:32.899] [fileLog] [info] 
At end of round 0
==================
Observed 4975246 total fragments (4975246 in most recent round)

[2022-11-17 14:51:33.146] [jointLog] [info] Starting optimizer
[2022-11-17 14:51:33.200] [jointLog] [info] Marked 0 weighted equivalence classes as degenerate
[2022-11-17 14:51:33.209] [jointLog] [info] iteration = 0 | max rel diff. = 2862
[2022-11-17 14:51:33.845] [jointLog] [info] iteration = 100 | max rel diff. = 2.6934
[2022-11-17 14:51:34.406] [jointLog] [info] iteration = 200 | max rel diff. = 4.44586
[2022-11-17 14:51:34.952] [jointLog] [info] iteration = 300 | max rel diff. = 0.692928
[2022-11-17 14:51:35.516] [jointLog] [info] iteration = 400 | max rel diff. = 0.732225
[2022-11-17 14:51:36.126] [jointLog] [info] iteration = 500 | max rel diff. = 0.0155351
[2022-11-17 14:51:36.825] [jointLog] [info] iteration = 600 | max rel diff. = 0.0985445
[2022-11-17 14:51:37.373] [jointLog] [info] iteration = 700 | max rel diff. = 0.025237
[2022-11-17 14:51:38.002] [jointLog] [info] iteration = 800 | max rel diff. = 0.0773315
[2022-11-17 14:51:38.546] [jointLog] [info] iteration = 900 | max rel diff. = 9.36736
[2022-11-17 14:51:38.557] [jointLog] [info] iteration = 903 | max rel diff. = 0.00360048
[2022-11-17 14:51:38.563] [jointLog] [info] Finished optimizer
[2022-11-17 14:51:38.563] [jointLog] [info] writing output 

