[2022-11-17 10:30:30.593] [jointLog] [info] setting maxHashResizeThreads to 6
[2022-11-17 10:30:30.593] [jointLog] [info] Fragment incompatibility prior below threshold.  Incompatible fragments will be ignored.
[2022-11-17 10:30:30.593] [jointLog] [info] Usage of --validateMappings implies use of minScoreFraction. Since not explicitly specified, it is being set to 0.65
[2022-11-17 10:30:30.593] [jointLog] [info] Setting consensusSlack to selective-alignment default of 0.35.
[2022-11-17 10:30:30.593] [jointLog] [info] parsing read library format
[2022-11-17 10:30:30.594] [jointLog] [info] There is 1 library.
[2022-11-17 10:30:30.906] [jointLog] [info] Loading pufferfish index
[2022-11-17 10:30:31.093] [jointLog] [info] Loading dense pufferfish index.
[2022-11-17 10:37:29.907] [jointLog] [info] done
[2022-11-17 10:37:30.252] [jointLog] [info] Index contained 138045 targets
[2022-11-17 10:37:30.296] [jointLog] [info] Number of decoys : 66
[2022-11-17 10:37:30.296] [jointLog] [info] First decoy index : 137940 
[2022-11-17 10:38:03.669] [jointLog] [info] Thread saw mini-batch with a maximum of 1.12% zero probability fragments
[2022-11-17 10:38:03.718] [jointLog] [info] Thread saw mini-batch with a maximum of 1.16% zero probability fragments
[2022-11-17 10:38:03.745] [jointLog] [info] Thread saw mini-batch with a maximum of 1.06% zero probability fragments
[2022-11-17 10:38:03.761] [jointLog] [info] Thread saw mini-batch with a maximum of 1.06% zero probability fragments
[2022-11-17 10:38:03.820] [jointLog] [info] Thread saw mini-batch with a maximum of 1.14% zero probability fragments
[2022-11-17 10:38:03.822] [jointLog] [info] Thread saw mini-batch with a maximum of 1.12% zero probability fragments
[2022-11-17 10:38:03.903] [jointLog] [info] Computed 69943 rich equivalence classes for further processing
[2022-11-17 10:38:03.903] [jointLog] [info] Counted 4394990 total reads in the equivalence classes 
[2022-11-17 10:38:03.909] [jointLog] [warning] 0.963534% of fragments were shorter than the k used to build the index.
If this fraction is too large, consider re-building the index with a smaller k.
The minimum read size found was 20.


[2022-11-17 10:38:03.909] [jointLog] [info] Number of mappings discarded because of alignment score : 4412348
[2022-11-17 10:38:03.909] [jointLog] [info] Number of fragments entirely discarded because of alignment score : 185596
[2022-11-17 10:38:03.909] [jointLog] [info] Number of fragments discarded because they are best-mapped to decoys : 180401
[2022-11-17 10:38:03.909] [jointLog] [info] Number of fragments discarded because they have only dovetail (discordant) mappings to valid targets : 0
[2022-11-17 10:38:03.915] [jointLog] [warning] Only 4394990 fragments were mapped, but the number of burn-in fragments was set to 5000000.
The effective lengths have been computed using the observed mappings.

[2022-11-17 10:38:03.915] [jointLog] [info] Mapping rate = 84.2714%

[2022-11-17 10:38:03.915] [jointLog] [info] finished quantifyLibrary()
[2022-11-17 10:38:03.904] [fileLog] [info] 
At end of round 0
==================
Observed 5215282 total fragments (5215282 in most recent round)

[2022-11-17 10:38:04.271] [jointLog] [info] Starting optimizer
[2022-11-17 10:38:04.329] [jointLog] [info] Marked 0 weighted equivalence classes as degenerate
[2022-11-17 10:38:04.338] [jointLog] [info] iteration = 0 | max rel diff. = 2902.81
[2022-11-17 10:38:04.881] [jointLog] [info] iteration = 100 | max rel diff. = 11.7517
[2022-11-17 10:38:05.412] [jointLog] [info] iteration = 200 | max rel diff. = 1.39839
[2022-11-17 10:38:05.949] [jointLog] [info] iteration = 300 | max rel diff. = 0.114587
[2022-11-17 10:38:06.495] [jointLog] [info] iteration = 400 | max rel diff. = 0.288072
[2022-11-17 10:38:07.030] [jointLog] [info] iteration = 500 | max rel diff. = 0.102741
[2022-11-17 10:38:07.577] [jointLog] [info] iteration = 600 | max rel diff. = 0.923539
[2022-11-17 10:38:08.131] [jointLog] [info] iteration = 700 | max rel diff. = 0.121705
[2022-11-17 10:38:08.660] [jointLog] [info] iteration = 800 | max rel diff. = 0.0755343
[2022-11-17 10:38:09.200] [jointLog] [info] iteration = 900 | max rel diff. = 0.329475
[2022-11-17 10:38:09.695] [jointLog] [info] iteration = 993 | max rel diff. = 0.00027703
[2022-11-17 10:38:09.701] [jointLog] [info] Finished optimizer
[2022-11-17 10:38:09.701] [jointLog] [info] writing output 

