[2022-11-17 09:36:01.531] [jointLog] [info] setting maxHashResizeThreads to 6
[2022-11-17 09:36:01.531] [jointLog] [info] Fragment incompatibility prior below threshold.  Incompatible fragments will be ignored.
[2022-11-17 09:36:01.531] [jointLog] [info] Usage of --validateMappings implies use of minScoreFraction. Since not explicitly specified, it is being set to 0.65
[2022-11-17 09:36:01.531] [jointLog] [info] Setting consensusSlack to selective-alignment default of 0.35.
[2022-11-17 09:36:01.531] [jointLog] [info] parsing read library format
[2022-11-17 09:36:01.532] [jointLog] [info] There is 1 library.
[2022-11-17 09:36:01.742] [jointLog] [info] Loading pufferfish index
[2022-11-17 09:36:01.834] [jointLog] [info] Loading dense pufferfish index.
[2022-11-17 09:42:09.834] [jointLog] [info] done
[2022-11-17 09:42:10.151] [jointLog] [info] Index contained 138045 targets
[2022-11-17 09:42:10.227] [jointLog] [info] Number of decoys : 66
[2022-11-17 09:42:10.227] [jointLog] [info] First decoy index : 137940 
[2022-11-17 09:42:40.015] [jointLog] [info] Thread saw mini-batch with a maximum of 1.14% zero probability fragments
[2022-11-17 09:42:40.027] [jointLog] [info] Thread saw mini-batch with a maximum of 1.10% zero probability fragments
[2022-11-17 09:42:40.120] [jointLog] [info] Thread saw mini-batch with a maximum of 1.06% zero probability fragments
[2022-11-17 09:42:40.133] [jointLog] [info] Thread saw mini-batch with a maximum of 1.10% zero probability fragments
[2022-11-17 09:42:40.231] [jointLog] [info] Thread saw mini-batch with a maximum of 1.16% zero probability fragments
[2022-11-17 09:42:40.248] [jointLog] [info] Thread saw mini-batch with a maximum of 1.06% zero probability fragments
[2022-11-17 09:42:40.327] [jointLog] [info] Computed 66343 rich equivalence classes for further processing
[2022-11-17 09:42:40.327] [jointLog] [info] Counted 3777924 total reads in the equivalence classes 
[2022-11-17 09:42:40.332] [jointLog] [warning] 0.945217% of fragments were shorter than the k used to build the index.
If this fraction is too large, consider re-building the index with a smaller k.
The minimum read size found was 20.


[2022-11-17 09:42:40.332] [jointLog] [info] Number of mappings discarded because of alignment score : 3581309
[2022-11-17 09:42:40.332] [jointLog] [info] Number of fragments entirely discarded because of alignment score : 144544
[2022-11-17 09:42:40.332] [jointLog] [info] Number of fragments discarded because they are best-mapped to decoys : 140348
[2022-11-17 09:42:40.332] [jointLog] [info] Number of fragments discarded because they have only dovetail (discordant) mappings to valid targets : 0
[2022-11-17 09:42:40.338] [jointLog] [warning] Only 3777924 fragments were mapped, but the number of burn-in fragments was set to 5000000.
The effective lengths have been computed using the observed mappings.

[2022-11-17 09:42:40.338] [jointLog] [info] Mapping rate = 85.11%

[2022-11-17 09:42:40.338] [jointLog] [info] finished quantifyLibrary()
[2022-11-17 09:42:40.346] [jointLog] [info] Starting optimizer
[2022-11-17 09:42:40.411] [jointLog] [info] Marked 0 weighted equivalence classes as degenerate
[2022-11-17 09:42:40.419] [jointLog] [info] iteration = 0 | max rel diff. = 2530
[2022-11-17 09:42:40.328] [fileLog] [info] 
At end of round 0
==================
Observed 4438874 total fragments (4438874 in most recent round)

[2022-11-17 09:42:41.090] [jointLog] [info] iteration = 100 | max rel diff. = 13.0046
[2022-11-17 09:42:41.725] [jointLog] [info] iteration = 200 | max rel diff. = 6.07186
[2022-11-17 09:42:42.504] [jointLog] [info] iteration = 300 | max rel diff. = 1.63131
[2022-11-17 09:42:43.147] [jointLog] [info] iteration = 400 | max rel diff. = 16.0841
[2022-11-17 09:42:43.769] [jointLog] [info] iteration = 500 | max rel diff. = 4.44461
[2022-11-17 09:42:44.392] [jointLog] [info] iteration = 600 | max rel diff. = 0.0911727
[2022-11-17 09:42:45.021] [jointLog] [info] iteration = 700 | max rel diff. = 0.117201
[2022-11-17 09:42:45.696] [jointLog] [info] iteration = 800 | max rel diff. = 0.234242
[2022-11-17 09:42:46.146] [jointLog] [info] iteration = 868 | max rel diff. = 0.00721306
[2022-11-17 09:42:46.152] [jointLog] [info] Finished optimizer
[2022-11-17 09:42:46.152] [jointLog] [info] writing output 

