[2022-11-17 09:32:01.990] [jointLog] [info] setting maxHashResizeThreads to 6
[2022-11-17 09:32:01.990] [jointLog] [info] Fragment incompatibility prior below threshold.  Incompatible fragments will be ignored.
[2022-11-17 09:32:01.990] [jointLog] [info] Usage of --validateMappings implies use of minScoreFraction. Since not explicitly specified, it is being set to 0.65
[2022-11-17 09:32:01.990] [jointLog] [info] Setting consensusSlack to selective-alignment default of 0.35.
[2022-11-17 09:32:01.990] [jointLog] [info] parsing read library format
[2022-11-17 09:32:01.991] [jointLog] [info] There is 1 library.
[2022-11-17 09:32:02.038] [jointLog] [info] Loading pufferfish index
[2022-11-17 09:32:02.040] [jointLog] [info] Loading dense pufferfish index.
[2022-11-17 09:34:47.239] [jointLog] [info] done
[2022-11-17 09:34:47.319] [jointLog] [info] Index contained 138045 targets
[2022-11-17 09:34:47.363] [jointLog] [info] Number of decoys : 66
[2022-11-17 09:34:47.363] [jointLog] [info] First decoy index : 137940 
[2022-11-17 09:35:29.158] [jointLog] [info] Thread saw mini-batch with a maximum of 1.28% zero probability fragments
[2022-11-17 09:35:29.171] [jointLog] [info] Thread saw mini-batch with a maximum of 1.12% zero probability fragments
[2022-11-17 09:35:29.187] [jointLog] [info] Thread saw mini-batch with a maximum of 1.12% zero probability fragments
[2022-11-17 09:35:29.252] [jointLog] [info] Thread saw mini-batch with a maximum of 1.26% zero probability fragments
[2022-11-17 09:35:29.279] [jointLog] [info] Thread saw mini-batch with a maximum of 1.08% zero probability fragments
[2022-11-17 09:35:29.339] [jointLog] [info] Thread saw mini-batch with a maximum of 1.12% zero probability fragments
[2022-11-17 09:35:29.425] [jointLog] [info] Computed 64762 rich equivalence classes for further processing
[2022-11-17 09:35:29.425] [jointLog] [info] Counted 3421105 total reads in the equivalence classes 
[2022-11-17 09:35:29.432] [jointLog] [warning] 0.686943% of fragments were shorter than the k used to build the index.
If this fraction is too large, consider re-building the index with a smaller k.
The minimum read size found was 20.


[2022-11-17 09:35:29.432] [jointLog] [info] Number of mappings discarded because of alignment score : 4178837
[2022-11-17 09:35:29.432] [jointLog] [info] Number of fragments entirely discarded because of alignment score : 170659
[2022-11-17 09:35:29.432] [jointLog] [info] Number of fragments discarded because they are best-mapped to decoys : 167623
[2022-11-17 09:35:29.432] [jointLog] [info] Number of fragments discarded because they have only dovetail (discordant) mappings to valid targets : 0
[2022-11-17 09:35:29.440] [jointLog] [warning] Only 3421105 fragments were mapped, but the number of burn-in fragments was set to 5000000.
The effective lengths have been computed using the observed mappings.

[2022-11-17 09:35:29.440] [jointLog] [info] Mapping rate = 83.1189%

[2022-11-17 09:35:29.440] [jointLog] [info] finished quantifyLibrary()
[2022-11-17 09:35:29.426] [fileLog] [info] 
At end of round 0
==================
Observed 4115916 total fragments (4115916 in most recent round)

[2022-11-17 09:35:29.742] [jointLog] [info] Starting optimizer
[2022-11-17 09:35:29.795] [jointLog] [info] Marked 0 weighted equivalence classes as degenerate
[2022-11-17 09:35:29.803] [jointLog] [info] iteration = 0 | max rel diff. = 2308.18
[2022-11-17 09:35:30.378] [jointLog] [info] iteration = 100 | max rel diff. = 14.9619
[2022-11-17 09:35:30.951] [jointLog] [info] iteration = 200 | max rel diff. = 16.9103
[2022-11-17 09:35:31.539] [jointLog] [info] iteration = 300 | max rel diff. = 9.80796
[2022-11-17 09:35:32.186] [jointLog] [info] iteration = 400 | max rel diff. = 0.164789
[2022-11-17 09:35:32.813] [jointLog] [info] iteration = 500 | max rel diff. = 0.154582
[2022-11-17 09:35:33.423] [jointLog] [info] iteration = 600 | max rel diff. = 0.105974
[2022-11-17 09:35:34.080] [jointLog] [info] iteration = 700 | max rel diff. = 0.712188
[2022-11-17 09:35:34.700] [jointLog] [info] iteration = 800 | max rel diff. = 0.0772014
[2022-11-17 09:35:35.334] [jointLog] [info] iteration = 900 | max rel diff. = 0.011481
[2022-11-17 09:35:35.975] [jointLog] [info] iteration = 1000 | max rel diff. = 0.0789426
[2022-11-17 09:35:36.391] [jointLog] [info] iteration = 1067 | max rel diff. = 0.0017426
[2022-11-17 09:35:36.397] [jointLog] [info] Finished optimizer
[2022-11-17 09:35:36.397] [jointLog] [info] writing output 

