[2022-11-17 14:18:02.387] [jointLog] [info] setting maxHashResizeThreads to 6
[2022-11-17 14:18:02.387] [jointLog] [info] Fragment incompatibility prior below threshold.  Incompatible fragments will be ignored.
[2022-11-17 14:18:02.387] [jointLog] [info] Usage of --validateMappings implies use of minScoreFraction. Since not explicitly specified, it is being set to 0.65
[2022-11-17 14:18:02.387] [jointLog] [info] Setting consensusSlack to selective-alignment default of 0.35.
[2022-11-17 14:18:02.387] [jointLog] [info] parsing read library format
[2022-11-17 14:18:02.388] [jointLog] [info] There is 1 library.
[2022-11-17 14:18:02.694] [jointLog] [info] Loading pufferfish index
[2022-11-17 14:18:02.878] [jointLog] [info] Loading dense pufferfish index.
[2022-11-17 14:24:03.571] [jointLog] [info] done
[2022-11-17 14:24:03.863] [jointLog] [info] Index contained 138045 targets
[2022-11-17 14:24:03.913] [jointLog] [info] Number of decoys : 66
[2022-11-17 14:24:03.913] [jointLog] [info] First decoy index : 137940 
[2022-11-17 14:25:05.545] [jointLog] [info] Thread saw mini-batch with a maximum of 1.14% zero probability fragments
[2022-11-17 14:25:05.568] [jointLog] [info] Thread saw mini-batch with a maximum of 1.08% zero probability fragments
[2022-11-17 14:25:05.635] [jointLog] [info] Thread saw mini-batch with a maximum of 1.04% zero probability fragments
[2022-11-17 14:25:05.732] [jointLog] [info] Thread saw mini-batch with a maximum of 1.00% zero probability fragments
[2022-11-17 14:25:05.753] [jointLog] [info] Thread saw mini-batch with a maximum of 1.12% zero probability fragments
[2022-11-17 14:25:05.755] [jointLog] [info] Thread saw mini-batch with a maximum of 1.12% zero probability fragments
[2022-11-17 14:25:05.845] [jointLog] [info] Computed 60740 rich equivalence classes for further processing
[2022-11-17 14:25:05.845] [jointLog] [info] Counted 5818719 total reads in the equivalence classes 
[2022-11-17 14:25:05.852] [jointLog] [warning] 0.390169% of fragments were shorter than the k used to build the index.
If this fraction is too large, consider re-building the index with a smaller k.
The minimum read size found was 20.


[2022-11-17 14:25:05.852] [jointLog] [info] Number of mappings discarded because of alignment score : 6553287
[2022-11-17 14:25:05.852] [jointLog] [info] Number of fragments entirely discarded because of alignment score : 288856
[2022-11-17 14:25:05.852] [jointLog] [info] Number of fragments discarded because they are best-mapped to decoys : 283952
[2022-11-17 14:25:05.852] [jointLog] [info] Number of fragments discarded because they have only dovetail (discordant) mappings to valid targets : 0
[2022-11-17 14:25:05.852] [jointLog] [info] Mapping rate = 84.2781%

[2022-11-17 14:25:05.852] [jointLog] [info] finished quantifyLibrary()
[2022-11-17 14:25:05.845] [fileLog] [info] 
At end of round 0
==================
Observed 6904185 total fragments (6904185 in most recent round)

[2022-11-17 14:25:06.276] [jointLog] [info] Starting optimizer
[2022-11-17 14:25:06.327] [jointLog] [info] Marked 0 weighted equivalence classes as degenerate
[2022-11-17 14:25:06.335] [jointLog] [info] iteration = 0 | max rel diff. = 3719.5
[2022-11-17 14:25:06.868] [jointLog] [info] iteration = 100 | max rel diff. = 10.9842
[2022-11-17 14:25:07.391] [jointLog] [info] iteration = 200 | max rel diff. = 1.29078
[2022-11-17 14:25:07.919] [jointLog] [info] iteration = 300 | max rel diff. = 1.12254
[2022-11-17 14:25:08.442] [jointLog] [info] iteration = 400 | max rel diff. = 0.994593
[2022-11-17 14:25:08.965] [jointLog] [info] iteration = 500 | max rel diff. = 0.395939
[2022-11-17 14:25:09.490] [jointLog] [info] iteration = 600 | max rel diff. = 0.172626
[2022-11-17 14:25:10.038] [jointLog] [info] iteration = 700 | max rel diff. = 0.0948527
[2022-11-17 14:25:10.562] [jointLog] [info] iteration = 800 | max rel diff. = 1.20409
[2022-11-17 14:25:11.090] [jointLog] [info] iteration = 900 | max rel diff. = 0.217647
[2022-11-17 14:25:11.701] [jointLog] [info] iteration = 1000 | max rel diff. = 0.0458876
[2022-11-17 14:25:12.319] [jointLog] [info] iteration = 1100 | max rel diff. = 0.0127212
[2022-11-17 14:25:12.749] [jointLog] [info] iteration = 1184 | max rel diff. = 0.000772067
[2022-11-17 14:25:12.755] [jointLog] [info] Finished optimizer
[2022-11-17 14:25:12.755] [jointLog] [info] writing output 

