[2022-11-17 11:54:49.440] [jointLog] [info] setting maxHashResizeThreads to 6
[2022-11-17 11:54:49.440] [jointLog] [info] Fragment incompatibility prior below threshold.  Incompatible fragments will be ignored.
[2022-11-17 11:54:49.440] [jointLog] [info] Usage of --validateMappings implies use of minScoreFraction. Since not explicitly specified, it is being set to 0.65
[2022-11-17 11:54:49.440] [jointLog] [info] Setting consensusSlack to selective-alignment default of 0.35.
[2022-11-17 11:54:49.440] [jointLog] [info] parsing read library format
[2022-11-17 11:54:49.442] [jointLog] [info] There is 1 library.
[2022-11-17 11:54:49.707] [jointLog] [info] Loading pufferfish index
[2022-11-17 11:54:49.834] [jointLog] [info] Loading dense pufferfish index.
[2022-11-17 11:59:20.916] [jointLog] [info] done
[2022-11-17 11:59:21.393] [jointLog] [info] Index contained 138045 targets
[2022-11-17 11:59:21.446] [jointLog] [info] Number of decoys : 66
[2022-11-17 11:59:21.446] [jointLog] [info] First decoy index : 137940 
[2022-11-17 11:59:41.037] [jointLog] [info] Thread saw mini-batch with a maximum of 0.10% zero probability fragments
[2022-11-17 11:59:41.039] [jointLog] [info] Thread saw mini-batch with a maximum of 0.12% zero probability fragments
[2022-11-17 11:59:41.039] [jointLog] [info] Thread saw mini-batch with a maximum of 0.10% zero probability fragments
[2022-11-17 11:59:41.044] [jointLog] [info] Thread saw mini-batch with a maximum of 0.10% zero probability fragments
[2022-11-17 11:59:41.059] [jointLog] [info] Thread saw mini-batch with a maximum of 0.12% zero probability fragments
[2022-11-17 11:59:41.082] [jointLog] [info] Thread saw mini-batch with a maximum of 0.10% zero probability fragments
[2022-11-17 11:59:41.123] [jointLog] [info] Computed 18562 rich equivalence classes for further processing
[2022-11-17 11:59:41.123] [jointLog] [info] Counted 829693 total reads in the equivalence classes 
[2022-11-17 11:59:41.127] [jointLog] [warning] 0.501685% of fragments were shorter than the k used to build the index.
If this fraction is too large, consider re-building the index with a smaller k.
The minimum read size found was 20.


[2022-11-17 11:59:41.127] [jointLog] [info] Number of mappings discarded because of alignment score : 1901870
[2022-11-17 11:59:41.127] [jointLog] [info] Number of fragments entirely discarded because of alignment score : 126732
[2022-11-17 11:59:41.127] [jointLog] [info] Number of fragments discarded because they are best-mapped to decoys : 64967
[2022-11-17 11:59:41.127] [jointLog] [info] Number of fragments discarded because they have only dovetail (discordant) mappings to valid targets : 0
[2022-11-17 11:59:41.133] [jointLog] [warning] Only 829693 fragments were mapped, but the number of burn-in fragments was set to 5000000.
The effective lengths have been computed using the observed mappings.

[2022-11-17 11:59:41.133] [jointLog] [info] Mapping rate = 9.87579%

[2022-11-17 11:59:41.133] [jointLog] [info] finished quantifyLibrary()
[2022-11-17 11:59:41.123] [fileLog] [info] 
At end of round 0
==================
Observed 8401286 total fragments (8401286 in most recent round)

[2022-11-17 11:59:41.307] [jointLog] [info] Starting optimizer
[2022-11-17 11:59:41.360] [jointLog] [info] Marked 0 weighted equivalence classes as degenerate
[2022-11-17 11:59:41.367] [jointLog] [info] iteration = 0 | max rel diff. = 588.619
[2022-11-17 11:59:41.828] [jointLog] [info] iteration = 100 | max rel diff. = 5.76595
[2022-11-17 11:59:42.255] [jointLog] [info] iteration = 200 | max rel diff. = 0.456317
[2022-11-17 11:59:42.690] [jointLog] [info] iteration = 300 | max rel diff. = 0.0221006
[2022-11-17 11:59:43.146] [jointLog] [info] iteration = 400 | max rel diff. = 0.0423847
[2022-11-17 11:59:43.598] [jointLog] [info] iteration = 500 | max rel diff. = 0.150669
[2022-11-17 11:59:43.708] [jointLog] [info] iteration = 525 | max rel diff. = 0.00818815
[2022-11-17 11:59:43.714] [jointLog] [info] Finished optimizer
[2022-11-17 11:59:43.714] [jointLog] [info] writing output 

