[2022-11-17 13:52:18.038] [jointLog] [info] setting maxHashResizeThreads to 6
[2022-11-17 13:52:18.038] [jointLog] [info] Fragment incompatibility prior below threshold.  Incompatible fragments will be ignored.
[2022-11-17 13:52:18.038] [jointLog] [info] Usage of --validateMappings implies use of minScoreFraction. Since not explicitly specified, it is being set to 0.65
[2022-11-17 13:52:18.038] [jointLog] [info] Setting consensusSlack to selective-alignment default of 0.35.
[2022-11-17 13:52:18.038] [jointLog] [info] parsing read library format
[2022-11-17 13:52:18.039] [jointLog] [info] There is 1 library.
[2022-11-17 13:52:18.380] [jointLog] [info] Loading pufferfish index
[2022-11-17 13:52:18.506] [jointLog] [info] Loading dense pufferfish index.
[2022-11-17 13:58:18.680] [jointLog] [info] done
[2022-11-17 13:58:19.029] [jointLog] [info] Index contained 138045 targets
[2022-11-17 13:58:19.081] [jointLog] [info] Number of decoys : 66
[2022-11-17 13:58:19.081] [jointLog] [info] First decoy index : 137940 
[2022-11-17 13:58:53.769] [fileLog] [info] 
At end of round 0
==================
Observed 4515105 total fragments (4515105 in most recent round)

[2022-11-17 13:58:53.512] [jointLog] [info] Thread saw mini-batch with a maximum of 0.92% zero probability fragments
[2022-11-17 13:58:53.526] [jointLog] [info] Thread saw mini-batch with a maximum of 0.96% zero probability fragments
[2022-11-17 13:58:53.528] [jointLog] [info] Thread saw mini-batch with a maximum of 0.90% zero probability fragments
[2022-11-17 13:58:53.617] [jointLog] [info] Thread saw mini-batch with a maximum of 0.90% zero probability fragments
[2022-11-17 13:58:53.640] [jointLog] [info] Thread saw mini-batch with a maximum of 1.04% zero probability fragments
[2022-11-17 13:58:53.689] [jointLog] [info] Thread saw mini-batch with a maximum of 0.96% zero probability fragments
[2022-11-17 13:58:53.768] [jointLog] [info] Computed 65474 rich equivalence classes for further processing
[2022-11-17 13:58:53.768] [jointLog] [info] Counted 3923837 total reads in the equivalence classes 
[2022-11-17 13:58:53.776] [jointLog] [warning] 0.684237% of fragments were shorter than the k used to build the index.
If this fraction is too large, consider re-building the index with a smaller k.
The minimum read size found was 20.


[2022-11-17 13:58:53.776] [jointLog] [info] Number of mappings discarded because of alignment score : 3479914
[2022-11-17 13:58:53.776] [jointLog] [info] Number of fragments entirely discarded because of alignment score : 144894
[2022-11-17 13:58:53.776] [jointLog] [info] Number of fragments discarded because they are best-mapped to decoys : 141224
[2022-11-17 13:58:53.776] [jointLog] [info] Number of fragments discarded because they have only dovetail (discordant) mappings to valid targets : 0
[2022-11-17 13:58:53.784] [jointLog] [warning] Only 3923837 fragments were mapped, but the number of burn-in fragments was set to 5000000.
The effective lengths have been computed using the observed mappings.

[2022-11-17 13:58:53.784] [jointLog] [info] Mapping rate = 86.9047%

[2022-11-17 13:58:53.784] [jointLog] [info] finished quantifyLibrary()
[2022-11-17 13:58:54.284] [jointLog] [info] Starting optimizer
[2022-11-17 13:58:54.343] [jointLog] [info] Marked 0 weighted equivalence classes as degenerate
[2022-11-17 13:58:54.350] [jointLog] [info] iteration = 0 | max rel diff. = 2599.53
[2022-11-17 13:58:54.914] [jointLog] [info] iteration = 100 | max rel diff. = 6.85634
[2022-11-17 13:58:55.463] [jointLog] [info] iteration = 200 | max rel diff. = 4.10164
[2022-11-17 13:58:55.998] [jointLog] [info] iteration = 300 | max rel diff. = 0.630885
[2022-11-17 13:58:56.528] [jointLog] [info] iteration = 400 | max rel diff. = 0.36595
[2022-11-17 13:58:57.050] [jointLog] [info] iteration = 500 | max rel diff. = 2.50409
[2022-11-17 13:58:57.570] [jointLog] [info] iteration = 600 | max rel diff. = 0.0949325
[2022-11-17 13:58:58.089] [jointLog] [info] iteration = 700 | max rel diff. = 0.0800369
[2022-11-17 13:58:58.627] [jointLog] [info] iteration = 800 | max rel diff. = 10.3258
[2022-11-17 13:58:59.149] [jointLog] [info] iteration = 900 | max rel diff. = 0.0325486
[2022-11-17 13:58:59.670] [jointLog] [info] iteration = 1000 | max rel diff. = 0.0298488
[2022-11-17 13:59:00.206] [jointLog] [info] iteration = 1100 | max rel diff. = 0.0474376
[2022-11-17 13:59:00.327] [jointLog] [info] iteration = 1124 | max rel diff. = 0.00523356
[2022-11-17 13:59:00.333] [jointLog] [info] Finished optimizer
[2022-11-17 13:59:00.333] [jointLog] [info] writing output 

