[2022-11-17 12:39:24.194] [jointLog] [info] setting maxHashResizeThreads to 6
[2022-11-17 12:39:24.194] [jointLog] [info] Fragment incompatibility prior below threshold.  Incompatible fragments will be ignored.
[2022-11-17 12:39:24.194] [jointLog] [info] Usage of --validateMappings implies use of minScoreFraction. Since not explicitly specified, it is being set to 0.65
[2022-11-17 12:39:24.194] [jointLog] [info] Setting consensusSlack to selective-alignment default of 0.35.
[2022-11-17 12:39:24.194] [jointLog] [info] parsing read library format
[2022-11-17 12:39:24.195] [jointLog] [info] There is 1 library.
[2022-11-17 12:39:24.202] [jointLog] [info] Loading pufferfish index
[2022-11-17 12:39:24.206] [jointLog] [info] Loading dense pufferfish index.
[2022-11-17 12:46:30.616] [jointLog] [info] done
[2022-11-17 12:46:30.940] [jointLog] [info] Index contained 138045 targets
[2022-11-17 12:46:30.998] [jointLog] [info] Number of decoys : 66
[2022-11-17 12:46:30.998] [jointLog] [info] First decoy index : 137940 
[2022-11-17 12:47:00.220] [jointLog] [info] Thread saw mini-batch with a maximum of 0.88% zero probability fragments
[2022-11-17 12:47:00.257] [jointLog] [info] Thread saw mini-batch with a maximum of 0.90% zero probability fragments
[2022-11-17 12:47:00.333] [jointLog] [info] Thread saw mini-batch with a maximum of 1.00% zero probability fragments
[2022-11-17 12:47:00.380] [jointLog] [info] Thread saw mini-batch with a maximum of 0.92% zero probability fragments
[2022-11-17 12:47:00.380] [jointLog] [info] Thread saw mini-batch with a maximum of 0.88% zero probability fragments
[2022-11-17 12:47:00.382] [jointLog] [info] Thread saw mini-batch with a maximum of 0.96% zero probability fragments
[2022-11-17 12:47:00.469] [jointLog] [info] Computed 64727 rich equivalence classes for further processing
[2022-11-17 12:47:00.469] [jointLog] [info] Counted 3675215 total reads in the equivalence classes 
[2022-11-17 12:47:00.481] [jointLog] [warning] 0.676391% of fragments were shorter than the k used to build the index.
If this fraction is too large, consider re-building the index with a smaller k.
The minimum read size found was 20.


[2022-11-17 12:47:00.481] [jointLog] [info] Number of mappings discarded because of alignment score : 3544113
[2022-11-17 12:47:00.481] [jointLog] [info] Number of fragments entirely discarded because of alignment score : 140933
[2022-11-17 12:47:00.481] [jointLog] [info] Number of fragments discarded because they are best-mapped to decoys : 137664
[2022-11-17 12:47:00.481] [jointLog] [info] Number of fragments discarded because they have only dovetail (discordant) mappings to valid targets : 0
[2022-11-17 12:47:00.495] [jointLog] [warning] Only 3675215 fragments were mapped, but the number of burn-in fragments was set to 5000000.
The effective lengths have been computed using the observed mappings.

[2022-11-17 12:47:00.495] [jointLog] [info] Mapping rate = 86.2794%

[2022-11-17 12:47:00.495] [jointLog] [info] finished quantifyLibrary()
[2022-11-17 12:47:00.521] [jointLog] [info] Starting optimizer
[2022-11-17 12:47:00.585] [jointLog] [info] Marked 0 weighted equivalence classes as degenerate
[2022-11-17 12:47:00.593] [jointLog] [info] iteration = 0 | max rel diff. = 2461.15
[2022-11-17 12:47:00.469] [fileLog] [info] 
At end of round 0
==================
Observed 4259668 total fragments (4259668 in most recent round)

[2022-11-17 12:47:01.266] [jointLog] [info] iteration = 100 | max rel diff. = 5.75963
[2022-11-17 12:47:01.807] [jointLog] [info] iteration = 200 | max rel diff. = 12.0167
[2022-11-17 12:47:02.348] [jointLog] [info] iteration = 300 | max rel diff. = 1.80563
[2022-11-17 12:47:02.876] [jointLog] [info] iteration = 400 | max rel diff. = 0.0481247
[2022-11-17 12:47:03.399] [jointLog] [info] iteration = 500 | max rel diff. = 0.245727
[2022-11-17 12:47:03.926] [jointLog] [info] iteration = 600 | max rel diff. = 0.157045
[2022-11-17 12:47:04.450] [jointLog] [info] iteration = 700 | max rel diff. = 0.0352107
[2022-11-17 12:47:05.003] [jointLog] [info] iteration = 800 | max rel diff. = 0.162071
[2022-11-17 12:47:05.538] [jointLog] [info] iteration = 900 | max rel diff. = 0.0218562
[2022-11-17 12:47:06.059] [jointLog] [info] iteration = 1000 | max rel diff. = 0.0373568
[2022-11-17 12:47:06.212] [jointLog] [info] iteration = 1030 | max rel diff. = 0.00387868
[2022-11-17 12:47:06.218] [jointLog] [info] Finished optimizer
[2022-11-17 12:47:06.218] [jointLog] [info] writing output 

