[2022-11-16 15:33:48.723] [jointLog] [info] setting maxHashResizeThreads to 6
[2022-11-16 15:33:48.723] [jointLog] [info] Fragment incompatibility prior below threshold.  Incompatible fragments will be ignored.
[2022-11-16 15:33:48.723] [jointLog] [info] Usage of --validateMappings implies use of minScoreFraction. Since not explicitly specified, it is being set to 0.65
[2022-11-16 15:33:48.723] [jointLog] [info] Setting consensusSlack to selective-alignment default of 0.35.
[2022-11-16 15:33:48.723] [jointLog] [info] parsing read library format
[2022-11-16 15:33:48.724] [jointLog] [info] There is 1 library.
[2022-11-16 15:33:48.840] [jointLog] [info] Loading pufferfish index
[2022-11-16 15:33:48.906] [jointLog] [info] Loading dense pufferfish index.
[2022-11-16 15:36:32.262] [jointLog] [info] done
[2022-11-16 15:36:32.336] [jointLog] [info] Index contained 138045 targets
[2022-11-16 15:36:32.375] [jointLog] [info] Number of decoys : 66
[2022-11-16 15:36:32.375] [jointLog] [info] First decoy index : 137940 
[2022-11-16 15:42:00.488] [jointLog] [info] Thread saw mini-batch with a maximum of 0.74% zero probability fragments
[2022-11-16 15:42:00.584] [jointLog] [info] Thread saw mini-batch with a maximum of 0.78% zero probability fragments
[2022-11-16 15:42:00.668] [jointLog] [info] Thread saw mini-batch with a maximum of 0.86% zero probability fragments
[2022-11-16 15:42:00.779] [jointLog] [info] Thread saw mini-batch with a maximum of 0.76% zero probability fragments
[2022-11-16 15:42:00.812] [jointLog] [info] Thread saw mini-batch with a maximum of 0.82% zero probability fragments
[2022-11-16 15:42:00.908] [jointLog] [info] Thread saw mini-batch with a maximum of 0.74% zero probability fragments
[2022-11-16 15:42:00.999] [jointLog] [info] Computed 72891 rich equivalence classes for further processing
[2022-11-16 15:42:00.999] [jointLog] [info] Counted 18726615 total reads in the equivalence classes 
[2022-11-16 15:42:01.004] [jointLog] [warning] 0.610421% of fragments were shorter than the k used to build the index.
If this fraction is too large, consider re-building the index with a smaller k.
The minimum read size found was 20.


[2022-11-16 15:42:01.004] [jointLog] [info] Number of mappings discarded because of alignment score : 14111422
[2022-11-16 15:42:01.004] [jointLog] [info] Number of fragments entirely discarded because of alignment score : 1747727
[2022-11-16 15:42:01.004] [jointLog] [info] Number of fragments discarded because they are best-mapped to decoys : 1657528
[2022-11-16 15:42:01.004] [jointLog] [info] Number of fragments discarded because they have only dovetail (discordant) mappings to valid targets : 0
[2022-11-16 15:42:01.004] [jointLog] [info] Mapping rate = 84.4342%

[2022-11-16 15:42:01.004] [jointLog] [info] finished quantifyLibrary()
[2022-11-16 15:42:01.180] [jointLog] [info] Starting optimizer
[2022-11-16 15:42:01.357] [jointLog] [info] Marked 0 weighted equivalence classes as degenerate
[2022-11-16 15:42:01.367] [jointLog] [info] iteration = 0 | max rel diff. = 8485.82
[2022-11-16 15:42:00.999] [fileLog] [info] 
At end of round 0
==================
Observed 22178939 total fragments (22178939 in most recent round)

[2022-11-16 15:42:02.058] [jointLog] [info] iteration = 100 | max rel diff. = 5.85152
[2022-11-16 15:42:02.681] [jointLog] [info] iteration = 200 | max rel diff. = 12.4233
[2022-11-16 15:42:03.288] [jointLog] [info] iteration = 300 | max rel diff. = 0.853199
[2022-11-16 15:42:03.908] [jointLog] [info] iteration = 400 | max rel diff. = 4.11738
[2022-11-16 15:42:04.562] [jointLog] [info] iteration = 500 | max rel diff. = 0.126622
[2022-11-16 15:42:05.170] [jointLog] [info] iteration = 600 | max rel diff. = 0.0810838
[2022-11-16 15:42:05.788] [jointLog] [info] iteration = 700 | max rel diff. = 0.0570624
[2022-11-16 15:42:06.372] [jointLog] [info] iteration = 800 | max rel diff. = 0.485223
[2022-11-16 15:42:06.982] [jointLog] [info] iteration = 900 | max rel diff. = 0.290163
[2022-11-16 15:42:07.546] [jointLog] [info] iteration = 1000 | max rel diff. = 0.0561963
[2022-11-16 15:42:08.117] [jointLog] [info] iteration = 1100 | max rel diff. = 0.092328
[2022-11-16 15:42:08.691] [jointLog] [info] iteration = 1200 | max rel diff. = 0.0359933
[2022-11-16 15:42:09.298] [jointLog] [info] iteration = 1300 | max rel diff. = 0.156851
[2022-11-16 15:42:09.894] [jointLog] [info] iteration = 1400 | max rel diff. = 0.0262757
[2022-11-16 15:42:10.465] [jointLog] [info] iteration = 1500 | max rel diff. = 0.116667
[2022-11-16 15:42:11.036] [jointLog] [info] iteration = 1600 | max rel diff. = 3.10079
[2022-11-16 15:42:11.339] [jointLog] [info] iteration = 1650 | max rel diff. = 0.00662785
[2022-11-16 15:42:11.346] [jointLog] [info] Finished optimizer
[2022-11-16 15:42:11.346] [jointLog] [info] writing output 

