[2022-11-17 09:43:21.067] [jointLog] [info] setting maxHashResizeThreads to 6
[2022-11-17 09:43:21.067] [jointLog] [info] Fragment incompatibility prior below threshold.  Incompatible fragments will be ignored.
[2022-11-17 09:43:21.067] [jointLog] [info] Usage of --validateMappings implies use of minScoreFraction. Since not explicitly specified, it is being set to 0.65
[2022-11-17 09:43:21.067] [jointLog] [info] Setting consensusSlack to selective-alignment default of 0.35.
[2022-11-17 09:43:21.067] [jointLog] [info] parsing read library format
[2022-11-17 09:43:21.068] [jointLog] [info] There is 1 library.
[2022-11-17 09:43:21.335] [jointLog] [info] Loading pufferfish index
[2022-11-17 09:43:21.383] [jointLog] [info] Loading dense pufferfish index.
[2022-11-17 09:49:37.665] [jointLog] [info] done
[2022-11-17 09:49:37.758] [jointLog] [info] Index contained 138045 targets
[2022-11-17 09:49:37.813] [jointLog] [info] Number of decoys : 66
[2022-11-17 09:49:37.813] [jointLog] [info] First decoy index : 137940 
[2022-11-17 09:50:01.273] [jointLog] [info] Thread saw mini-batch with a maximum of 0.14% zero probability fragments
[2022-11-17 09:50:01.285] [jointLog] [info] Thread saw mini-batch with a maximum of 0.12% zero probability fragments
[2022-11-17 09:50:01.307] [jointLog] [info] Thread saw mini-batch with a maximum of 0.12% zero probability fragments
[2022-11-17 09:50:01.321] [jointLog] [info] Thread saw mini-batch with a maximum of 0.12% zero probability fragments
[2022-11-17 09:50:01.347] [jointLog] [info] Thread saw mini-batch with a maximum of 0.10% zero probability fragments
[2022-11-17 09:50:01.366] [jointLog] [info] Thread saw mini-batch with a maximum of 0.12% zero probability fragments
[2022-11-17 09:50:01.403] [jointLog] [info] Computed 18381 rich equivalence classes for further processing
[2022-11-17 09:50:01.403] [jointLog] [info] Counted 986440 total reads in the equivalence classes 
[2022-11-17 09:50:01.406] [jointLog] [warning] 1.10112% of fragments were shorter than the k used to build the index.
If this fraction is too large, consider re-building the index with a smaller k.
The minimum read size found was 20.


[2022-11-17 09:50:01.406] [jointLog] [info] Number of mappings discarded because of alignment score : 1793059
[2022-11-17 09:50:01.406] [jointLog] [info] Number of fragments entirely discarded because of alignment score : 128970
[2022-11-17 09:50:01.406] [jointLog] [info] Number of fragments discarded because they are best-mapped to decoys : 69851
[2022-11-17 09:50:01.406] [jointLog] [info] Number of fragments discarded because they have only dovetail (discordant) mappings to valid targets : 0
[2022-11-17 09:50:01.413] [jointLog] [warning] Only 986440 fragments were mapped, but the number of burn-in fragments was set to 5000000.
The effective lengths have been computed using the observed mappings.

[2022-11-17 09:50:01.413] [jointLog] [info] Mapping rate = 11.6457%

[2022-11-17 09:50:01.413] [jointLog] [info] finished quantifyLibrary()
[2022-11-17 09:50:01.435] [jointLog] [info] Starting optimizer
[2022-11-17 09:50:01.476] [jointLog] [info] Marked 0 weighted equivalence classes as degenerate
[2022-11-17 09:50:01.481] [jointLog] [info] iteration = 0 | max rel diff. = 695.25
[2022-11-17 09:50:01.404] [fileLog] [info] 
At end of round 0
==================
Observed 8470433 total fragments (8470433 in most recent round)

[2022-11-17 09:50:01.961] [jointLog] [info] iteration = 100 | max rel diff. = 0.694328
[2022-11-17 09:50:02.419] [jointLog] [info] iteration = 200 | max rel diff. = 5.60722
[2022-11-17 09:50:02.885] [jointLog] [info] iteration = 300 | max rel diff. = 0.633801
[2022-11-17 09:50:03.419] [jointLog] [info] iteration = 400 | max rel diff. = 0.0169546
[2022-11-17 09:50:03.718] [jointLog] [info] iteration = 461 | max rel diff. = 0.00953402
[2022-11-17 09:50:03.725] [jointLog] [info] Finished optimizer
[2022-11-17 09:50:03.725] [jointLog] [info] writing output 

