[2022-11-17 12:59:19.021] [jointLog] [info] setting maxHashResizeThreads to 6
[2022-11-17 12:59:19.021] [jointLog] [info] Fragment incompatibility prior below threshold.  Incompatible fragments will be ignored.
[2022-11-17 12:59:19.021] [jointLog] [info] Usage of --validateMappings implies use of minScoreFraction. Since not explicitly specified, it is being set to 0.65
[2022-11-17 12:59:19.021] [jointLog] [info] Setting consensusSlack to selective-alignment default of 0.35.
[2022-11-17 12:59:19.021] [jointLog] [info] parsing read library format
[2022-11-17 12:59:19.022] [jointLog] [info] There is 1 library.
[2022-11-17 12:59:19.405] [jointLog] [info] Loading pufferfish index
[2022-11-17 12:59:19.595] [jointLog] [info] Loading dense pufferfish index.
[2022-11-17 13:03:56.977] [jointLog] [info] done
[2022-11-17 13:03:57.156] [jointLog] [info] Index contained 138045 targets
[2022-11-17 13:03:57.207] [jointLog] [info] Number of decoys : 66
[2022-11-17 13:03:57.207] [jointLog] [info] First decoy index : 137940 
[2022-11-17 13:04:30.787] [jointLog] [info] Thread saw mini-batch with a maximum of 1.46% zero probability fragments
[2022-11-17 13:04:30.799] [jointLog] [info] Thread saw mini-batch with a maximum of 1.36% zero probability fragments
[2022-11-17 13:04:30.804] [jointLog] [info] Thread saw mini-batch with a maximum of 1.30% zero probability fragments
[2022-11-17 13:04:30.807] [jointLog] [info] Thread saw mini-batch with a maximum of 1.32% zero probability fragments
[2022-11-17 13:04:30.874] [jointLog] [info] Thread saw mini-batch with a maximum of 1.28% zero probability fragments
[2022-11-17 13:04:30.887] [jointLog] [info] Thread saw mini-batch with a maximum of 1.42% zero probability fragments
[2022-11-17 13:04:30.962] [jointLog] [info] Computed 66280 rich equivalence classes for further processing
[2022-11-17 13:04:30.962] [jointLog] [info] Counted 4089958 total reads in the equivalence classes 
[2022-11-17 13:04:30.968] [jointLog] [warning] 1.5869% of fragments were shorter than the k used to build the index.
If this fraction is too large, consider re-building the index with a smaller k.
The minimum read size found was 20.


[2022-11-17 13:04:30.968] [jointLog] [info] Number of mappings discarded because of alignment score : 4612290
[2022-11-17 13:04:30.968] [jointLog] [info] Number of fragments entirely discarded because of alignment score : 206939
[2022-11-17 13:04:30.968] [jointLog] [info] Number of fragments discarded because they are best-mapped to decoys : 201395
[2022-11-17 13:04:30.968] [jointLog] [info] Number of fragments discarded because they have only dovetail (discordant) mappings to valid targets : 0
[2022-11-17 13:04:30.974] [jointLog] [warning] Only 4089958 fragments were mapped, but the number of burn-in fragments was set to 5000000.
The effective lengths have been computed using the observed mappings.

[2022-11-17 13:04:30.974] [jointLog] [info] Mapping rate = 82.2271%

[2022-11-17 13:04:30.974] [jointLog] [info] finished quantifyLibrary()
[2022-11-17 13:04:30.963] [fileLog] [info] 
At end of round 0
==================
Observed 4973979 total fragments (4973979 in most recent round)

[2022-11-17 13:04:31.767] [jointLog] [info] Starting optimizer
[2022-11-17 13:04:31.813] [jointLog] [info] Marked 0 weighted equivalence classes as degenerate
[2022-11-17 13:04:31.821] [jointLog] [info] iteration = 0 | max rel diff. = 2719.74
[2022-11-17 13:04:32.357] [jointLog] [info] iteration = 100 | max rel diff. = 3.78125
[2022-11-17 13:04:32.884] [jointLog] [info] iteration = 200 | max rel diff. = 2.75094
[2022-11-17 13:04:33.409] [jointLog] [info] iteration = 300 | max rel diff. = 0.22182
[2022-11-17 13:04:33.953] [jointLog] [info] iteration = 400 | max rel diff. = 5.18731
[2022-11-17 13:04:34.490] [jointLog] [info] iteration = 500 | max rel diff. = 0.187178
[2022-11-17 13:04:35.018] [jointLog] [info] iteration = 600 | max rel diff. = 0.17515
[2022-11-17 13:04:35.550] [jointLog] [info] iteration = 700 | max rel diff. = 0.153577
[2022-11-17 13:04:35.739] [jointLog] [info] iteration = 737 | max rel diff. = 0.00913647
[2022-11-17 13:04:35.745] [jointLog] [info] Finished optimizer
[2022-11-17 13:04:35.745] [jointLog] [info] writing output 

