[2022-11-17 14:25:14.772] [jointLog] [info] setting maxHashResizeThreads to 6
[2022-11-17 14:25:14.772] [jointLog] [info] Fragment incompatibility prior below threshold.  Incompatible fragments will be ignored.
[2022-11-17 14:25:14.772] [jointLog] [info] Usage of --validateMappings implies use of minScoreFraction. Since not explicitly specified, it is being set to 0.65
[2022-11-17 14:25:14.772] [jointLog] [info] Setting consensusSlack to selective-alignment default of 0.35.
[2022-11-17 14:25:14.772] [jointLog] [info] parsing read library format
[2022-11-17 14:25:14.773] [jointLog] [info] There is 1 library.
[2022-11-17 14:25:15.253] [jointLog] [info] Loading pufferfish index
[2022-11-17 14:25:15.460] [jointLog] [info] Loading dense pufferfish index.
[2022-11-17 14:30:29.047] [jointLog] [info] done
[2022-11-17 14:30:29.162] [jointLog] [info] Index contained 138045 targets
[2022-11-17 14:30:29.214] [jointLog] [info] Number of decoys : 66
[2022-11-17 14:30:29.214] [jointLog] [info] First decoy index : 137940 
[2022-11-17 14:31:06.191] [jointLog] [info] Thread saw mini-batch with a maximum of 0.92% zero probability fragments
[2022-11-17 14:31:06.229] [jointLog] [info] Thread saw mini-batch with a maximum of 0.94% zero probability fragments
[2022-11-17 14:31:06.290] [jointLog] [info] Thread saw mini-batch with a maximum of 0.88% zero probability fragments
[2022-11-17 14:31:06.303] [jointLog] [info] Thread saw mini-batch with a maximum of 0.96% zero probability fragments
[2022-11-17 14:31:06.334] [jointLog] [info] Thread saw mini-batch with a maximum of 0.96% zero probability fragments
[2022-11-17 14:31:06.361] [jointLog] [info] Thread saw mini-batch with a maximum of 0.86% zero probability fragments
[2022-11-17 14:31:06.434] [jointLog] [info] Computed 68007 rich equivalence classes for further processing
[2022-11-17 14:31:06.434] [jointLog] [info] Counted 3943870 total reads in the equivalence classes 
[2022-11-17 14:31:06.439] [jointLog] [warning] 1.07555% of fragments were shorter than the k used to build the index.
If this fraction is too large, consider re-building the index with a smaller k.
The minimum read size found was 20.


[2022-11-17 14:31:06.439] [jointLog] [info] Number of mappings discarded because of alignment score : 3657717
[2022-11-17 14:31:06.439] [jointLog] [info] Number of fragments entirely discarded because of alignment score : 154051
[2022-11-17 14:31:06.439] [jointLog] [info] Number of fragments discarded because they are best-mapped to decoys : 149742
[2022-11-17 14:31:06.439] [jointLog] [info] Number of fragments discarded because they have only dovetail (discordant) mappings to valid targets : 0
[2022-11-17 14:31:06.447] [jointLog] [warning] Only 3943870 fragments were mapped, but the number of burn-in fragments was set to 5000000.
The effective lengths have been computed using the observed mappings.

[2022-11-17 14:31:06.447] [jointLog] [info] Mapping rate = 86.344%

[2022-11-17 14:31:06.447] [jointLog] [info] finished quantifyLibrary()
[2022-11-17 14:31:06.434] [fileLog] [info] 
At end of round 0
==================
Observed 4567626 total fragments (4567626 in most recent round)

[2022-11-17 14:31:06.599] [jointLog] [info] Starting optimizer
[2022-11-17 14:31:06.659] [jointLog] [info] Marked 0 weighted equivalence classes as degenerate
[2022-11-17 14:31:06.667] [jointLog] [info] iteration = 0 | max rel diff. = 2626.56
[2022-11-17 14:31:07.309] [jointLog] [info] iteration = 100 | max rel diff. = 2.22711
[2022-11-17 14:31:07.899] [jointLog] [info] iteration = 200 | max rel diff. = 0.955134
[2022-11-17 14:31:08.512] [jointLog] [info] iteration = 300 | max rel diff. = 1.32444
[2022-11-17 14:31:09.132] [jointLog] [info] iteration = 400 | max rel diff. = 0.0642838
[2022-11-17 14:31:09.765] [jointLog] [info] iteration = 500 | max rel diff. = 0.0232257
[2022-11-17 14:31:10.355] [jointLog] [info] iteration = 600 | max rel diff. = 0.0294795
[2022-11-17 14:31:10.936] [jointLog] [info] iteration = 700 | max rel diff. = 0.117806
[2022-11-17 14:31:11.538] [jointLog] [info] iteration = 800 | max rel diff. = 0.0760669
[2022-11-17 14:31:12.087] [jointLog] [info] iteration = 900 | max rel diff. = 0.259466
[2022-11-17 14:31:12.629] [jointLog] [info] iteration = 1000 | max rel diff. = 0.0742509
[2022-11-17 14:31:13.163] [jointLog] [info] iteration = 1100 | max rel diff. = 0.0704667
[2022-11-17 14:31:13.231] [jointLog] [info] iteration = 1114 | max rel diff. = 0.00815089
[2022-11-17 14:31:13.237] [jointLog] [info] Finished optimizer
[2022-11-17 14:31:13.237] [jointLog] [info] writing output 

