[2022-11-17 12:26:11.715] [jointLog] [info] setting maxHashResizeThreads to 6
[2022-11-17 12:26:11.715] [jointLog] [info] Fragment incompatibility prior below threshold.  Incompatible fragments will be ignored.
[2022-11-17 12:26:11.715] [jointLog] [info] Usage of --validateMappings implies use of minScoreFraction. Since not explicitly specified, it is being set to 0.65
[2022-11-17 12:26:11.715] [jointLog] [info] Setting consensusSlack to selective-alignment default of 0.35.
[2022-11-17 12:26:11.715] [jointLog] [info] parsing read library format
[2022-11-17 12:26:11.716] [jointLog] [info] There is 1 library.
[2022-11-17 12:26:12.442] [jointLog] [info] Loading pufferfish index
[2022-11-17 12:26:12.991] [jointLog] [info] Loading dense pufferfish index.
[2022-11-17 12:33:53.206] [jointLog] [info] done
[2022-11-17 12:33:53.427] [jointLog] [info] Index contained 138045 targets
[2022-11-17 12:33:53.478] [jointLog] [info] Number of decoys : 66
[2022-11-17 12:33:53.478] [jointLog] [info] First decoy index : 137940 
[2022-11-17 12:34:52.663] [jointLog] [info] Thread saw mini-batch with a maximum of 1.26% zero probability fragments
[2022-11-17 12:34:52.677] [jointLog] [info] Thread saw mini-batch with a maximum of 1.28% zero probability fragments
[2022-11-17 12:34:52.706] [jointLog] [info] Thread saw mini-batch with a maximum of 1.16% zero probability fragments
[2022-11-17 12:34:52.792] [jointLog] [info] Thread saw mini-batch with a maximum of 1.16% zero probability fragments
[2022-11-17 12:34:52.798] [jointLog] [info] Thread saw mini-batch with a maximum of 1.12% zero probability fragments
[2022-11-17 12:34:52.855] [jointLog] [info] Thread saw mini-batch with a maximum of 1.16% zero probability fragments
[2022-11-17 12:34:52.915] [jointLog] [info] Computed 59057 rich equivalence classes for further processing
[2022-11-17 12:34:52.915] [jointLog] [info] Counted 6019282 total reads in the equivalence classes 
[2022-11-17 12:34:52.920] [jointLog] [warning] 0.595377% of fragments were shorter than the k used to build the index.
If this fraction is too large, consider re-building the index with a smaller k.
The minimum read size found was 20.


[2022-11-17 12:34:52.920] [jointLog] [info] Number of mappings discarded because of alignment score : 6500078
[2022-11-17 12:34:52.920] [jointLog] [info] Number of fragments entirely discarded because of alignment score : 278567
[2022-11-17 12:34:52.920] [jointLog] [info] Number of fragments discarded because they are best-mapped to decoys : 273861
[2022-11-17 12:34:52.920] [jointLog] [info] Number of fragments discarded because they have only dovetail (discordant) mappings to valid targets : 0
[2022-11-17 12:34:52.920] [jointLog] [info] Mapping rate = 85.9287%

[2022-11-17 12:34:52.920] [jointLog] [info] finished quantifyLibrary()
[2022-11-17 12:34:52.915] [fileLog] [info] 
At end of round 0
==================
Observed 7004975 total fragments (7004975 in most recent round)

[2022-11-17 12:34:53.411] [jointLog] [info] Starting optimizer
[2022-11-17 12:34:53.459] [jointLog] [info] Marked 0 weighted equivalence classes as degenerate
[2022-11-17 12:34:53.468] [jointLog] [info] iteration = 0 | max rel diff. = 3832.29
[2022-11-17 12:34:53.986] [jointLog] [info] iteration = 100 | max rel diff. = 17.8828
[2022-11-17 12:34:54.512] [jointLog] [info] iteration = 200 | max rel diff. = 0.837966
[2022-11-17 12:34:55.023] [jointLog] [info] iteration = 300 | max rel diff. = 3.26363
[2022-11-17 12:34:55.549] [jointLog] [info] iteration = 400 | max rel diff. = 3.24565
[2022-11-17 12:34:56.079] [jointLog] [info] iteration = 500 | max rel diff. = 0.176898
[2022-11-17 12:34:56.596] [jointLog] [info] iteration = 600 | max rel diff. = 0.109414
[2022-11-17 12:34:57.105] [jointLog] [info] iteration = 700 | max rel diff. = 0.0133235
[2022-11-17 12:34:57.617] [jointLog] [info] iteration = 800 | max rel diff. = 2.26473
[2022-11-17 12:34:57.622] [jointLog] [info] iteration = 802 | max rel diff. = 0.00786879
[2022-11-17 12:34:57.628] [jointLog] [info] Finished optimizer
[2022-11-17 12:34:57.628] [jointLog] [info] writing output 

