[2022-11-17 12:40:42.003] [jointLog] [info] setting maxHashResizeThreads to 6
[2022-11-17 12:40:42.003] [jointLog] [info] Fragment incompatibility prior below threshold.  Incompatible fragments will be ignored.
[2022-11-17 12:40:42.003] [jointLog] [info] Usage of --validateMappings implies use of minScoreFraction. Since not explicitly specified, it is being set to 0.65
[2022-11-17 12:40:42.003] [jointLog] [info] Setting consensusSlack to selective-alignment default of 0.35.
[2022-11-17 12:40:42.003] [jointLog] [info] parsing read library format
[2022-11-17 12:40:42.004] [jointLog] [info] There is 1 library.
[2022-11-17 12:40:42.386] [jointLog] [info] Loading pufferfish index
[2022-11-17 12:40:42.586] [jointLog] [info] Loading dense pufferfish index.
[2022-11-17 12:46:30.607] [jointLog] [info] done
[2022-11-17 12:46:30.941] [jointLog] [info] Index contained 138045 targets
[2022-11-17 12:46:30.991] [jointLog] [info] Number of decoys : 66
[2022-11-17 12:46:30.991] [jointLog] [info] First decoy index : 137940 
[2022-11-17 12:46:56.421] [jointLog] [info] Thread saw mini-batch with a maximum of 1.02% zero probability fragments
[2022-11-17 12:46:56.428] [jointLog] [info] Thread saw mini-batch with a maximum of 0.94% zero probability fragments
[2022-11-17 12:46:56.460] [jointLog] [info] Thread saw mini-batch with a maximum of 1.02% zero probability fragments
[2022-11-17 12:46:56.493] [jointLog] [info] Thread saw mini-batch with a maximum of 1.10% zero probability fragments
[2022-11-17 12:46:56.545] [jointLog] [info] Thread saw mini-batch with a maximum of 1.06% zero probability fragments
[2022-11-17 12:46:56.548] [jointLog] [info] Thread saw mini-batch with a maximum of 0.94% zero probability fragments
[2022-11-17 12:46:56.609] [jointLog] [info] Computed 62173 rich equivalence classes for further processing
[2022-11-17 12:46:56.609] [jointLog] [info] Counted 3516228 total reads in the equivalence classes 
[2022-11-17 12:46:56.615] [jointLog] [warning] 0.655551% of fragments were shorter than the k used to build the index.
If this fraction is too large, consider re-building the index with a smaller k.
The minimum read size found was 20.


[2022-11-17 12:46:56.615] [jointLog] [info] Number of mappings discarded because of alignment score : 3592970
[2022-11-17 12:46:56.615] [jointLog] [info] Number of fragments entirely discarded because of alignment score : 135226
[2022-11-17 12:46:56.615] [jointLog] [info] Number of fragments discarded because they are best-mapped to decoys : 131739
[2022-11-17 12:46:56.615] [jointLog] [info] Number of fragments discarded because they have only dovetail (discordant) mappings to valid targets : 0
[2022-11-17 12:46:56.621] [jointLog] [warning] Only 3516228 fragments were mapped, but the number of burn-in fragments was set to 5000000.
The effective lengths have been computed using the observed mappings.

[2022-11-17 12:46:56.621] [jointLog] [info] Mapping rate = 84.9418%

[2022-11-17 12:46:56.621] [jointLog] [info] finished quantifyLibrary()
[2022-11-17 12:46:56.610] [fileLog] [info] 
At end of round 0
==================
Observed 4139574 total fragments (4139574 in most recent round)

[2022-11-17 12:46:56.943] [jointLog] [info] Starting optimizer
[2022-11-17 12:46:56.994] [jointLog] [info] Marked 0 weighted equivalence classes as degenerate
[2022-11-17 12:46:57.002] [jointLog] [info] iteration = 0 | max rel diff. = 2368.14
[2022-11-17 12:46:57.536] [jointLog] [info] iteration = 100 | max rel diff. = 16.4211
[2022-11-17 12:46:58.080] [jointLog] [info] iteration = 200 | max rel diff. = 0.267552
[2022-11-17 12:46:58.622] [jointLog] [info] iteration = 300 | max rel diff. = 1.22543
[2022-11-17 12:46:59.188] [jointLog] [info] iteration = 400 | max rel diff. = 0.334062
[2022-11-17 12:46:59.772] [jointLog] [info] iteration = 500 | max rel diff. = 0.0429252
[2022-11-17 12:47:00.355] [jointLog] [info] iteration = 600 | max rel diff. = 0.292198
[2022-11-17 12:47:01.110] [jointLog] [info] iteration = 700 | max rel diff. = 0.0321721
[2022-11-17 12:47:01.670] [jointLog] [info] iteration = 800 | max rel diff. = 0.0307025
[2022-11-17 12:47:02.210] [jointLog] [info] iteration = 900 | max rel diff. = 0.019121
[2022-11-17 12:47:02.539] [jointLog] [info] iteration = 961 | max rel diff. = 0.00795775
[2022-11-17 12:47:02.545] [jointLog] [info] Finished optimizer
[2022-11-17 12:47:02.545] [jointLog] [info] writing output 

