[2022-11-16 15:55:22.519] [jointLog] [info] setting maxHashResizeThreads to 6
[2022-11-16 15:55:22.519] [jointLog] [info] Fragment incompatibility prior below threshold.  Incompatible fragments will be ignored.
[2022-11-16 15:55:22.519] [jointLog] [info] Usage of --validateMappings implies use of minScoreFraction. Since not explicitly specified, it is being set to 0.65
[2022-11-16 15:55:22.519] [jointLog] [info] Setting consensusSlack to selective-alignment default of 0.35.
[2022-11-16 15:55:22.519] [jointLog] [info] parsing read library format
[2022-11-16 15:55:22.520] [jointLog] [info] There is 1 library.
[2022-11-16 15:55:22.527] [jointLog] [info] Loading pufferfish index
[2022-11-16 15:55:22.530] [jointLog] [info] Loading dense pufferfish index.
[2022-11-16 15:58:53.565] [jointLog] [info] done
[2022-11-16 15:58:53.652] [jointLog] [info] Index contained 138045 targets
[2022-11-16 15:58:53.695] [jointLog] [info] Number of decoys : 66
[2022-11-16 15:58:53.695] [jointLog] [info] First decoy index : 137940 
[2022-11-16 16:02:49.335] [jointLog] [info] Thread saw mini-batch with a maximum of 0.70% zero probability fragments
[2022-11-16 16:02:49.378] [jointLog] [info] Thread saw mini-batch with a maximum of 0.68% zero probability fragments
[2022-11-16 16:02:49.384] [jointLog] [info] Thread saw mini-batch with a maximum of 0.76% zero probability fragments
[2022-11-16 16:02:49.496] [jointLog] [info] Thread saw mini-batch with a maximum of 0.72% zero probability fragments
[2022-11-16 16:02:49.595] [jointLog] [info] Thread saw mini-batch with a maximum of 0.66% zero probability fragments
[2022-11-16 16:02:49.658] [jointLog] [info] Thread saw mini-batch with a maximum of 0.76% zero probability fragments
[2022-11-16 16:02:49.742] [jointLog] [info] Computed 78248 rich equivalence classes for further processing
[2022-11-16 16:02:49.742] [jointLog] [info] Counted 15779902 total reads in the equivalence classes 
[2022-11-16 16:02:49.747] [jointLog] [warning] 0.640357% of fragments were shorter than the k used to build the index.
If this fraction is too large, consider re-building the index with a smaller k.
The minimum read size found was 20.


[2022-11-16 16:02:49.747] [jointLog] [info] Number of mappings discarded because of alignment score : 11087384
[2022-11-16 16:02:49.747] [jointLog] [info] Number of fragments entirely discarded because of alignment score : 1501527
[2022-11-16 16:02:49.747] [jointLog] [info] Number of fragments discarded because they are best-mapped to decoys : 1426677
[2022-11-16 16:02:49.747] [jointLog] [info] Number of fragments discarded because they have only dovetail (discordant) mappings to valid targets : 0
[2022-11-16 16:02:49.747] [jointLog] [info] Mapping rate = 84.8449%

[2022-11-16 16:02:49.747] [jointLog] [info] finished quantifyLibrary()
[2022-11-16 16:02:49.765] [jointLog] [info] Starting optimizer
[2022-11-16 16:02:49.743] [fileLog] [info] 
At end of round 0
==================
Observed 18598532 total fragments (18598532 in most recent round)

[2022-11-16 16:02:49.813] [jointLog] [info] Marked 0 weighted equivalence classes as degenerate
[2022-11-16 16:02:49.821] [jointLog] [info] iteration = 0 | max rel diff. = 7820.44
[2022-11-16 16:02:50.352] [jointLog] [info] iteration = 100 | max rel diff. = 11.0026
[2022-11-16 16:02:50.890] [jointLog] [info] iteration = 200 | max rel diff. = 8.75239
[2022-11-16 16:02:51.422] [jointLog] [info] iteration = 300 | max rel diff. = 0.745595
[2022-11-16 16:02:51.948] [jointLog] [info] iteration = 400 | max rel diff. = 0.755224
[2022-11-16 16:02:52.487] [jointLog] [info] iteration = 500 | max rel diff. = 11.9512
[2022-11-16 16:02:53.028] [jointLog] [info] iteration = 600 | max rel diff. = 0.40037
[2022-11-16 16:02:53.557] [jointLog] [info] iteration = 700 | max rel diff. = 0.125805
[2022-11-16 16:02:54.085] [jointLog] [info] iteration = 800 | max rel diff. = 0.0144643
[2022-11-16 16:02:54.614] [jointLog] [info] iteration = 900 | max rel diff. = 0.848674
[2022-11-16 16:02:55.140] [jointLog] [info] iteration = 1000 | max rel diff. = 0.026242
[2022-11-16 16:02:55.634] [jointLog] [info] iteration = 1095 | max rel diff. = 0.00716609
[2022-11-16 16:02:55.640] [jointLog] [info] Finished optimizer
[2022-11-16 16:02:55.640] [jointLog] [info] writing output 

