[2022-11-17 13:26:31.154] [jointLog] [info] setting maxHashResizeThreads to 6
[2022-11-17 13:26:31.154] [jointLog] [info] Fragment incompatibility prior below threshold.  Incompatible fragments will be ignored.
[2022-11-17 13:26:31.154] [jointLog] [info] Usage of --validateMappings implies use of minScoreFraction. Since not explicitly specified, it is being set to 0.65
[2022-11-17 13:26:31.154] [jointLog] [info] Setting consensusSlack to selective-alignment default of 0.35.
[2022-11-17 13:26:31.154] [jointLog] [info] parsing read library format
[2022-11-17 13:26:31.155] [jointLog] [info] There is 1 library.
[2022-11-17 13:26:31.661] [jointLog] [info] Loading pufferfish index
[2022-11-17 13:26:31.880] [jointLog] [info] Loading dense pufferfish index.
[2022-11-17 13:30:40.446] [jointLog] [info] done
[2022-11-17 13:30:40.789] [jointLog] [info] Index contained 138045 targets
[2022-11-17 13:30:40.845] [jointLog] [info] Number of decoys : 66
[2022-11-17 13:30:40.845] [jointLog] [info] First decoy index : 137940 
[2022-11-17 13:31:00.533] [jointLog] [info] Thread saw mini-batch with a maximum of 0.12% zero probability fragments
[2022-11-17 13:31:00.539] [jointLog] [info] Thread saw mini-batch with a maximum of 0.10% zero probability fragments
[2022-11-17 13:31:00.560] [jointLog] [info] Thread saw mini-batch with a maximum of 0.14% zero probability fragments
[2022-11-17 13:31:00.567] [jointLog] [info] Thread saw mini-batch with a maximum of 0.14% zero probability fragments
[2022-11-17 13:31:00.575] [jointLog] [info] Thread saw mini-batch with a maximum of 0.10% zero probability fragments
[2022-11-17 13:31:00.581] [jointLog] [info] Thread saw mini-batch with a maximum of 0.12% zero probability fragments
[2022-11-17 13:31:00.618] [jointLog] [info] Computed 19827 rich equivalence classes for further processing
[2022-11-17 13:31:00.618] [jointLog] [info] Counted 993474 total reads in the equivalence classes 
[2022-11-17 13:31:00.622] [jointLog] [warning] 0.698499% of fragments were shorter than the k used to build the index.
If this fraction is too large, consider re-building the index with a smaller k.
The minimum read size found was 20.


[2022-11-17 13:31:00.622] [jointLog] [info] Number of mappings discarded because of alignment score : 2084801
[2022-11-17 13:31:00.622] [jointLog] [info] Number of fragments entirely discarded because of alignment score : 144017
[2022-11-17 13:31:00.622] [jointLog] [info] Number of fragments discarded because they are best-mapped to decoys : 74461
[2022-11-17 13:31:00.622] [jointLog] [info] Number of fragments discarded because they have only dovetail (discordant) mappings to valid targets : 0
[2022-11-17 13:31:00.628] [jointLog] [warning] Only 993474 fragments were mapped, but the number of burn-in fragments was set to 5000000.
The effective lengths have been computed using the observed mappings.

[2022-11-17 13:31:00.628] [jointLog] [info] Mapping rate = 10.7792%

[2022-11-17 13:31:00.628] [jointLog] [info] finished quantifyLibrary()
[2022-11-17 13:31:00.619] [fileLog] [info] 
At end of round 0
==================
Observed 9216614 total fragments (9216614 in most recent round)

[2022-11-17 13:31:01.118] [jointLog] [info] Starting optimizer
[2022-11-17 13:31:01.162] [jointLog] [info] Marked 0 weighted equivalence classes as degenerate
[2022-11-17 13:31:01.169] [jointLog] [info] iteration = 0 | max rel diff. = 702.169
[2022-11-17 13:31:01.624] [jointLog] [info] iteration = 100 | max rel diff. = 10.4594
[2022-11-17 13:31:02.055] [jointLog] [info] iteration = 200 | max rel diff. = 1.3285
[2022-11-17 13:31:02.503] [jointLog] [info] iteration = 300 | max rel diff. = 0.337604
[2022-11-17 13:31:02.939] [jointLog] [info] iteration = 400 | max rel diff. = 0.0173925
[2022-11-17 13:31:03.169] [jointLog] [info] iteration = 454 | max rel diff. = 0.00583114
[2022-11-17 13:31:03.175] [jointLog] [info] Finished optimizer
[2022-11-17 13:31:03.175] [jointLog] [info] writing output 

