[2022-11-17 11:09:39.932] [jointLog] [info] setting maxHashResizeThreads to 6
[2022-11-17 11:09:39.932] [jointLog] [info] Fragment incompatibility prior below threshold.  Incompatible fragments will be ignored.
[2022-11-17 11:09:39.932] [jointLog] [info] Usage of --validateMappings implies use of minScoreFraction. Since not explicitly specified, it is being set to 0.65
[2022-11-17 11:09:39.932] [jointLog] [info] Setting consensusSlack to selective-alignment default of 0.35.
[2022-11-17 11:09:39.932] [jointLog] [info] parsing read library format
[2022-11-17 11:09:39.933] [jointLog] [info] There is 1 library.
[2022-11-17 11:09:40.527] [jointLog] [info] Loading pufferfish index
[2022-11-17 11:09:40.763] [jointLog] [info] Loading dense pufferfish index.
[2022-11-17 11:16:27.779] [jointLog] [info] done
[2022-11-17 11:16:27.986] [jointLog] [info] Index contained 138045 targets
[2022-11-17 11:16:28.036] [jointLog] [info] Number of decoys : 66
[2022-11-17 11:16:28.036] [jointLog] [info] First decoy index : 137940 
[2022-11-17 11:17:31.117] [fileLog] [info] 
At end of round 0
==================
Observed 7026084 total fragments (7026084 in most recent round)

[2022-11-17 11:17:30.888] [jointLog] [info] Thread saw mini-batch with a maximum of 0.94% zero probability fragments
[2022-11-17 11:17:30.891] [jointLog] [info] Thread saw mini-batch with a maximum of 0.98% zero probability fragments
[2022-11-17 11:17:30.912] [jointLog] [info] Thread saw mini-batch with a maximum of 1.04% zero probability fragments
[2022-11-17 11:17:31.005] [jointLog] [info] Thread saw mini-batch with a maximum of 1.02% zero probability fragments
[2022-11-17 11:17:31.056] [jointLog] [info] Thread saw mini-batch with a maximum of 0.98% zero probability fragments
[2022-11-17 11:17:31.058] [jointLog] [info] Thread saw mini-batch with a maximum of 0.98% zero probability fragments
[2022-11-17 11:17:31.117] [jointLog] [info] Computed 63032 rich equivalence classes for further processing
[2022-11-17 11:17:31.117] [jointLog] [info] Counted 5987788 total reads in the equivalence classes 
[2022-11-17 11:17:31.122] [jointLog] [warning] 0.309547% of fragments were shorter than the k used to build the index.
If this fraction is too large, consider re-building the index with a smaller k.
The minimum read size found was 20.


[2022-11-17 11:17:31.122] [jointLog] [info] Number of mappings discarded because of alignment score : 5958343
[2022-11-17 11:17:31.122] [jointLog] [info] Number of fragments entirely discarded because of alignment score : 258021
[2022-11-17 11:17:31.122] [jointLog] [info] Number of fragments discarded because they are best-mapped to decoys : 253445
[2022-11-17 11:17:31.122] [jointLog] [info] Number of fragments discarded because they have only dovetail (discordant) mappings to valid targets : 0
[2022-11-17 11:17:31.122] [jointLog] [info] Mapping rate = 85.2223%

[2022-11-17 11:17:31.122] [jointLog] [info] finished quantifyLibrary()
[2022-11-17 11:17:31.595] [jointLog] [info] Starting optimizer
[2022-11-17 11:17:31.648] [jointLog] [info] Marked 0 weighted equivalence classes as degenerate
[2022-11-17 11:17:31.655] [jointLog] [info] iteration = 0 | max rel diff. = 3809.87
[2022-11-17 11:17:32.193] [jointLog] [info] iteration = 100 | max rel diff. = 19.535
[2022-11-17 11:17:32.727] [jointLog] [info] iteration = 200 | max rel diff. = 16.2725
[2022-11-17 11:17:33.253] [jointLog] [info] iteration = 300 | max rel diff. = 5.17697
[2022-11-17 11:17:33.776] [jointLog] [info] iteration = 400 | max rel diff. = 0.598493
[2022-11-17 11:17:34.321] [jointLog] [info] iteration = 500 | max rel diff. = 0.0541439
[2022-11-17 11:17:34.852] [jointLog] [info] iteration = 600 | max rel diff. = 0.179776
[2022-11-17 11:17:35.374] [jointLog] [info] iteration = 700 | max rel diff. = 6.88234
[2022-11-17 11:17:35.893] [jointLog] [info] iteration = 800 | max rel diff. = 1.79177
[2022-11-17 11:17:36.410] [jointLog] [info] iteration = 900 | max rel diff. = 0.0184866
[2022-11-17 11:17:36.924] [jointLog] [info] iteration = 1000 | max rel diff. = 0.178248
[2022-11-17 11:17:37.441] [jointLog] [info] iteration = 1100 | max rel diff. = 0.0560374
[2022-11-17 11:17:37.967] [jointLog] [info] iteration = 1200 | max rel diff. = 0.0465617
[2022-11-17 11:17:38.088] [jointLog] [info] iteration = 1224 | max rel diff. = 0.0017249
[2022-11-17 11:17:38.093] [jointLog] [info] Finished optimizer
[2022-11-17 11:17:38.093] [jointLog] [info] writing output 

