[2022-11-17 12:00:47.317] [jointLog] [info] setting maxHashResizeThreads to 6
[2022-11-17 12:00:47.317] [jointLog] [info] Fragment incompatibility prior below threshold.  Incompatible fragments will be ignored.
[2022-11-17 12:00:47.317] [jointLog] [info] Usage of --validateMappings implies use of minScoreFraction. Since not explicitly specified, it is being set to 0.65
[2022-11-17 12:00:47.317] [jointLog] [info] Setting consensusSlack to selective-alignment default of 0.35.
[2022-11-17 12:00:47.317] [jointLog] [info] parsing read library format
[2022-11-17 12:00:47.318] [jointLog] [info] There is 1 library.
[2022-11-17 12:00:48.081] [jointLog] [info] Loading pufferfish index
[2022-11-17 12:00:48.408] [jointLog] [info] Loading dense pufferfish index.
[2022-11-17 12:05:36.571] [jointLog] [info] done
[2022-11-17 12:05:36.903] [jointLog] [info] Index contained 138045 targets
[2022-11-17 12:05:36.954] [jointLog] [info] Number of decoys : 66
[2022-11-17 12:05:36.954] [jointLog] [info] First decoy index : 137940 
[2022-11-17 12:06:07.041] [jointLog] [info] Thread saw mini-batch with a maximum of 1.10% zero probability fragments
[2022-11-17 12:06:07.099] [jointLog] [info] Thread saw mini-batch with a maximum of 0.98% zero probability fragments
[2022-11-17 12:06:07.121] [jointLog] [info] Thread saw mini-batch with a maximum of 0.94% zero probability fragments
[2022-11-17 12:06:07.131] [jointLog] [info] Thread saw mini-batch with a maximum of 1.04% zero probability fragments
[2022-11-17 12:06:07.135] [jointLog] [info] Thread saw mini-batch with a maximum of 0.94% zero probability fragments
[2022-11-17 12:06:07.141] [jointLog] [info] Thread saw mini-batch with a maximum of 0.92% zero probability fragments
[2022-11-17 12:06:07.220] [jointLog] [info] Computed 68183 rich equivalence classes for further processing
[2022-11-17 12:06:07.220] [jointLog] [info] Counted 4014494 total reads in the equivalence classes 
[2022-11-17 12:06:07.225] [jointLog] [warning] 0.855493% of fragments were shorter than the k used to build the index.
If this fraction is too large, consider re-building the index with a smaller k.
The minimum read size found was 20.


[2022-11-17 12:06:07.225] [jointLog] [info] Number of mappings discarded because of alignment score : 3685594
[2022-11-17 12:06:07.225] [jointLog] [info] Number of fragments entirely discarded because of alignment score : 150363
[2022-11-17 12:06:07.225] [jointLog] [info] Number of fragments discarded because they are best-mapped to decoys : 146325
[2022-11-17 12:06:07.225] [jointLog] [info] Number of fragments discarded because they have only dovetail (discordant) mappings to valid targets : 0
[2022-11-17 12:06:07.231] [jointLog] [warning] Only 4014494 fragments were mapped, but the number of burn-in fragments was set to 5000000.
The effective lengths have been computed using the observed mappings.

[2022-11-17 12:06:07.231] [jointLog] [info] Mapping rate = 86.8471%

[2022-11-17 12:06:07.231] [jointLog] [info] finished quantifyLibrary()
[2022-11-17 12:06:07.220] [fileLog] [info] 
At end of round 0
==================
Observed 4622483 total fragments (4622483 in most recent round)

[2022-11-17 12:06:07.934] [jointLog] [info] Starting optimizer
[2022-11-17 12:06:08.001] [jointLog] [info] Marked 0 weighted equivalence classes as degenerate
[2022-11-17 12:06:08.010] [jointLog] [info] iteration = 0 | max rel diff. = 2670.4
[2022-11-17 12:06:08.567] [jointLog] [info] iteration = 100 | max rel diff. = 18.1655
[2022-11-17 12:06:09.094] [jointLog] [info] iteration = 200 | max rel diff. = 4.48656
[2022-11-17 12:06:09.659] [jointLog] [info] iteration = 300 | max rel diff. = 0.0701863
[2022-11-17 12:06:10.191] [jointLog] [info] iteration = 400 | max rel diff. = 0.284812
[2022-11-17 12:06:10.720] [jointLog] [info] iteration = 500 | max rel diff. = 0.0423835
[2022-11-17 12:06:11.257] [jointLog] [info] iteration = 600 | max rel diff. = 0.0281737
[2022-11-17 12:06:11.796] [jointLog] [info] iteration = 700 | max rel diff. = 0.0634356
[2022-11-17 12:06:12.348] [jointLog] [info] iteration = 800 | max rel diff. = 0.530885
[2022-11-17 12:06:12.817] [jointLog] [info] iteration = 886 | max rel diff. = 0.00693829
[2022-11-17 12:06:12.823] [jointLog] [info] Finished optimizer
[2022-11-17 12:06:12.823] [jointLog] [info] writing output 

