[2022-11-17 09:42:43.284] [jointLog] [info] setting maxHashResizeThreads to 6
[2022-11-17 09:42:43.284] [jointLog] [info] Fragment incompatibility prior below threshold.  Incompatible fragments will be ignored.
[2022-11-17 09:42:43.284] [jointLog] [info] Usage of --validateMappings implies use of minScoreFraction. Since not explicitly specified, it is being set to 0.65
[2022-11-17 09:42:43.284] [jointLog] [info] Setting consensusSlack to selective-alignment default of 0.35.
[2022-11-17 09:42:43.284] [jointLog] [info] parsing read library format
[2022-11-17 09:42:43.285] [jointLog] [info] There is 1 library.
[2022-11-17 09:42:43.301] [jointLog] [info] Loading pufferfish index
[2022-11-17 09:42:43.323] [jointLog] [info] Loading dense pufferfish index.
[2022-11-17 09:49:37.665] [jointLog] [info] done
[2022-11-17 09:49:37.759] [jointLog] [info] Index contained 138045 targets
[2022-11-17 09:49:37.815] [jointLog] [info] Number of decoys : 66
[2022-11-17 09:49:37.815] [jointLog] [info] First decoy index : 137940 
[2022-11-17 09:50:00.527] [jointLog] [info] Thread saw mini-batch with a maximum of 0.12% zero probability fragments
[2022-11-17 09:50:00.541] [jointLog] [info] Thread saw mini-batch with a maximum of 0.14% zero probability fragments
[2022-11-17 09:50:00.559] [jointLog] [info] Thread saw mini-batch with a maximum of 0.14% zero probability fragments
[2022-11-17 09:50:00.563] [jointLog] [info] Thread saw mini-batch with a maximum of 0.14% zero probability fragments
[2022-11-17 09:50:00.581] [jointLog] [info] Thread saw mini-batch with a maximum of 0.12% zero probability fragments
[2022-11-17 09:50:00.588] [jointLog] [info] Thread saw mini-batch with a maximum of 0.16% zero probability fragments
[2022-11-17 09:50:00.635] [jointLog] [info] Computed 24926 rich equivalence classes for further processing
[2022-11-17 09:50:00.635] [jointLog] [info] Counted 1139486 total reads in the equivalence classes 
[2022-11-17 09:50:00.639] [jointLog] [warning] 0.603505% of fragments were shorter than the k used to build the index.
If this fraction is too large, consider re-building the index with a smaller k.
The minimum read size found was 20.


[2022-11-17 09:50:00.639] [jointLog] [info] Number of mappings discarded because of alignment score : 1550230
[2022-11-17 09:50:00.639] [jointLog] [info] Number of fragments entirely discarded because of alignment score : 118433
[2022-11-17 09:50:00.639] [jointLog] [info] Number of fragments discarded because they are best-mapped to decoys : 69496
[2022-11-17 09:50:00.639] [jointLog] [info] Number of fragments discarded because they have only dovetail (discordant) mappings to valid targets : 0
[2022-11-17 09:50:00.647] [jointLog] [warning] Only 1139486 fragments were mapped, but the number of burn-in fragments was set to 5000000.
The effective lengths have been computed using the observed mappings.

[2022-11-17 09:50:00.647] [jointLog] [info] Mapping rate = 15.4228%

[2022-11-17 09:50:00.647] [jointLog] [info] finished quantifyLibrary()
[2022-11-17 09:50:00.662] [jointLog] [info] Starting optimizer
[2022-11-17 09:50:00.716] [jointLog] [info] Marked 0 weighted equivalence classes as degenerate
[2022-11-17 09:50:00.722] [jointLog] [info] iteration = 0 | max rel diff. = 805.721
[2022-11-17 09:50:00.636] [fileLog] [info] 
At end of round 0
==================
Observed 7388345 total fragments (7388345 in most recent round)

[2022-11-17 09:50:01.284] [jointLog] [info] iteration = 100 | max rel diff. = 13.9841
[2022-11-17 09:50:01.789] [jointLog] [info] iteration = 200 | max rel diff. = 0.986452
[2022-11-17 09:50:02.252] [jointLog] [info] iteration = 300 | max rel diff. = 0.052839
[2022-11-17 09:50:02.719] [jointLog] [info] iteration = 400 | max rel diff. = 0.0220325
[2022-11-17 09:50:03.243] [jointLog] [info] iteration = 500 | max rel diff. = 0.0659236
[2022-11-17 09:50:03.759] [jointLog] [info] iteration = 600 | max rel diff. = 0.0171364
[2022-11-17 09:50:04.134] [jointLog] [info] iteration = 678 | max rel diff. = 0.00152947
[2022-11-17 09:50:04.140] [jointLog] [info] Finished optimizer
[2022-11-17 09:50:04.140] [jointLog] [info] writing output 

