[2022-11-17 11:25:37.320] [jointLog] [info] setting maxHashResizeThreads to 6
[2022-11-17 11:25:37.320] [jointLog] [info] Fragment incompatibility prior below threshold.  Incompatible fragments will be ignored.
[2022-11-17 11:25:37.320] [jointLog] [info] Usage of --validateMappings implies use of minScoreFraction. Since not explicitly specified, it is being set to 0.65
[2022-11-17 11:25:37.320] [jointLog] [info] Setting consensusSlack to selective-alignment default of 0.35.
[2022-11-17 11:25:37.320] [jointLog] [info] parsing read library format
[2022-11-17 11:25:37.321] [jointLog] [info] There is 1 library.
[2022-11-17 11:25:37.485] [jointLog] [info] Loading pufferfish index
[2022-11-17 11:25:37.638] [jointLog] [info] Loading dense pufferfish index.
[2022-11-17 11:30:57.090] [jointLog] [info] done
[2022-11-17 11:30:57.237] [jointLog] [info] Index contained 138045 targets
[2022-11-17 11:30:57.283] [jointLog] [info] Number of decoys : 66
[2022-11-17 11:30:57.283] [jointLog] [info] First decoy index : 137940 
[2022-11-17 11:31:16.028] [fileLog] [info] 
At end of round 0
==================
Observed 7034255 total fragments (7034255 in most recent round)

[2022-11-17 11:31:15.938] [jointLog] [info] Thread saw mini-batch with a maximum of 0.12% zero probability fragments
[2022-11-17 11:31:15.958] [jointLog] [info] Thread saw mini-batch with a maximum of 0.16% zero probability fragments
[2022-11-17 11:31:15.967] [jointLog] [info] Thread saw mini-batch with a maximum of 0.12% zero probability fragments
[2022-11-17 11:31:15.990] [jointLog] [info] Thread saw mini-batch with a maximum of 0.10% zero probability fragments
[2022-11-17 11:31:15.995] [jointLog] [info] Thread saw mini-batch with a maximum of 0.18% zero probability fragments
[2022-11-17 11:31:15.997] [jointLog] [info] Thread saw mini-batch with a maximum of 0.12% zero probability fragments
[2022-11-17 11:31:16.027] [jointLog] [info] Computed 22051 rich equivalence classes for further processing
[2022-11-17 11:31:16.027] [jointLog] [info] Counted 958880 total reads in the equivalence classes 
[2022-11-17 11:31:16.031] [jointLog] [warning] 0.706287% of fragments were shorter than the k used to build the index.
If this fraction is too large, consider re-building the index with a smaller k.
The minimum read size found was 20.


[2022-11-17 11:31:16.031] [jointLog] [info] Number of mappings discarded because of alignment score : 1440613
[2022-11-17 11:31:16.031] [jointLog] [info] Number of fragments entirely discarded because of alignment score : 106871
[2022-11-17 11:31:16.031] [jointLog] [info] Number of fragments discarded because they are best-mapped to decoys : 61235
[2022-11-17 11:31:16.031] [jointLog] [info] Number of fragments discarded because they have only dovetail (discordant) mappings to valid targets : 0
[2022-11-17 11:31:16.037] [jointLog] [warning] Only 958880 fragments were mapped, but the number of burn-in fragments was set to 5000000.
The effective lengths have been computed using the observed mappings.

[2022-11-17 11:31:16.037] [jointLog] [info] Mapping rate = 13.6316%

[2022-11-17 11:31:16.037] [jointLog] [info] finished quantifyLibrary()
[2022-11-17 11:31:16.383] [jointLog] [info] Starting optimizer
[2022-11-17 11:31:16.432] [jointLog] [info] Marked 0 weighted equivalence classes as degenerate
[2022-11-17 11:31:16.437] [jointLog] [info] iteration = 0 | max rel diff. = 679.588
[2022-11-17 11:31:16.924] [jointLog] [info] iteration = 100 | max rel diff. = 2.68757
[2022-11-17 11:31:17.405] [jointLog] [info] iteration = 200 | max rel diff. = 0.434124
[2022-11-17 11:31:17.895] [jointLog] [info] iteration = 300 | max rel diff. = 0.507396
[2022-11-17 11:31:18.398] [jointLog] [info] iteration = 400 | max rel diff. = 0.0185691
[2022-11-17 11:31:18.895] [jointLog] [info] iteration = 500 | max rel diff. = 0.344283
[2022-11-17 11:31:19.393] [jointLog] [info] iteration = 600 | max rel diff. = 0.104221
[2022-11-17 11:31:19.589] [jointLog] [info] iteration = 641 | max rel diff. = 0.00326503
[2022-11-17 11:31:19.595] [jointLog] [info] Finished optimizer
[2022-11-17 11:31:19.595] [jointLog] [info] writing output 

