[2022-11-17 11:17:20.903] [jointLog] [info] setting maxHashResizeThreads to 6
[2022-11-17 11:17:20.903] [jointLog] [info] Fragment incompatibility prior below threshold.  Incompatible fragments will be ignored.
[2022-11-17 11:17:20.903] [jointLog] [info] Usage of --validateMappings implies use of minScoreFraction. Since not explicitly specified, it is being set to 0.65
[2022-11-17 11:17:20.903] [jointLog] [info] Setting consensusSlack to selective-alignment default of 0.35.
[2022-11-17 11:17:20.903] [jointLog] [info] parsing read library format
[2022-11-17 11:17:20.905] [jointLog] [info] There is 1 library.
[2022-11-17 11:17:21.167] [jointLog] [info] Loading pufferfish index
[2022-11-17 11:17:21.265] [jointLog] [info] Loading dense pufferfish index.
[2022-11-17 11:23:49.308] [jointLog] [info] done
[2022-11-17 11:23:49.495] [jointLog] [info] Index contained 138045 targets
[2022-11-17 11:23:49.558] [jointLog] [info] Number of decoys : 66
[2022-11-17 11:23:49.558] [jointLog] [info] First decoy index : 137940 
[2022-11-17 11:24:34.144] [fileLog] [info] 
At end of round 0
==================
Observed 5603572 total fragments (5603572 in most recent round)

[2022-11-17 11:24:33.909] [jointLog] [info] Thread saw mini-batch with a maximum of 1.16% zero probability fragments
[2022-11-17 11:24:33.951] [jointLog] [info] Thread saw mini-batch with a maximum of 0.98% zero probability fragments
[2022-11-17 11:24:34.003] [jointLog] [info] Thread saw mini-batch with a maximum of 1.08% zero probability fragments
[2022-11-17 11:24:34.028] [jointLog] [info] Thread saw mini-batch with a maximum of 1.12% zero probability fragments
[2022-11-17 11:24:34.036] [jointLog] [info] Thread saw mini-batch with a maximum of 1.08% zero probability fragments
[2022-11-17 11:24:34.062] [jointLog] [info] Thread saw mini-batch with a maximum of 1.12% zero probability fragments
[2022-11-17 11:24:34.144] [jointLog] [info] Computed 68906 rich equivalence classes for further processing
[2022-11-17 11:24:34.144] [jointLog] [info] Counted 4755910 total reads in the equivalence classes 
[2022-11-17 11:24:34.149] [jointLog] [warning] 0.744971% of fragments were shorter than the k used to build the index.
If this fraction is too large, consider re-building the index with a smaller k.
The minimum read size found was 20.


[2022-11-17 11:24:34.149] [jointLog] [info] Number of mappings discarded because of alignment score : 5638765
[2022-11-17 11:24:34.149] [jointLog] [info] Number of fragments entirely discarded because of alignment score : 220052
[2022-11-17 11:24:34.149] [jointLog] [info] Number of fragments discarded because they are best-mapped to decoys : 215141
[2022-11-17 11:24:34.149] [jointLog] [info] Number of fragments discarded because they have only dovetail (discordant) mappings to valid targets : 0
[2022-11-17 11:24:34.156] [jointLog] [warning] Only 4755910 fragments were mapped, but the number of burn-in fragments was set to 5000000.
The effective lengths have been computed using the observed mappings.

[2022-11-17 11:24:34.156] [jointLog] [info] Mapping rate = 84.8728%

[2022-11-17 11:24:34.156] [jointLog] [info] finished quantifyLibrary()
[2022-11-17 11:24:34.453] [jointLog] [info] Starting optimizer
[2022-11-17 11:24:35.184] [jointLog] [info] Marked 0 weighted equivalence classes as degenerate
[2022-11-17 11:24:35.193] [jointLog] [info] iteration = 0 | max rel diff. = 3113.09
[2022-11-17 11:24:35.732] [jointLog] [info] iteration = 100 | max rel diff. = 15.7231
[2022-11-17 11:24:36.274] [jointLog] [info] iteration = 200 | max rel diff. = 5.21806
[2022-11-17 11:24:36.829] [jointLog] [info] iteration = 300 | max rel diff. = 0.405733
[2022-11-17 11:24:37.353] [jointLog] [info] iteration = 400 | max rel diff. = 0.0539707
[2022-11-17 11:24:37.876] [jointLog] [info] iteration = 500 | max rel diff. = 2.93736
[2022-11-17 11:24:38.401] [jointLog] [info] iteration = 600 | max rel diff. = 0.065546
[2022-11-17 11:24:38.925] [jointLog] [info] iteration = 700 | max rel diff. = 0.0849769
[2022-11-17 11:24:39.447] [jointLog] [info] iteration = 800 | max rel diff. = 0.0252651
[2022-11-17 11:24:39.970] [jointLog] [info] iteration = 900 | max rel diff. = 0.185393
[2022-11-17 11:24:40.502] [jointLog] [info] iteration = 1000 | max rel diff. = 0.703641
[2022-11-17 11:24:40.612] [jointLog] [info] iteration = 1022 | max rel diff. = 0.00621864
[2022-11-17 11:24:40.617] [jointLog] [info] Finished optimizer
[2022-11-17 11:24:40.617] [jointLog] [info] writing output 

