[2022-11-17 13:04:19.368] [jointLog] [info] setting maxHashResizeThreads to 6
[2022-11-17 13:04:19.368] [jointLog] [info] Fragment incompatibility prior below threshold.  Incompatible fragments will be ignored.
[2022-11-17 13:04:19.368] [jointLog] [info] Usage of --validateMappings implies use of minScoreFraction. Since not explicitly specified, it is being set to 0.65
[2022-11-17 13:04:19.368] [jointLog] [info] Setting consensusSlack to selective-alignment default of 0.35.
[2022-11-17 13:04:19.368] [jointLog] [info] parsing read library format
[2022-11-17 13:04:19.369] [jointLog] [info] There is 1 library.
[2022-11-17 13:04:19.987] [jointLog] [info] Loading pufferfish index
[2022-11-17 13:04:20.248] [jointLog] [info] Loading dense pufferfish index.
[2022-11-17 13:11:12.399] [jointLog] [info] done
[2022-11-17 13:11:12.743] [jointLog] [info] Index contained 138045 targets
[2022-11-17 13:11:12.795] [jointLog] [info] Number of decoys : 66
[2022-11-17 13:11:12.795] [jointLog] [info] First decoy index : 137940 
[2022-11-17 13:11:57.800] [jointLog] [info] Thread saw mini-batch with a maximum of 0.98% zero probability fragments
[2022-11-17 13:11:57.856] [jointLog] [info] Thread saw mini-batch with a maximum of 1.04% zero probability fragments
[2022-11-17 13:11:57.863] [jointLog] [info] Thread saw mini-batch with a maximum of 1.04% zero probability fragments
[2022-11-17 13:11:57.877] [jointLog] [info] Thread saw mini-batch with a maximum of 1.00% zero probability fragments
[2022-11-17 13:11:57.927] [jointLog] [info] Thread saw mini-batch with a maximum of 0.98% zero probability fragments
[2022-11-17 13:11:57.962] [jointLog] [info] Thread saw mini-batch with a maximum of 0.92% zero probability fragments
[2022-11-17 13:11:58.030] [jointLog] [info] Computed 66780 rich equivalence classes for further processing
[2022-11-17 13:11:58.030] [jointLog] [info] Counted 5114743 total reads in the equivalence classes 
[2022-11-17 13:11:58.036] [jointLog] [warning] 0.417636% of fragments were shorter than the k used to build the index.
If this fraction is too large, consider re-building the index with a smaller k.
The minimum read size found was 20.


[2022-11-17 13:11:58.036] [jointLog] [info] Number of mappings discarded because of alignment score : 5667177
[2022-11-17 13:11:58.036] [jointLog] [info] Number of fragments entirely discarded because of alignment score : 258807
[2022-11-17 13:11:58.036] [jointLog] [info] Number of fragments discarded because they are best-mapped to decoys : 253700
[2022-11-17 13:11:58.036] [jointLog] [info] Number of fragments discarded because they have only dovetail (discordant) mappings to valid targets : 0
[2022-11-17 13:11:58.036] [jointLog] [info] Mapping rate = 80.9896%

[2022-11-17 13:11:58.036] [jointLog] [info] finished quantifyLibrary()
[2022-11-17 13:11:58.031] [fileLog] [info] 
At end of round 0
==================
Observed 6315306 total fragments (6315306 in most recent round)

[2022-11-17 13:11:58.467] [jointLog] [info] Starting optimizer
[2022-11-17 13:11:58.533] [jointLog] [info] Marked 0 weighted equivalence classes as degenerate
[2022-11-17 13:11:58.542] [jointLog] [info] iteration = 0 | max rel diff. = 3306.11
[2022-11-17 13:11:59.115] [jointLog] [info] iteration = 100 | max rel diff. = 8.15377
[2022-11-17 13:11:59.639] [jointLog] [info] iteration = 200 | max rel diff. = 2.34787
[2022-11-17 13:12:00.180] [jointLog] [info] iteration = 300 | max rel diff. = 0.298422
[2022-11-17 13:12:00.704] [jointLog] [info] iteration = 400 | max rel diff. = 0.471453
[2022-11-17 13:12:01.227] [jointLog] [info] iteration = 500 | max rel diff. = 0.185383
[2022-11-17 13:12:01.378] [jointLog] [info] iteration = 530 | max rel diff. = 0.00959009
[2022-11-17 13:12:01.384] [jointLog] [info] Finished optimizer
[2022-11-17 13:12:01.384] [jointLog] [info] writing output 

