[2022-11-17 14:11:31.129] [jointLog] [info] setting maxHashResizeThreads to 6
[2022-11-17 14:11:31.129] [jointLog] [info] Fragment incompatibility prior below threshold.  Incompatible fragments will be ignored.
[2022-11-17 14:11:31.129] [jointLog] [info] Usage of --validateMappings implies use of minScoreFraction. Since not explicitly specified, it is being set to 0.65
[2022-11-17 14:11:31.129] [jointLog] [info] Setting consensusSlack to selective-alignment default of 0.35.
[2022-11-17 14:11:31.129] [jointLog] [info] parsing read library format
[2022-11-17 14:11:31.130] [jointLog] [info] There is 1 library.
[2022-11-17 14:11:31.144] [jointLog] [info] Loading pufferfish index
[2022-11-17 14:11:31.147] [jointLog] [info] Loading dense pufferfish index.
[2022-11-17 14:16:24.067] [jointLog] [info] done
[2022-11-17 14:16:24.258] [jointLog] [info] Index contained 138045 targets
[2022-11-17 14:16:24.305] [jointLog] [info] Number of decoys : 66
[2022-11-17 14:16:24.305] [jointLog] [info] First decoy index : 137940 
[2022-11-17 14:17:24.770] [jointLog] [info] Thread saw mini-batch with a maximum of 0.92% zero probability fragments
[2022-11-17 14:17:24.787] [jointLog] [info] Thread saw mini-batch with a maximum of 1.02% zero probability fragments
[2022-11-17 14:17:24.867] [jointLog] [info] Thread saw mini-batch with a maximum of 1.02% zero probability fragments
[2022-11-17 14:17:24.914] [jointLog] [info] Thread saw mini-batch with a maximum of 1.04% zero probability fragments
[2022-11-17 14:17:24.915] [jointLog] [info] Thread saw mini-batch with a maximum of 0.94% zero probability fragments
[2022-11-17 14:17:24.957] [jointLog] [info] Thread saw mini-batch with a maximum of 0.98% zero probability fragments
[2022-11-17 14:17:25.023] [jointLog] [info] Computed 63954 rich equivalence classes for further processing
[2022-11-17 14:17:25.023] [jointLog] [info] Counted 6407875 total reads in the equivalence classes 
[2022-11-17 14:17:25.029] [jointLog] [warning] 0.360915% of fragments were shorter than the k used to build the index.
If this fraction is too large, consider re-building the index with a smaller k.
The minimum read size found was 20.


[2022-11-17 14:17:25.029] [jointLog] [info] Number of mappings discarded because of alignment score : 6231957
[2022-11-17 14:17:25.029] [jointLog] [info] Number of fragments entirely discarded because of alignment score : 281949
[2022-11-17 14:17:25.029] [jointLog] [info] Number of fragments discarded because they are best-mapped to decoys : 276724
[2022-11-17 14:17:25.029] [jointLog] [info] Number of fragments discarded because they have only dovetail (discordant) mappings to valid targets : 0
[2022-11-17 14:17:25.029] [jointLog] [info] Mapping rate = 83.8907%

[2022-11-17 14:17:25.029] [jointLog] [info] finished quantifyLibrary()
[2022-11-17 14:17:25.194] [jointLog] [info] Starting optimizer
[2022-11-17 14:17:25.255] [jointLog] [info] Marked 0 weighted equivalence classes as degenerate
[2022-11-17 14:17:25.263] [jointLog] [info] iteration = 0 | max rel diff. = 4040.05
[2022-11-17 14:17:25.023] [fileLog] [info] 
At end of round 0
==================
Observed 7638365 total fragments (7638365 in most recent round)

[2022-11-17 14:17:25.888] [jointLog] [info] iteration = 100 | max rel diff. = 20.2576
[2022-11-17 14:17:26.469] [jointLog] [info] iteration = 200 | max rel diff. = 3.48305
[2022-11-17 14:17:27.152] [jointLog] [info] iteration = 300 | max rel diff. = 2.65649
[2022-11-17 14:17:27.826] [jointLog] [info] iteration = 400 | max rel diff. = 0.292547
[2022-11-17 14:17:28.442] [jointLog] [info] iteration = 500 | max rel diff. = 0.126776
[2022-11-17 14:17:29.014] [jointLog] [info] iteration = 600 | max rel diff. = 0.223328
[2022-11-17 14:17:29.578] [jointLog] [info] iteration = 700 | max rel diff. = 0.024893
[2022-11-17 14:17:30.131] [jointLog] [info] iteration = 800 | max rel diff. = 0.345718
[2022-11-17 14:17:30.681] [jointLog] [info] iteration = 900 | max rel diff. = 0.280382
[2022-11-17 14:17:31.252] [jointLog] [info] iteration = 1000 | max rel diff. = 0.108105
[2022-11-17 14:17:31.821] [jointLog] [info] iteration = 1100 | max rel diff. = 0.020191
[2022-11-17 14:17:32.384] [jointLog] [info] iteration = 1200 | max rel diff. = 0.0492725
[2022-11-17 14:17:32.509] [jointLog] [info] iteration = 1223 | max rel diff. = 0.00980078
[2022-11-17 14:17:32.514] [jointLog] [info] Finished optimizer
[2022-11-17 14:17:32.514] [jointLog] [info] writing output 

