[2022-11-17 10:49:46.637] [jointLog] [info] setting maxHashResizeThreads to 6
[2022-11-17 10:49:46.637] [jointLog] [info] Fragment incompatibility prior below threshold.  Incompatible fragments will be ignored.
[2022-11-17 10:49:46.637] [jointLog] [info] Usage of --validateMappings implies use of minScoreFraction. Since not explicitly specified, it is being set to 0.65
[2022-11-17 10:49:46.637] [jointLog] [info] Setting consensusSlack to selective-alignment default of 0.35.
[2022-11-17 10:49:46.637] [jointLog] [info] parsing read library format
[2022-11-17 10:49:46.638] [jointLog] [info] There is 1 library.
[2022-11-17 10:49:47.378] [jointLog] [info] Loading pufferfish index
[2022-11-17 10:49:47.675] [jointLog] [info] Loading dense pufferfish index.
[2022-11-17 10:53:10.094] [jointLog] [info] done
[2022-11-17 10:53:10.184] [jointLog] [info] Index contained 138045 targets
[2022-11-17 10:53:10.226] [jointLog] [info] Number of decoys : 66
[2022-11-17 10:53:10.226] [jointLog] [info] First decoy index : 137940 
[2022-11-17 10:53:53.837] [jointLog] [info] Thread saw mini-batch with a maximum of 1.48% zero probability fragments
[2022-11-17 10:53:53.904] [jointLog] [info] Thread saw mini-batch with a maximum of 1.46% zero probability fragments
[2022-11-17 10:53:53.982] [jointLog] [info] Thread saw mini-batch with a maximum of 1.38% zero probability fragments
[2022-11-17 10:53:53.990] [jointLog] [info] Thread saw mini-batch with a maximum of 1.40% zero probability fragments
[2022-11-17 10:53:54.028] [jointLog] [info] Thread saw mini-batch with a maximum of 1.46% zero probability fragments
[2022-11-17 10:53:54.043] [jointLog] [info] Thread saw mini-batch with a maximum of 1.36% zero probability fragments
[2022-11-17 10:53:54.113] [jointLog] [info] Computed 68060 rich equivalence classes for further processing
[2022-11-17 10:53:54.113] [jointLog] [info] Counted 4011502 total reads in the equivalence classes 
[2022-11-17 10:53:54.118] [jointLog] [warning] 1.04148% of fragments were shorter than the k used to build the index.
If this fraction is too large, consider re-building the index with a smaller k.
The minimum read size found was 20.


[2022-11-17 10:53:54.118] [jointLog] [info] Number of mappings discarded because of alignment score : 5011612
[2022-11-17 10:53:54.118] [jointLog] [info] Number of fragments entirely discarded because of alignment score : 223053
[2022-11-17 10:53:54.118] [jointLog] [info] Number of fragments discarded because they are best-mapped to decoys : 218234
[2022-11-17 10:53:54.118] [jointLog] [info] Number of fragments discarded because they have only dovetail (discordant) mappings to valid targets : 0
[2022-11-17 10:53:54.124] [jointLog] [warning] Only 4011502 fragments were mapped, but the number of burn-in fragments was set to 5000000.
The effective lengths have been computed using the observed mappings.

[2022-11-17 10:53:54.124] [jointLog] [info] Mapping rate = 81.5885%

[2022-11-17 10:53:54.124] [jointLog] [info] finished quantifyLibrary()
[2022-11-17 10:53:54.137] [jointLog] [info] Starting optimizer
[2022-11-17 10:53:54.220] [jointLog] [info] Marked 0 weighted equivalence classes as degenerate
[2022-11-17 10:53:54.228] [jointLog] [info] iteration = 0 | max rel diff. = 2665.34
[2022-11-17 10:53:54.114] [fileLog] [info] 
At end of round 0
==================
Observed 4916747 total fragments (4916747 in most recent round)

[2022-11-17 10:53:54.820] [jointLog] [info] iteration = 100 | max rel diff. = 19.8555
[2022-11-17 10:53:55.372] [jointLog] [info] iteration = 200 | max rel diff. = 2.72746
[2022-11-17 10:53:55.930] [jointLog] [info] iteration = 300 | max rel diff. = 5.1563
[2022-11-17 10:53:56.509] [jointLog] [info] iteration = 400 | max rel diff. = 0.19848
[2022-11-17 10:53:57.077] [jointLog] [info] iteration = 500 | max rel diff. = 0.0524785
[2022-11-17 10:53:57.635] [jointLog] [info] iteration = 600 | max rel diff. = 0.0245876
[2022-11-17 10:53:58.305] [jointLog] [info] iteration = 700 | max rel diff. = 0.908561
[2022-11-17 10:53:58.881] [jointLog] [info] iteration = 800 | max rel diff. = 0.0314775
[2022-11-17 10:53:59.085] [jointLog] [info] iteration = 836 | max rel diff. = 0.00814603
[2022-11-17 10:53:59.091] [jointLog] [info] Finished optimizer
[2022-11-17 10:53:59.091] [jointLog] [info] writing output 

