[2022-11-17 12:13:34.438] [jointLog] [info] setting maxHashResizeThreads to 6
[2022-11-17 12:13:34.438] [jointLog] [info] Fragment incompatibility prior below threshold.  Incompatible fragments will be ignored.
[2022-11-17 12:13:34.438] [jointLog] [info] Usage of --validateMappings implies use of minScoreFraction. Since not explicitly specified, it is being set to 0.65
[2022-11-17 12:13:34.438] [jointLog] [info] Setting consensusSlack to selective-alignment default of 0.35.
[2022-11-17 12:13:34.438] [jointLog] [info] parsing read library format
[2022-11-17 12:13:34.439] [jointLog] [info] There is 1 library.
[2022-11-17 12:13:34.629] [jointLog] [info] Loading pufferfish index
[2022-11-17 12:13:34.710] [jointLog] [info] Loading dense pufferfish index.
[2022-11-17 12:17:25.460] [jointLog] [info] done
[2022-11-17 12:17:25.591] [jointLog] [info] Index contained 138045 targets
[2022-11-17 12:17:25.650] [jointLog] [info] Number of decoys : 66
[2022-11-17 12:17:25.650] [jointLog] [info] First decoy index : 137940 
[2022-11-17 12:18:09.033] [jointLog] [info] Thread saw mini-batch with a maximum of 0.86% zero probability fragments
[2022-11-17 12:18:09.060] [jointLog] [info] Thread saw mini-batch with a maximum of 0.84% zero probability fragments
[2022-11-17 12:18:09.077] [jointLog] [info] Thread saw mini-batch with a maximum of 0.84% zero probability fragments
[2022-11-17 12:18:09.083] [jointLog] [info] Thread saw mini-batch with a maximum of 0.86% zero probability fragments
[2022-11-17 12:18:09.100] [jointLog] [info] Thread saw mini-batch with a maximum of 0.84% zero probability fragments
[2022-11-17 12:18:09.237] [jointLog] [info] Thread saw mini-batch with a maximum of 0.86% zero probability fragments
[2022-11-17 12:18:09.317] [jointLog] [info] Computed 64914 rich equivalence classes for further processing
[2022-11-17 12:18:09.317] [jointLog] [info] Counted 3886670 total reads in the equivalence classes 
[2022-11-17 12:18:09.324] [jointLog] [warning] 0.807955% of fragments were shorter than the k used to build the index.
If this fraction is too large, consider re-building the index with a smaller k.
The minimum read size found was 20.


[2022-11-17 12:18:09.324] [jointLog] [info] Number of mappings discarded because of alignment score : 3771144
[2022-11-17 12:18:09.324] [jointLog] [info] Number of fragments entirely discarded because of alignment score : 147469
[2022-11-17 12:18:09.324] [jointLog] [info] Number of fragments discarded because they are best-mapped to decoys : 143938
[2022-11-17 12:18:09.324] [jointLog] [info] Number of fragments discarded because they have only dovetail (discordant) mappings to valid targets : 0
[2022-11-17 12:18:09.333] [jointLog] [warning] Only 3886670 fragments were mapped, but the number of burn-in fragments was set to 5000000.
The effective lengths have been computed using the observed mappings.

[2022-11-17 12:18:09.333] [jointLog] [info] Mapping rate = 86.4655%

[2022-11-17 12:18:09.333] [jointLog] [info] finished quantifyLibrary()
[2022-11-17 12:18:09.342] [jointLog] [info] Starting optimizer
[2022-11-17 12:18:09.418] [jointLog] [info] Marked 0 weighted equivalence classes as degenerate
[2022-11-17 12:18:09.425] [jointLog] [info] iteration = 0 | max rel diff. = 2584.77
[2022-11-17 12:18:09.317] [fileLog] [info] 
At end of round 0
==================
Observed 4495054 total fragments (4495054 in most recent round)

[2022-11-17 12:18:09.997] [jointLog] [info] iteration = 100 | max rel diff. = 5.09216
[2022-11-17 12:18:10.587] [jointLog] [info] iteration = 200 | max rel diff. = 13.9889
[2022-11-17 12:18:11.124] [jointLog] [info] iteration = 300 | max rel diff. = 0.117331
[2022-11-17 12:18:11.670] [jointLog] [info] iteration = 400 | max rel diff. = 1.46084
[2022-11-17 12:18:12.197] [jointLog] [info] iteration = 500 | max rel diff. = 0.446038
[2022-11-17 12:18:12.719] [jointLog] [info] iteration = 600 | max rel diff. = 0.0588016
[2022-11-17 12:18:13.238] [jointLog] [info] iteration = 700 | max rel diff. = 0.043467
[2022-11-17 12:18:13.758] [jointLog] [info] iteration = 800 | max rel diff. = 0.0842942
[2022-11-17 12:18:13.996] [jointLog] [info] iteration = 842 | max rel diff. = 0.00497196
[2022-11-17 12:18:14.002] [jointLog] [info] Finished optimizer
[2022-11-17 12:18:14.002] [jointLog] [info] writing output 

