[2022-11-16 15:04:25.381] [jointLog] [info] setting maxHashResizeThreads to 6
[2022-11-16 15:04:25.381] [jointLog] [info] Fragment incompatibility prior below threshold.  Incompatible fragments will be ignored.
[2022-11-16 15:04:25.381] [jointLog] [info] Usage of --validateMappings implies use of minScoreFraction. Since not explicitly specified, it is being set to 0.65
[2022-11-16 15:04:25.381] [jointLog] [info] Setting consensusSlack to selective-alignment default of 0.35.
[2022-11-16 15:04:25.381] [jointLog] [info] parsing read library format
[2022-11-16 15:04:25.382] [jointLog] [info] There is 1 library.
[2022-11-16 15:04:25.398] [jointLog] [info] Loading pufferfish index
[2022-11-16 15:04:25.401] [jointLog] [info] Loading dense pufferfish index.
[2022-11-16 15:09:09.044] [jointLog] [info] done
[2022-11-16 15:09:09.217] [jointLog] [info] Index contained 138045 targets
[2022-11-16 15:09:09.272] [jointLog] [info] Number of decoys : 66
[2022-11-16 15:09:09.272] [jointLog] [info] First decoy index : 137940 
[2022-11-16 15:12:55.627] [jointLog] [info] Thread saw mini-batch with a maximum of 0.68% zero probability fragments
[2022-11-16 15:12:55.631] [jointLog] [info] Thread saw mini-batch with a maximum of 0.68% zero probability fragments
[2022-11-16 15:12:55.715] [jointLog] [info] Thread saw mini-batch with a maximum of 0.72% zero probability fragments
[2022-11-16 15:12:55.718] [jointLog] [info] Thread saw mini-batch with a maximum of 0.74% zero probability fragments
[2022-11-16 15:12:55.753] [jointLog] [info] Thread saw mini-batch with a maximum of 0.74% zero probability fragments
[2022-11-16 15:12:55.756] [jointLog] [info] Thread saw mini-batch with a maximum of 0.68% zero probability fragments
[2022-11-16 15:12:55.837] [jointLog] [info] Computed 67473 rich equivalence classes for further processing
[2022-11-16 15:12:55.837] [jointLog] [info] Counted 15048352 total reads in the equivalence classes 
[2022-11-16 15:12:55.879] [jointLog] [warning] 0.778398% of fragments were shorter than the k used to build the index.
If this fraction is too large, consider re-building the index with a smaller k.
The minimum read size found was 20.


[2022-11-16 15:12:55.879] [jointLog] [info] Number of mappings discarded because of alignment score : 10814650
[2022-11-16 15:12:55.879] [jointLog] [info] Number of fragments entirely discarded because of alignment score : 1413183
[2022-11-16 15:12:55.879] [jointLog] [info] Number of fragments discarded because they are best-mapped to decoys : 1336719
[2022-11-16 15:12:55.879] [jointLog] [info] Number of fragments discarded because they have only dovetail (discordant) mappings to valid targets : 0
[2022-11-16 15:12:55.879] [jointLog] [info] Mapping rate = 84.5998%

[2022-11-16 15:12:55.879] [jointLog] [info] finished quantifyLibrary()
[2022-11-16 15:12:56.039] [jointLog] [info] Starting optimizer
[2022-11-16 15:12:55.852] [fileLog] [info] 
At end of round 0
==================
Observed 17787692 total fragments (17787692 in most recent round)

[2022-11-16 15:12:56.167] [jointLog] [info] Marked 0 weighted equivalence classes as degenerate
[2022-11-16 15:12:56.177] [jointLog] [info] iteration = 0 | max rel diff. = 7579.75
[2022-11-16 15:12:56.710] [jointLog] [info] iteration = 100 | max rel diff. = 9.85749
[2022-11-16 15:12:57.236] [jointLog] [info] iteration = 200 | max rel diff. = 10.1137
[2022-11-16 15:12:57.754] [jointLog] [info] iteration = 300 | max rel diff. = 0.127191
[2022-11-16 15:12:58.261] [jointLog] [info] iteration = 400 | max rel diff. = 0.640166
[2022-11-16 15:12:58.804] [jointLog] [info] iteration = 500 | max rel diff. = 18.8999
[2022-11-16 15:12:59.328] [jointLog] [info] iteration = 600 | max rel diff. = 0.111023
[2022-11-16 15:12:59.833] [jointLog] [info] iteration = 700 | max rel diff. = 0.316779
[2022-11-16 15:13:00.341] [jointLog] [info] iteration = 800 | max rel diff. = 0.109592
[2022-11-16 15:13:00.770] [jointLog] [info] iteration = 886 | max rel diff. = 0.00654821
[2022-11-16 15:13:00.775] [jointLog] [info] Finished optimizer
[2022-11-16 15:13:00.775] [jointLog] [info] writing output 

