[2022-11-17 10:02:47.708] [jointLog] [info] setting maxHashResizeThreads to 6
[2022-11-17 10:02:47.708] [jointLog] [info] Fragment incompatibility prior below threshold.  Incompatible fragments will be ignored.
[2022-11-17 10:02:47.708] [jointLog] [info] Usage of --validateMappings implies use of minScoreFraction. Since not explicitly specified, it is being set to 0.65
[2022-11-17 10:02:47.708] [jointLog] [info] Setting consensusSlack to selective-alignment default of 0.35.
[2022-11-17 10:02:47.708] [jointLog] [info] parsing read library format
[2022-11-17 10:02:47.709] [jointLog] [info] There is 1 library.
[2022-11-17 10:02:48.157] [jointLog] [info] Loading pufferfish index
[2022-11-17 10:02:48.362] [jointLog] [info] Loading dense pufferfish index.
[2022-11-17 10:08:44.771] [jointLog] [info] done
[2022-11-17 10:08:44.864] [jointLog] [info] Index contained 138045 targets
[2022-11-17 10:08:44.913] [jointLog] [info] Number of decoys : 66
[2022-11-17 10:08:44.913] [jointLog] [info] First decoy index : 137940 
[2022-11-17 10:09:44.308] [jointLog] [info] Thread saw mini-batch with a maximum of 0.90% zero probability fragments
[2022-11-17 10:09:44.350] [jointLog] [info] Thread saw mini-batch with a maximum of 0.92% zero probability fragments
[2022-11-17 10:09:44.385] [jointLog] [info] Thread saw mini-batch with a maximum of 0.96% zero probability fragments
[2022-11-17 10:09:44.423] [jointLog] [info] Thread saw mini-batch with a maximum of 0.86% zero probability fragments
[2022-11-17 10:09:44.443] [jointLog] [info] Thread saw mini-batch with a maximum of 0.98% zero probability fragments
[2022-11-17 10:09:44.459] [jointLog] [info] Thread saw mini-batch with a maximum of 0.92% zero probability fragments
[2022-11-17 10:09:44.520] [jointLog] [info] Computed 63498 rich equivalence classes for further processing
[2022-11-17 10:09:44.520] [jointLog] [info] Counted 5966123 total reads in the equivalence classes 
[2022-11-17 10:09:44.525] [jointLog] [warning] 0.384674% of fragments were shorter than the k used to build the index.
If this fraction is too large, consider re-building the index with a smaller k.
The minimum read size found was 20.


[2022-11-17 10:09:44.525] [jointLog] [info] Number of mappings discarded because of alignment score : 5645210
[2022-11-17 10:09:44.525] [jointLog] [info] Number of fragments entirely discarded because of alignment score : 224385
[2022-11-17 10:09:44.525] [jointLog] [info] Number of fragments discarded because they are best-mapped to decoys : 219645
[2022-11-17 10:09:44.525] [jointLog] [info] Number of fragments discarded because they have only dovetail (discordant) mappings to valid targets : 0
[2022-11-17 10:09:44.525] [jointLog] [info] Mapping rate = 85.6859%

[2022-11-17 10:09:44.525] [jointLog] [info] finished quantifyLibrary()
[2022-11-17 10:09:44.521] [fileLog] [info] 
At end of round 0
==================
Observed 6962780 total fragments (6962780 in most recent round)

[2022-11-17 10:09:44.753] [jointLog] [info] Starting optimizer
[2022-11-17 10:09:44.809] [jointLog] [info] Marked 0 weighted equivalence classes as degenerate
[2022-11-17 10:09:44.817] [jointLog] [info] iteration = 0 | max rel diff. = 3803.51
[2022-11-17 10:09:45.380] [jointLog] [info] iteration = 100 | max rel diff. = 3.10509
[2022-11-17 10:09:45.911] [jointLog] [info] iteration = 200 | max rel diff. = 0.710663
[2022-11-17 10:09:46.441] [jointLog] [info] iteration = 300 | max rel diff. = 3.37619
[2022-11-17 10:09:46.987] [jointLog] [info] iteration = 400 | max rel diff. = 0.200339
[2022-11-17 10:09:47.515] [jointLog] [info] iteration = 500 | max rel diff. = 0.110292
[2022-11-17 10:09:48.062] [jointLog] [info] iteration = 600 | max rel diff. = 0.109578
[2022-11-17 10:09:48.611] [jointLog] [info] iteration = 700 | max rel diff. = 0.176212
[2022-11-17 10:09:49.140] [jointLog] [info] iteration = 800 | max rel diff. = 0.0798943
[2022-11-17 10:09:49.498] [jointLog] [info] iteration = 869 | max rel diff. = 0.00775755
[2022-11-17 10:09:49.503] [jointLog] [info] Finished optimizer
[2022-11-17 10:09:49.503] [jointLog] [info] writing output 

