[2022-11-17 11:31:36.051] [jointLog] [info] setting maxHashResizeThreads to 6
[2022-11-17 11:31:36.051] [jointLog] [info] Fragment incompatibility prior below threshold.  Incompatible fragments will be ignored.
[2022-11-17 11:31:36.051] [jointLog] [info] Usage of --validateMappings implies use of minScoreFraction. Since not explicitly specified, it is being set to 0.65
[2022-11-17 11:31:36.051] [jointLog] [info] Setting consensusSlack to selective-alignment default of 0.35.
[2022-11-17 11:31:36.051] [jointLog] [info] parsing read library format
[2022-11-17 11:31:36.051] [jointLog] [info] There is 1 library.
[2022-11-17 11:31:36.230] [jointLog] [info] Loading pufferfish index
[2022-11-17 11:31:36.292] [jointLog] [info] Loading dense pufferfish index.
[2022-11-17 11:39:19.932] [jointLog] [info] done
[2022-11-17 11:39:20.237] [jointLog] [info] Index contained 138045 targets
[2022-11-17 11:39:20.301] [jointLog] [info] Number of decoys : 66
[2022-11-17 11:39:20.301] [jointLog] [info] First decoy index : 137940 
[2022-11-17 11:40:15.283] [jointLog] [info] Thread saw mini-batch with a maximum of 0.90% zero probability fragments
[2022-11-17 11:40:15.367] [jointLog] [info] Thread saw mini-batch with a maximum of 0.96% zero probability fragments
[2022-11-17 11:40:15.398] [jointLog] [info] Thread saw mini-batch with a maximum of 1.14% zero probability fragments
[2022-11-17 11:40:15.419] [jointLog] [info] Thread saw mini-batch with a maximum of 0.98% zero probability fragments
[2022-11-17 11:40:15.423] [jointLog] [info] Thread saw mini-batch with a maximum of 1.04% zero probability fragments
[2022-11-17 11:40:15.441] [jointLog] [info] Thread saw mini-batch with a maximum of 0.94% zero probability fragments
[2022-11-17 11:40:15.521] [jointLog] [info] Computed 66358 rich equivalence classes for further processing
[2022-11-17 11:40:15.521] [jointLog] [info] Counted 5762167 total reads in the equivalence classes 
[2022-11-17 11:40:15.526] [jointLog] [warning] 0.30952% of fragments were shorter than the k used to build the index.
If this fraction is too large, consider re-building the index with a smaller k.
The minimum read size found was 20.


[2022-11-17 11:40:15.526] [jointLog] [info] Number of mappings discarded because of alignment score : 5936881
[2022-11-17 11:40:15.527] [jointLog] [info] Number of fragments entirely discarded because of alignment score : 252215
[2022-11-17 11:40:15.527] [jointLog] [info] Number of fragments discarded because they are best-mapped to decoys : 248311
[2022-11-17 11:40:15.527] [jointLog] [info] Number of fragments discarded because they have only dovetail (discordant) mappings to valid targets : 0
[2022-11-17 11:40:15.527] [jointLog] [info] Mapping rate = 86.797%

[2022-11-17 11:40:15.527] [jointLog] [info] finished quantifyLibrary()
[2022-11-17 11:40:15.522] [fileLog] [info] 
At end of round 0
==================
Observed 6638672 total fragments (6638672 in most recent round)

[2022-11-17 11:40:15.913] [jointLog] [info] Starting optimizer
[2022-11-17 11:40:15.962] [jointLog] [info] Marked 0 weighted equivalence classes as degenerate
[2022-11-17 11:40:15.971] [jointLog] [info] iteration = 0 | max rel diff. = 3683.81
[2022-11-17 11:40:16.509] [jointLog] [info] iteration = 100 | max rel diff. = 12.9843
[2022-11-17 11:40:17.049] [jointLog] [info] iteration = 200 | max rel diff. = 7.63501
[2022-11-17 11:40:17.576] [jointLog] [info] iteration = 300 | max rel diff. = 0.533205
[2022-11-17 11:40:18.104] [jointLog] [info] iteration = 400 | max rel diff. = 0.175571
[2022-11-17 11:40:18.630] [jointLog] [info] iteration = 500 | max rel diff. = 8.16087
[2022-11-17 11:40:19.184] [jointLog] [info] iteration = 600 | max rel diff. = 0.0920269
[2022-11-17 11:40:19.721] [jointLog] [info] iteration = 700 | max rel diff. = 0.31441
[2022-11-17 11:40:20.259] [jointLog] [info] iteration = 800 | max rel diff. = 0.120342
[2022-11-17 11:40:20.789] [jointLog] [info] iteration = 900 | max rel diff. = 0.0146389
[2022-11-17 11:40:21.317] [jointLog] [info] iteration = 1000 | max rel diff. = 0.014284
[2022-11-17 11:40:21.851] [jointLog] [info] iteration = 1100 | max rel diff. = 0.0259313
[2022-11-17 11:40:22.381] [jointLog] [info] iteration = 1200 | max rel diff. = 0.500624
[2022-11-17 11:40:22.407] [jointLog] [info] iteration = 1206 | max rel diff. = 0.00327203
[2022-11-17 11:40:22.413] [jointLog] [info] Finished optimizer
[2022-11-17 11:40:22.413] [jointLog] [info] writing output 

