[2022-11-17 11:10:52.354] [jointLog] [info] setting maxHashResizeThreads to 6
[2022-11-17 11:10:52.354] [jointLog] [info] Fragment incompatibility prior below threshold.  Incompatible fragments will be ignored.
[2022-11-17 11:10:52.354] [jointLog] [info] Usage of --validateMappings implies use of minScoreFraction. Since not explicitly specified, it is being set to 0.65
[2022-11-17 11:10:52.354] [jointLog] [info] Setting consensusSlack to selective-alignment default of 0.35.
[2022-11-17 11:10:52.354] [jointLog] [info] parsing read library format
[2022-11-17 11:10:52.354] [jointLog] [info] There is 1 library.
[2022-11-17 11:10:53.523] [jointLog] [info] Loading pufferfish index
[2022-11-17 11:10:53.999] [jointLog] [info] Loading dense pufferfish index.
[2022-11-17 11:16:27.779] [jointLog] [info] done
[2022-11-17 11:16:27.995] [jointLog] [info] Index contained 138045 targets
[2022-11-17 11:16:28.043] [jointLog] [info] Number of decoys : 66
[2022-11-17 11:16:28.043] [jointLog] [info] First decoy index : 137940 
[2022-11-17 11:17:12.029] [jointLog] [info] Thread saw mini-batch with a maximum of 1.06% zero probability fragments
[2022-11-17 11:17:12.033] [jointLog] [info] Thread saw mini-batch with a maximum of 1.14% zero probability fragments
[2022-11-17 11:17:12.059] [jointLog] [info] Thread saw mini-batch with a maximum of 1.22% zero probability fragments
[2022-11-17 11:17:12.059] [jointLog] [info] Thread saw mini-batch with a maximum of 1.12% zero probability fragments
[2022-11-17 11:17:12.068] [jointLog] [info] Thread saw mini-batch with a maximum of 1.14% zero probability fragments
[2022-11-17 11:17:12.203] [jointLog] [info] Thread saw mini-batch with a maximum of 1.16% zero probability fragments
[2022-11-17 11:17:12.283] [jointLog] [info] Computed 67315 rich equivalence classes for further processing
[2022-11-17 11:17:12.283] [jointLog] [info] Counted 4339232 total reads in the equivalence classes 
[2022-11-17 11:17:12.288] [jointLog] [warning] 0.936932% of fragments were shorter than the k used to build the index.
If this fraction is too large, consider re-building the index with a smaller k.
The minimum read size found was 20.


[2022-11-17 11:17:12.288] [jointLog] [info] Number of mappings discarded because of alignment score : 4864514
[2022-11-17 11:17:12.288] [jointLog] [info] Number of fragments entirely discarded because of alignment score : 204262
[2022-11-17 11:17:12.288] [jointLog] [info] Number of fragments discarded because they are best-mapped to decoys : 199341
[2022-11-17 11:17:12.288] [jointLog] [info] Number of fragments discarded because they have only dovetail (discordant) mappings to valid targets : 0
[2022-11-17 11:17:12.294] [jointLog] [warning] Only 4339232 fragments were mapped, but the number of burn-in fragments was set to 5000000.
The effective lengths have been computed using the observed mappings.

[2022-11-17 11:17:12.294] [jointLog] [info] Mapping rate = 84.0879%

[2022-11-17 11:17:12.294] [jointLog] [info] finished quantifyLibrary()
[2022-11-17 11:17:12.284] [fileLog] [info] 
At end of round 0
==================
Observed 5160352 total fragments (5160352 in most recent round)

[2022-11-17 11:17:12.616] [jointLog] [info] Starting optimizer
[2022-11-17 11:17:12.669] [jointLog] [info] Marked 0 weighted equivalence classes as degenerate
[2022-11-17 11:17:12.676] [jointLog] [info] iteration = 0 | max rel diff. = 2861.05
[2022-11-17 11:17:13.218] [jointLog] [info] iteration = 100 | max rel diff. = 9.40498
[2022-11-17 11:17:13.778] [jointLog] [info] iteration = 200 | max rel diff. = 1.47751
[2022-11-17 11:17:14.316] [jointLog] [info] iteration = 300 | max rel diff. = 1.04875
[2022-11-17 11:17:14.852] [jointLog] [info] iteration = 400 | max rel diff. = 2.85392
[2022-11-17 11:17:15.394] [jointLog] [info] iteration = 500 | max rel diff. = 0.122277
[2022-11-17 11:17:15.933] [jointLog] [info] iteration = 600 | max rel diff. = 0.777216
[2022-11-17 11:17:16.518] [jointLog] [info] iteration = 700 | max rel diff. = 0.258202
[2022-11-17 11:17:17.152] [jointLog] [info] iteration = 800 | max rel diff. = 0.251403
[2022-11-17 11:17:17.811] [jointLog] [info] iteration = 900 | max rel diff. = 0.0118838
[2022-11-17 11:17:18.469] [jointLog] [info] iteration = 1000 | max rel diff. = 0.0329631
[2022-11-17 11:17:19.157] [jointLog] [info] iteration = 1100 | max rel diff. = 0.021946
[2022-11-17 11:17:19.434] [jointLog] [info] iteration = 1149 | max rel diff. = 0.00281781
[2022-11-17 11:17:19.440] [jointLog] [info] Finished optimizer
[2022-11-17 11:17:19.440] [jointLog] [info] writing output 

