[2022-11-17 14:30:45.718] [jointLog] [info] setting maxHashResizeThreads to 6
[2022-11-17 14:30:45.718] [jointLog] [info] Fragment incompatibility prior below threshold.  Incompatible fragments will be ignored.
[2022-11-17 14:30:45.718] [jointLog] [info] Usage of --validateMappings implies use of minScoreFraction. Since not explicitly specified, it is being set to 0.65
[2022-11-17 14:30:45.718] [jointLog] [info] Setting consensusSlack to selective-alignment default of 0.35.
[2022-11-17 14:30:45.718] [jointLog] [info] parsing read library format
[2022-11-17 14:30:45.719] [jointLog] [info] There is 1 library.
[2022-11-17 14:30:45.726] [jointLog] [info] Loading pufferfish index
[2022-11-17 14:30:45.729] [jointLog] [info] Loading dense pufferfish index.
[2022-11-17 14:36:33.126] [jointLog] [info] done
[2022-11-17 14:36:33.217] [jointLog] [info] Index contained 138045 targets
[2022-11-17 14:36:33.259] [jointLog] [info] Number of decoys : 66
[2022-11-17 14:36:33.259] [jointLog] [info] First decoy index : 137940 
[2022-11-17 14:37:08.899] [jointLog] [info] Thread saw mini-batch with a maximum of 1.14% zero probability fragments
[2022-11-17 14:37:08.915] [jointLog] [info] Thread saw mini-batch with a maximum of 0.94% zero probability fragments
[2022-11-17 14:37:08.929] [jointLog] [info] Thread saw mini-batch with a maximum of 0.96% zero probability fragments
[2022-11-17 14:37:08.936] [jointLog] [info] Thread saw mini-batch with a maximum of 1.10% zero probability fragments
[2022-11-17 14:37:08.961] [jointLog] [info] Thread saw mini-batch with a maximum of 0.92% zero probability fragments
[2022-11-17 14:37:09.000] [jointLog] [info] Thread saw mini-batch with a maximum of 1.06% zero probability fragments
[2022-11-17 14:37:09.076] [jointLog] [info] Computed 68096 rich equivalence classes for further processing
[2022-11-17 14:37:09.076] [jointLog] [info] Counted 4281581 total reads in the equivalence classes 
[2022-11-17 14:37:09.082] [jointLog] [warning] 0.732505% of fragments were shorter than the k used to build the index.
If this fraction is too large, consider re-building the index with a smaller k.
The minimum read size found was 20.


[2022-11-17 14:37:09.082] [jointLog] [info] Number of mappings discarded because of alignment score : 4888141
[2022-11-17 14:37:09.082] [jointLog] [info] Number of fragments entirely discarded because of alignment score : 186988
[2022-11-17 14:37:09.082] [jointLog] [info] Number of fragments discarded because they are best-mapped to decoys : 183147
[2022-11-17 14:37:09.082] [jointLog] [info] Number of fragments discarded because they have only dovetail (discordant) mappings to valid targets : 0
[2022-11-17 14:37:09.088] [jointLog] [warning] Only 4281581 fragments were mapped, but the number of burn-in fragments was set to 5000000.
The effective lengths have been computed using the observed mappings.

[2022-11-17 14:37:09.088] [jointLog] [info] Mapping rate = 85.7001%

[2022-11-17 14:37:09.088] [jointLog] [info] finished quantifyLibrary()
[2022-11-17 14:37:09.077] [fileLog] [info] 
At end of round 0
==================
Observed 4996006 total fragments (4996006 in most recent round)

[2022-11-17 14:37:09.411] [jointLog] [info] Starting optimizer
[2022-11-17 14:37:09.470] [jointLog] [info] Marked 0 weighted equivalence classes as degenerate
[2022-11-17 14:37:09.479] [jointLog] [info] iteration = 0 | max rel diff. = 2826.08
[2022-11-17 14:37:10.044] [jointLog] [info] iteration = 100 | max rel diff. = 1.26824
[2022-11-17 14:37:10.580] [jointLog] [info] iteration = 200 | max rel diff. = 0.745254
[2022-11-17 14:37:11.114] [jointLog] [info] iteration = 300 | max rel diff. = 0.249501
[2022-11-17 14:37:11.642] [jointLog] [info] iteration = 400 | max rel diff. = 0.258567
[2022-11-17 14:37:12.170] [jointLog] [info] iteration = 500 | max rel diff. = 0.0500544
[2022-11-17 14:37:12.697] [jointLog] [info] iteration = 600 | max rel diff. = 5.2572
[2022-11-17 14:37:13.223] [jointLog] [info] iteration = 700 | max rel diff. = 0.0685036
[2022-11-17 14:37:13.761] [jointLog] [info] iteration = 800 | max rel diff. = 0.891364
[2022-11-17 14:37:14.292] [jointLog] [info] iteration = 900 | max rel diff. = 0.0969776
[2022-11-17 14:37:14.831] [jointLog] [info] iteration = 1000 | max rel diff. = 0.0509607
[2022-11-17 14:37:15.017] [jointLog] [info] iteration = 1036 | max rel diff. = 0.00793291
[2022-11-17 14:37:15.022] [jointLog] [info] Finished optimizer
[2022-11-17 14:37:15.022] [jointLog] [info] writing output 

