[2022-11-17 09:35:24.031] [jointLog] [info] setting maxHashResizeThreads to 6
[2022-11-17 09:35:24.031] [jointLog] [info] Fragment incompatibility prior below threshold.  Incompatible fragments will be ignored.
[2022-11-17 09:35:24.031] [jointLog] [info] Usage of --validateMappings implies use of minScoreFraction. Since not explicitly specified, it is being set to 0.65
[2022-11-17 09:35:24.031] [jointLog] [info] Setting consensusSlack to selective-alignment default of 0.35.
[2022-11-17 09:35:24.031] [jointLog] [info] parsing read library format
[2022-11-17 09:35:24.032] [jointLog] [info] There is 1 library.
[2022-11-17 09:35:24.104] [jointLog] [info] Loading pufferfish index
[2022-11-17 09:35:24.107] [jointLog] [info] Loading dense pufferfish index.
[2022-11-17 09:42:09.834] [jointLog] [info] done
[2022-11-17 09:42:10.151] [jointLog] [info] Index contained 138045 targets
[2022-11-17 09:42:10.227] [jointLog] [info] Number of decoys : 66
[2022-11-17 09:42:10.227] [jointLog] [info] First decoy index : 137940 
[2022-11-17 09:43:20.282] [jointLog] [info] Thread saw mini-batch with a maximum of 1.16% zero probability fragments
[2022-11-17 09:43:20.338] [jointLog] [info] Thread saw mini-batch with a maximum of 1.12% zero probability fragments
[2022-11-17 09:43:20.406] [jointLog] [info] Thread saw mini-batch with a maximum of 1.20% zero probability fragments
[2022-11-17 09:43:20.430] [jointLog] [info] Thread saw mini-batch with a maximum of 1.18% zero probability fragments
[2022-11-17 09:43:20.470] [jointLog] [info] Thread saw mini-batch with a maximum of 1.10% zero probability fragments
[2022-11-17 09:43:20.479] [jointLog] [info] Thread saw mini-batch with a maximum of 1.16% zero probability fragments
[2022-11-17 09:43:20.559] [jointLog] [info] Computed 66749 rich equivalence classes for further processing
[2022-11-17 09:43:20.559] [jointLog] [info] Counted 5592465 total reads in the equivalence classes 
[2022-11-17 09:43:20.565] [jointLog] [warning] 0.284148% of fragments were shorter than the k used to build the index.
If this fraction is too large, consider re-building the index with a smaller k.
The minimum read size found was 20.


[2022-11-17 09:43:20.565] [jointLog] [info] Number of mappings discarded because of alignment score : 7276922
[2022-11-17 09:43:20.565] [jointLog] [info] Number of fragments entirely discarded because of alignment score : 315749
[2022-11-17 09:43:20.565] [jointLog] [info] Number of fragments discarded because they are best-mapped to decoys : 311659
[2022-11-17 09:43:20.565] [jointLog] [info] Number of fragments discarded because they have only dovetail (discordant) mappings to valid targets : 0
[2022-11-17 09:43:20.565] [jointLog] [info] Mapping rate = 82.4385%

[2022-11-17 09:43:20.565] [jointLog] [info] finished quantifyLibrary()
[2022-11-17 09:43:20.560] [fileLog] [info] 
At end of round 0
==================
Observed 6783800 total fragments (6783800 in most recent round)

[2022-11-17 09:43:21.117] [jointLog] [info] Starting optimizer
[2022-11-17 09:43:21.170] [jointLog] [info] Marked 0 weighted equivalence classes as degenerate
[2022-11-17 09:43:21.178] [jointLog] [info] iteration = 0 | max rel diff. = 3591.19
[2022-11-17 09:43:21.763] [jointLog] [info] iteration = 100 | max rel diff. = 18.0206
[2022-11-17 09:43:22.429] [jointLog] [info] iteration = 200 | max rel diff. = 4.49475
[2022-11-17 09:43:23.047] [jointLog] [info] iteration = 300 | max rel diff. = 10.7579
[2022-11-17 09:43:23.657] [jointLog] [info] iteration = 400 | max rel diff. = 0.608488
[2022-11-17 09:43:24.238] [jointLog] [info] iteration = 500 | max rel diff. = 0.17984
[2022-11-17 09:43:24.826] [jointLog] [info] iteration = 600 | max rel diff. = 0.936339
[2022-11-17 09:43:25.417] [jointLog] [info] iteration = 700 | max rel diff. = 0.0595463
[2022-11-17 09:43:26.016] [jointLog] [info] iteration = 800 | max rel diff. = 0.0764553
[2022-11-17 09:43:26.624] [jointLog] [info] iteration = 900 | max rel diff. = 0.0233681
[2022-11-17 09:43:27.218] [jointLog] [info] iteration = 1000 | max rel diff. = 0.0448716
[2022-11-17 09:43:27.814] [jointLog] [info] iteration = 1100 | max rel diff. = 0.0535695
[2022-11-17 09:43:28.350] [jointLog] [info] iteration = 1196 | max rel diff. = 0.00228826
[2022-11-17 09:43:28.356] [jointLog] [info] Finished optimizer
[2022-11-17 09:43:28.356] [jointLog] [info] writing output 

