[2022-11-17 09:52:09.567] [jointLog] [info] setting maxHashResizeThreads to 6
[2022-11-17 09:52:09.567] [jointLog] [info] Fragment incompatibility prior below threshold.  Incompatible fragments will be ignored.
[2022-11-17 09:52:09.567] [jointLog] [info] Usage of --validateMappings implies use of minScoreFraction. Since not explicitly specified, it is being set to 0.65
[2022-11-17 09:52:09.567] [jointLog] [info] Setting consensusSlack to selective-alignment default of 0.35.
[2022-11-17 09:52:09.567] [jointLog] [info] parsing read library format
[2022-11-17 09:52:09.568] [jointLog] [info] There is 1 library.
[2022-11-17 09:52:09.925] [jointLog] [info] Loading pufferfish index
[2022-11-17 09:52:09.979] [jointLog] [info] Loading dense pufferfish index.
[2022-11-17 09:54:59.915] [jointLog] [info] done
[2022-11-17 09:55:00.014] [jointLog] [info] Index contained 138045 targets
[2022-11-17 09:55:00.058] [jointLog] [info] Number of decoys : 66
[2022-11-17 09:55:00.058] [jointLog] [info] First decoy index : 137940 
[2022-11-17 09:55:47.261] [jointLog] [info] Thread saw mini-batch with a maximum of 0.98% zero probability fragments
[2022-11-17 09:55:47.275] [jointLog] [info] Thread saw mini-batch with a maximum of 0.88% zero probability fragments
[2022-11-17 09:55:47.277] [jointLog] [info] Thread saw mini-batch with a maximum of 1.06% zero probability fragments
[2022-11-17 09:55:47.349] [jointLog] [info] Thread saw mini-batch with a maximum of 1.00% zero probability fragments
[2022-11-17 09:55:47.371] [jointLog] [info] Thread saw mini-batch with a maximum of 0.90% zero probability fragments
[2022-11-17 09:55:47.388] [jointLog] [info] Thread saw mini-batch with a maximum of 0.98% zero probability fragments
[2022-11-17 09:55:47.462] [jointLog] [info] Computed 67374 rich equivalence classes for further processing
[2022-11-17 09:55:47.462] [jointLog] [info] Counted 4755356 total reads in the equivalence classes 
[2022-11-17 09:55:47.467] [jointLog] [warning] 0.68759% of fragments were shorter than the k used to build the index.
If this fraction is too large, consider re-building the index with a smaller k.
The minimum read size found was 20.


[2022-11-17 09:55:47.467] [jointLog] [info] Number of mappings discarded because of alignment score : 4386641
[2022-11-17 09:55:47.467] [jointLog] [info] Number of fragments entirely discarded because of alignment score : 170844
[2022-11-17 09:55:47.467] [jointLog] [info] Number of fragments discarded because they are best-mapped to decoys : 166383
[2022-11-17 09:55:47.467] [jointLog] [info] Number of fragments discarded because they have only dovetail (discordant) mappings to valid targets : 0
[2022-11-17 09:55:47.473] [jointLog] [warning] Only 4755356 fragments were mapped, but the number of burn-in fragments was set to 5000000.
The effective lengths have been computed using the observed mappings.

[2022-11-17 09:55:47.473] [jointLog] [info] Mapping rate = 87.2627%

[2022-11-17 09:55:47.473] [jointLog] [info] finished quantifyLibrary()
[2022-11-17 09:55:47.479] [jointLog] [info] Starting optimizer
[2022-11-17 09:55:47.527] [jointLog] [info] Marked 0 weighted equivalence classes as degenerate
[2022-11-17 09:55:47.534] [jointLog] [info] iteration = 0 | max rel diff. = 3117.03
[2022-11-17 09:55:47.463] [fileLog] [info] 
At end of round 0
==================
Observed 5449470 total fragments (5449470 in most recent round)

[2022-11-17 09:55:48.161] [jointLog] [info] iteration = 100 | max rel diff. = 15.8674
[2022-11-17 09:55:48.796] [jointLog] [info] iteration = 200 | max rel diff. = 12.7869
[2022-11-17 09:55:49.423] [jointLog] [info] iteration = 300 | max rel diff. = 0.50589
[2022-11-17 09:55:50.052] [jointLog] [info] iteration = 400 | max rel diff. = 2.26884
[2022-11-17 09:55:50.649] [jointLog] [info] iteration = 500 | max rel diff. = 0.0593996
[2022-11-17 09:55:51.257] [jointLog] [info] iteration = 600 | max rel diff. = 0.1774
[2022-11-17 09:55:51.921] [jointLog] [info] iteration = 700 | max rel diff. = 0.0739773
[2022-11-17 09:55:52.557] [jointLog] [info] iteration = 800 | max rel diff. = 0.0279094
[2022-11-17 09:55:53.212] [jointLog] [info] iteration = 900 | max rel diff. = 0.0449542
[2022-11-17 09:55:53.844] [jointLog] [info] iteration = 1000 | max rel diff. = 0.0520448
[2022-11-17 09:55:54.482] [jointLog] [info] iteration = 1100 | max rel diff. = 0.0244184
[2022-11-17 09:55:54.788] [jointLog] [info] iteration = 1144 | max rel diff. = 0.00398355
[2022-11-17 09:55:54.795] [jointLog] [info] Finished optimizer
[2022-11-17 09:55:54.795] [jointLog] [info] writing output 

