[2022-11-16 15:40:03.036] [jointLog] [info] setting maxHashResizeThreads to 6
[2022-11-16 15:40:03.036] [jointLog] [info] Fragment incompatibility prior below threshold.  Incompatible fragments will be ignored.
[2022-11-16 15:40:03.036] [jointLog] [info] Usage of --validateMappings implies use of minScoreFraction. Since not explicitly specified, it is being set to 0.65
[2022-11-16 15:40:03.036] [jointLog] [info] Setting consensusSlack to selective-alignment default of 0.35.
[2022-11-16 15:40:03.036] [jointLog] [info] parsing read library format
[2022-11-16 15:40:03.038] [jointLog] [info] There is 1 library.
[2022-11-16 15:40:03.165] [jointLog] [info] Loading pufferfish index
[2022-11-16 15:40:03.213] [jointLog] [info] Loading dense pufferfish index.
[2022-11-16 15:42:25.101] [jointLog] [info] done
[2022-11-16 15:42:25.254] [jointLog] [info] Index contained 138045 targets
[2022-11-16 15:42:25.298] [jointLog] [info] Number of decoys : 66
[2022-11-16 15:42:25.298] [jointLog] [info] First decoy index : 137940 
[2022-11-16 15:44:32.200] [jointLog] [info] Thread saw mini-batch with a maximum of 0.66% zero probability fragments
[2022-11-16 15:44:32.245] [jointLog] [info] Thread saw mini-batch with a maximum of 0.64% zero probability fragments
[2022-11-16 15:44:32.286] [jointLog] [info] Thread saw mini-batch with a maximum of 0.70% zero probability fragments
[2022-11-16 15:44:32.305] [jointLog] [info] Thread saw mini-batch with a maximum of 0.66% zero probability fragments
[2022-11-16 15:44:32.459] [jointLog] [info] Thread saw mini-batch with a maximum of 0.72% zero probability fragments
[2022-11-16 15:44:32.558] [jointLog] [info] Thread saw mini-batch with a maximum of 0.60% zero probability fragments
[2022-11-16 15:44:32.623] [jointLog] [info] Computed 53460 rich equivalence classes for further processing
[2022-11-16 15:44:32.623] [jointLog] [info] Counted 8281510 total reads in the equivalence classes 
[2022-11-16 15:44:32.629] [jointLog] [warning] 1.13974% of fragments were shorter than the k used to build the index.
If this fraction is too large, consider re-building the index with a smaller k.
The minimum read size found was 20.


[2022-11-16 15:44:32.629] [jointLog] [info] Number of mappings discarded because of alignment score : 6205274
[2022-11-16 15:44:32.629] [jointLog] [info] Number of fragments entirely discarded because of alignment score : 960077
[2022-11-16 15:44:32.629] [jointLog] [info] Number of fragments discarded because they are best-mapped to decoys : 911029
[2022-11-16 15:44:32.629] [jointLog] [info] Number of fragments discarded because they have only dovetail (discordant) mappings to valid targets : 0
[2022-11-16 15:44:32.629] [jointLog] [info] Mapping rate = 81.2197%

[2022-11-16 15:44:32.629] [jointLog] [info] finished quantifyLibrary()
[2022-11-16 15:44:32.624] [fileLog] [info] 
At end of round 0
==================
Observed 10196435 total fragments (10196435 in most recent round)

[2022-11-16 15:44:32.804] [jointLog] [info] Starting optimizer
[2022-11-16 15:44:32.853] [jointLog] [info] Marked 0 weighted equivalence classes as degenerate
[2022-11-16 15:44:32.861] [jointLog] [info] iteration = 0 | max rel diff. = 4996.26
[2022-11-16 15:44:33.352] [jointLog] [info] iteration = 100 | max rel diff. = 12.1363
[2022-11-16 15:44:33.839] [jointLog] [info] iteration = 200 | max rel diff. = 0.973981
[2022-11-16 15:44:34.327] [jointLog] [info] iteration = 300 | max rel diff. = 2.31894
[2022-11-16 15:44:34.813] [jointLog] [info] iteration = 400 | max rel diff. = 0.355392
[2022-11-16 15:44:35.313] [jointLog] [info] iteration = 500 | max rel diff. = 0.508191
[2022-11-16 15:44:35.813] [jointLog] [info] iteration = 600 | max rel diff. = 0.0719551
[2022-11-16 15:44:36.312] [jointLog] [info] iteration = 700 | max rel diff. = 0.0713629
[2022-11-16 15:44:36.800] [jointLog] [info] iteration = 800 | max rel diff. = 0.0154285
[2022-11-16 15:44:37.291] [jointLog] [info] iteration = 900 | max rel diff. = 0.607077
[2022-11-16 15:44:37.795] [jointLog] [info] iteration = 1000 | max rel diff. = 0.207776
[2022-11-16 15:44:38.298] [jointLog] [info] iteration = 1100 | max rel diff. = 0.481998
[2022-11-16 15:44:38.792] [jointLog] [info] iteration = 1200 | max rel diff. = 0.0244437
[2022-11-16 15:44:38.968] [jointLog] [info] iteration = 1236 | max rel diff. = 0.00967253
[2022-11-16 15:44:38.974] [jointLog] [info] Finished optimizer
[2022-11-16 15:44:38.974] [jointLog] [info] writing output 

