[2022-11-16 14:44:12.650] [jointLog] [info] setting maxHashResizeThreads to 6
[2022-11-16 14:44:12.650] [jointLog] [info] Fragment incompatibility prior below threshold.  Incompatible fragments will be ignored.
[2022-11-16 14:44:12.650] [jointLog] [info] Usage of --validateMappings implies use of minScoreFraction. Since not explicitly specified, it is being set to 0.65
[2022-11-16 14:44:12.650] [jointLog] [info] Setting consensusSlack to selective-alignment default of 0.35.
[2022-11-16 14:44:12.650] [jointLog] [info] parsing read library format
[2022-11-16 14:44:12.651] [jointLog] [info] There is 1 library.
[2022-11-16 14:44:12.737] [jointLog] [info] Loading pufferfish index
[2022-11-16 14:44:12.761] [jointLog] [info] Loading dense pufferfish index.
[2022-11-16 14:48:39.125] [jointLog] [info] done
[2022-11-16 14:48:39.408] [jointLog] [info] Index contained 138045 targets
[2022-11-16 14:48:39.455] [jointLog] [info] Number of decoys : 66
[2022-11-16 14:48:39.455] [jointLog] [info] First decoy index : 137940 
[2022-11-16 14:51:18.492] [jointLog] [info] Thread saw mini-batch with a maximum of 0.66% zero probability fragments
[2022-11-16 14:51:18.502] [jointLog] [info] Thread saw mini-batch with a maximum of 0.68% zero probability fragments
[2022-11-16 14:51:18.522] [jointLog] [info] Thread saw mini-batch with a maximum of 0.64% zero probability fragments
[2022-11-16 14:51:18.531] [jointLog] [info] Thread saw mini-batch with a maximum of 0.78% zero probability fragments
[2022-11-16 14:51:18.637] [jointLog] [info] Thread saw mini-batch with a maximum of 0.64% zero probability fragments
[2022-11-16 14:51:18.663] [jointLog] [info] Thread saw mini-batch with a maximum of 0.68% zero probability fragments
[2022-11-16 14:51:18.747] [jointLog] [info] Computed 69679 rich equivalence classes for further processing
[2022-11-16 14:51:18.747] [jointLog] [info] Counted 10601026 total reads in the equivalence classes 
[2022-11-16 14:51:18.753] [jointLog] [warning] 1.00497% of fragments were shorter than the k used to build the index.
If this fraction is too large, consider re-building the index with a smaller k.
The minimum read size found was 20.


[2022-11-16 14:51:18.753] [jointLog] [info] Number of mappings discarded because of alignment score : 7410286
[2022-11-16 14:51:18.753] [jointLog] [info] Number of fragments entirely discarded because of alignment score : 1074682
[2022-11-16 14:51:18.753] [jointLog] [info] Number of fragments discarded because they are best-mapped to decoys : 1017583
[2022-11-16 14:51:18.753] [jointLog] [info] Number of fragments discarded because they have only dovetail (discordant) mappings to valid targets : 0
[2022-11-16 14:51:18.753] [jointLog] [info] Mapping rate = 83.4614%

[2022-11-16 14:51:18.753] [jointLog] [info] finished quantifyLibrary()
[2022-11-16 14:51:18.897] [jointLog] [info] Starting optimizer
[2022-11-16 14:51:18.748] [fileLog] [info] 
At end of round 0
==================
Observed 12701711 total fragments (12701711 in most recent round)

[2022-11-16 14:51:18.954] [jointLog] [info] Marked 0 weighted equivalence classes as degenerate
[2022-11-16 14:51:18.962] [jointLog] [info] iteration = 0 | max rel diff. = 6007.92
[2022-11-16 14:51:19.482] [jointLog] [info] iteration = 100 | max rel diff. = 12.1312
[2022-11-16 14:51:20.010] [jointLog] [info] iteration = 200 | max rel diff. = 8.23021
[2022-11-16 14:51:20.532] [jointLog] [info] iteration = 300 | max rel diff. = 0.193752
[2022-11-16 14:51:21.058] [jointLog] [info] iteration = 400 | max rel diff. = 9.70346
[2022-11-16 14:51:21.583] [jointLog] [info] iteration = 500 | max rel diff. = 0.590671
[2022-11-16 14:51:22.102] [jointLog] [info] iteration = 600 | max rel diff. = 0.0989195
[2022-11-16 14:51:22.621] [jointLog] [info] iteration = 700 | max rel diff. = 0.0534811
[2022-11-16 14:51:23.150] [jointLog] [info] iteration = 800 | max rel diff. = 0.214151
[2022-11-16 14:51:23.667] [jointLog] [info] iteration = 900 | max rel diff. = 0.0475332
[2022-11-16 14:51:23.975] [jointLog] [info] iteration = 960 | max rel diff. = 0.00675451
[2022-11-16 14:51:23.980] [jointLog] [info] Finished optimizer
[2022-11-16 14:51:23.980] [jointLog] [info] writing output 

