[2022-11-17 13:59:51.923] [jointLog] [info] setting maxHashResizeThreads to 6
[2022-11-17 13:59:51.923] [jointLog] [info] Fragment incompatibility prior below threshold.  Incompatible fragments will be ignored.
[2022-11-17 13:59:51.923] [jointLog] [info] Usage of --validateMappings implies use of minScoreFraction. Since not explicitly specified, it is being set to 0.65
[2022-11-17 13:59:51.923] [jointLog] [info] Setting consensusSlack to selective-alignment default of 0.35.
[2022-11-17 13:59:51.923] [jointLog] [info] parsing read library format
[2022-11-17 13:59:51.924] [jointLog] [info] There is 1 library.
[2022-11-17 13:59:52.047] [jointLog] [info] Loading pufferfish index
[2022-11-17 13:59:52.101] [jointLog] [info] Loading dense pufferfish index.
[2022-11-17 14:06:33.220] [jointLog] [info] done
[2022-11-17 14:06:33.401] [jointLog] [info] Index contained 138045 targets
[2022-11-17 14:06:33.455] [jointLog] [info] Number of decoys : 66
[2022-11-17 14:06:33.455] [jointLog] [info] First decoy index : 137940 
[2022-11-17 14:07:41.917] [jointLog] [info] Thread saw mini-batch with a maximum of 0.92% zero probability fragments
[2022-11-17 14:07:41.972] [jointLog] [info] Thread saw mini-batch with a maximum of 0.90% zero probability fragments
[2022-11-17 14:07:41.978] [jointLog] [info] Thread saw mini-batch with a maximum of 0.92% zero probability fragments
[2022-11-17 14:07:41.992] [jointLog] [info] Thread saw mini-batch with a maximum of 1.00% zero probability fragments
[2022-11-17 14:07:42.043] [jointLog] [info] Thread saw mini-batch with a maximum of 1.00% zero probability fragments
[2022-11-17 14:07:42.090] [jointLog] [info] Thread saw mini-batch with a maximum of 0.98% zero probability fragments
[2022-11-17 14:07:42.161] [jointLog] [info] Computed 72891 rich equivalence classes for further processing
[2022-11-17 14:07:42.161] [jointLog] [info] Counted 7883998 total reads in the equivalence classes 
[2022-11-17 14:07:42.166] [jointLog] [warning] 0.447809% of fragments were shorter than the k used to build the index.
If this fraction is too large, consider re-building the index with a smaller k.
The minimum read size found was 20.


[2022-11-17 14:07:42.166] [jointLog] [info] Number of mappings discarded because of alignment score : 7701366
[2022-11-17 14:07:42.166] [jointLog] [info] Number of fragments entirely discarded because of alignment score : 342511
[2022-11-17 14:07:42.166] [jointLog] [info] Number of fragments discarded because they are best-mapped to decoys : 335184
[2022-11-17 14:07:42.166] [jointLog] [info] Number of fragments discarded because they have only dovetail (discordant) mappings to valid targets : 0
[2022-11-17 14:07:42.166] [jointLog] [info] Mapping rate = 82.2832%

[2022-11-17 14:07:42.166] [jointLog] [info] finished quantifyLibrary()
[2022-11-17 14:07:42.162] [fileLog] [info] 
At end of round 0
==================
Observed 9581543 total fragments (9581543 in most recent round)

[2022-11-17 14:07:42.636] [jointLog] [info] Starting optimizer
[2022-11-17 14:07:42.687] [jointLog] [info] Marked 0 weighted equivalence classes as degenerate
[2022-11-17 14:07:42.696] [jointLog] [info] iteration = 0 | max rel diff. = 4806.59
[2022-11-17 14:07:43.247] [jointLog] [info] iteration = 100 | max rel diff. = 2.69662
[2022-11-17 14:07:43.787] [jointLog] [info] iteration = 200 | max rel diff. = 1.73334
[2022-11-17 14:07:44.333] [jointLog] [info] iteration = 300 | max rel diff. = 0.207843
[2022-11-17 14:07:44.879] [jointLog] [info] iteration = 400 | max rel diff. = 1.7282
[2022-11-17 14:07:45.436] [jointLog] [info] iteration = 500 | max rel diff. = 0.576518
[2022-11-17 14:07:45.981] [jointLog] [info] iteration = 600 | max rel diff. = 0.042449
[2022-11-17 14:07:46.529] [jointLog] [info] iteration = 700 | max rel diff. = 0.155137
[2022-11-17 14:07:47.076] [jointLog] [info] iteration = 800 | max rel diff. = 0.316276
[2022-11-17 14:07:47.619] [jointLog] [info] iteration = 900 | max rel diff. = 0.0335839
[2022-11-17 14:07:48.166] [jointLog] [info] iteration = 1000 | max rel diff. = 0.270415
[2022-11-17 14:07:48.707] [jointLog] [info] iteration = 1100 | max rel diff. = 0.312779
[2022-11-17 14:07:49.255] [jointLog] [info] iteration = 1200 | max rel diff. = 0.0276706
[2022-11-17 14:07:49.453] [jointLog] [info] iteration = 1237 | max rel diff. = 0.00748477
[2022-11-17 14:07:49.459] [jointLog] [info] Finished optimizer
[2022-11-17 14:07:49.459] [jointLog] [info] writing output 

