[2022-11-17 11:17:51.001] [jointLog] [info] setting maxHashResizeThreads to 6
[2022-11-17 11:17:51.001] [jointLog] [info] Fragment incompatibility prior below threshold.  Incompatible fragments will be ignored.
[2022-11-17 11:17:51.001] [jointLog] [info] Usage of --validateMappings implies use of minScoreFraction. Since not explicitly specified, it is being set to 0.65
[2022-11-17 11:17:51.001] [jointLog] [info] Setting consensusSlack to selective-alignment default of 0.35.
[2022-11-17 11:17:51.001] [jointLog] [info] parsing read library format
[2022-11-17 11:17:51.002] [jointLog] [info] There is 1 library.
[2022-11-17 11:17:51.552] [jointLog] [info] Loading pufferfish index
[2022-11-17 11:17:51.806] [jointLog] [info] Loading dense pufferfish index.
[2022-11-17 11:23:49.308] [jointLog] [info] done
[2022-11-17 11:23:49.466] [jointLog] [info] Index contained 138045 targets
[2022-11-17 11:23:49.513] [jointLog] [info] Number of decoys : 66
[2022-11-17 11:23:49.513] [jointLog] [info] First decoy index : 137940 
[2022-11-17 11:24:24.565] [jointLog] [info] Thread saw mini-batch with a maximum of 1.16% zero probability fragments
[2022-11-17 11:24:24.566] [jointLog] [info] Thread saw mini-batch with a maximum of 1.14% zero probability fragments
[2022-11-17 11:24:24.573] [jointLog] [info] Thread saw mini-batch with a maximum of 1.16% zero probability fragments
[2022-11-17 11:24:24.593] [jointLog] [info] Thread saw mini-batch with a maximum of 1.18% zero probability fragments
[2022-11-17 11:24:24.658] [jointLog] [info] Thread saw mini-batch with a maximum of 1.12% zero probability fragments
[2022-11-17 11:24:24.699] [jointLog] [info] Thread saw mini-batch with a maximum of 1.22% zero probability fragments
[2022-11-17 11:24:24.783] [jointLog] [info] Computed 69010 rich equivalence classes for further processing
[2022-11-17 11:24:24.783] [jointLog] [info] Counted 3905110 total reads in the equivalence classes 
[2022-11-17 11:24:24.790] [jointLog] [warning] 1.92417% of fragments were shorter than the k used to build the index.
If this fraction is too large, consider re-building the index with a smaller k.
The minimum read size found was 20.


[2022-11-17 11:24:24.790] [jointLog] [info] Number of mappings discarded because of alignment score : 3712206
[2022-11-17 11:24:24.790] [jointLog] [info] Number of fragments entirely discarded because of alignment score : 162151
[2022-11-17 11:24:24.790] [jointLog] [info] Number of fragments discarded because they are best-mapped to decoys : 156835
[2022-11-17 11:24:24.790] [jointLog] [info] Number of fragments discarded because they have only dovetail (discordant) mappings to valid targets : 0
[2022-11-17 11:24:24.797] [jointLog] [warning] Only 3905110 fragments were mapped, but the number of burn-in fragments was set to 5000000.
The effective lengths have been computed using the observed mappings.

[2022-11-17 11:24:24.797] [jointLog] [info] Mapping rate = 83.1433%

[2022-11-17 11:24:24.797] [jointLog] [info] finished quantifyLibrary()
[2022-11-17 11:24:24.924] [jointLog] [info] Starting optimizer
[2022-11-17 11:24:24.978] [jointLog] [info] Marked 0 weighted equivalence classes as degenerate
[2022-11-17 11:24:24.986] [jointLog] [info] iteration = 0 | max rel diff. = 2605.57
[2022-11-17 11:24:24.784] [fileLog] [info] 
At end of round 0
==================
Observed 4696840 total fragments (4696840 in most recent round)

[2022-11-17 11:24:25.622] [jointLog] [info] iteration = 100 | max rel diff. = 6.1932
[2022-11-17 11:24:26.294] [jointLog] [info] iteration = 200 | max rel diff. = 0.839382
[2022-11-17 11:24:26.992] [jointLog] [info] iteration = 300 | max rel diff. = 5.2985
[2022-11-17 11:24:27.669] [jointLog] [info] iteration = 400 | max rel diff. = 0.915344
[2022-11-17 11:24:28.343] [jointLog] [info] iteration = 500 | max rel diff. = 0.148931
[2022-11-17 11:24:29.004] [jointLog] [info] iteration = 600 | max rel diff. = 0.228329
[2022-11-17 11:24:29.603] [jointLog] [info] iteration = 700 | max rel diff. = 0.0167145
[2022-11-17 11:24:30.182] [jointLog] [info] iteration = 800 | max rel diff. = 0.046104
[2022-11-17 11:24:30.497] [jointLog] [info] iteration = 858 | max rel diff. = 0.00554061
[2022-11-17 11:24:30.503] [jointLog] [info] Finished optimizer
[2022-11-17 11:24:30.503] [jointLog] [info] writing output 

