[2022-11-17 13:13:45.420] [jointLog] [info] setting maxHashResizeThreads to 6
[2022-11-17 13:13:45.420] [jointLog] [info] Fragment incompatibility prior below threshold.  Incompatible fragments will be ignored.
[2022-11-17 13:13:45.420] [jointLog] [info] Usage of --validateMappings implies use of minScoreFraction. Since not explicitly specified, it is being set to 0.65
[2022-11-17 13:13:45.420] [jointLog] [info] Setting consensusSlack to selective-alignment default of 0.35.
[2022-11-17 13:13:45.420] [jointLog] [info] parsing read library format
[2022-11-17 13:13:45.421] [jointLog] [info] There is 1 library.
[2022-11-17 13:13:46.274] [jointLog] [info] Loading pufferfish index
[2022-11-17 13:13:46.644] [jointLog] [info] Loading dense pufferfish index.
[2022-11-17 13:20:41.604] [jointLog] [info] done
[2022-11-17 13:20:42.093] [jointLog] [info] Index contained 138045 targets
[2022-11-17 13:20:42.141] [jointLog] [info] Number of decoys : 66
[2022-11-17 13:20:42.141] [jointLog] [info] First decoy index : 137940 
[2022-11-17 13:21:44.041] [jointLog] [info] Thread saw mini-batch with a maximum of 1.00% zero probability fragments
[2022-11-17 13:21:44.116] [jointLog] [info] Thread saw mini-batch with a maximum of 0.92% zero probability fragments
[2022-11-17 13:21:44.171] [jointLog] [info] Thread saw mini-batch with a maximum of 0.96% zero probability fragments
[2022-11-17 13:21:44.213] [jointLog] [info] Thread saw mini-batch with a maximum of 1.02% zero probability fragments
[2022-11-17 13:21:44.217] [jointLog] [info] Thread saw mini-batch with a maximum of 1.00% zero probability fragments
[2022-11-17 13:21:44.264] [jointLog] [info] Thread saw mini-batch with a maximum of 1.00% zero probability fragments
[2022-11-17 13:21:44.313] [jointLog] [info] Computed 45388 rich equivalence classes for further processing
[2022-11-17 13:21:44.313] [jointLog] [info] Counted 6411281 total reads in the equivalence classes 
[2022-11-17 13:21:44.318] [jointLog] [warning] 0.258308% of fragments were shorter than the k used to build the index.
If this fraction is too large, consider re-building the index with a smaller k.
The minimum read size found was 20.


[2022-11-17 13:21:44.318] [jointLog] [info] Number of mappings discarded because of alignment score : 7045612
[2022-11-17 13:21:44.318] [jointLog] [info] Number of fragments entirely discarded because of alignment score : 313712
[2022-11-17 13:21:44.318] [jointLog] [info] Number of fragments discarded because they are best-mapped to decoys : 307100
[2022-11-17 13:21:44.318] [jointLog] [info] Number of fragments discarded because they have only dovetail (discordant) mappings to valid targets : 0
[2022-11-17 13:21:44.318] [jointLog] [info] Mapping rate = 85.8967%

[2022-11-17 13:21:44.318] [jointLog] [info] finished quantifyLibrary()
[2022-11-17 13:21:44.313] [fileLog] [info] 
At end of round 0
==================
Observed 7463944 total fragments (7463944 in most recent round)

[2022-11-17 13:21:44.893] [jointLog] [info] Starting optimizer
[2022-11-17 13:21:44.948] [jointLog] [info] Marked 0 weighted equivalence classes as degenerate
[2022-11-17 13:21:44.956] [jointLog] [info] iteration = 0 | max rel diff. = 4032.13
[2022-11-17 13:21:45.435] [jointLog] [info] iteration = 100 | max rel diff. = 11.2157
[2022-11-17 13:21:45.908] [jointLog] [info] iteration = 200 | max rel diff. = 2.69008
[2022-11-17 13:21:46.379] [jointLog] [info] iteration = 300 | max rel diff. = 0.262812
[2022-11-17 13:21:46.854] [jointLog] [info] iteration = 400 | max rel diff. = 0.124675
[2022-11-17 13:21:47.339] [jointLog] [info] iteration = 500 | max rel diff. = 0.103193
[2022-11-17 13:21:47.817] [jointLog] [info] iteration = 600 | max rel diff. = 1.13504
[2022-11-17 13:21:48.293] [jointLog] [info] iteration = 700 | max rel diff. = 0.0719325
[2022-11-17 13:21:48.771] [jointLog] [info] iteration = 800 | max rel diff. = 0.0294405
[2022-11-17 13:21:49.248] [jointLog] [info] iteration = 900 | max rel diff. = 0.0149554
[2022-11-17 13:21:49.733] [jointLog] [info] iteration = 1000 | max rel diff. = 0.0129593
[2022-11-17 13:21:50.209] [jointLog] [info] iteration = 1100 | max rel diff. = 0.561159
[2022-11-17 13:21:50.684] [jointLog] [info] iteration = 1200 | max rel diff. = 0.0213754
[2022-11-17 13:21:50.913] [jointLog] [info] iteration = 1249 | max rel diff. = 0.00904304
[2022-11-17 13:21:50.919] [jointLog] [info] Finished optimizer
[2022-11-17 13:21:50.919] [jointLog] [info] writing output 

