[2022-11-17 10:36:03.165] [jointLog] [info] setting maxHashResizeThreads to 6
[2022-11-17 10:36:03.165] [jointLog] [info] Fragment incompatibility prior below threshold.  Incompatible fragments will be ignored.
[2022-11-17 10:36:03.165] [jointLog] [info] Usage of --validateMappings implies use of minScoreFraction. Since not explicitly specified, it is being set to 0.65
[2022-11-17 10:36:03.165] [jointLog] [info] Setting consensusSlack to selective-alignment default of 0.35.
[2022-11-17 10:36:03.165] [jointLog] [info] parsing read library format
[2022-11-17 10:36:03.167] [jointLog] [info] There is 1 library.
[2022-11-17 10:36:03.911] [jointLog] [info] Loading pufferfish index
[2022-11-17 10:36:04.319] [jointLog] [info] Loading dense pufferfish index.
[2022-11-17 10:43:37.004] [jointLog] [info] done
[2022-11-17 10:43:37.190] [jointLog] [info] Index contained 138045 targets
[2022-11-17 10:43:37.247] [jointLog] [info] Number of decoys : 66
[2022-11-17 10:43:37.247] [jointLog] [info] First decoy index : 137940 
[2022-11-17 10:43:51.196] [fileLog] [info] 
At end of round 0
==================
Observed 6458232 total fragments (6458232 in most recent round)

[2022-11-17 10:43:51.110] [jointLog] [info] Thread saw mini-batch with a maximum of 0.12% zero probability fragments
[2022-11-17 10:43:51.135] [jointLog] [info] Thread saw mini-batch with a maximum of 0.16% zero probability fragments
[2022-11-17 10:43:51.140] [jointLog] [info] Thread saw mini-batch with a maximum of 0.12% zero probability fragments
[2022-11-17 10:43:51.146] [jointLog] [info] Thread saw mini-batch with a maximum of 0.12% zero probability fragments
[2022-11-17 10:43:51.150] [jointLog] [info] Thread saw mini-batch with a maximum of 0.10% zero probability fragments
[2022-11-17 10:43:51.155] [jointLog] [info] Thread saw mini-batch with a maximum of 0.12% zero probability fragments
[2022-11-17 10:43:51.195] [jointLog] [info] Computed 18648 rich equivalence classes for further processing
[2022-11-17 10:43:51.195] [jointLog] [info] Counted 861194 total reads in the equivalence classes 
[2022-11-17 10:43:51.199] [jointLog] [warning] 0.564876% of fragments were shorter than the k used to build the index.
If this fraction is too large, consider re-building the index with a smaller k.
The minimum read size found was 20.


[2022-11-17 10:43:51.199] [jointLog] [info] Number of mappings discarded because of alignment score : 1338446
[2022-11-17 10:43:51.199] [jointLog] [info] Number of fragments entirely discarded because of alignment score : 97173
[2022-11-17 10:43:51.199] [jointLog] [info] Number of fragments discarded because they are best-mapped to decoys : 53681
[2022-11-17 10:43:51.199] [jointLog] [info] Number of fragments discarded because they have only dovetail (discordant) mappings to valid targets : 0
[2022-11-17 10:43:51.205] [jointLog] [warning] Only 861194 fragments were mapped, but the number of burn-in fragments was set to 5000000.
The effective lengths have been computed using the observed mappings.

[2022-11-17 10:43:51.205] [jointLog] [info] Mapping rate = 13.3348%

[2022-11-17 10:43:51.205] [jointLog] [info] finished quantifyLibrary()
[2022-11-17 10:43:51.398] [jointLog] [info] Starting optimizer
[2022-11-17 10:43:51.454] [jointLog] [info] Marked 0 weighted equivalence classes as degenerate
[2022-11-17 10:43:51.461] [jointLog] [info] iteration = 0 | max rel diff. = 611.75
[2022-11-17 10:43:51.931] [jointLog] [info] iteration = 100 | max rel diff. = 8.43627
[2022-11-17 10:43:52.361] [jointLog] [info] iteration = 200 | max rel diff. = 0.0385377
[2022-11-17 10:43:52.802] [jointLog] [info] iteration = 300 | max rel diff. = 0.461209
[2022-11-17 10:43:53.258] [jointLog] [info] iteration = 400 | max rel diff. = 0.0177226
[2022-11-17 10:43:53.721] [jointLog] [info] iteration = 500 | max rel diff. = 0.112919
[2022-11-17 10:43:54.166] [jointLog] [info] iteration = 600 | max rel diff. = 0.0258995
[2022-11-17 10:43:54.338] [jointLog] [info] iteration = 641 | max rel diff. = 0.00100231
[2022-11-17 10:43:54.344] [jointLog] [info] Finished optimizer
[2022-11-17 10:43:54.344] [jointLog] [info] writing output 

