[2022-11-17 12:56:40.103] [jointLog] [info] setting maxHashResizeThreads to 6
[2022-11-17 12:56:40.103] [jointLog] [info] Fragment incompatibility prior below threshold.  Incompatible fragments will be ignored.
[2022-11-17 12:56:40.103] [jointLog] [info] Usage of --validateMappings implies use of minScoreFraction. Since not explicitly specified, it is being set to 0.65
[2022-11-17 12:56:40.103] [jointLog] [info] Setting consensusSlack to selective-alignment default of 0.35.
[2022-11-17 12:56:40.103] [jointLog] [info] parsing read library format
[2022-11-17 12:56:40.105] [jointLog] [info] There is 1 library.
[2022-11-17 12:56:40.689] [jointLog] [info] Loading pufferfish index
[2022-11-17 12:56:41.021] [jointLog] [info] Loading dense pufferfish index.
[2022-11-17 13:03:56.977] [jointLog] [info] done
[2022-11-17 13:03:57.155] [jointLog] [info] Index contained 138045 targets
[2022-11-17 13:03:57.210] [jointLog] [info] Number of decoys : 66
[2022-11-17 13:03:57.210] [jointLog] [info] First decoy index : 137940 
[2022-11-17 13:04:54.799] [fileLog] [info] 
At end of round 0
==================
Observed 6621922 total fragments (6621922 in most recent round)

[2022-11-17 13:04:54.627] [jointLog] [info] Thread saw mini-batch with a maximum of 1.14% zero probability fragments
[2022-11-17 13:04:54.640] [jointLog] [info] Thread saw mini-batch with a maximum of 1.10% zero probability fragments
[2022-11-17 13:04:54.644] [jointLog] [info] Thread saw mini-batch with a maximum of 1.18% zero probability fragments
[2022-11-17 13:04:54.666] [jointLog] [info] Thread saw mini-batch with a maximum of 1.10% zero probability fragments
[2022-11-17 13:04:54.713] [jointLog] [info] Thread saw mini-batch with a maximum of 1.12% zero probability fragments
[2022-11-17 13:04:54.733] [jointLog] [info] Thread saw mini-batch with a maximum of 1.12% zero probability fragments
[2022-11-17 13:04:54.798] [jointLog] [info] Computed 62017 rich equivalence classes for further processing
[2022-11-17 13:04:54.798] [jointLog] [info] Counted 5472094 total reads in the equivalence classes 
[2022-11-17 13:04:54.804] [jointLog] [warning] 0.612662% of fragments were shorter than the k used to build the index.
If this fraction is too large, consider re-building the index with a smaller k.
The minimum read size found was 20.


[2022-11-17 13:04:54.804] [jointLog] [info] Number of mappings discarded because of alignment score : 6743318
[2022-11-17 13:04:54.804] [jointLog] [info] Number of fragments entirely discarded because of alignment score : 297468
[2022-11-17 13:04:54.804] [jointLog] [info] Number of fragments discarded because they are best-mapped to decoys : 292652
[2022-11-17 13:04:54.804] [jointLog] [info] Number of fragments discarded because they have only dovetail (discordant) mappings to valid targets : 0
[2022-11-17 13:04:54.804] [jointLog] [info] Mapping rate = 82.636%

[2022-11-17 13:04:54.804] [jointLog] [info] finished quantifyLibrary()
[2022-11-17 13:04:55.549] [jointLog] [info] Starting optimizer
[2022-11-17 13:04:55.602] [jointLog] [info] Marked 0 weighted equivalence classes as degenerate
[2022-11-17 13:04:55.610] [jointLog] [info] iteration = 0 | max rel diff. = 3530.5
[2022-11-17 13:04:56.151] [jointLog] [info] iteration = 100 | max rel diff. = 10.1481
[2022-11-17 13:04:56.671] [jointLog] [info] iteration = 200 | max rel diff. = 1.28074
[2022-11-17 13:04:57.196] [jointLog] [info] iteration = 300 | max rel diff. = 4.27428
[2022-11-17 13:04:57.722] [jointLog] [info] iteration = 400 | max rel diff. = 0.332905
[2022-11-17 13:04:58.279] [jointLog] [info] iteration = 500 | max rel diff. = 0.0676276
[2022-11-17 13:04:58.798] [jointLog] [info] iteration = 600 | max rel diff. = 0.770468
[2022-11-17 13:04:59.149] [jointLog] [info] iteration = 668 | max rel diff. = 0.00845434
[2022-11-17 13:04:59.155] [jointLog] [info] Finished optimizer
[2022-11-17 13:04:59.155] [jointLog] [info] writing output 

