[2022-11-17 14:17:25.592] [jointLog] [info] setting maxHashResizeThreads to 6
[2022-11-17 14:17:25.592] [jointLog] [info] Fragment incompatibility prior below threshold.  Incompatible fragments will be ignored.
[2022-11-17 14:17:25.592] [jointLog] [info] Usage of --validateMappings implies use of minScoreFraction. Since not explicitly specified, it is being set to 0.65
[2022-11-17 14:17:25.592] [jointLog] [info] Setting consensusSlack to selective-alignment default of 0.35.
[2022-11-17 14:17:25.592] [jointLog] [info] parsing read library format
[2022-11-17 14:17:25.592] [jointLog] [info] There is 1 library.
[2022-11-17 14:17:25.912] [jointLog] [info] Loading pufferfish index
[2022-11-17 14:17:26.016] [jointLog] [info] Loading dense pufferfish index.
[2022-11-17 14:24:03.571] [jointLog] [info] done
[2022-11-17 14:24:03.794] [jointLog] [info] Index contained 138045 targets
[2022-11-17 14:24:03.836] [jointLog] [info] Number of decoys : 66
[2022-11-17 14:24:03.836] [jointLog] [info] First decoy index : 137940 
[2022-11-17 14:24:24.843] [jointLog] [info] Thread saw mini-batch with a maximum of 0.10% zero probability fragments
[2022-11-17 14:24:24.852] [jointLog] [info] Thread saw mini-batch with a maximum of 0.10% zero probability fragments
[2022-11-17 14:24:24.856] [jointLog] [info] Thread saw mini-batch with a maximum of 0.14% zero probability fragments
[2022-11-17 14:24:24.856] [jointLog] [info] Thread saw mini-batch with a maximum of 0.12% zero probability fragments
[2022-11-17 14:24:24.864] [jointLog] [info] Thread saw mini-batch with a maximum of 0.12% zero probability fragments
[2022-11-17 14:24:24.896] [jointLog] [info] Thread saw mini-batch with a maximum of 0.12% zero probability fragments
[2022-11-17 14:24:24.947] [jointLog] [info] Computed 18016 rich equivalence classes for further processing
[2022-11-17 14:24:24.947] [jointLog] [info] Counted 994804 total reads in the equivalence classes 
[2022-11-17 14:24:24.952] [jointLog] [warning] 1.1159% of fragments were shorter than the k used to build the index.
If this fraction is too large, consider re-building the index with a smaller k.
The minimum read size found was 20.


[2022-11-17 14:24:24.952] [jointLog] [info] Number of mappings discarded because of alignment score : 1972845
[2022-11-17 14:24:24.952] [jointLog] [info] Number of fragments entirely discarded because of alignment score : 135344
[2022-11-17 14:24:24.952] [jointLog] [info] Number of fragments discarded because they are best-mapped to decoys : 72700
[2022-11-17 14:24:24.952] [jointLog] [info] Number of fragments discarded because they have only dovetail (discordant) mappings to valid targets : 0
[2022-11-17 14:24:24.960] [jointLog] [warning] Only 994804 fragments were mapped, but the number of burn-in fragments was set to 5000000.
The effective lengths have been computed using the observed mappings.

[2022-11-17 14:24:24.960] [jointLog] [info] Mapping rate = 11.0654%

[2022-11-17 14:24:24.960] [jointLog] [info] finished quantifyLibrary()
[2022-11-17 14:24:24.947] [fileLog] [info] 
At end of round 0
==================
Observed 8990254 total fragments (8990254 in most recent round)

[2022-11-17 14:24:25.540] [jointLog] [info] Starting optimizer
[2022-11-17 14:24:25.580] [jointLog] [info] Marked 0 weighted equivalence classes as degenerate
[2022-11-17 14:24:25.586] [jointLog] [info] iteration = 0 | max rel diff. = 700.538
[2022-11-17 14:24:26.016] [jointLog] [info] iteration = 100 | max rel diff. = 3.08519
[2022-11-17 14:24:26.462] [jointLog] [info] iteration = 200 | max rel diff. = 4.37844
[2022-11-17 14:24:26.904] [jointLog] [info] iteration = 300 | max rel diff. = 0.121665
[2022-11-17 14:24:27.364] [jointLog] [info] iteration = 400 | max rel diff. = 0.0928755
[2022-11-17 14:24:27.835] [jointLog] [info] iteration = 500 | max rel diff. = 0.0406412
[2022-11-17 14:24:27.990] [jointLog] [info] iteration = 535 | max rel diff. = 0.00645145
[2022-11-17 14:24:27.996] [jointLog] [info] Finished optimizer
[2022-11-17 14:24:27.996] [jointLog] [info] writing output 

