[2022-11-17 09:45:46.516] [jointLog] [info] setting maxHashResizeThreads to 6
[2022-11-17 09:45:46.516] [jointLog] [info] Fragment incompatibility prior below threshold.  Incompatible fragments will be ignored.
[2022-11-17 09:45:46.516] [jointLog] [info] Usage of --validateMappings implies use of minScoreFraction. Since not explicitly specified, it is being set to 0.65
[2022-11-17 09:45:46.516] [jointLog] [info] Setting consensusSlack to selective-alignment default of 0.35.
[2022-11-17 09:45:46.516] [jointLog] [info] parsing read library format
[2022-11-17 09:45:46.517] [jointLog] [info] There is 1 library.
[2022-11-17 09:45:47.214] [jointLog] [info] Loading pufferfish index
[2022-11-17 09:45:47.436] [jointLog] [info] Loading dense pufferfish index.
[2022-11-17 09:49:37.671] [jointLog] [info] done
[2022-11-17 09:49:37.759] [jointLog] [info] Index contained 138045 targets
[2022-11-17 09:49:37.807] [jointLog] [info] Number of decoys : 66
[2022-11-17 09:49:37.807] [jointLog] [info] First decoy index : 137940 
[2022-11-17 09:50:01.641] [jointLog] [info] Thread saw mini-batch with a maximum of 0.10% zero probability fragments
[2022-11-17 09:50:01.662] [jointLog] [info] Thread saw mini-batch with a maximum of 0.12% zero probability fragments
[2022-11-17 09:50:01.662] [jointLog] [info] Thread saw mini-batch with a maximum of 0.10% zero probability fragments
[2022-11-17 09:50:01.693] [jointLog] [info] Thread saw mini-batch with a maximum of 0.10% zero probability fragments
[2022-11-17 09:50:01.699] [jointLog] [info] Thread saw mini-batch with a maximum of 0.10% zero probability fragments
[2022-11-17 09:50:01.704] [jointLog] [info] Thread saw mini-batch with a maximum of 0.10% zero probability fragments
[2022-11-17 09:50:01.750] [jointLog] [info] Computed 17313 rich equivalence classes for further processing
[2022-11-17 09:50:01.750] [jointLog] [info] Counted 1202368 total reads in the equivalence classes 
[2022-11-17 09:50:01.754] [jointLog] [warning] 0.532304% of fragments were shorter than the k used to build the index.
If this fraction is too large, consider re-building the index with a smaller k.
The minimum read size found was 20.


[2022-11-17 09:50:01.754] [jointLog] [info] Number of mappings discarded because of alignment score : 1658797
[2022-11-17 09:50:01.754] [jointLog] [info] Number of fragments entirely discarded because of alignment score : 130613
[2022-11-17 09:50:01.754] [jointLog] [info] Number of fragments discarded because they are best-mapped to decoys : 75342
[2022-11-17 09:50:01.754] [jointLog] [info] Number of fragments discarded because they have only dovetail (discordant) mappings to valid targets : 0
[2022-11-17 09:50:01.762] [jointLog] [warning] Only 1202368 fragments were mapped, but the number of burn-in fragments was set to 5000000.
The effective lengths have been computed using the observed mappings.

[2022-11-17 09:50:01.762] [jointLog] [info] Mapping rate = 14.7543%

[2022-11-17 09:50:01.762] [jointLog] [info] finished quantifyLibrary()
[2022-11-17 09:50:01.751] [fileLog] [info] 
At end of round 0
==================
Observed 8149287 total fragments (8149287 in most recent round)

[2022-11-17 09:50:02.501] [jointLog] [info] Starting optimizer
[2022-11-17 09:50:02.548] [jointLog] [info] Marked 0 weighted equivalence classes as degenerate
[2022-11-17 09:50:02.554] [jointLog] [info] iteration = 0 | max rel diff. = 848.983
[2022-11-17 09:50:03.073] [jointLog] [info] iteration = 100 | max rel diff. = 18.076
[2022-11-17 09:50:03.563] [jointLog] [info] iteration = 200 | max rel diff. = 0.106146
[2022-11-17 09:50:04.039] [jointLog] [info] iteration = 300 | max rel diff. = 0.0256308
[2022-11-17 09:50:04.541] [jointLog] [info] iteration = 400 | max rel diff. = 0.0534276
[2022-11-17 09:50:05.006] [jointLog] [info] iteration = 500 | max rel diff. = 0.0470606
[2022-11-17 09:50:05.467] [jointLog] [info] iteration = 600 | max rel diff. = 0.0462393
[2022-11-17 09:50:05.573] [jointLog] [info] iteration = 624 | max rel diff. = 0.00641838
[2022-11-17 09:50:05.578] [jointLog] [info] Finished optimizer
[2022-11-17 09:50:05.578] [jointLog] [info] writing output 

