[2022-11-17 14:41:16.330] [jointLog] [info] setting maxHashResizeThreads to 6
[2022-11-17 14:41:16.330] [jointLog] [info] Fragment incompatibility prior below threshold.  Incompatible fragments will be ignored.
[2022-11-17 14:41:16.330] [jointLog] [info] Usage of --validateMappings implies use of minScoreFraction. Since not explicitly specified, it is being set to 0.65
[2022-11-17 14:41:16.330] [jointLog] [info] Setting consensusSlack to selective-alignment default of 0.35.
[2022-11-17 14:41:16.330] [jointLog] [info] parsing read library format
[2022-11-17 14:41:16.332] [jointLog] [info] There is 1 library.
[2022-11-17 14:41:16.408] [jointLog] [info] Loading pufferfish index
[2022-11-17 14:41:16.456] [jointLog] [info] Loading dense pufferfish index.
[2022-11-17 14:46:00.680] [jointLog] [info] done
[2022-11-17 14:46:00.763] [jointLog] [info] Index contained 138045 targets
[2022-11-17 14:46:00.812] [jointLog] [info] Number of decoys : 66
[2022-11-17 14:46:00.812] [jointLog] [info] First decoy index : 137940 
[2022-11-17 14:46:49.655] [jointLog] [info] Thread saw mini-batch with a maximum of 1.04% zero probability fragments
[2022-11-17 14:46:49.711] [jointLog] [info] Thread saw mini-batch with a maximum of 0.98% zero probability fragments
[2022-11-17 14:46:49.714] [jointLog] [info] Thread saw mini-batch with a maximum of 0.98% zero probability fragments
[2022-11-17 14:46:49.758] [jointLog] [info] Thread saw mini-batch with a maximum of 0.96% zero probability fragments
[2022-11-17 14:46:49.765] [jointLog] [info] Thread saw mini-batch with a maximum of 0.94% zero probability fragments
[2022-11-17 14:46:49.798] [jointLog] [info] Thread saw mini-batch with a maximum of 1.00% zero probability fragments
[2022-11-17 14:46:49.896] [jointLog] [info] Computed 68870 rich equivalence classes for further processing
[2022-11-17 14:46:49.896] [jointLog] [info] Counted 6228294 total reads in the equivalence classes 
[2022-11-17 14:46:49.903] [jointLog] [warning] 1.06606% of fragments were shorter than the k used to build the index.
If this fraction is too large, consider re-building the index with a smaller k.
The minimum read size found was 20.


[2022-11-17 14:46:49.903] [jointLog] [info] Number of mappings discarded because of alignment score : 6160953
[2022-11-17 14:46:49.903] [jointLog] [info] Number of fragments entirely discarded because of alignment score : 298334
[2022-11-17 14:46:49.903] [jointLog] [info] Number of fragments discarded because they are best-mapped to decoys : 290444
[2022-11-17 14:46:49.903] [jointLog] [info] Number of fragments discarded because they have only dovetail (discordant) mappings to valid targets : 0
[2022-11-17 14:46:49.903] [jointLog] [info] Mapping rate = 78.2248%

[2022-11-17 14:46:49.903] [jointLog] [info] finished quantifyLibrary()
[2022-11-17 14:46:49.896] [fileLog] [info] 
At end of round 0
==================
Observed 7962044 total fragments (7962044 in most recent round)

[2022-11-17 14:46:50.278] [jointLog] [info] Starting optimizer
[2022-11-17 14:46:50.884] [jointLog] [info] Marked 0 weighted equivalence classes as degenerate
[2022-11-17 14:46:50.892] [jointLog] [info] iteration = 0 | max rel diff. = 3905.38
[2022-11-17 14:46:51.433] [jointLog] [info] iteration = 100 | max rel diff. = 11.3674
[2022-11-17 14:46:51.965] [jointLog] [info] iteration = 200 | max rel diff. = 6.76972
[2022-11-17 14:46:52.499] [jointLog] [info] iteration = 300 | max rel diff. = 0.136374
[2022-11-17 14:46:53.032] [jointLog] [info] iteration = 400 | max rel diff. = 0.147933
[2022-11-17 14:46:53.577] [jointLog] [info] iteration = 500 | max rel diff. = 5.17415
[2022-11-17 14:46:54.104] [jointLog] [info] iteration = 600 | max rel diff. = 0.0738725
[2022-11-17 14:46:54.636] [jointLog] [info] iteration = 700 | max rel diff. = 0.0436293
[2022-11-17 14:46:55.163] [jointLog] [info] iteration = 800 | max rel diff. = 0.143979
[2022-11-17 14:46:55.704] [jointLog] [info] iteration = 900 | max rel diff. = 0.0323936
[2022-11-17 14:46:56.231] [jointLog] [info] iteration = 1000 | max rel diff. = 0.132893
[2022-11-17 14:46:56.761] [jointLog] [info] iteration = 1100 | max rel diff. = 0.114722
[2022-11-17 14:46:56.803] [jointLog] [info] iteration = 1109 | max rel diff. = 0.00948464
[2022-11-17 14:46:56.809] [jointLog] [info] Finished optimizer
[2022-11-17 14:46:56.809] [jointLog] [info] writing output 

