[2022-11-17 14:14:43.358] [jointLog] [info] setting maxHashResizeThreads to 6
[2022-11-17 14:14:43.358] [jointLog] [info] Fragment incompatibility prior below threshold.  Incompatible fragments will be ignored.
[2022-11-17 14:14:43.358] [jointLog] [info] Usage of --validateMappings implies use of minScoreFraction. Since not explicitly specified, it is being set to 0.65
[2022-11-17 14:14:43.358] [jointLog] [info] Setting consensusSlack to selective-alignment default of 0.35.
[2022-11-17 14:14:43.358] [jointLog] [info] parsing read library format
[2022-11-17 14:14:43.359] [jointLog] [info] There is 1 library.
[2022-11-17 14:14:43.456] [jointLog] [info] Loading pufferfish index
[2022-11-17 14:14:43.532] [jointLog] [info] Loading dense pufferfish index.
[2022-11-17 14:18:25.880] [jointLog] [info] done
[2022-11-17 14:18:26.021] [jointLog] [info] Index contained 138045 targets
[2022-11-17 14:18:26.077] [jointLog] [info] Number of decoys : 66
[2022-11-17 14:18:26.077] [jointLog] [info] First decoy index : 137940 
[2022-11-17 14:18:44.885] [jointLog] [info] Thread saw mini-batch with a maximum of 0.14% zero probability fragments
[2022-11-17 14:18:44.892] [jointLog] [info] Thread saw mini-batch with a maximum of 0.12% zero probability fragments
[2022-11-17 14:18:44.904] [jointLog] [info] Thread saw mini-batch with a maximum of 0.10% zero probability fragments
[2022-11-17 14:18:44.911] [jointLog] [info] Thread saw mini-batch with a maximum of 0.10% zero probability fragments
[2022-11-17 14:18:44.916] [jointLog] [info] Thread saw mini-batch with a maximum of 0.12% zero probability fragments
[2022-11-17 14:18:44.920] [jointLog] [info] Thread saw mini-batch with a maximum of 0.12% zero probability fragments
[2022-11-17 14:18:44.953] [jointLog] [info] Computed 21766 rich equivalence classes for further processing
[2022-11-17 14:18:44.953] [jointLog] [info] Counted 1205703 total reads in the equivalence classes 
[2022-11-17 14:18:44.956] [jointLog] [warning] 0.651174% of fragments were shorter than the k used to build the index.
If this fraction is too large, consider re-building the index with a smaller k.
The minimum read size found was 20.


[2022-11-17 14:18:44.956] [jointLog] [info] Number of mappings discarded because of alignment score : 1905769
[2022-11-17 14:18:44.956] [jointLog] [info] Number of fragments entirely discarded because of alignment score : 139182
[2022-11-17 14:18:44.956] [jointLog] [info] Number of fragments discarded because they are best-mapped to decoys : 78930
[2022-11-17 14:18:44.956] [jointLog] [info] Number of fragments discarded because they have only dovetail (discordant) mappings to valid targets : 0
[2022-11-17 14:18:44.962] [jointLog] [warning] Only 1205703 fragments were mapped, but the number of burn-in fragments was set to 5000000.
The effective lengths have been computed using the observed mappings.

[2022-11-17 14:18:44.962] [jointLog] [info] Mapping rate = 13.4097%

[2022-11-17 14:18:44.962] [jointLog] [info] finished quantifyLibrary()
[2022-11-17 14:18:44.953] [fileLog] [info] 
At end of round 0
==================
Observed 8991305 total fragments (8991305 in most recent round)

[2022-11-17 14:18:45.311] [jointLog] [info] Starting optimizer
[2022-11-17 14:18:45.360] [jointLog] [info] Marked 0 weighted equivalence classes as degenerate
[2022-11-17 14:18:45.366] [jointLog] [info] iteration = 0 | max rel diff. = 849.334
[2022-11-17 14:18:45.834] [jointLog] [info] iteration = 100 | max rel diff. = 3.0651
[2022-11-17 14:18:46.267] [jointLog] [info] iteration = 200 | max rel diff. = 16.1297
[2022-11-17 14:18:46.702] [jointLog] [info] iteration = 300 | max rel diff. = 0.130021
[2022-11-17 14:18:47.137] [jointLog] [info] iteration = 400 | max rel diff. = 0.0916894
[2022-11-17 14:18:47.571] [jointLog] [info] iteration = 500 | max rel diff. = 0.0989439
[2022-11-17 14:18:48.006] [jointLog] [info] iteration = 600 | max rel diff. = 0.0370293
[2022-11-17 14:18:48.350] [jointLog] [info] iteration = 680 | max rel diff. = 0.00854166
[2022-11-17 14:18:48.356] [jointLog] [info] Finished optimizer
[2022-11-17 14:18:48.356] [jointLog] [info] writing output 

