[2022-11-17 11:11:13.084] [jointLog] [info] setting maxHashResizeThreads to 6
[2022-11-17 11:11:13.084] [jointLog] [info] Fragment incompatibility prior below threshold.  Incompatible fragments will be ignored.
[2022-11-17 11:11:13.084] [jointLog] [info] Usage of --validateMappings implies use of minScoreFraction. Since not explicitly specified, it is being set to 0.65
[2022-11-17 11:11:13.084] [jointLog] [info] Setting consensusSlack to selective-alignment default of 0.35.
[2022-11-17 11:11:13.084] [jointLog] [info] parsing read library format
[2022-11-17 11:11:13.086] [jointLog] [info] There is 1 library.
[2022-11-17 11:11:14.262] [jointLog] [info] Loading pufferfish index
[2022-11-17 11:11:14.776] [jointLog] [info] Loading dense pufferfish index.
[2022-11-17 11:16:27.761] [jointLog] [info] done
[2022-11-17 11:16:27.968] [jointLog] [info] Index contained 138045 targets
[2022-11-17 11:16:28.016] [jointLog] [info] Number of decoys : 66
[2022-11-17 11:16:28.016] [jointLog] [info] First decoy index : 137940 
[2022-11-17 11:17:04.119] [jointLog] [info] Thread saw mini-batch with a maximum of 1.04% zero probability fragments
[2022-11-17 11:17:04.136] [jointLog] [info] Thread saw mini-batch with a maximum of 1.08% zero probability fragments
[2022-11-17 11:17:04.139] [jointLog] [info] Thread saw mini-batch with a maximum of 1.14% zero probability fragments
[2022-11-17 11:17:04.219] [jointLog] [info] Thread saw mini-batch with a maximum of 1.00% zero probability fragments
[2022-11-17 11:17:04.278] [jointLog] [info] Thread saw mini-batch with a maximum of 1.12% zero probability fragments
[2022-11-17 11:17:04.327] [jointLog] [info] Thread saw mini-batch with a maximum of 1.06% zero probability fragments
[2022-11-17 11:17:04.429] [jointLog] [info] Computed 69148 rich equivalence classes for further processing
[2022-11-17 11:17:04.429] [jointLog] [info] Counted 4467485 total reads in the equivalence classes 
[2022-11-17 11:17:04.436] [jointLog] [warning] 0.884921% of fragments were shorter than the k used to build the index.
If this fraction is too large, consider re-building the index with a smaller k.
The minimum read size found was 20.


[2022-11-17 11:17:04.436] [jointLog] [info] Number of mappings discarded because of alignment score : 4402574
[2022-11-17 11:17:04.436] [jointLog] [info] Number of fragments entirely discarded because of alignment score : 176728
[2022-11-17 11:17:04.436] [jointLog] [info] Number of fragments discarded because they are best-mapped to decoys : 171938
[2022-11-17 11:17:04.436] [jointLog] [info] Number of fragments discarded because they have only dovetail (discordant) mappings to valid targets : 0
[2022-11-17 11:17:04.445] [jointLog] [warning] Only 4467485 fragments were mapped, but the number of burn-in fragments was set to 5000000.
The effective lengths have been computed using the observed mappings.

[2022-11-17 11:17:04.445] [jointLog] [info] Mapping rate = 83.4361%

[2022-11-17 11:17:04.445] [jointLog] [info] finished quantifyLibrary()
[2022-11-17 11:17:04.429] [fileLog] [info] 
At end of round 0
==================
Observed 5354379 total fragments (5354379 in most recent round)

[2022-11-17 11:17:04.713] [jointLog] [info] Starting optimizer
[2022-11-17 11:17:04.778] [jointLog] [info] Marked 0 weighted equivalence classes as degenerate
[2022-11-17 11:17:04.786] [jointLog] [info] iteration = 0 | max rel diff. = 2946.17
[2022-11-17 11:17:05.461] [jointLog] [info] iteration = 100 | max rel diff. = 11.6689
[2022-11-17 11:17:06.093] [jointLog] [info] iteration = 200 | max rel diff. = 4.82544
[2022-11-17 11:17:06.743] [jointLog] [info] iteration = 300 | max rel diff. = 0.51574
[2022-11-17 11:17:07.367] [jointLog] [info] iteration = 400 | max rel diff. = 0.223353
[2022-11-17 11:17:07.998] [jointLog] [info] iteration = 500 | max rel diff. = 10.1202
[2022-11-17 11:17:08.631] [jointLog] [info] iteration = 600 | max rel diff. = 0.00978826
[2022-11-17 11:17:08.639] [jointLog] [info] Finished optimizer
[2022-11-17 11:17:08.639] [jointLog] [info] writing output 

