[2022-11-17 10:11:35.205] [jointLog] [info] setting maxHashResizeThreads to 6
[2022-11-17 10:11:35.205] [jointLog] [info] Fragment incompatibility prior below threshold.  Incompatible fragments will be ignored.
[2022-11-17 10:11:35.205] [jointLog] [info] Usage of --validateMappings implies use of minScoreFraction. Since not explicitly specified, it is being set to 0.65
[2022-11-17 10:11:35.205] [jointLog] [info] Setting consensusSlack to selective-alignment default of 0.35.
[2022-11-17 10:11:35.205] [jointLog] [info] parsing read library format
[2022-11-17 10:11:35.206] [jointLog] [info] There is 1 library.
[2022-11-17 10:11:35.846] [jointLog] [info] Loading pufferfish index
[2022-11-17 10:11:36.151] [jointLog] [info] Loading dense pufferfish index.
[2022-11-17 10:16:01.384] [jointLog] [info] done
[2022-11-17 10:16:01.529] [jointLog] [info] Index contained 138045 targets
[2022-11-17 10:16:01.588] [jointLog] [info] Number of decoys : 66
[2022-11-17 10:16:01.588] [jointLog] [info] First decoy index : 137940 
[2022-11-17 10:16:24.678] [fileLog] [info] 
At end of round 0
==================
Observed 8069330 total fragments (8069330 in most recent round)

[2022-11-17 10:16:24.567] [jointLog] [info] Thread saw mini-batch with a maximum of 0.10% zero probability fragments
[2022-11-17 10:16:24.575] [jointLog] [info] Thread saw mini-batch with a maximum of 0.14% zero probability fragments
[2022-11-17 10:16:24.578] [jointLog] [info] Thread saw mini-batch with a maximum of 0.12% zero probability fragments
[2022-11-17 10:16:24.593] [jointLog] [info] Thread saw mini-batch with a maximum of 0.10% zero probability fragments
[2022-11-17 10:16:24.627] [jointLog] [info] Thread saw mini-batch with a maximum of 0.10% zero probability fragments
[2022-11-17 10:16:24.628] [jointLog] [info] Thread saw mini-batch with a maximum of 0.10% zero probability fragments
[2022-11-17 10:16:24.677] [jointLog] [info] Computed 19370 rich equivalence classes for further processing
[2022-11-17 10:16:24.677] [jointLog] [info] Counted 994997 total reads in the equivalence classes 
[2022-11-17 10:16:24.682] [jointLog] [warning] 0.723344% of fragments were shorter than the k used to build the index.
If this fraction is too large, consider re-building the index with a smaller k.
The minimum read size found was 20.


[2022-11-17 10:16:24.682] [jointLog] [info] Number of mappings discarded because of alignment score : 1746770
[2022-11-17 10:16:24.682] [jointLog] [info] Number of fragments entirely discarded because of alignment score : 129478
[2022-11-17 10:16:24.682] [jointLog] [info] Number of fragments discarded because they are best-mapped to decoys : 69973
[2022-11-17 10:16:24.682] [jointLog] [info] Number of fragments discarded because they have only dovetail (discordant) mappings to valid targets : 0
[2022-11-17 10:16:24.691] [jointLog] [warning] Only 994997 fragments were mapped, but the number of burn-in fragments was set to 5000000.
The effective lengths have been computed using the observed mappings.

[2022-11-17 10:16:24.691] [jointLog] [info] Mapping rate = 12.3306%

[2022-11-17 10:16:24.691] [jointLog] [info] finished quantifyLibrary()
[2022-11-17 10:16:24.886] [jointLog] [info] Starting optimizer
[2022-11-17 10:16:24.936] [jointLog] [info] Marked 0 weighted equivalence classes as degenerate
[2022-11-17 10:16:24.943] [jointLog] [info] iteration = 0 | max rel diff. = 704.717
[2022-11-17 10:16:25.426] [jointLog] [info] iteration = 100 | max rel diff. = 8.93932
[2022-11-17 10:16:25.897] [jointLog] [info] iteration = 200 | max rel diff. = 0.932416
[2022-11-17 10:16:26.364] [jointLog] [info] iteration = 300 | max rel diff. = 0.276751
[2022-11-17 10:16:26.845] [jointLog] [info] iteration = 400 | max rel diff. = 0.0253089
[2022-11-17 10:16:27.029] [jointLog] [info] iteration = 438 | max rel diff. = 0.00733102
[2022-11-17 10:16:27.036] [jointLog] [info] Finished optimizer
[2022-11-17 10:16:27.036] [jointLog] [info] writing output 

