[2022-11-17 14:19:00.949] [jointLog] [info] setting maxHashResizeThreads to 6
[2022-11-17 14:19:00.949] [jointLog] [info] Fragment incompatibility prior below threshold.  Incompatible fragments will be ignored.
[2022-11-17 14:19:00.949] [jointLog] [info] Usage of --validateMappings implies use of minScoreFraction. Since not explicitly specified, it is being set to 0.65
[2022-11-17 14:19:00.949] [jointLog] [info] Setting consensusSlack to selective-alignment default of 0.35.
[2022-11-17 14:19:00.949] [jointLog] [info] parsing read library format
[2022-11-17 14:19:00.950] [jointLog] [info] There is 1 library.
[2022-11-17 14:19:00.956] [jointLog] [info] Loading pufferfish index
[2022-11-17 14:19:00.959] [jointLog] [info] Loading dense pufferfish index.
[2022-11-17 14:24:03.571] [jointLog] [info] done
[2022-11-17 14:24:03.856] [jointLog] [info] Index contained 138045 targets
[2022-11-17 14:24:03.907] [jointLog] [info] Number of decoys : 66
[2022-11-17 14:24:03.907] [jointLog] [info] First decoy index : 137940 
[2022-11-17 14:24:43.511] [jointLog] [info] Thread saw mini-batch with a maximum of 1.04% zero probability fragments
[2022-11-17 14:24:43.583] [jointLog] [info] Thread saw mini-batch with a maximum of 1.04% zero probability fragments
[2022-11-17 14:24:43.585] [jointLog] [info] Thread saw mini-batch with a maximum of 0.96% zero probability fragments
[2022-11-17 14:24:43.591] [jointLog] [info] Thread saw mini-batch with a maximum of 1.02% zero probability fragments
[2022-11-17 14:24:43.594] [jointLog] [info] Thread saw mini-batch with a maximum of 1.04% zero probability fragments
[2022-11-17 14:24:43.651] [jointLog] [info] Thread saw mini-batch with a maximum of 1.02% zero probability fragments
[2022-11-17 14:24:43.720] [jointLog] [info] Computed 71576 rich equivalence classes for further processing
[2022-11-17 14:24:43.720] [jointLog] [info] Counted 4497236 total reads in the equivalence classes 
[2022-11-17 14:24:43.725] [jointLog] [warning] 0.980831% of fragments were shorter than the k used to build the index.
If this fraction is too large, consider re-building the index with a smaller k.
The minimum read size found was 20.


[2022-11-17 14:24:43.725] [jointLog] [info] Number of mappings discarded because of alignment score : 4353977
[2022-11-17 14:24:43.725] [jointLog] [info] Number of fragments entirely discarded because of alignment score : 180638
[2022-11-17 14:24:43.725] [jointLog] [info] Number of fragments discarded because they are best-mapped to decoys : 175916
[2022-11-17 14:24:43.725] [jointLog] [info] Number of fragments discarded because they have only dovetail (discordant) mappings to valid targets : 0
[2022-11-17 14:24:43.732] [jointLog] [warning] Only 4497236 fragments were mapped, but the number of burn-in fragments was set to 5000000.
The effective lengths have been computed using the observed mappings.

[2022-11-17 14:24:43.732] [jointLog] [info] Mapping rate = 84.8373%

[2022-11-17 14:24:43.732] [jointLog] [info] finished quantifyLibrary()
[2022-11-17 14:24:43.720] [fileLog] [info] 
At end of round 0
==================
Observed 5301014 total fragments (5301014 in most recent round)

[2022-11-17 14:24:44.216] [jointLog] [info] Starting optimizer
[2022-11-17 14:24:44.273] [jointLog] [info] Marked 0 weighted equivalence classes as degenerate
[2022-11-17 14:24:44.282] [jointLog] [info] iteration = 0 | max rel diff. = 2948
[2022-11-17 14:24:44.838] [jointLog] [info] iteration = 100 | max rel diff. = 9.76168
[2022-11-17 14:24:45.374] [jointLog] [info] iteration = 200 | max rel diff. = 2.0251
[2022-11-17 14:24:45.910] [jointLog] [info] iteration = 300 | max rel diff. = 9.53553
[2022-11-17 14:24:46.456] [jointLog] [info] iteration = 400 | max rel diff. = 0.541772
[2022-11-17 14:24:46.992] [jointLog] [info] iteration = 500 | max rel diff. = 10.901
[2022-11-17 14:24:47.529] [jointLog] [info] iteration = 600 | max rel diff. = 0.114056
[2022-11-17 14:24:48.073] [jointLog] [info] iteration = 700 | max rel diff. = 0.0351215
[2022-11-17 14:24:48.608] [jointLog] [info] iteration = 800 | max rel diff. = 0.407484
[2022-11-17 14:24:49.147] [jointLog] [info] iteration = 900 | max rel diff. = 0.0195565
[2022-11-17 14:24:49.420] [jointLog] [info] iteration = 952 | max rel diff. = 0.00594336
[2022-11-17 14:24:49.426] [jointLog] [info] Finished optimizer
[2022-11-17 14:24:49.426] [jointLog] [info] writing output 

