[2022-11-17 14:57:00.559] [jointLog] [info] setting maxHashResizeThreads to 6
[2022-11-17 14:57:00.559] [jointLog] [info] Fragment incompatibility prior below threshold.  Incompatible fragments will be ignored.
[2022-11-17 14:57:00.559] [jointLog] [info] Usage of --validateMappings implies use of minScoreFraction. Since not explicitly specified, it is being set to 0.65
[2022-11-17 14:57:00.559] [jointLog] [info] Setting consensusSlack to selective-alignment default of 0.35.
[2022-11-17 14:57:00.559] [jointLog] [info] parsing read library format
[2022-11-17 14:57:00.560] [jointLog] [info] There is 1 library.
[2022-11-17 14:57:00.795] [jointLog] [info] Loading pufferfish index
[2022-11-17 14:57:00.920] [jointLog] [info] Loading dense pufferfish index.
[2022-11-17 15:02:27.338] [jointLog] [info] done
[2022-11-17 15:02:27.521] [jointLog] [info] Index contained 138045 targets
[2022-11-17 15:02:27.569] [jointLog] [info] Number of decoys : 66
[2022-11-17 15:02:27.569] [jointLog] [info] First decoy index : 137940 
[2022-11-17 15:03:00.308] [jointLog] [info] Thread saw mini-batch with a maximum of 0.94% zero probability fragments
[2022-11-17 15:03:00.382] [jointLog] [info] Thread saw mini-batch with a maximum of 1.04% zero probability fragments
[2022-11-17 15:03:00.410] [jointLog] [info] Thread saw mini-batch with a maximum of 0.96% zero probability fragments
[2022-11-17 15:03:00.413] [jointLog] [info] Thread saw mini-batch with a maximum of 0.96% zero probability fragments
[2022-11-17 15:03:00.427] [jointLog] [info] Thread saw mini-batch with a maximum of 0.98% zero probability fragments
[2022-11-17 15:03:00.481] [jointLog] [info] Thread saw mini-batch with a maximum of 1.04% zero probability fragments
[2022-11-17 15:03:00.552] [jointLog] [info] Computed 67757 rich equivalence classes for further processing
[2022-11-17 15:03:00.552] [jointLog] [info] Counted 4115420 total reads in the equivalence classes 
[2022-11-17 15:03:00.556] [jointLog] [warning] 0.779954% of fragments were shorter than the k used to build the index.
If this fraction is too large, consider re-building the index with a smaller k.
The minimum read size found was 20.


[2022-11-17 15:03:00.556] [jointLog] [info] Number of mappings discarded because of alignment score : 3686934
[2022-11-17 15:03:00.556] [jointLog] [info] Number of fragments entirely discarded because of alignment score : 151579
[2022-11-17 15:03:00.556] [jointLog] [info] Number of fragments discarded because they are best-mapped to decoys : 147539
[2022-11-17 15:03:00.556] [jointLog] [info] Number of fragments discarded because they have only dovetail (discordant) mappings to valid targets : 0
[2022-11-17 15:03:00.562] [jointLog] [warning] Only 4115420 fragments were mapped, but the number of burn-in fragments was set to 5000000.
The effective lengths have been computed using the observed mappings.

[2022-11-17 15:03:00.562] [jointLog] [info] Mapping rate = 86.0062%

[2022-11-17 15:03:00.562] [jointLog] [info] finished quantifyLibrary()
[2022-11-17 15:03:00.725] [jointLog] [info] Starting optimizer
[2022-11-17 15:03:00.775] [jointLog] [info] Marked 0 weighted equivalence classes as degenerate
[2022-11-17 15:03:00.783] [jointLog] [info] iteration = 0 | max rel diff. = 2707.78
[2022-11-17 15:03:00.552] [fileLog] [info] 
At end of round 0
==================
Observed 4785026 total fragments (4785026 in most recent round)

[2022-11-17 15:03:01.327] [jointLog] [info] iteration = 100 | max rel diff. = 20.9563
[2022-11-17 15:03:01.867] [jointLog] [info] iteration = 200 | max rel diff. = 5.08956
[2022-11-17 15:03:02.404] [jointLog] [info] iteration = 300 | max rel diff. = 0.343568
[2022-11-17 15:03:02.935] [jointLog] [info] iteration = 400 | max rel diff. = 1.18947
[2022-11-17 15:03:03.466] [jointLog] [info] iteration = 500 | max rel diff. = 0.0565918
[2022-11-17 15:03:04.000] [jointLog] [info] iteration = 600 | max rel diff. = 0.0497965
[2022-11-17 15:03:04.538] [jointLog] [info] iteration = 700 | max rel diff. = 0.0412361
[2022-11-17 15:03:05.062] [jointLog] [info] iteration = 800 | max rel diff. = 0.0939352
[2022-11-17 15:03:05.583] [jointLog] [info] iteration = 900 | max rel diff. = 0.0174787
[2022-11-17 15:03:06.105] [jointLog] [info] iteration = 1000 | max rel diff. = 0.0321233
[2022-11-17 15:03:06.278] [jointLog] [info] iteration = 1034 | max rel diff. = 0.00916923
[2022-11-17 15:03:06.284] [jointLog] [info] Finished optimizer
[2022-11-17 15:03:06.284] [jointLog] [info] writing output 

