[2022-11-17 11:41:09.263] [jointLog] [info] setting maxHashResizeThreads to 6
[2022-11-17 11:41:09.263] [jointLog] [info] Fragment incompatibility prior below threshold.  Incompatible fragments will be ignored.
[2022-11-17 11:41:09.263] [jointLog] [info] Usage of --validateMappings implies use of minScoreFraction. Since not explicitly specified, it is being set to 0.65
[2022-11-17 11:41:09.263] [jointLog] [info] Setting consensusSlack to selective-alignment default of 0.35.
[2022-11-17 11:41:09.263] [jointLog] [info] parsing read library format
[2022-11-17 11:41:09.265] [jointLog] [info] There is 1 library.
[2022-11-17 11:41:09.655] [jointLog] [info] Loading pufferfish index
[2022-11-17 11:41:09.813] [jointLog] [info] Loading dense pufferfish index.
[2022-11-17 11:44:02.841] [jointLog] [info] done
[2022-11-17 11:44:02.964] [jointLog] [info] Index contained 138045 targets
[2022-11-17 11:44:03.022] [jointLog] [info] Number of decoys : 66
[2022-11-17 11:44:03.022] [jointLog] [info] First decoy index : 137940 
[2022-11-17 11:44:46.131] [jointLog] [info] Thread saw mini-batch with a maximum of 1.06% zero probability fragments
[2022-11-17 11:44:46.134] [jointLog] [info] Thread saw mini-batch with a maximum of 0.98% zero probability fragments
[2022-11-17 11:44:46.153] [jointLog] [info] Thread saw mini-batch with a maximum of 1.16% zero probability fragments
[2022-11-17 11:44:46.223] [jointLog] [info] Thread saw mini-batch with a maximum of 1.06% zero probability fragments
[2022-11-17 11:44:46.227] [jointLog] [info] Thread saw mini-batch with a maximum of 1.04% zero probability fragments
[2022-11-17 11:44:46.307] [jointLog] [info] Thread saw mini-batch with a maximum of 0.94% zero probability fragments
[2022-11-17 11:44:46.411] [jointLog] [info] Computed 70819 rich equivalence classes for further processing
[2022-11-17 11:44:46.411] [jointLog] [info] Counted 4823962 total reads in the equivalence classes 
[2022-11-17 11:44:46.416] [jointLog] [warning] 0.889787% of fragments were shorter than the k used to build the index.
If this fraction is too large, consider re-building the index with a smaller k.
The minimum read size found was 20.


[2022-11-17 11:44:46.416] [jointLog] [info] Number of mappings discarded because of alignment score : 5021892
[2022-11-17 11:44:46.416] [jointLog] [info] Number of fragments entirely discarded because of alignment score : 204213
[2022-11-17 11:44:46.416] [jointLog] [info] Number of fragments discarded because they are best-mapped to decoys : 198785
[2022-11-17 11:44:46.416] [jointLog] [info] Number of fragments discarded because they have only dovetail (discordant) mappings to valid targets : 0
[2022-11-17 11:44:46.422] [jointLog] [warning] Only 4823962 fragments were mapped, but the number of burn-in fragments was set to 5000000.
The effective lengths have been computed using the observed mappings.

[2022-11-17 11:44:46.422] [jointLog] [info] Mapping rate = 85.4189%

[2022-11-17 11:44:46.422] [jointLog] [info] finished quantifyLibrary()
[2022-11-17 11:44:46.411] [fileLog] [info] 
At end of round 0
==================
Observed 5647417 total fragments (5647417 in most recent round)

[2022-11-17 11:44:46.563] [jointLog] [info] Starting optimizer
[2022-11-17 11:44:46.637] [jointLog] [info] Marked 0 weighted equivalence classes as degenerate
[2022-11-17 11:44:46.647] [jointLog] [info] iteration = 0 | max rel diff. = 3148.51
[2022-11-17 11:44:47.217] [jointLog] [info] iteration = 100 | max rel diff. = 3.60797
[2022-11-17 11:44:47.754] [jointLog] [info] iteration = 200 | max rel diff. = 17.9911
[2022-11-17 11:44:48.309] [jointLog] [info] iteration = 300 | max rel diff. = 1.21789
[2022-11-17 11:44:48.850] [jointLog] [info] iteration = 400 | max rel diff. = 0.127075
[2022-11-17 11:44:49.389] [jointLog] [info] iteration = 500 | max rel diff. = 0.448347
[2022-11-17 11:44:49.949] [jointLog] [info] iteration = 600 | max rel diff. = 0.0523857
[2022-11-17 11:44:50.505] [jointLog] [info] iteration = 700 | max rel diff. = 0.0352534
[2022-11-17 11:44:51.049] [jointLog] [info] iteration = 800 | max rel diff. = 2.53166
[2022-11-17 11:44:51.597] [jointLog] [info] iteration = 900 | max rel diff. = 0.176306
[2022-11-17 11:44:51.970] [jointLog] [info] iteration = 969 | max rel diff. = 0.00610128
[2022-11-17 11:44:51.976] [jointLog] [info] Finished optimizer
[2022-11-17 11:44:51.976] [jointLog] [info] writing output 

