[2022-11-17 11:25:37.341] [jointLog] [info] setting maxHashResizeThreads to 6
[2022-11-17 11:25:37.341] [jointLog] [info] Fragment incompatibility prior below threshold.  Incompatible fragments will be ignored.
[2022-11-17 11:25:37.341] [jointLog] [info] Usage of --validateMappings implies use of minScoreFraction. Since not explicitly specified, it is being set to 0.65
[2022-11-17 11:25:37.341] [jointLog] [info] Setting consensusSlack to selective-alignment default of 0.35.
[2022-11-17 11:25:37.341] [jointLog] [info] parsing read library format
[2022-11-17 11:25:37.342] [jointLog] [info] There is 1 library.
[2022-11-17 11:25:37.529] [jointLog] [info] Loading pufferfish index
[2022-11-17 11:25:37.638] [jointLog] [info] Loading dense pufferfish index.
[2022-11-17 11:30:57.091] [jointLog] [info] done
[2022-11-17 11:30:57.237] [jointLog] [info] Index contained 138045 targets
[2022-11-17 11:30:57.285] [jointLog] [info] Number of decoys : 66
[2022-11-17 11:30:57.285] [jointLog] [info] First decoy index : 137940 
[2022-11-17 11:32:09.069] [jointLog] [info] Thread saw mini-batch with a maximum of 1.04% zero probability fragments
[2022-11-17 11:32:09.145] [jointLog] [info] Thread saw mini-batch with a maximum of 1.12% zero probability fragments
[2022-11-17 11:32:09.218] [jointLog] [info] Thread saw mini-batch with a maximum of 1.04% zero probability fragments
[2022-11-17 11:32:09.227] [jointLog] [info] Thread saw mini-batch with a maximum of 1.16% zero probability fragments
[2022-11-17 11:32:09.245] [jointLog] [info] Thread saw mini-batch with a maximum of 1.00% zero probability fragments
[2022-11-17 11:32:09.264] [jointLog] [info] Thread saw mini-batch with a maximum of 1.12% zero probability fragments
[2022-11-17 11:32:09.334] [jointLog] [info] Computed 68616 rich equivalence classes for further processing
[2022-11-17 11:32:09.334] [jointLog] [info] Counted 7784600 total reads in the equivalence classes 
[2022-11-17 11:32:09.339] [jointLog] [warning] 0.462207% of fragments were shorter than the k used to build the index.
If this fraction is too large, consider re-building the index with a smaller k.
The minimum read size found was 20.


[2022-11-17 11:32:09.339] [jointLog] [info] Number of mappings discarded because of alignment score : 8388016
[2022-11-17 11:32:09.339] [jointLog] [info] Number of fragments entirely discarded because of alignment score : 336228
[2022-11-17 11:32:09.339] [jointLog] [info] Number of fragments discarded because they are best-mapped to decoys : 330222
[2022-11-17 11:32:09.339] [jointLog] [info] Number of fragments discarded because they have only dovetail (discordant) mappings to valid targets : 0
[2022-11-17 11:32:09.339] [jointLog] [info] Mapping rate = 84.8028%

[2022-11-17 11:32:09.339] [jointLog] [info] finished quantifyLibrary()
[2022-11-17 11:32:09.334] [fileLog] [info] 
At end of round 0
==================
Observed 9179654 total fragments (9179654 in most recent round)

[2022-11-17 11:32:10.111] [jointLog] [info] Starting optimizer
[2022-11-17 11:32:10.165] [jointLog] [info] Marked 0 weighted equivalence classes as degenerate
[2022-11-17 11:32:10.173] [jointLog] [info] iteration = 0 | max rel diff. = 4737.35
[2022-11-17 11:32:10.717] [jointLog] [info] iteration = 100 | max rel diff. = 13.0376
[2022-11-17 11:32:11.253] [jointLog] [info] iteration = 200 | max rel diff. = 2.63906
[2022-11-17 11:32:11.790] [jointLog] [info] iteration = 300 | max rel diff. = 0.635223
[2022-11-17 11:32:12.321] [jointLog] [info] iteration = 400 | max rel diff. = 0.529426
[2022-11-17 11:32:12.852] [jointLog] [info] iteration = 500 | max rel diff. = 0.138463
[2022-11-17 11:32:13.382] [jointLog] [info] iteration = 600 | max rel diff. = 0.981632
[2022-11-17 11:32:13.913] [jointLog] [info] iteration = 700 | max rel diff. = 0.12378
[2022-11-17 11:32:14.444] [jointLog] [info] iteration = 800 | max rel diff. = 0.36729
[2022-11-17 11:32:14.984] [jointLog] [info] iteration = 900 | max rel diff. = 0.268401
[2022-11-17 11:32:15.514] [jointLog] [info] iteration = 1000 | max rel diff. = 0.130729
[2022-11-17 11:32:15.922] [jointLog] [info] iteration = 1078 | max rel diff. = 0.00523292
[2022-11-17 11:32:15.928] [jointLog] [info] Finished optimizer
[2022-11-17 11:32:15.928] [jointLog] [info] writing output 

