[2022-11-16 15:44:51.633] [jointLog] [info] setting maxHashResizeThreads to 6
[2022-11-16 15:44:51.633] [jointLog] [info] Fragment incompatibility prior below threshold.  Incompatible fragments will be ignored.
[2022-11-16 15:44:51.633] [jointLog] [info] Usage of --validateMappings implies use of minScoreFraction. Since not explicitly specified, it is being set to 0.65
[2022-11-16 15:44:51.633] [jointLog] [info] Setting consensusSlack to selective-alignment default of 0.35.
[2022-11-16 15:44:51.633] [jointLog] [info] parsing read library format
[2022-11-16 15:44:51.635] [jointLog] [info] There is 1 library.
[2022-11-16 15:44:51.792] [jointLog] [info] Loading pufferfish index
[2022-11-16 15:44:51.860] [jointLog] [info] Loading dense pufferfish index.
[2022-11-16 15:47:29.136] [jointLog] [info] done
[2022-11-16 15:47:29.211] [jointLog] [info] Index contained 138045 targets
[2022-11-16 15:47:29.249] [jointLog] [info] Number of decoys : 66
[2022-11-16 15:47:29.249] [jointLog] [info] First decoy index : 137940 
[2022-11-16 15:50:21.232] [jointLog] [info] Thread saw mini-batch with a maximum of 0.72% zero probability fragments
[2022-11-16 15:50:21.260] [jointLog] [info] Thread saw mini-batch with a maximum of 0.76% zero probability fragments
[2022-11-16 15:50:21.488] [jointLog] [info] Thread saw mini-batch with a maximum of 0.68% zero probability fragments
[2022-11-16 15:50:21.525] [jointLog] [info] Thread saw mini-batch with a maximum of 0.72% zero probability fragments
[2022-11-16 15:50:21.537] [jointLog] [info] Thread saw mini-batch with a maximum of 0.76% zero probability fragments
[2022-11-16 15:50:21.637] [jointLog] [info] Thread saw mini-batch with a maximum of 0.86% zero probability fragments
[2022-11-16 15:50:21.719] [jointLog] [info] Computed 68002 rich equivalence classes for further processing
[2022-11-16 15:50:21.719] [jointLog] [info] Counted 10074940 total reads in the equivalence classes 
[2022-11-16 15:50:21.724] [jointLog] [warning] 1.06421% of fragments were shorter than the k used to build the index.
If this fraction is too large, consider re-building the index with a smaller k.
The minimum read size found was 20.


[2022-11-16 15:50:21.724] [jointLog] [info] Number of mappings discarded because of alignment score : 7583730
[2022-11-16 15:50:21.724] [jointLog] [info] Number of fragments entirely discarded because of alignment score : 1152392
[2022-11-16 15:50:21.724] [jointLog] [info] Number of fragments discarded because they are best-mapped to decoys : 1098620
[2022-11-16 15:50:21.724] [jointLog] [info] Number of fragments discarded because they have only dovetail (discordant) mappings to valid targets : 0
[2022-11-16 15:50:21.724] [jointLog] [info] Mapping rate = 81.1847%

[2022-11-16 15:50:21.724] [jointLog] [info] finished quantifyLibrary()
[2022-11-16 15:50:21.719] [fileLog] [info] 
At end of round 0
==================
Observed 12409900 total fragments (12409900 in most recent round)

[2022-11-16 15:50:21.893] [jointLog] [info] Starting optimizer
[2022-11-16 15:50:21.942] [jointLog] [info] Marked 0 weighted equivalence classes as degenerate
[2022-11-16 15:50:21.950] [jointLog] [info] iteration = 0 | max rel diff. = 5808.66
[2022-11-16 15:50:22.478] [jointLog] [info] iteration = 100 | max rel diff. = 11.3719
[2022-11-16 15:50:22.999] [jointLog] [info] iteration = 200 | max rel diff. = 2.24835
[2022-11-16 15:50:23.519] [jointLog] [info] iteration = 300 | max rel diff. = 0.398956
[2022-11-16 15:50:24.063] [jointLog] [info] iteration = 400 | max rel diff. = 0.166745
[2022-11-16 15:50:24.590] [jointLog] [info] iteration = 500 | max rel diff. = 0.323374
[2022-11-16 15:50:25.114] [jointLog] [info] iteration = 600 | max rel diff. = 3.54087
[2022-11-16 15:50:25.640] [jointLog] [info] iteration = 700 | max rel diff. = 2.2372
[2022-11-16 15:50:26.166] [jointLog] [info] iteration = 800 | max rel diff. = 0.0249422
[2022-11-16 15:50:26.687] [jointLog] [info] iteration = 900 | max rel diff. = 0.136619
[2022-11-16 15:50:26.733] [jointLog] [info] iteration = 910 | max rel diff. = 0.00850981
[2022-11-16 15:50:26.739] [jointLog] [info] Finished optimizer
[2022-11-16 15:50:26.739] [jointLog] [info] writing output 

