[2022-11-17 13:36:34.275] [jointLog] [info] setting maxHashResizeThreads to 6
[2022-11-17 13:36:34.275] [jointLog] [info] Fragment incompatibility prior below threshold.  Incompatible fragments will be ignored.
[2022-11-17 13:36:34.275] [jointLog] [info] Usage of --validateMappings implies use of minScoreFraction. Since not explicitly specified, it is being set to 0.65
[2022-11-17 13:36:34.275] [jointLog] [info] Setting consensusSlack to selective-alignment default of 0.35.
[2022-11-17 13:36:34.275] [jointLog] [info] parsing read library format
[2022-11-17 13:36:34.276] [jointLog] [info] There is 1 library.
[2022-11-17 13:36:34.437] [jointLog] [info] Loading pufferfish index
[2022-11-17 13:36:34.492] [jointLog] [info] Loading dense pufferfish index.
[2022-11-17 13:42:11.389] [jointLog] [info] done
[2022-11-17 13:42:11.569] [jointLog] [info] Index contained 138045 targets
[2022-11-17 13:42:11.620] [jointLog] [info] Number of decoys : 66
[2022-11-17 13:42:11.620] [jointLog] [info] First decoy index : 137940 
[2022-11-17 13:42:42.265] [jointLog] [info] Thread saw mini-batch with a maximum of 1.04% zero probability fragments
[2022-11-17 13:42:42.273] [jointLog] [info] Thread saw mini-batch with a maximum of 1.44% zero probability fragments
[2022-11-17 13:42:42.285] [jointLog] [info] Thread saw mini-batch with a maximum of 1.08% zero probability fragments
[2022-11-17 13:42:42.309] [jointLog] [info] Thread saw mini-batch with a maximum of 1.00% zero probability fragments
[2022-11-17 13:42:42.400] [jointLog] [info] Thread saw mini-batch with a maximum of 1.10% zero probability fragments
[2022-11-17 13:42:42.411] [jointLog] [info] Thread saw mini-batch with a maximum of 1.10% zero probability fragments
[2022-11-17 13:42:42.469] [jointLog] [info] Computed 60961 rich equivalence classes for further processing
[2022-11-17 13:42:42.469] [jointLog] [info] Counted 4118313 total reads in the equivalence classes 
[2022-11-17 13:42:42.474] [jointLog] [warning] 0.779609% of fragments were shorter than the k used to build the index.
If this fraction is too large, consider re-building the index with a smaller k.
The minimum read size found was 20.


[2022-11-17 13:42:42.474] [jointLog] [info] Number of mappings discarded because of alignment score : 4279772
[2022-11-17 13:42:42.474] [jointLog] [info] Number of fragments entirely discarded because of alignment score : 174858
[2022-11-17 13:42:42.474] [jointLog] [info] Number of fragments discarded because they are best-mapped to decoys : 169983
[2022-11-17 13:42:42.474] [jointLog] [info] Number of fragments discarded because they have only dovetail (discordant) mappings to valid targets : 0
[2022-11-17 13:42:42.480] [jointLog] [warning] Only 4118313 fragments were mapped, but the number of burn-in fragments was set to 5000000.
The effective lengths have been computed using the observed mappings.

[2022-11-17 13:42:42.480] [jointLog] [info] Mapping rate = 83.6985%

[2022-11-17 13:42:42.480] [jointLog] [info] finished quantifyLibrary()
[2022-11-17 13:42:42.470] [fileLog] [info] 
At end of round 0
==================
Observed 4920416 total fragments (4920416 in most recent round)

[2022-11-17 13:42:42.633] [jointLog] [info] Starting optimizer
[2022-11-17 13:42:42.688] [jointLog] [info] Marked 0 weighted equivalence classes as degenerate
[2022-11-17 13:42:42.696] [jointLog] [info] iteration = 0 | max rel diff. = 2733.13
[2022-11-17 13:42:43.221] [jointLog] [info] iteration = 100 | max rel diff. = 15.5658
[2022-11-17 13:42:43.740] [jointLog] [info] iteration = 200 | max rel diff. = 3.12735
[2022-11-17 13:42:44.258] [jointLog] [info] iteration = 300 | max rel diff. = 0.833111
[2022-11-17 13:42:44.775] [jointLog] [info] iteration = 400 | max rel diff. = 0.282898
[2022-11-17 13:42:45.290] [jointLog] [info] iteration = 500 | max rel diff. = 0.271944
[2022-11-17 13:42:45.804] [jointLog] [info] iteration = 600 | max rel diff. = 0.0654928
[2022-11-17 13:42:46.321] [jointLog] [info] iteration = 700 | max rel diff. = 0.0639283
[2022-11-17 13:42:46.853] [jointLog] [info] iteration = 800 | max rel diff. = 0.118996
[2022-11-17 13:42:47.395] [jointLog] [info] iteration = 900 | max rel diff. = 8.97138
[2022-11-17 13:42:47.827] [jointLog] [info] iteration = 986 | max rel diff. = 0.00511697
[2022-11-17 13:42:47.832] [jointLog] [info] Finished optimizer
[2022-11-17 13:42:47.832] [jointLog] [info] writing output 

