[2022-11-17 13:31:31.368] [jointLog] [info] setting maxHashResizeThreads to 6
[2022-11-17 13:31:31.368] [jointLog] [info] Fragment incompatibility prior below threshold.  Incompatible fragments will be ignored.
[2022-11-17 13:31:31.368] [jointLog] [info] Usage of --validateMappings implies use of minScoreFraction. Since not explicitly specified, it is being set to 0.65
[2022-11-17 13:31:31.368] [jointLog] [info] Setting consensusSlack to selective-alignment default of 0.35.
[2022-11-17 13:31:31.368] [jointLog] [info] parsing read library format
[2022-11-17 13:31:31.369] [jointLog] [info] There is 1 library.
[2022-11-17 13:31:31.557] [jointLog] [info] Loading pufferfish index
[2022-11-17 13:31:31.695] [jointLog] [info] Loading dense pufferfish index.
[2022-11-17 13:35:54.617] [jointLog] [info] done
[2022-11-17 13:35:54.946] [jointLog] [info] Index contained 138045 targets
[2022-11-17 13:35:54.995] [jointLog] [info] Number of decoys : 66
[2022-11-17 13:35:54.995] [jointLog] [info] First decoy index : 137940 
[2022-11-17 13:36:33.443] [jointLog] [info] Thread saw mini-batch with a maximum of 0.98% zero probability fragments
[2022-11-17 13:36:33.469] [jointLog] [info] Thread saw mini-batch with a maximum of 0.96% zero probability fragments
[2022-11-17 13:36:33.484] [jointLog] [info] Thread saw mini-batch with a maximum of 1.12% zero probability fragments
[2022-11-17 13:36:33.495] [jointLog] [info] Thread saw mini-batch with a maximum of 1.04% zero probability fragments
[2022-11-17 13:36:33.506] [jointLog] [info] Thread saw mini-batch with a maximum of 1.04% zero probability fragments
[2022-11-17 13:36:33.549] [jointLog] [info] Thread saw mini-batch with a maximum of 1.04% zero probability fragments
[2022-11-17 13:36:33.623] [jointLog] [info] Computed 71200 rich equivalence classes for further processing
[2022-11-17 13:36:33.623] [jointLog] [info] Counted 4671155 total reads in the equivalence classes 
[2022-11-17 13:36:33.628] [jointLog] [warning] 0.723945% of fragments were shorter than the k used to build the index.
If this fraction is too large, consider re-building the index with a smaller k.
The minimum read size found was 20.


[2022-11-17 13:36:33.628] [jointLog] [info] Number of mappings discarded because of alignment score : 4923227
[2022-11-17 13:36:33.628] [jointLog] [info] Number of fragments entirely discarded because of alignment score : 204505
[2022-11-17 13:36:33.628] [jointLog] [info] Number of fragments discarded because they are best-mapped to decoys : 199571
[2022-11-17 13:36:33.628] [jointLog] [info] Number of fragments discarded because they have only dovetail (discordant) mappings to valid targets : 0
[2022-11-17 13:36:33.634] [jointLog] [warning] Only 4671155 fragments were mapped, but the number of burn-in fragments was set to 5000000.
The effective lengths have been computed using the observed mappings.

[2022-11-17 13:36:33.634] [jointLog] [info] Mapping rate = 85.4365%

[2022-11-17 13:36:33.634] [jointLog] [info] finished quantifyLibrary()
[2022-11-17 13:36:33.752] [jointLog] [info] Starting optimizer
[2022-11-17 13:36:33.803] [jointLog] [info] Marked 0 weighted equivalence classes as degenerate
[2022-11-17 13:36:33.810] [jointLog] [info] iteration = 0 | max rel diff. = 3064.09
[2022-11-17 13:36:33.623] [fileLog] [info] 
At end of round 0
==================
Observed 5467402 total fragments (5467402 in most recent round)

[2022-11-17 13:36:34.351] [jointLog] [info] iteration = 100 | max rel diff. = 19.0435
[2022-11-17 13:36:34.897] [jointLog] [info] iteration = 200 | max rel diff. = 16.8339
[2022-11-17 13:36:35.441] [jointLog] [info] iteration = 300 | max rel diff. = 1.34062
[2022-11-17 13:36:35.984] [jointLog] [info] iteration = 400 | max rel diff. = 2.48454
[2022-11-17 13:36:36.517] [jointLog] [info] iteration = 500 | max rel diff. = 0.581892
[2022-11-17 13:36:37.047] [jointLog] [info] iteration = 600 | max rel diff. = 0.150559
[2022-11-17 13:36:37.578] [jointLog] [info] iteration = 700 | max rel diff. = 0.668666
[2022-11-17 13:36:38.109] [jointLog] [info] iteration = 800 | max rel diff. = 0.225484
[2022-11-17 13:36:38.640] [jointLog] [info] iteration = 900 | max rel diff. = 0.0617074
[2022-11-17 13:36:38.906] [jointLog] [info] iteration = 951 | max rel diff. = 0.00506369
[2022-11-17 13:36:38.912] [jointLog] [info] Finished optimizer
[2022-11-17 13:36:38.912] [jointLog] [info] writing output 

