[2022-11-17 10:02:45.329] [jointLog] [info] setting maxHashResizeThreads to 6
[2022-11-17 10:02:45.329] [jointLog] [info] Fragment incompatibility prior below threshold.  Incompatible fragments will be ignored.
[2022-11-17 10:02:45.329] [jointLog] [info] Usage of --validateMappings implies use of minScoreFraction. Since not explicitly specified, it is being set to 0.65
[2022-11-17 10:02:45.329] [jointLog] [info] Setting consensusSlack to selective-alignment default of 0.35.
[2022-11-17 10:02:45.329] [jointLog] [info] parsing read library format
[2022-11-17 10:02:45.330] [jointLog] [info] There is 1 library.
[2022-11-17 10:02:45.371] [jointLog] [info] Loading pufferfish index
[2022-11-17 10:02:45.374] [jointLog] [info] Loading dense pufferfish index.
[2022-11-17 10:08:45.188] [jointLog] [info] done
[2022-11-17 10:08:45.271] [jointLog] [info] Index contained 138045 targets
[2022-11-17 10:08:45.316] [jointLog] [info] Number of decoys : 66
[2022-11-17 10:08:45.316] [jointLog] [info] First decoy index : 137940 
[2022-11-17 10:09:16.731] [jointLog] [info] Thread saw mini-batch with a maximum of 1.00% zero probability fragments
[2022-11-17 10:09:16.744] [jointLog] [info] Thread saw mini-batch with a maximum of 0.96% zero probability fragments
[2022-11-17 10:09:16.752] [jointLog] [info] Thread saw mini-batch with a maximum of 1.08% zero probability fragments
[2022-11-17 10:09:16.795] [jointLog] [info] Thread saw mini-batch with a maximum of 1.06% zero probability fragments
[2022-11-17 10:09:16.802] [jointLog] [info] Thread saw mini-batch with a maximum of 1.00% zero probability fragments
[2022-11-17 10:09:16.840] [jointLog] [info] Thread saw mini-batch with a maximum of 0.96% zero probability fragments
[2022-11-17 10:09:16.903] [jointLog] [info] Computed 62655 rich equivalence classes for further processing
[2022-11-17 10:09:16.903] [jointLog] [info] Counted 3096019 total reads in the equivalence classes 
[2022-11-17 10:09:16.909] [jointLog] [warning] 0.8255% of fragments were shorter than the k used to build the index.
If this fraction is too large, consider re-building the index with a smaller k.
The minimum read size found was 20.


[2022-11-17 10:09:16.909] [jointLog] [info] Number of mappings discarded because of alignment score : 2957756
[2022-11-17 10:09:16.909] [jointLog] [info] Number of fragments entirely discarded because of alignment score : 115806
[2022-11-17 10:09:16.909] [jointLog] [info] Number of fragments discarded because they are best-mapped to decoys : 112826
[2022-11-17 10:09:16.909] [jointLog] [info] Number of fragments discarded because they have only dovetail (discordant) mappings to valid targets : 0
[2022-11-17 10:09:16.915] [jointLog] [warning] Only 3096019 fragments were mapped, but the number of burn-in fragments was set to 5000000.
The effective lengths have been computed using the observed mappings.

[2022-11-17 10:09:16.915] [jointLog] [info] Mapping rate = 85.7093%

[2022-11-17 10:09:16.915] [jointLog] [info] finished quantifyLibrary()
[2022-11-17 10:09:16.923] [jointLog] [info] Starting optimizer
[2022-11-17 10:09:16.978] [jointLog] [info] Marked 0 weighted equivalence classes as degenerate
[2022-11-17 10:09:16.986] [jointLog] [info] iteration = 0 | max rel diff. = 2103
[2022-11-17 10:09:16.903] [fileLog] [info] 
At end of round 0
==================
Observed 3612233 total fragments (3612233 in most recent round)

[2022-11-17 10:09:17.609] [jointLog] [info] iteration = 100 | max rel diff. = 15.2022
[2022-11-17 10:09:18.224] [jointLog] [info] iteration = 200 | max rel diff. = 9.79915
[2022-11-17 10:09:18.862] [jointLog] [info] iteration = 300 | max rel diff. = 2.3012
[2022-11-17 10:09:19.502] [jointLog] [info] iteration = 400 | max rel diff. = 0.0947365
[2022-11-17 10:09:20.152] [jointLog] [info] iteration = 500 | max rel diff. = 6.21535
[2022-11-17 10:09:20.773] [jointLog] [info] iteration = 600 | max rel diff. = 14.7992
[2022-11-17 10:09:21.399] [jointLog] [info] iteration = 700 | max rel diff. = 0.0594159
[2022-11-17 10:09:22.042] [jointLog] [info] iteration = 800 | max rel diff. = 0.272121
[2022-11-17 10:09:22.664] [jointLog] [info] iteration = 900 | max rel diff. = 0.0632289
[2022-11-17 10:09:22.757] [jointLog] [info] iteration = 916 | max rel diff. = 0.00864245
[2022-11-17 10:09:22.763] [jointLog] [info] Finished optimizer
[2022-11-17 10:09:22.763] [jointLog] [info] writing output 

