[2022-11-17 12:14:43.581] [jointLog] [info] setting maxHashResizeThreads to 6
[2022-11-17 12:14:43.581] [jointLog] [info] Fragment incompatibility prior below threshold.  Incompatible fragments will be ignored.
[2022-11-17 12:14:43.581] [jointLog] [info] Usage of --validateMappings implies use of minScoreFraction. Since not explicitly specified, it is being set to 0.65
[2022-11-17 12:14:43.581] [jointLog] [info] Setting consensusSlack to selective-alignment default of 0.35.
[2022-11-17 12:14:43.581] [jointLog] [info] parsing read library format
[2022-11-17 12:14:43.583] [jointLog] [info] There is 1 library.
[2022-11-17 12:14:43.903] [jointLog] [info] Loading pufferfish index
[2022-11-17 12:14:44.014] [jointLog] [info] Loading dense pufferfish index.
[2022-11-17 12:17:24.962] [jointLog] [info] done
[2022-11-17 12:17:25.117] [jointLog] [info] Index contained 138045 targets
[2022-11-17 12:17:25.167] [jointLog] [info] Number of decoys : 66
[2022-11-17 12:17:25.167] [jointLog] [info] First decoy index : 137940 
[2022-11-17 12:18:05.130] [jointLog] [info] Thread saw mini-batch with a maximum of 1.10% zero probability fragments
[2022-11-17 12:18:05.206] [jointLog] [info] Thread saw mini-batch with a maximum of 1.16% zero probability fragments
[2022-11-17 12:18:05.271] [jointLog] [info] Thread saw mini-batch with a maximum of 1.16% zero probability fragments
[2022-11-17 12:18:05.273] [jointLog] [info] Thread saw mini-batch with a maximum of 1.04% zero probability fragments
[2022-11-17 12:18:05.289] [jointLog] [info] Thread saw mini-batch with a maximum of 1.00% zero probability fragments
[2022-11-17 12:18:05.369] [jointLog] [info] Thread saw mini-batch with a maximum of 1.16% zero probability fragments
[2022-11-17 12:18:05.469] [jointLog] [info] Computed 66037 rich equivalence classes for further processing
[2022-11-17 12:18:05.469] [jointLog] [info] Counted 4013504 total reads in the equivalence classes 
[2022-11-17 12:18:05.477] [jointLog] [warning] 0.856242% of fragments were shorter than the k used to build the index.
If this fraction is too large, consider re-building the index with a smaller k.
The minimum read size found was 20.


[2022-11-17 12:18:05.477] [jointLog] [info] Number of mappings discarded because of alignment score : 4010961
[2022-11-17 12:18:05.477] [jointLog] [info] Number of fragments entirely discarded because of alignment score : 164497
[2022-11-17 12:18:05.477] [jointLog] [info] Number of fragments discarded because they are best-mapped to decoys : 160710
[2022-11-17 12:18:05.477] [jointLog] [info] Number of fragments discarded because they have only dovetail (discordant) mappings to valid targets : 0
[2022-11-17 12:18:05.485] [jointLog] [warning] Only 4013504 fragments were mapped, but the number of burn-in fragments was set to 5000000.
The effective lengths have been computed using the observed mappings.

[2022-11-17 12:18:05.485] [jointLog] [info] Mapping rate = 86.1761%

[2022-11-17 12:18:05.485] [jointLog] [info] finished quantifyLibrary()
[2022-11-17 12:18:05.492] [jointLog] [info] Starting optimizer
[2022-11-17 12:18:05.570] [jointLog] [info] Marked 0 weighted equivalence classes as degenerate
[2022-11-17 12:18:05.578] [jointLog] [info] iteration = 0 | max rel diff. = 2672.01
[2022-11-17 12:18:05.470] [fileLog] [info] 
At end of round 0
==================
Observed 4657330 total fragments (4657330 in most recent round)

[2022-11-17 12:18:06.273] [jointLog] [info] iteration = 100 | max rel diff. = 14.5493
[2022-11-17 12:18:06.931] [jointLog] [info] iteration = 200 | max rel diff. = 2.39947
[2022-11-17 12:18:07.523] [jointLog] [info] iteration = 300 | max rel diff. = 0.743761
[2022-11-17 12:18:08.115] [jointLog] [info] iteration = 400 | max rel diff. = 4.41209
[2022-11-17 12:18:08.720] [jointLog] [info] iteration = 500 | max rel diff. = 0.038699
[2022-11-17 12:18:09.319] [jointLog] [info] iteration = 600 | max rel diff. = 0.0749488
[2022-11-17 12:18:09.899] [jointLog] [info] iteration = 700 | max rel diff. = 0.0235068
[2022-11-17 12:18:10.531] [jointLog] [info] iteration = 800 | max rel diff. = 0.0442276
[2022-11-17 12:18:11.121] [jointLog] [info] iteration = 900 | max rel diff. = 0.0300877
[2022-11-17 12:18:11.322] [jointLog] [info] iteration = 935 | max rel diff. = 0.00574121
[2022-11-17 12:18:11.328] [jointLog] [info] Finished optimizer
[2022-11-17 12:18:11.328] [jointLog] [info] writing output 

