[2022-11-17 11:02:10.309] [jointLog] [info] setting maxHashResizeThreads to 6
[2022-11-17 11:02:10.309] [jointLog] [info] Fragment incompatibility prior below threshold.  Incompatible fragments will be ignored.
[2022-11-17 11:02:10.309] [jointLog] [info] Usage of --validateMappings implies use of minScoreFraction. Since not explicitly specified, it is being set to 0.65
[2022-11-17 11:02:10.309] [jointLog] [info] Setting consensusSlack to selective-alignment default of 0.35.
[2022-11-17 11:02:10.309] [jointLog] [info] parsing read library format
[2022-11-17 11:02:10.311] [jointLog] [info] There is 1 library.
[2022-11-17 11:02:10.924] [jointLog] [info] Loading pufferfish index
[2022-11-17 11:02:11.222] [jointLog] [info] Loading dense pufferfish index.
[2022-11-17 11:08:09.848] [jointLog] [info] done
[2022-11-17 11:08:10.051] [jointLog] [info] Index contained 138045 targets
[2022-11-17 11:08:10.097] [jointLog] [info] Number of decoys : 66
[2022-11-17 11:08:10.097] [jointLog] [info] First decoy index : 137940 
[2022-11-17 11:08:42.282] [jointLog] [info] Thread saw mini-batch with a maximum of 0.96% zero probability fragments
[2022-11-17 11:08:42.298] [jointLog] [info] Thread saw mini-batch with a maximum of 0.92% zero probability fragments
[2022-11-17 11:08:42.315] [jointLog] [info] Thread saw mini-batch with a maximum of 1.00% zero probability fragments
[2022-11-17 11:08:42.323] [jointLog] [info] Thread saw mini-batch with a maximum of 1.06% zero probability fragments
[2022-11-17 11:08:42.385] [jointLog] [info] Thread saw mini-batch with a maximum of 1.10% zero probability fragments
[2022-11-17 11:08:42.433] [jointLog] [info] Thread saw mini-batch with a maximum of 0.96% zero probability fragments
[2022-11-17 11:08:42.516] [jointLog] [info] Computed 71422 rich equivalence classes for further processing
[2022-11-17 11:08:42.516] [jointLog] [info] Counted 4687506 total reads in the equivalence classes 
[2022-11-17 11:08:42.521] [jointLog] [warning] 1.15435% of fragments were shorter than the k used to build the index.
If this fraction is too large, consider re-building the index with a smaller k.
The minimum read size found was 20.


[2022-11-17 11:08:42.521] [jointLog] [info] Number of mappings discarded because of alignment score : 4250524
[2022-11-17 11:08:42.521] [jointLog] [info] Number of fragments entirely discarded because of alignment score : 174867
[2022-11-17 11:08:42.521] [jointLog] [info] Number of fragments discarded because they are best-mapped to decoys : 169272
[2022-11-17 11:08:42.521] [jointLog] [info] Number of fragments discarded because they have only dovetail (discordant) mappings to valid targets : 0
[2022-11-17 11:08:42.527] [jointLog] [warning] Only 4687506 fragments were mapped, but the number of burn-in fragments was set to 5000000.
The effective lengths have been computed using the observed mappings.

[2022-11-17 11:08:42.527] [jointLog] [info] Mapping rate = 84.7608%

[2022-11-17 11:08:42.527] [jointLog] [info] finished quantifyLibrary()
[2022-11-17 11:08:42.516] [fileLog] [info] 
At end of round 0
==================
Observed 5530279 total fragments (5530279 in most recent round)

[2022-11-17 11:08:42.949] [jointLog] [info] Starting optimizer
[2022-11-17 11:08:43.011] [jointLog] [info] Marked 0 weighted equivalence classes as degenerate
[2022-11-17 11:08:43.020] [jointLog] [info] iteration = 0 | max rel diff. = 3071.71
[2022-11-17 11:08:43.590] [jointLog] [info] iteration = 100 | max rel diff. = 2.02501
[2022-11-17 11:08:44.130] [jointLog] [info] iteration = 200 | max rel diff. = 2.23143
[2022-11-17 11:08:44.672] [jointLog] [info] iteration = 300 | max rel diff. = 0.647376
[2022-11-17 11:08:45.209] [jointLog] [info] iteration = 400 | max rel diff. = 0.102446
[2022-11-17 11:08:45.751] [jointLog] [info] iteration = 500 | max rel diff. = 3.45032
[2022-11-17 11:08:46.294] [jointLog] [info] iteration = 600 | max rel diff. = 0.797246
[2022-11-17 11:08:46.855] [jointLog] [info] iteration = 700 | max rel diff. = 0.0198483
[2022-11-17 11:08:47.407] [jointLog] [info] iteration = 800 | max rel diff. = 0.014718
[2022-11-17 11:08:47.953] [jointLog] [info] iteration = 900 | max rel diff. = 0.161195
[2022-11-17 11:08:48.237] [jointLog] [info] iteration = 952 | max rel diff. = 0.00844376
[2022-11-17 11:08:48.243] [jointLog] [info] Finished optimizer
[2022-11-17 11:08:48.243] [jointLog] [info] writing output 

