[2022-11-17 12:54:03.471] [jointLog] [info] setting maxHashResizeThreads to 6
[2022-11-17 12:54:03.471] [jointLog] [info] Fragment incompatibility prior below threshold.  Incompatible fragments will be ignored.
[2022-11-17 12:54:03.471] [jointLog] [info] Usage of --validateMappings implies use of minScoreFraction. Since not explicitly specified, it is being set to 0.65
[2022-11-17 12:54:03.471] [jointLog] [info] Setting consensusSlack to selective-alignment default of 0.35.
[2022-11-17 12:54:03.471] [jointLog] [info] parsing read library format
[2022-11-17 12:54:03.472] [jointLog] [info] There is 1 library.
[2022-11-17 12:54:04.392] [jointLog] [info] Loading pufferfish index
[2022-11-17 12:54:04.763] [jointLog] [info] Loading dense pufferfish index.
[2022-11-17 12:58:19.372] [jointLog] [info] done
[2022-11-17 12:58:19.914] [jointLog] [info] Index contained 138045 targets
[2022-11-17 12:58:19.966] [jointLog] [info] Number of decoys : 66
[2022-11-17 12:58:19.966] [jointLog] [info] First decoy index : 137940 
[2022-11-17 12:58:39.117] [fileLog] [info] 
At end of round 0
==================
Observed 8139871 total fragments (8139871 in most recent round)

[2022-11-17 12:58:39.007] [jointLog] [info] Thread saw mini-batch with a maximum of 0.14% zero probability fragments
[2022-11-17 12:58:39.016] [jointLog] [info] Thread saw mini-batch with a maximum of 0.18% zero probability fragments
[2022-11-17 12:58:39.024] [jointLog] [info] Thread saw mini-batch with a maximum of 0.18% zero probability fragments
[2022-11-17 12:58:39.027] [jointLog] [info] Thread saw mini-batch with a maximum of 0.14% zero probability fragments
[2022-11-17 12:58:39.035] [jointLog] [info] Thread saw mini-batch with a maximum of 0.16% zero probability fragments
[2022-11-17 12:58:39.078] [jointLog] [info] Thread saw mini-batch with a maximum of 0.22% zero probability fragments
[2022-11-17 12:58:39.116] [jointLog] [info] Computed 26954 rich equivalence classes for further processing
[2022-11-17 12:58:39.116] [jointLog] [info] Counted 940327 total reads in the equivalence classes 
[2022-11-17 12:58:39.120] [jointLog] [warning] 0.663082% of fragments were shorter than the k used to build the index.
If this fraction is too large, consider re-building the index with a smaller k.
The minimum read size found was 20.


[2022-11-17 12:58:39.120] [jointLog] [info] Number of mappings discarded because of alignment score : 1770331
[2022-11-17 12:58:39.120] [jointLog] [info] Number of fragments entirely discarded because of alignment score : 119721
[2022-11-17 12:58:39.120] [jointLog] [info] Number of fragments discarded because they are best-mapped to decoys : 66257
[2022-11-17 12:58:39.120] [jointLog] [info] Number of fragments discarded because they have only dovetail (discordant) mappings to valid targets : 0
[2022-11-17 12:58:39.126] [jointLog] [warning] Only 940327 fragments were mapped, but the number of burn-in fragments was set to 5000000.
The effective lengths have been computed using the observed mappings.

[2022-11-17 12:58:39.126] [jointLog] [info] Mapping rate = 11.5521%

[2022-11-17 12:58:39.126] [jointLog] [info] finished quantifyLibrary()
[2022-11-17 12:58:39.868] [jointLog] [info] Starting optimizer
[2022-11-17 12:58:39.916] [jointLog] [info] Marked 0 weighted equivalence classes as degenerate
[2022-11-17 12:58:39.922] [jointLog] [info] iteration = 0 | max rel diff. = 664.087
[2022-11-17 12:58:40.399] [jointLog] [info] iteration = 100 | max rel diff. = 15.9376
[2022-11-17 12:58:40.861] [jointLog] [info] iteration = 200 | max rel diff. = 0.421978
[2022-11-17 12:58:41.315] [jointLog] [info] iteration = 300 | max rel diff. = 0.0128372
[2022-11-17 12:58:41.790] [jointLog] [info] iteration = 400 | max rel diff. = 0.267862
[2022-11-17 12:58:42.251] [jointLog] [info] iteration = 500 | max rel diff. = 0.184007
[2022-11-17 12:58:42.715] [jointLog] [info] iteration = 600 | max rel diff. = 0.0719847
[2022-11-17 12:58:43.179] [jointLog] [info] iteration = 700 | max rel diff. = 2.54842
[2022-11-17 12:58:43.443] [jointLog] [info] iteration = 756 | max rel diff. = 0.000660027
[2022-11-17 12:58:43.449] [jointLog] [info] Finished optimizer
[2022-11-17 12:58:43.449] [jointLog] [info] writing output 

