[2022-11-16 15:52:09.315] [jointLog] [info] setting maxHashResizeThreads to 6
[2022-11-16 15:52:09.315] [jointLog] [info] Fragment incompatibility prior below threshold.  Incompatible fragments will be ignored.
[2022-11-16 15:52:09.315] [jointLog] [info] Usage of --validateMappings implies use of minScoreFraction. Since not explicitly specified, it is being set to 0.65
[2022-11-16 15:52:09.315] [jointLog] [info] Setting consensusSlack to selective-alignment default of 0.35.
[2022-11-16 15:52:09.315] [jointLog] [info] parsing read library format
[2022-11-16 15:52:09.316] [jointLog] [info] There is 1 library.
[2022-11-16 15:52:09.474] [jointLog] [info] Loading pufferfish index
[2022-11-16 15:52:09.536] [jointLog] [info] Loading dense pufferfish index.
[2022-11-16 15:55:12.265] [jointLog] [info] done
[2022-11-16 15:55:12.357] [jointLog] [info] Index contained 138045 targets
[2022-11-16 15:55:12.405] [jointLog] [info] Number of decoys : 66
[2022-11-16 15:55:12.405] [jointLog] [info] First decoy index : 137940 
[2022-11-16 15:58:16.334] [jointLog] [info] Thread saw mini-batch with a maximum of 0.66% zero probability fragments
[2022-11-16 15:58:16.343] [jointLog] [info] Thread saw mini-batch with a maximum of 0.72% zero probability fragments
[2022-11-16 15:58:16.398] [jointLog] [info] Thread saw mini-batch with a maximum of 0.68% zero probability fragments
[2022-11-16 15:58:16.450] [jointLog] [info] Thread saw mini-batch with a maximum of 0.64% zero probability fragments
[2022-11-16 15:58:16.507] [jointLog] [info] Thread saw mini-batch with a maximum of 0.74% zero probability fragments
[2022-11-16 15:58:16.529] [jointLog] [info] Thread saw mini-batch with a maximum of 0.78% zero probability fragments
[2022-11-16 15:58:16.618] [jointLog] [info] Computed 67402 rich equivalence classes for further processing
[2022-11-16 15:58:16.618] [jointLog] [info] Counted 11640659 total reads in the equivalence classes 
[2022-11-16 15:58:16.624] [jointLog] [warning] 0.933815% of fragments were shorter than the k used to build the index.
If this fraction is too large, consider re-building the index with a smaller k.
The minimum read size found was 20.


[2022-11-16 15:58:16.624] [jointLog] [info] Number of mappings discarded because of alignment score : 8402359
[2022-11-16 15:58:16.624] [jointLog] [info] Number of fragments entirely discarded because of alignment score : 1109136
[2022-11-16 15:58:16.624] [jointLog] [info] Number of fragments discarded because they are best-mapped to decoys : 1049480
[2022-11-16 15:58:16.624] [jointLog] [info] Number of fragments discarded because they have only dovetail (discordant) mappings to valid targets : 0
[2022-11-16 15:58:16.624] [jointLog] [info] Mapping rate = 84.8911%

[2022-11-16 15:58:16.624] [jointLog] [info] finished quantifyLibrary()
[2022-11-16 15:58:16.618] [fileLog] [info] 
At end of round 0
==================
Observed 13712464 total fragments (13712464 in most recent round)

[2022-11-16 15:58:17.211] [jointLog] [info] Starting optimizer
[2022-11-16 15:58:17.257] [jointLog] [info] Marked 0 weighted equivalence classes as degenerate
[2022-11-16 15:58:17.265] [jointLog] [info] iteration = 0 | max rel diff. = 6459.42
[2022-11-16 15:58:17.781] [jointLog] [info] iteration = 100 | max rel diff. = 10.6784
[2022-11-16 15:58:18.312] [jointLog] [info] iteration = 200 | max rel diff. = 6.96093
[2022-11-16 15:58:18.814] [jointLog] [info] iteration = 300 | max rel diff. = 11.4056
[2022-11-16 15:58:19.350] [jointLog] [info] iteration = 400 | max rel diff. = 0.777892
[2022-11-16 15:58:19.871] [jointLog] [info] iteration = 500 | max rel diff. = 0.551717
[2022-11-16 15:58:20.406] [jointLog] [info] iteration = 600 | max rel diff. = 1.14061
[2022-11-16 15:58:20.957] [jointLog] [info] iteration = 700 | max rel diff. = 0.0340543
[2022-11-16 15:58:21.494] [jointLog] [info] iteration = 800 | max rel diff. = 0.036104
[2022-11-16 15:58:22.040] [jointLog] [info] iteration = 900 | max rel diff. = 0.0207569
[2022-11-16 15:58:22.557] [jointLog] [info] iteration = 1000 | max rel diff. = 0.0298768
[2022-11-16 15:58:23.055] [jointLog] [info] iteration = 1100 | max rel diff. = 0.01865
[2022-11-16 15:58:23.578] [jointLog] [info] iteration = 1200 | max rel diff. = 0.0288068
[2022-11-16 15:58:24.090] [jointLog] [info] iteration = 1300 | max rel diff. = 0.258904
[2022-11-16 15:58:24.592] [jointLog] [info] iteration = 1400 | max rel diff. = 0.0350911
[2022-11-16 15:58:25.097] [jointLog] [info] iteration = 1500 | max rel diff. = 0.100976
[2022-11-16 15:58:25.445] [jointLog] [info] iteration = 1568 | max rel diff. = 0.00836067
[2022-11-16 15:58:25.451] [jointLog] [info] Finished optimizer
[2022-11-16 15:58:25.451] [jointLog] [info] writing output 

