[2022-11-17 09:44:32.722] [jointLog] [info] setting maxHashResizeThreads to 6
[2022-11-17 09:44:32.722] [jointLog] [info] Fragment incompatibility prior below threshold.  Incompatible fragments will be ignored.
[2022-11-17 09:44:32.722] [jointLog] [info] Usage of --validateMappings implies use of minScoreFraction. Since not explicitly specified, it is being set to 0.65
[2022-11-17 09:44:32.722] [jointLog] [info] Setting consensusSlack to selective-alignment default of 0.35.
[2022-11-17 09:44:32.722] [jointLog] [info] parsing read library format
[2022-11-17 09:44:32.723] [jointLog] [info] There is 1 library.
[2022-11-17 09:44:33.255] [jointLog] [info] Loading pufferfish index
[2022-11-17 09:44:33.540] [jointLog] [info] Loading dense pufferfish index.
[2022-11-17 09:49:37.671] [jointLog] [info] done
[2022-11-17 09:49:37.824] [jointLog] [info] Index contained 138045 targets
[2022-11-17 09:49:37.870] [jointLog] [info] Number of decoys : 66
[2022-11-17 09:49:37.870] [jointLog] [info] First decoy index : 137940 
[2022-11-17 09:51:12.955] [jointLog] [info] Thread saw mini-batch with a maximum of 1.02% zero probability fragments
[2022-11-17 09:51:13.008] [jointLog] [info] Thread saw mini-batch with a maximum of 0.84% zero probability fragments
[2022-11-17 09:51:13.095] [jointLog] [info] Thread saw mini-batch with a maximum of 0.88% zero probability fragments
[2022-11-17 09:51:13.099] [jointLog] [info] Thread saw mini-batch with a maximum of 0.88% zero probability fragments
[2022-11-17 09:51:13.119] [jointLog] [info] Thread saw mini-batch with a maximum of 0.86% zero probability fragments
[2022-11-17 09:51:13.195] [jointLog] [info] Thread saw mini-batch with a maximum of 0.86% zero probability fragments
[2022-11-17 09:51:13.290] [jointLog] [info] Computed 45304 rich equivalence classes for further processing
[2022-11-17 09:51:13.290] [jointLog] [info] Counted 10098450 total reads in the equivalence classes 
[2022-11-17 09:51:13.295] [jointLog] [warning] 0.248856% of fragments were shorter than the k used to build the index.
If this fraction is too large, consider re-building the index with a smaller k.
The minimum read size found was 20.


[2022-11-17 09:51:13.295] [jointLog] [info] Number of mappings discarded because of alignment score : 9732091
[2022-11-17 09:51:13.295] [jointLog] [info] Number of fragments entirely discarded because of alignment score : 415271
[2022-11-17 09:51:13.295] [jointLog] [info] Number of fragments discarded because they are best-mapped to decoys : 407967
[2022-11-17 09:51:13.295] [jointLog] [info] Number of fragments discarded because they have only dovetail (discordant) mappings to valid targets : 0
[2022-11-17 09:51:13.295] [jointLog] [info] Mapping rate = 89.1758%

[2022-11-17 09:51:13.295] [jointLog] [info] finished quantifyLibrary()
[2022-11-17 09:51:13.290] [fileLog] [info] 
At end of round 0
==================
Observed 11324202 total fragments (11324202 in most recent round)

[2022-11-17 09:51:13.541] [jointLog] [info] Starting optimizer
[2022-11-17 09:51:13.592] [jointLog] [info] Marked 0 weighted equivalence classes as degenerate
[2022-11-17 09:51:13.600] [jointLog] [info] iteration = 0 | max rel diff. = 5828.87
[2022-11-17 09:51:14.187] [jointLog] [info] iteration = 100 | max rel diff. = 4.72697
[2022-11-17 09:51:14.707] [jointLog] [info] iteration = 200 | max rel diff. = 5.72947
[2022-11-17 09:51:15.227] [jointLog] [info] iteration = 300 | max rel diff. = 0.27019
[2022-11-17 09:51:15.767] [jointLog] [info] iteration = 400 | max rel diff. = 0.431604
[2022-11-17 09:51:16.301] [jointLog] [info] iteration = 500 | max rel diff. = 0.0412903
[2022-11-17 09:51:16.871] [jointLog] [info] iteration = 600 | max rel diff. = 0.0755444
[2022-11-17 09:51:17.411] [jointLog] [info] iteration = 700 | max rel diff. = 0.0356622
[2022-11-17 09:51:17.927] [jointLog] [info] iteration = 800 | max rel diff. = 0.0409629
[2022-11-17 09:51:18.443] [jointLog] [info] iteration = 900 | max rel diff. = 0.034304
[2022-11-17 09:51:18.945] [jointLog] [info] iteration = 1000 | max rel diff. = 0.774047
[2022-11-17 09:51:19.216] [jointLog] [info] iteration = 1053 | max rel diff. = 0.00851876
[2022-11-17 09:51:19.221] [jointLog] [info] Finished optimizer
[2022-11-17 09:51:19.221] [jointLog] [info] writing output 

