[2022-11-17 13:05:34.499] [jointLog] [info] setting maxHashResizeThreads to 6
[2022-11-17 13:05:34.500] [jointLog] [info] Fragment incompatibility prior below threshold.  Incompatible fragments will be ignored.
[2022-11-17 13:05:34.500] [jointLog] [info] Usage of --validateMappings implies use of minScoreFraction. Since not explicitly specified, it is being set to 0.65
[2022-11-17 13:05:34.500] [jointLog] [info] Setting consensusSlack to selective-alignment default of 0.35.
[2022-11-17 13:05:34.500] [jointLog] [info] parsing read library format
[2022-11-17 13:05:34.501] [jointLog] [info] There is 1 library.
[2022-11-17 13:05:34.592] [jointLog] [info] Loading pufferfish index
[2022-11-17 13:05:34.638] [jointLog] [info] Loading dense pufferfish index.
[2022-11-17 13:11:12.399] [jointLog] [info] done
[2022-11-17 13:11:12.743] [jointLog] [info] Index contained 138045 targets
[2022-11-17 13:11:12.796] [jointLog] [info] Number of decoys : 66
[2022-11-17 13:11:12.796] [jointLog] [info] First decoy index : 137940 
[2022-11-17 13:11:39.755] [jointLog] [info] Thread saw mini-batch with a maximum of 1.12% zero probability fragments
[2022-11-17 13:11:39.814] [jointLog] [info] Thread saw mini-batch with a maximum of 1.06% zero probability fragments
[2022-11-17 13:11:39.818] [jointLog] [info] Thread saw mini-batch with a maximum of 1.06% zero probability fragments
[2022-11-17 13:11:39.824] [jointLog] [info] Thread saw mini-batch with a maximum of 1.14% zero probability fragments
[2022-11-17 13:11:39.900] [jointLog] [info] Thread saw mini-batch with a maximum of 1.14% zero probability fragments
[2022-11-17 13:11:39.900] [jointLog] [info] Thread saw mini-batch with a maximum of 1.04% zero probability fragments
[2022-11-17 13:11:39.966] [jointLog] [info] Computed 65064 rich equivalence classes for further processing
[2022-11-17 13:11:39.966] [jointLog] [info] Counted 3632099 total reads in the equivalence classes 
[2022-11-17 13:11:39.972] [jointLog] [warning] 0.962892% of fragments were shorter than the k used to build the index.
If this fraction is too large, consider re-building the index with a smaller k.
The minimum read size found was 20.


[2022-11-17 13:11:39.972] [jointLog] [info] Number of mappings discarded because of alignment score : 3564923
[2022-11-17 13:11:39.972] [jointLog] [info] Number of fragments entirely discarded because of alignment score : 142263
[2022-11-17 13:11:39.972] [jointLog] [info] Number of fragments discarded because they are best-mapped to decoys : 138601
[2022-11-17 13:11:39.972] [jointLog] [info] Number of fragments discarded because they have only dovetail (discordant) mappings to valid targets : 0
[2022-11-17 13:11:39.978] [jointLog] [warning] Only 3632099 fragments were mapped, but the number of burn-in fragments was set to 5000000.
The effective lengths have been computed using the observed mappings.

[2022-11-17 13:11:39.978] [jointLog] [info] Mapping rate = 85.1115%

[2022-11-17 13:11:39.978] [jointLog] [info] finished quantifyLibrary()
[2022-11-17 13:11:39.967] [fileLog] [info] 
At end of round 0
==================
Observed 4267459 total fragments (4267459 in most recent round)

[2022-11-17 13:11:40.490] [jointLog] [info] Starting optimizer
[2022-11-17 13:11:40.552] [jointLog] [info] Marked 0 weighted equivalence classes as degenerate
[2022-11-17 13:11:40.561] [jointLog] [info] iteration = 0 | max rel diff. = 2425.62
[2022-11-17 13:11:41.116] [jointLog] [info] iteration = 100 | max rel diff. = 11.9649
[2022-11-17 13:11:41.634] [jointLog] [info] iteration = 200 | max rel diff. = 11.3235
[2022-11-17 13:11:42.152] [jointLog] [info] iteration = 300 | max rel diff. = 0.953049
[2022-11-17 13:11:42.674] [jointLog] [info] iteration = 400 | max rel diff. = 0.815265
[2022-11-17 13:11:43.192] [jointLog] [info] iteration = 500 | max rel diff. = 0.0533933
[2022-11-17 13:11:43.708] [jointLog] [info] iteration = 600 | max rel diff. = 0.0591589
[2022-11-17 13:11:44.235] [jointLog] [info] iteration = 700 | max rel diff. = 7.76295
[2022-11-17 13:11:44.757] [jointLog] [info] iteration = 800 | max rel diff. = 0.112729
[2022-11-17 13:11:45.299] [jointLog] [info] iteration = 900 | max rel diff. = 0.0148897
[2022-11-17 13:11:45.839] [jointLog] [info] iteration = 1000 | max rel diff. = 0.0264318
[2022-11-17 13:11:46.380] [jointLog] [info] iteration = 1100 | max rel diff. = 0.485099
[2022-11-17 13:11:46.396] [jointLog] [info] iteration = 1104 | max rel diff. = 0.00255392
[2022-11-17 13:11:46.402] [jointLog] [info] Finished optimizer
[2022-11-17 13:11:46.402] [jointLog] [info] writing output 

