[2022-11-17 11:18:18.841] [jointLog] [info] setting maxHashResizeThreads to 6
[2022-11-17 11:18:18.841] [jointLog] [info] Fragment incompatibility prior below threshold.  Incompatible fragments will be ignored.
[2022-11-17 11:18:18.841] [jointLog] [info] Usage of --validateMappings implies use of minScoreFraction. Since not explicitly specified, it is being set to 0.65
[2022-11-17 11:18:18.841] [jointLog] [info] Setting consensusSlack to selective-alignment default of 0.35.
[2022-11-17 11:18:18.841] [jointLog] [info] parsing read library format
[2022-11-17 11:18:18.842] [jointLog] [info] There is 1 library.
[2022-11-17 11:18:19.251] [jointLog] [info] Loading pufferfish index
[2022-11-17 11:18:19.485] [jointLog] [info] Loading dense pufferfish index.
[2022-11-17 11:23:49.308] [jointLog] [info] done
[2022-11-17 11:23:49.483] [jointLog] [info] Index contained 138045 targets
[2022-11-17 11:23:49.548] [jointLog] [info] Number of decoys : 66
[2022-11-17 11:23:49.548] [jointLog] [info] First decoy index : 137940 
[2022-11-17 11:24:31.547] [jointLog] [info] Thread saw mini-batch with a maximum of 1.10% zero probability fragments
[2022-11-17 11:24:31.598] [jointLog] [info] Thread saw mini-batch with a maximum of 1.04% zero probability fragments
[2022-11-17 11:24:31.613] [jointLog] [info] Thread saw mini-batch with a maximum of 1.08% zero probability fragments
[2022-11-17 11:24:31.619] [jointLog] [info] Thread saw mini-batch with a maximum of 1.10% zero probability fragments
[2022-11-17 11:24:31.652] [jointLog] [info] Thread saw mini-batch with a maximum of 1.22% zero probability fragments
[2022-11-17 11:24:31.656] [jointLog] [info] Thread saw mini-batch with a maximum of 1.04% zero probability fragments
[2022-11-17 11:24:31.734] [jointLog] [info] Computed 67398 rich equivalence classes for further processing
[2022-11-17 11:24:31.734] [jointLog] [info] Counted 3939929 total reads in the equivalence classes 
[2022-11-17 11:24:31.740] [jointLog] [warning] 0.853954% of fragments were shorter than the k used to build the index.
If this fraction is too large, consider re-building the index with a smaller k.
The minimum read size found was 20.


[2022-11-17 11:24:31.740] [jointLog] [info] Number of mappings discarded because of alignment score : 4246606
[2022-11-17 11:24:31.740] [jointLog] [info] Number of fragments entirely discarded because of alignment score : 178114
[2022-11-17 11:24:31.740] [jointLog] [info] Number of fragments discarded because they are best-mapped to decoys : 174190
[2022-11-17 11:24:31.740] [jointLog] [info] Number of fragments discarded because they have only dovetail (discordant) mappings to valid targets : 0
[2022-11-17 11:24:31.746] [jointLog] [warning] Only 3939929 fragments were mapped, but the number of burn-in fragments was set to 5000000.
The effective lengths have been computed using the observed mappings.

[2022-11-17 11:24:31.746] [jointLog] [info] Mapping rate = 84.5824%

[2022-11-17 11:24:31.746] [jointLog] [info] finished quantifyLibrary()
[2022-11-17 11:24:32.068] [jointLog] [info] Starting optimizer
[2022-11-17 11:24:31.735] [fileLog] [info] 
At end of round 0
==================
Observed 4658098 total fragments (4658098 in most recent round)

[2022-11-17 11:24:32.130] [jointLog] [info] Marked 0 weighted equivalence classes as degenerate
[2022-11-17 11:24:32.139] [jointLog] [info] iteration = 0 | max rel diff. = 2628.73
[2022-11-17 11:24:32.705] [jointLog] [info] iteration = 100 | max rel diff. = 10.4418
[2022-11-17 11:24:33.238] [jointLog] [info] iteration = 200 | max rel diff. = 1.78801
[2022-11-17 11:24:33.767] [jointLog] [info] iteration = 300 | max rel diff. = 0.199245
[2022-11-17 11:24:34.297] [jointLog] [info] iteration = 400 | max rel diff. = 0.127181
[2022-11-17 11:24:34.848] [jointLog] [info] iteration = 500 | max rel diff. = 0.0271375
[2022-11-17 11:24:35.376] [jointLog] [info] iteration = 600 | max rel diff. = 0.257645
[2022-11-17 11:24:35.903] [jointLog] [info] iteration = 700 | max rel diff. = 4.96411
[2022-11-17 11:24:36.438] [jointLog] [info] iteration = 800 | max rel diff. = 0.457078
[2022-11-17 11:24:36.968] [jointLog] [info] iteration = 900 | max rel diff. = 0.0212334
[2022-11-17 11:24:37.216] [jointLog] [info] iteration = 948 | max rel diff. = 0.00690437
[2022-11-17 11:24:37.221] [jointLog] [info] Finished optimizer
[2022-11-17 11:24:37.221] [jointLog] [info] writing output 

