[2022-11-17 14:11:31.133] [jointLog] [info] setting maxHashResizeThreads to 6
[2022-11-17 14:11:31.133] [jointLog] [info] Fragment incompatibility prior below threshold.  Incompatible fragments will be ignored.
[2022-11-17 14:11:31.133] [jointLog] [info] Usage of --validateMappings implies use of minScoreFraction. Since not explicitly specified, it is being set to 0.65
[2022-11-17 14:11:31.133] [jointLog] [info] Setting consensusSlack to selective-alignment default of 0.35.
[2022-11-17 14:11:31.133] [jointLog] [info] parsing read library format
[2022-11-17 14:11:31.134] [jointLog] [info] There is 1 library.
[2022-11-17 14:11:31.181] [jointLog] [info] Loading pufferfish index
[2022-11-17 14:11:31.184] [jointLog] [info] Loading dense pufferfish index.
[2022-11-17 14:16:24.067] [jointLog] [info] done
[2022-11-17 14:16:24.249] [jointLog] [info] Index contained 138045 targets
[2022-11-17 14:16:24.295] [jointLog] [info] Number of decoys : 66
[2022-11-17 14:16:24.295] [jointLog] [info] First decoy index : 137940 
[2022-11-17 14:17:02.733] [jointLog] [info] Thread saw mini-batch with a maximum of 1.14% zero probability fragments
[2022-11-17 14:17:02.741] [jointLog] [info] Thread saw mini-batch with a maximum of 1.26% zero probability fragments
[2022-11-17 14:17:02.747] [jointLog] [info] Thread saw mini-batch with a maximum of 1.14% zero probability fragments
[2022-11-17 14:17:02.759] [jointLog] [info] Thread saw mini-batch with a maximum of 1.08% zero probability fragments
[2022-11-17 14:17:02.841] [jointLog] [info] Thread saw mini-batch with a maximum of 1.24% zero probability fragments
[2022-11-17 14:17:02.863] [jointLog] [info] Thread saw mini-batch with a maximum of 1.18% zero probability fragments
[2022-11-17 14:17:02.966] [jointLog] [info] Computed 67393 rich equivalence classes for further processing
[2022-11-17 14:17:02.966] [jointLog] [info] Counted 3819444 total reads in the equivalence classes 
[2022-11-17 14:17:02.972] [jointLog] [warning] 0.781% of fragments were shorter than the k used to build the index.
If this fraction is too large, consider re-building the index with a smaller k.
The minimum read size found was 20.


[2022-11-17 14:17:02.972] [jointLog] [info] Number of mappings discarded because of alignment score : 4151004
[2022-11-17 14:17:02.972] [jointLog] [info] Number of fragments entirely discarded because of alignment score : 178035
[2022-11-17 14:17:02.972] [jointLog] [info] Number of fragments discarded because they are best-mapped to decoys : 174103
[2022-11-17 14:17:02.972] [jointLog] [info] Number of fragments discarded because they have only dovetail (discordant) mappings to valid targets : 0
[2022-11-17 14:17:02.978] [jointLog] [warning] Only 3819444 fragments were mapped, but the number of burn-in fragments was set to 5000000.
The effective lengths have been computed using the observed mappings.

[2022-11-17 14:17:02.978] [jointLog] [info] Mapping rate = 84.2746%

[2022-11-17 14:17:02.978] [jointLog] [info] finished quantifyLibrary()
[2022-11-17 14:17:03.106] [jointLog] [info] Starting optimizer
[2022-11-17 14:17:03.159] [jointLog] [info] Marked 0 weighted equivalence classes as degenerate
[2022-11-17 14:17:03.167] [jointLog] [info] iteration = 0 | max rel diff. = 2551.83
[2022-11-17 14:17:02.967] [fileLog] [info] 
At end of round 0
==================
Observed 4532140 total fragments (4532140 in most recent round)

[2022-11-17 14:17:03.701] [jointLog] [info] iteration = 100 | max rel diff. = 8.40575
[2022-11-17 14:17:04.244] [jointLog] [info] iteration = 200 | max rel diff. = 0.379567
[2022-11-17 14:17:04.787] [jointLog] [info] iteration = 300 | max rel diff. = 0.302811
[2022-11-17 14:17:05.316] [jointLog] [info] iteration = 400 | max rel diff. = 0.135494
[2022-11-17 14:17:05.845] [jointLog] [info] iteration = 500 | max rel diff. = 0.0827868
[2022-11-17 14:17:06.202] [jointLog] [info] iteration = 569 | max rel diff. = 0.009372
[2022-11-17 14:17:06.208] [jointLog] [info] Finished optimizer
[2022-11-17 14:17:06.208] [jointLog] [info] writing output 

