[2022-11-17 10:24:39.625] [jointLog] [info] setting maxHashResizeThreads to 6
[2022-11-17 10:24:39.625] [jointLog] [info] Fragment incompatibility prior below threshold.  Incompatible fragments will be ignored.
[2022-11-17 10:24:39.625] [jointLog] [info] Usage of --validateMappings implies use of minScoreFraction. Since not explicitly specified, it is being set to 0.65
[2022-11-17 10:24:39.625] [jointLog] [info] Setting consensusSlack to selective-alignment default of 0.35.
[2022-11-17 10:24:39.625] [jointLog] [info] parsing read library format
[2022-11-17 10:24:39.626] [jointLog] [info] There is 1 library.
[2022-11-17 10:24:39.961] [jointLog] [info] Loading pufferfish index
[2022-11-17 10:24:40.070] [jointLog] [info] Loading dense pufferfish index.
[2022-11-17 10:31:19.027] [jointLog] [info] done
[2022-11-17 10:31:19.312] [jointLog] [info] Index contained 138045 targets
[2022-11-17 10:31:19.361] [jointLog] [info] Number of decoys : 66
[2022-11-17 10:31:19.361] [jointLog] [info] First decoy index : 137940 
[2022-11-17 10:31:48.863] [fileLog] [info] 
At end of round 0
==================
Observed 4893101 total fragments (4893101 in most recent round)

[2022-11-17 10:31:48.648] [jointLog] [info] Thread saw mini-batch with a maximum of 0.88% zero probability fragments
[2022-11-17 10:31:48.649] [jointLog] [info] Thread saw mini-batch with a maximum of 0.98% zero probability fragments
[2022-11-17 10:31:48.704] [jointLog] [info] Thread saw mini-batch with a maximum of 0.96% zero probability fragments
[2022-11-17 10:31:48.741] [jointLog] [info] Thread saw mini-batch with a maximum of 0.94% zero probability fragments
[2022-11-17 10:31:48.763] [jointLog] [info] Thread saw mini-batch with a maximum of 0.98% zero probability fragments
[2022-11-17 10:31:48.786] [jointLog] [info] Thread saw mini-batch with a maximum of 0.92% zero probability fragments
[2022-11-17 10:31:48.862] [jointLog] [info] Computed 68577 rich equivalence classes for further processing
[2022-11-17 10:31:48.862] [jointLog] [info] Counted 4228167 total reads in the equivalence classes 
[2022-11-17 10:31:48.867] [jointLog] [warning] 0.810774% of fragments were shorter than the k used to build the index.
If this fraction is too large, consider re-building the index with a smaller k.
The minimum read size found was 20.


[2022-11-17 10:31:48.867] [jointLog] [info] Number of mappings discarded because of alignment score : 3733872
[2022-11-17 10:31:48.867] [jointLog] [info] Number of fragments entirely discarded because of alignment score : 151725
[2022-11-17 10:31:48.867] [jointLog] [info] Number of fragments discarded because they are best-mapped to decoys : 147406
[2022-11-17 10:31:48.867] [jointLog] [info] Number of fragments discarded because they have only dovetail (discordant) mappings to valid targets : 0
[2022-11-17 10:31:48.874] [jointLog] [warning] Only 4228167 fragments were mapped, but the number of burn-in fragments was set to 5000000.
The effective lengths have been computed using the observed mappings.

[2022-11-17 10:31:48.874] [jointLog] [info] Mapping rate = 86.4108%

[2022-11-17 10:31:48.874] [jointLog] [info] finished quantifyLibrary()
[2022-11-17 10:31:49.339] [jointLog] [info] Starting optimizer
[2022-11-17 10:31:49.389] [jointLog] [info] Marked 0 weighted equivalence classes as degenerate
[2022-11-17 10:31:49.397] [jointLog] [info] iteration = 0 | max rel diff. = 2801.16
[2022-11-17 10:31:49.931] [jointLog] [info] iteration = 100 | max rel diff. = 13.7946
[2022-11-17 10:31:50.458] [jointLog] [info] iteration = 200 | max rel diff. = 6.65929
[2022-11-17 10:31:50.984] [jointLog] [info] iteration = 300 | max rel diff. = 2.47401
[2022-11-17 10:31:51.513] [jointLog] [info] iteration = 400 | max rel diff. = 2.73259
[2022-11-17 10:31:52.045] [jointLog] [info] iteration = 500 | max rel diff. = 0.42364
[2022-11-17 10:31:52.574] [jointLog] [info] iteration = 600 | max rel diff. = 0.0295579
[2022-11-17 10:31:53.100] [jointLog] [info] iteration = 700 | max rel diff. = 0.0317941
[2022-11-17 10:31:53.646] [jointLog] [info] iteration = 800 | max rel diff. = 0.126797
[2022-11-17 10:31:54.184] [jointLog] [info] iteration = 900 | max rel diff. = 0.0738535
[2022-11-17 10:31:54.729] [jointLog] [info] iteration = 1000 | max rel diff. = 0.0728284
[2022-11-17 10:31:55.173] [jointLog] [info] iteration = 1084 | max rel diff. = 0.000356564
[2022-11-17 10:31:55.179] [jointLog] [info] Finished optimizer
[2022-11-17 10:31:55.179] [jointLog] [info] writing output 

